This is pdfTeX, Version 3.141592653-2.6-1.40.29 (MiKTeX 26.2) (preloaded format=pdflatex 2026.3.20)  2 JUL 2026 16:49
entering extended mode
 restricted \write18 enabled.
 %&-line parsing enabled.
**./SST_CANON-v0.8.2.tex
(SST_CANON-v0.8.2.tex
LaTeX2e <2025-11-01>
L3 programming layer <2026-01-19>

(C:\Users\Omar.Iskandarani\AppData\Local\Programs\MiKTeX\tex/latex/base\article
.cls
Document Class: article 2025/01/22 v1.4n Standard LaTeX document class

(C:\Users\Omar.Iskandarani\AppData\Local\Programs\MiKTeX\tex/latex/base\size11.
clo
File: size11.clo 2025/01/22 v1.4n Standard LaTeX file (size option)
)
\c@part=\count275
\c@section=\count276
\c@subsection=\count277
\c@subsubsection=\count278
\c@paragraph=\count279
\c@subparagraph=\count280
\c@figure=\count281
\c@table=\count282
\abovecaptionskip=\skip49
\belowcaptionskip=\skip50
\bibindent=\dimen148
)
(C:\Users\Omar.Iskandarani\AppData\Local\Programs\MiKTeX\tex/latex/amsmath\amsm
ath.sty
Package: amsmath 2025/07/09 v2.17z AMS math features
\@mathmargin=\skip51

For additional information on amsmath, use the `?' option.

(C:\Users\Omar.Iskandarani\AppData\Local\Programs\MiKTeX\tex/latex/amsmath\amst
ext.sty
Package: amstext 2024/11/17 v2.01 AMS text

(C:\Users\Omar.Iskandarani\AppData\Local\Programs\MiKTeX\tex/latex/amsmath\amsg
en.sty
File: amsgen.sty 1999/11/30 v2.0 generic functions
\@emptytoks=\toks17
\ex@=\dimen149
))
(C:\Users\Omar.Iskandarani\AppData\Local\Programs\MiKTeX\tex/latex/amsmath\amsb
sy.sty
Package: amsbsy 1999/11/29 v1.2d Bold Symbols
\pmbraise@=\dimen150
)
(C:\Users\Omar.Iskandarani\AppData\Local\Programs\MiKTeX\tex/latex/amsmath\amso
pn.sty
Package: amsopn 2022/04/08 v2.04 operator names
)
\inf@bad=\count283
LaTeX Info: Redefining \frac on input line 233.
\uproot@=\count284
\leftroot@=\count285
LaTeX Info: Redefining \overline on input line 398.
LaTeX Info: Redefining \colon on input line 409.
\classnum@=\count286
\DOTSCASE@=\count287
LaTeX Info: Redefining \ldots on input line 495.
LaTeX Info: Redefining \dots on input line 498.
LaTeX Info: Redefining \cdots on input line 619.
\Mathstrutbox@=\box53
\strutbox@=\box54
LaTeX Info: Redefining \big on input line 721.
LaTeX Info: Redefining \Big on input line 722.
LaTeX Info: Redefining \bigg on input line 723.
LaTeX Info: Redefining \Bigg on input line 724.
\big@size=\dimen151
LaTeX Font Info:    Redeclaring font encoding OML on input line 742.
LaTeX Font Info:    Redeclaring font encoding OMS on input line 743.
\macc@depth=\count288
LaTeX Info: Redefining \bmod on input line 904.
LaTeX Info: Redefining \pmod on input line 909.
LaTeX Info: Redefining \smash on input line 939.
LaTeX Info: Redefining \relbar on input line 969.
LaTeX Info: Redefining \Relbar on input line 970.
\c@MaxMatrixCols=\count289
\dotsspace@=\muskip17
\c@parentequation=\count290
\dspbrk@lvl=\count291
\tag@help=\toks18
\row@=\count292
\column@=\count293
\maxfields@=\count294
\andhelp@=\toks19
\eqnshift@=\dimen152
\alignsep@=\dimen153
\tagshift@=\dimen154
\tagwidth@=\dimen155
\totwidth@=\dimen156
\lineht@=\dimen157
\@envbody=\toks20
\multlinegap=\skip52
\multlinetaggap=\skip53
\mathdisplay@stack=\toks21
LaTeX Info: Redefining \[ on input line 2950.
LaTeX Info: Redefining \] on input line 2951.
)
(C:\Users\Omar.Iskandarani\AppData\Local\Programs\MiKTeX\tex/latex/amsfonts\ams
symb.sty
Package: amssymb 2013/01/14 v3.01 AMS font symbols

(C:\Users\Omar.Iskandarani\AppData\Local\Programs\MiKTeX\tex/latex/amsfonts\ams
fonts.sty
Package: amsfonts 2013/01/14 v3.01 Basic AMSFonts support
\symAMSa=\mathgroup4
\symAMSb=\mathgroup5
LaTeX Font Info:    Redeclaring math symbol \hbar on input line 98.
LaTeX Font Info:    Overwriting math alphabet `\mathfrak' in version `bold'
(Font)                  U/euf/m/n --> U/euf/b/n on input line 106.
))
(C:\Users\Omar.Iskandarani\AppData\Local\Programs\MiKTeX\tex/latex/tools\bm.sty
Package: bm 2025/10/21 v1.2g Bold Symbol Support (DPC/FMi)
\symboldoperators=\mathgroup6
\symboldletters=\mathgroup7
\symboldsymbols=\mathgroup8
Package bm Info: No bold for \OMX/cmex/m/n, using \pmb.
Package bm Info: No bold for \U/msa/m/n, using \pmb.
Package bm Info: No bold for \U/msb/m/n, using \pmb.
LaTeX Font Info:    Redeclaring math alphabet \mathbf on input line 149.
)
(C:\Users\Omar.Iskandarani\AppData\Local\Programs\MiKTeX\tex/latex/amscls\amsth
m.sty
Package: amsthm 2020/05/29 v2.20.6
\thm@style=\toks22
\thm@bodyfont=\toks23
\thm@headfont=\toks24
\thm@notefont=\toks25
\thm@headpunct=\toks26
\thm@preskip=\skip54
\thm@postskip=\skip55
\thm@headsep=\skip56
\dth@everypar=\toks27
)
(C:\Users\Omar.Iskandarani\AppData\Local\Programs\MiKTeX\tex/latex/jknappen\mat
hrsfs.sty
Package: mathrsfs 1996/01/01 Math RSFS package v1.0 (jk)
\symrsfs=\mathgroup9
)
(C:\Users\Omar.Iskandarani\AppData\Local\Programs\MiKTeX\tex/latex/siunitx\siun
itx.sty
Package: siunitx 2025-07-09 v3.4.14 A comprehensive (SI) units package
\l__siunitx_number_uncert_offset_int=\count295
\l__siunitx_number_exponent_fixed_int=\count296
\l__siunitx_number_min_decimal_int=\count297
\l__siunitx_number_min_integer_int=\count298
\l__siunitx_number_round_precision_int=\count299
\l__siunitx_number_lower_threshold_int=\count300
\l__siunitx_number_upper_threshold_int=\count301
\l__siunitx_number_group_first_int=\count302
\l__siunitx_number_group_size_int=\count303
\l__siunitx_number_group_minimum_int=\count304
\l__siunitx_angle_tmp_dim=\dimen158
\l__siunitx_angle_marker_box=\box55
\l__siunitx_angle_unit_box=\box56
\l__siunitx_compound_count_int=\count305

(C:\Users\Omar.Iskandarani\AppData\Local\Programs\MiKTeX\tex/latex/translations
\translations.sty
Package: translations 2022/02/05 v1.12 internationalization of LaTeX2e packages
 (CN)

(C:\Users\Omar.Iskandarani\AppData\Local\Programs\MiKTeX\tex/latex/etoolbox\eto
olbox.sty
Package: etoolbox 2025/10/02 v2.5m e-TeX tools for LaTeX (JAW)
\etb@tempcnta=\count306
)
(C:\Users\Omar.Iskandarani\AppData\Local\Programs\MiKTeX\tex/generic/pdftexcmds
\pdftexcmds.sty
Package: pdftexcmds 2020-06-27 v0.33 Utility functions of pdfTeX for LuaTeX (HO
)

(C:\Users\Omar.Iskandarani\AppData\Local\Programs\MiKTeX\tex/generic/infwarerr\
infwarerr.sty
Package: infwarerr 2019/12/03 v1.5 Providing info/warning/error messages (HO)
)
(C:\Users\Omar.Iskandarani\AppData\Local\Programs\MiKTeX\tex/generic/iftex\ifte
x.sty
Package: iftex 2024/12/12 v1.0g TeX engine tests
)
(C:\Users\Omar.Iskandarani\AppData\Local\Programs\MiKTeX\tex/generic/ltxcmds\lt
xcmds.sty
Package: ltxcmds 2023-12-04 v1.26 LaTeX kernel commands for general use (HO)
)
Package pdftexcmds Info: \pdf@primitive is available.
Package pdftexcmds Info: \pdf@ifprimitive is available.
Package pdftexcmds Info: \pdfdraftmode found.
))
\l__siunitx_table_tmp_box=\box57
\l__siunitx_table_tmp_dim=\dimen159
\l__siunitx_table_column_width_dim=\dimen160
\l__siunitx_table_integer_box=\box58
\l__siunitx_table_decimal_box=\box59
\l__siunitx_table_uncert_box=\box60
\l__siunitx_table_before_box=\box61
\l__siunitx_table_after_box=\box62
\l__siunitx_table_before_dim=\dimen161
\l__siunitx_table_carry_dim=\dimen162
\l__siunitx_unit_tmp_int=\count307
\l__siunitx_unit_position_int=\count308
\l__siunitx_unit_total_int=\count309

(C:\Users\Omar.Iskandarani\AppData\Local\Programs\MiKTeX\tex/latex/tools\array.
sty
Package: array 2025/09/25 v2.6n Tabular extension package (FMi)
\col@sep=\dimen163
\ar@mcellbox=\box63
\extrarowheight=\dimen164
\NC@list=\toks28
\extratabsurround=\skip57
\backup@length=\skip58
\ar@cellbox=\box64
))
(C:\Users\Omar.Iskandarani\AppData\Local\Programs\MiKTeX\tex/latex/geometry\geo
metry.sty
Package: geometry 2026/03/07 v6.0 Page Geometry

(C:\Users\Omar.Iskandarani\AppData\Local\Programs\MiKTeX\tex/latex/graphics\key
val.sty
Package: keyval 2022/05/29 v1.15 key=value parser (DPC)
\KV@toks@=\toks29
)
(C:\Users\Omar.Iskandarani\AppData\Local\Programs\MiKTeX\tex/generic/iftex\ifvt
ex.sty
Package: ifvtex 2019/10/25 v1.7 ifvtex legacy package. Use iftex instead.
)
\Gm@cnth=\count310
\Gm@cntv=\count311
\c@Gm@tempcnt=\count312
\Gm@bindingoffset=\dimen165
\Gm@wd@mp=\dimen166
\Gm@odd@mp=\dimen167
\Gm@even@mp=\dimen168
\Gm@layoutwidth=\dimen169
\Gm@layoutheight=\dimen170
\Gm@layouthoffset=\dimen171
\Gm@layoutvoffset=\dimen172
\Gm@dimlist=\toks30

(C:\Users\Omar.Iskandarani\AppData\Local\Programs\MiKTeX\tex/latex/geometry\geo
metry.cfg))
(C:\Users\Omar.Iskandarani\AppData\Local\Programs\MiKTeX\tex/latex/textpos\text
pos.sty
Package: textpos 2022/07/23 v1.10.1
Package textpos Info: choosing support for LaTeX3 on input line 60.
\TP@textbox=\box65
\TP@holdbox=\box66
\TPHorizModule=\dimen173
\TPVertModule=\dimen174
\TP@margin=\dimen175
\TP@absmargin=\dimen176

Grid set 16 x 16 = 37.34424pt x 52.81541pt
\TPboxrulesize=\dimen177
\TP@ox=\dimen178
\TP@oy=\dimen179
\TP@tbargs=\toks31
TextBlockOrigin set to 0pt x 0pt
)
(C:\Users\Omar.Iskandarani\AppData\Local\Programs\MiKTeX\tex/latex/base\fontenc
.sty
Package: fontenc 2025/07/18 v2.1d Standard LaTeX package
)
(C:\Users\Omar.Iskandarani\AppData\Local\Programs\MiKTeX\tex/latex/base\inputen
c.sty
Package: inputenc 2024/02/08 v1.3d Input encoding file
\inpenc@prehook=\toks32
\inpenc@posthook=\toks33
)
(C:\Users\Omar.Iskandarani\AppData\Local\Programs\MiKTeX\tex/latex/graphics\gra
phicx.sty
Package: graphicx 2024/12/31 v1.2e Enhanced LaTeX Graphics (DPC,SPQR)

(C:\Users\Omar.Iskandarani\AppData\Local\Programs\MiKTeX\tex/latex/graphics\gra
phics.sty
Package: graphics 2024/08/06 v1.4g Standard LaTeX Graphics (DPC,SPQR)

(C:\Users\Omar.Iskandarani\AppData\Local\Programs\MiKTeX\tex/latex/graphics\tri
g.sty
Package: trig 2023/12/02 v1.11 sin cos tan (DPC)
)
(C:\Users\Omar.Iskandarani\AppData\Local\Programs\MiKTeX\tex/latex/graphics-cfg
\graphics.cfg
File: graphics.cfg 2016/06/04 v1.11 sample graphics configuration
)
Package graphics Info: Driver file: pdftex.def on input line 106.

(C:\Users\Omar.Iskandarani\AppData\Local\Programs\MiKTeX\tex/latex/graphics-def
\pdftex.def
File: pdftex.def 2025/09/29 v1.2d Graphics/color driver for pdftex
))
\Gin@req@height=\dimen180
\Gin@req@width=\dimen181
)
(C:\Users\Omar.Iskandarani\AppData\Local\Programs\MiKTeX\tex/latex/physics\phys
ics.sty
Package: physics 

(C:\Users\Omar.Iskandarani\AppData\Local\Programs\MiKTeX\tex/latex/l3packages/x
parse\xparse.sty
(C:\Users\Omar.Iskandarani\AppData\Local\Programs\MiKTeX\tex/latex/l3kernel\exp
l3.sty
Package: expl3 2026-01-19 L3 programming layer (loader) 

(C:\Users\Omar.Iskandarani\AppData\Local\Programs\MiKTeX\tex/latex/l3backend\l3
backend-pdftex.def
File: l3backend-pdftex.def 2025-10-09 L3 backend support: PDF output (pdfTeX)
\l__color_backend_stack_int=\count313
))
Package: xparse 2025-10-09 L3 Experimental document command parser
))
(C:\Users\Omar.Iskandarani\AppData\Local\Programs\MiKTeX\tex/latex/mathtools\ma
thtools.sty
Package: mathtools 2024/10/04 v1.31 mathematical typesetting tools

(C:\Users\Omar.Iskandarani\AppData\Local\Programs\MiKTeX\tex/latex/tools\calc.s
ty
Package: calc 2025/03/01 v4.3b Infix arithmetic (KKT,FJ)
\calc@Acount=\count314
\calc@Bcount=\count315
\calc@Adimen=\dimen182
\calc@Bdimen=\dimen183
\calc@Askip=\skip59
\calc@Bskip=\skip60
LaTeX Info: Redefining \setlength on input line 86.
LaTeX Info: Redefining \addtolength on input line 87.
\calc@Ccount=\count316
\calc@Cskip=\skip61
)
(C:\Users\Omar.Iskandarani\AppData\Local\Programs\MiKTeX\tex/latex/mathtools\mh
setup.sty
Package: mhsetup 2021/03/18 v1.4 programming setup (MH)
)
\g_MT_multlinerow_int=\count317
\l_MT_multwidth_dim=\dimen184
\origjot=\skip62
\l_MT_shortvdotswithinadjustabove_dim=\dimen185
\l_MT_shortvdotswithinadjustbelow_dim=\dimen186
\l_MT_above_intertext_sep=\dimen187
\l_MT_below_intertext_sep=\dimen188
\l_MT_above_shortintertext_sep=\dimen189
\l_MT_below_shortintertext_sep=\dimen190
\xmathstrut@box=\box67
\xmathstrut@dim=\dimen191
)
(C:\Users\Omar.Iskandarani\AppData\Local\Programs\MiKTeX\tex/latex/import\impor
t.sty
Package: import 2020/04/01  v 6.2
)
(C:\Users\Omar.Iskandarani\AppData\Local\Programs\MiKTeX\tex/latex/subfiles\sub
files.sty
Package: subfiles 2020/11/14 v2.2 Multi-file projects (package)
)
(C:\Users\Omar.Iskandarani\AppData\Local\Programs\MiKTeX\tex/latex/lm\lmodern.s
ty
Package: lmodern 2015/05/01 v1.6.1 Latin Modern Fonts
LaTeX Font Info:    Overwriting symbol font `operators' in version `normal'
(Font)                  OT1/cmr/m/n --> OT1/lmr/m/n on input line 22.
LaTeX Font Info:    Overwriting symbol font `letters' in version `normal'
(Font)                  OML/cmm/m/it --> OML/lmm/m/it on input line 23.
LaTeX Font Info:    Overwriting symbol font `symbols' in version `normal'
(Font)                  OMS/cmsy/m/n --> OMS/lmsy/m/n on input line 24.
LaTeX Font Info:    Overwriting symbol font `largesymbols' in version `normal'
(Font)                  OMX/cmex/m/n --> OMX/lmex/m/n on input line 25.
LaTeX Font Info:    Overwriting symbol font `operators' in version `bold'
(Font)                  OT1/cmr/bx/n --> OT1/lmr/bx/n on input line 26.
LaTeX Font Info:    Overwriting symbol font `letters' in version `bold'
(Font)                  OML/cmm/b/it --> OML/lmm/b/it on input line 27.
LaTeX Font Info:    Overwriting symbol font `symbols' in version `bold'
(Font)                  OMS/cmsy/b/n --> OMS/lmsy/b/n on input line 28.
LaTeX Font Info:    Overwriting symbol font `largesymbols' in version `bold'
(Font)                  OMX/cmex/m/n --> OMX/lmex/m/n on input line 29.
LaTeX Font Info:    Overwriting math alphabet `\mathbf' in version `normal'
(Font)                  OT1/cmr/bx/n --> OT1/lmr/bx/n on input line 31.
LaTeX Font Info:    Overwriting math alphabet `\mathsf' in version `normal'
(Font)                  OT1/cmss/m/n --> OT1/lmss/m/n on input line 32.
LaTeX Font Info:    Overwriting math alphabet `\mathit' in version `normal'
(Font)                  OT1/cmr/m/it --> OT1/lmr/m/it on input line 33.
LaTeX Font Info:    Overwriting math alphabet `\mathtt' in version `normal'
(Font)                  OT1/cmtt/m/n --> OT1/lmtt/m/n on input line 34.
LaTeX Font Info:    Overwriting math alphabet `\mathbf' in version `bold'
(Font)                  OT1/cmr/bx/n --> OT1/lmr/bx/n on input line 35.
LaTeX Font Info:    Overwriting math alphabet `\mathsf' in version `bold'
(Font)                  OT1/cmss/bx/n --> OT1/lmss/bx/n on input line 36.
LaTeX Font Info:    Overwriting math alphabet `\mathit' in version `bold'
(Font)                  OT1/cmr/bx/it --> OT1/lmr/bx/it on input line 37.
LaTeX Font Info:    Overwriting math alphabet `\mathtt' in version `bold'
(Font)                  OT1/cmtt/m/n --> OT1/lmtt/m/n on input line 38.
)
(C:\Users\Omar.Iskandarani\AppData\Local\Programs\MiKTeX\tex/latex/booktabs\boo
ktabs.sty
Package: booktabs 2020/01/12 v1.61803398 Publication quality tables
\heavyrulewidth=\dimen192
\lightrulewidth=\dimen193
\cmidrulewidth=\dimen194
\belowrulesep=\dimen195
\belowbottomsep=\dimen196
\aboverulesep=\dimen197
\abovetopsep=\dimen198
\cmidrulesep=\dimen199
\cmidrulekern=\dimen256
\defaultaddspace=\dimen257
\@cmidla=\count318
\@cmidlb=\count319
\@aboverulesep=\dimen258
\@belowrulesep=\dimen259
\@thisruleclass=\count320
\@lastruleclass=\count321
\@thisrulewidth=\dimen260
)
(C:\Users\Omar.Iskandarani\AppData\Local\Programs\MiKTeX\tex/latex/pgf/frontend
layer\tikz.sty
(C:\Users\Omar.Iskandarani\AppData\Local\Programs\MiKTeX\tex/latex/pgf/basiclay
er\pgf.sty
(C:\Users\Omar.Iskandarani\AppData\Local\Programs\MiKTeX\tex/latex/pgf/utilitie
s\pgfrcs.sty
(C:\Users\Omar.Iskandarani\AppData\Local\Programs\MiKTeX\tex/generic/pgf/utilit
ies\pgfutil-common.tex
\pgfutil@everybye=\toks34
\pgfutil@tempdima=\dimen261
\pgfutil@tempdimb=\dimen262
)
(C:\Users\Omar.Iskandarani\AppData\Local\Programs\MiKTeX\tex/generic/pgf/utilit
ies\pgfutil-latex.def
\pgfutil@abb=\box68
)
(C:\Users\Omar.Iskandarani\AppData\Local\Programs\MiKTeX\tex/generic/pgf/utilit
ies\pgfrcs.code.tex
(C:\Users\Omar.Iskandarani\AppData\Local\Programs\MiKTeX\tex/generic/pgf\pgf.re
vision.tex)
Package: pgfrcs 2025-08-29 v3.1.11a (3.1.11a)
))
Package: pgf 2025-08-29 v3.1.11a (3.1.11a)

(C:\Users\Omar.Iskandarani\AppData\Local\Programs\MiKTeX\tex/latex/pgf/basiclay
er\pgfcore.sty
(C:\Users\Omar.Iskandarani\AppData\Local\Programs\MiKTeX\tex/latex/pgf/systemla
yer\pgfsys.sty
(C:\Users\Omar.Iskandarani\AppData\Local\Programs\MiKTeX\tex/generic/pgf/system
layer\pgfsys.code.tex
Package: pgfsys 2025-08-29 v3.1.11a (3.1.11a)

(C:\Users\Omar.Iskandarani\AppData\Local\Programs\MiKTeX\tex/generic/pgf/utilit
ies\pgfkeys.code.tex
\pgfkeys@pathtoks=\toks35
\pgfkeys@temptoks=\toks36

(C:\Users\Omar.Iskandarani\AppData\Local\Programs\MiKTeX\tex/generic/pgf/utilit
ies\pgfkeyslibraryfiltered.code.tex
\pgfkeys@tmptoks=\toks37
))
\pgf@x=\dimen263
\pgf@y=\dimen264
\pgf@xa=\dimen265
\pgf@ya=\dimen266
\pgf@xb=\dimen267
\pgf@yb=\dimen268
\pgf@xc=\dimen269
\pgf@yc=\dimen270
\pgf@xd=\dimen271
\pgf@yd=\dimen272
\w@pgf@writea=\write3
\r@pgf@reada=\read2
\c@pgf@counta=\count322
\c@pgf@countb=\count323
\c@pgf@countc=\count324
\c@pgf@countd=\count325
\t@pgf@toka=\toks38
\t@pgf@tokb=\toks39
\t@pgf@tokc=\toks40
\pgf@sys@id@count=\count326

(C:\Users\Omar.Iskandarani\AppData\Local\Programs\MiKTeX\tex/generic/pgf/system
layer\pgf.cfg
File: pgf.cfg 2025-08-29 v3.1.11a (3.1.11a)
)
Driver file for pgf: pgfsys-pdftex.def

(C:\Users\Omar.Iskandarani\AppData\Local\Programs\MiKTeX\tex/generic/pgf/system
layer\pgfsys-pdftex.def
File: pgfsys-pdftex.def 2025-08-29 v3.1.11a (3.1.11a)

(C:\Users\Omar.Iskandarani\AppData\Local\Programs\MiKTeX\tex/generic/pgf/system
layer\pgfsys-common-pdf.def
File: pgfsys-common-pdf.def 2025-08-29 v3.1.11a (3.1.11a)
)))
(C:\Users\Omar.Iskandarani\AppData\Local\Programs\MiKTeX\tex/generic/pgf/system
layer\pgfsyssoftpath.code.tex
File: pgfsyssoftpath.code.tex 2025-08-29 v3.1.11a (3.1.11a)
\pgfsyssoftpath@smallbuffer@items=\count327
\pgfsyssoftpath@bigbuffer@items=\count328
)
(C:\Users\Omar.Iskandarani\AppData\Local\Programs\MiKTeX\tex/generic/pgf/system
layer\pgfsysprotocol.code.tex
File: pgfsysprotocol.code.tex 2025-08-29 v3.1.11a (3.1.11a)
))
(C:\Users\Omar.Iskandarani\AppData\Local\Programs\MiKTeX\tex/latex/xcolor\xcolo
r.sty
Package: xcolor 2024/09/29 v3.02 LaTeX color extensions (UK)

(C:\Users\Omar.Iskandarani\AppData\Local\Programs\MiKTeX\tex/latex/graphics-cfg
\color.cfg
File: color.cfg 2016/01/02 v1.6 sample color configuration
)
Package xcolor Info: Driver file: pdftex.def on input line 274.

(C:\Users\Omar.Iskandarani\AppData\Local\Programs\MiKTeX\tex/latex/graphics\mat
hcolor.ltx)
Package xcolor Info: Model `cmy' substituted by `cmy0' on input line 1349.
Package xcolor Info: Model `hsb' substituted by `rgb' on input line 1353.
Package xcolor Info: Model `RGB' extended on input line 1365.
Package xcolor Info: Model `HTML' substituted by `rgb' on input line 1367.
Package xcolor Info: Model `Hsb' substituted by `hsb' on input line 1368.
Package xcolor Info: Model `tHsb' substituted by `hsb' on input line 1369.
Package xcolor Info: Model `HSB' substituted by `hsb' on input line 1370.
Package xcolor Info: Model `Gray' substituted by `gray' on input line 1371.
Package xcolor Info: Model `wave' substituted by `hsb' on input line 1372.
)
(C:\Users\Omar.Iskandarani\AppData\Local\Programs\MiKTeX\tex/generic/pgf/basicl
ayer\pgfcore.code.tex
Package: pgfcore 2025-08-29 v3.1.11a (3.1.11a)

(C:\Users\Omar.Iskandarani\AppData\Local\Programs\MiKTeX\tex/generic/pgf/math\p
gfmath.code.tex
(C:\Users\Omar.Iskandarani\AppData\Local\Programs\MiKTeX\tex/generic/pgf/math\p
gfmathutil.code.tex)
(C:\Users\Omar.Iskandarani\AppData\Local\Programs\MiKTeX\tex/generic/pgf/math\p
gfmathparser.code.tex
\pgfmath@dimen=\dimen273
\pgfmath@count=\count329
\pgfmath@box=\box69
\pgfmath@toks=\toks41
\pgfmath@stack@operand=\toks42
\pgfmath@stack@operation=\toks43
)
(C:\Users\Omar.Iskandarani\AppData\Local\Programs\MiKTeX\tex/generic/pgf/math\p
gfmathfunctions.code.tex)
(C:\Users\Omar.Iskandarani\AppData\Local\Programs\MiKTeX\tex/generic/pgf/math\p
gfmathfunctions.basic.code.tex)
(C:\Users\Omar.Iskandarani\AppData\Local\Programs\MiKTeX\tex/generic/pgf/math\p
gfmathfunctions.trigonometric.code.tex)
(C:\Users\Omar.Iskandarani\AppData\Local\Programs\MiKTeX\tex/generic/pgf/math\p
gfmathfunctions.random.code.tex)
(C:\Users\Omar.Iskandarani\AppData\Local\Programs\MiKTeX\tex/generic/pgf/math\p
gfmathfunctions.comparison.code.tex)
(C:\Users\Omar.Iskandarani\AppData\Local\Programs\MiKTeX\tex/generic/pgf/math\p
gfmathfunctions.base.code.tex)
(C:\Users\Omar.Iskandarani\AppData\Local\Programs\MiKTeX\tex/generic/pgf/math\p
gfmathfunctions.round.code.tex)
(C:\Users\Omar.Iskandarani\AppData\Local\Programs\MiKTeX\tex/generic/pgf/math\p
gfmathfunctions.misc.code.tex)
(C:\Users\Omar.Iskandarani\AppData\Local\Programs\MiKTeX\tex/generic/pgf/math\p
gfmathfunctions.integerarithmetics.code.tex)
(C:\Users\Omar.Iskandarani\AppData\Local\Programs\MiKTeX\tex/generic/pgf/math\p
gfmathcalc.code.tex)
(C:\Users\Omar.Iskandarani\AppData\Local\Programs\MiKTeX\tex/generic/pgf/math\p
gfmathfloat.code.tex
\c@pgfmathroundto@lastzeros=\count330
))
(C:\Users\Omar.Iskandarani\AppData\Local\Programs\MiKTeX\tex/generic/pgf/math\p
gfint.code.tex)
(C:\Users\Omar.Iskandarani\AppData\Local\Programs\MiKTeX\tex/generic/pgf/basicl
ayer\pgfcorepoints.code.tex
File: pgfcorepoints.code.tex 2025-08-29 v3.1.11a (3.1.11a)
\pgf@picminx=\dimen274
\pgf@picmaxx=\dimen275
\pgf@picminy=\dimen276
\pgf@picmaxy=\dimen277
\pgf@pathminx=\dimen278
\pgf@pathmaxx=\dimen279
\pgf@pathminy=\dimen280
\pgf@pathmaxy=\dimen281
\pgf@xx=\dimen282
\pgf@xy=\dimen283
\pgf@yx=\dimen284
\pgf@yy=\dimen285
\pgf@zx=\dimen286
\pgf@zy=\dimen287
)
(C:\Users\Omar.Iskandarani\AppData\Local\Programs\MiKTeX\tex/generic/pgf/basicl
ayer\pgfcorepathconstruct.code.tex
File: pgfcorepathconstruct.code.tex 2025-08-29 v3.1.11a (3.1.11a)
\pgf@path@lastx=\dimen288
\pgf@path@lasty=\dimen289
)
(C:\Users\Omar.Iskandarani\AppData\Local\Programs\MiKTeX\tex/generic/pgf/basicl
ayer\pgfcorepathusage.code.tex
File: pgfcorepathusage.code.tex 2025-08-29 v3.1.11a (3.1.11a)
\pgf@shorten@end@additional=\dimen290
\pgf@shorten@start@additional=\dimen291
)
(C:\Users\Omar.Iskandarani\AppData\Local\Programs\MiKTeX\tex/generic/pgf/basicl
ayer\pgfcorescopes.code.tex
File: pgfcorescopes.code.tex 2025-08-29 v3.1.11a (3.1.11a)
\pgfpic=\box70
\pgf@hbox=\box71
\pgf@layerbox@main=\box72
\pgf@picture@serial@count=\count331
)
(C:\Users\Omar.Iskandarani\AppData\Local\Programs\MiKTeX\tex/generic/pgf/basicl
ayer\pgfcoregraphicstate.code.tex
File: pgfcoregraphicstate.code.tex 2025-08-29 v3.1.11a (3.1.11a)
\pgflinewidth=\dimen292
)
(C:\Users\Omar.Iskandarani\AppData\Local\Programs\MiKTeX\tex/generic/pgf/basicl
ayer\pgfcoretransformations.code.tex
File: pgfcoretransformations.code.tex 2025-08-29 v3.1.11a (3.1.11a)
\pgf@pt@x=\dimen293
\pgf@pt@y=\dimen294
\pgf@pt@temp=\dimen295
)
(C:\Users\Omar.Iskandarani\AppData\Local\Programs\MiKTeX\tex/generic/pgf/basicl
ayer\pgfcorequick.code.tex
File: pgfcorequick.code.tex 2025-08-29 v3.1.11a (3.1.11a)
)
(C:\Users\Omar.Iskandarani\AppData\Local\Programs\MiKTeX\tex/generic/pgf/basicl
ayer\pgfcoreobjects.code.tex
File: pgfcoreobjects.code.tex 2025-08-29 v3.1.11a (3.1.11a)
)
(C:\Users\Omar.Iskandarani\AppData\Local\Programs\MiKTeX\tex/generic/pgf/basicl
ayer\pgfcorepathprocessing.code.tex
File: pgfcorepathprocessing.code.tex 2025-08-29 v3.1.11a (3.1.11a)
)
(C:\Users\Omar.Iskandarani\AppData\Local\Programs\MiKTeX\tex/generic/pgf/basicl
ayer\pgfcorearrows.code.tex
File: pgfcorearrows.code.tex 2025-08-29 v3.1.11a (3.1.11a)
\pgfarrowsep=\dimen296
)
(C:\Users\Omar.Iskandarani\AppData\Local\Programs\MiKTeX\tex/generic/pgf/basicl
ayer\pgfcoreshade.code.tex
File: pgfcoreshade.code.tex 2025-08-29 v3.1.11a (3.1.11a)
\pgf@max=\dimen297
\pgf@sys@shading@range@num=\count332
\pgf@shadingcount=\count333
)
(C:\Users\Omar.Iskandarani\AppData\Local\Programs\MiKTeX\tex/generic/pgf/basicl
ayer\pgfcoreimage.code.tex
File: pgfcoreimage.code.tex 2025-08-29 v3.1.11a (3.1.11a)
)
(C:\Users\Omar.Iskandarani\AppData\Local\Programs\MiKTeX\tex/generic/pgf/basicl
ayer\pgfcoreexternal.code.tex
File: pgfcoreexternal.code.tex 2025-08-29 v3.1.11a (3.1.11a)
\pgfexternal@startupbox=\box73
)
(C:\Users\Omar.Iskandarani\AppData\Local\Programs\MiKTeX\tex/generic/pgf/basicl
ayer\pgfcorelayers.code.tex
File: pgfcorelayers.code.tex 2025-08-29 v3.1.11a (3.1.11a)
)
(C:\Users\Omar.Iskandarani\AppData\Local\Programs\MiKTeX\tex/generic/pgf/basicl
ayer\pgfcoretransparency.code.tex
File: pgfcoretransparency.code.tex 2025-08-29 v3.1.11a (3.1.11a)
)
(C:\Users\Omar.Iskandarani\AppData\Local\Programs\MiKTeX\tex/generic/pgf/basicl
ayer\pgfcorepatterns.code.tex
File: pgfcorepatterns.code.tex 2025-08-29 v3.1.11a (3.1.11a)
)
(C:\Users\Omar.Iskandarani\AppData\Local\Programs\MiKTeX\tex/generic/pgf/basicl
ayer\pgfcorerdf.code.tex
File: pgfcorerdf.code.tex 2025-08-29 v3.1.11a (3.1.11a)
)))
(C:\Users\Omar.Iskandarani\AppData\Local\Programs\MiKTeX\tex/generic/pgf/module
s\pgfmoduleshapes.code.tex
File: pgfmoduleshapes.code.tex 2025-08-29 v3.1.11a (3.1.11a)
\pgfnodeparttextbox=\box74
)
(C:\Users\Omar.Iskandarani\AppData\Local\Programs\MiKTeX\tex/generic/pgf/module
s\pgfmoduleplot.code.tex
File: pgfmoduleplot.code.tex 2025-08-29 v3.1.11a (3.1.11a)
)
(C:\Users\Omar.Iskandarani\AppData\Local\Programs\MiKTeX\tex/latex/pgf/compatib
ility\pgfcomp-version-0-65.sty
Package: pgfcomp-version-0-65 2025-08-29 v3.1.11a (3.1.11a)
\pgf@nodesepstart=\dimen298
\pgf@nodesepend=\dimen299
)
(C:\Users\Omar.Iskandarani\AppData\Local\Programs\MiKTeX\tex/latex/pgf/compatib
ility\pgfcomp-version-1-18.sty
Package: pgfcomp-version-1-18 2025-08-29 v3.1.11a (3.1.11a)
))
(C:\Users\Omar.Iskandarani\AppData\Local\Programs\MiKTeX\tex/latex/pgf/utilitie
s\pgffor.sty
(C:\Users\Omar.Iskandarani\AppData\Local\Programs\MiKTeX\tex/latex/pgf/utilitie
s\pgfkeys.sty
(C:\Users\Omar.Iskandarani\AppData\Local\Programs\MiKTeX\tex/generic/pgf/utilit
ies\pgfkeys.code.tex))
(C:\Users\Omar.Iskandarani\AppData\Local\Programs\MiKTeX\tex/latex/pgf/math\pgf
math.sty
(C:\Users\Omar.Iskandarani\AppData\Local\Programs\MiKTeX\tex/generic/pgf/math\p
gfmath.code.tex))
(C:\Users\Omar.Iskandarani\AppData\Local\Programs\MiKTeX\tex/generic/pgf/utilit
ies\pgffor.code.tex
Package: pgffor 2025-08-29 v3.1.11a (3.1.11a)
\pgffor@iter=\dimen300
\pgffor@skip=\dimen301
\pgffor@stack=\toks44
\pgffor@toks=\toks45
))
(C:\Users\Omar.Iskandarani\AppData\Local\Programs\MiKTeX\tex/generic/pgf/fronte
ndlayer/tikz\tikz.code.tex
Package: tikz 2025-08-29 v3.1.11a (3.1.11a)

(C:\Users\Omar.Iskandarani\AppData\Local\Programs\MiKTeX\tex/generic/pgf/librar
ies\pgflibraryplothandlers.code.tex
File: pgflibraryplothandlers.code.tex 2025-08-29 v3.1.11a (3.1.11a)
\pgf@plot@mark@count=\count334
\pgfplotmarksize=\dimen302
)
\tikz@lastx=\dimen303
\tikz@lasty=\dimen304
\tikz@lastxsaved=\dimen305
\tikz@lastysaved=\dimen306
\tikz@lastmovetox=\dimen307
\tikz@lastmovetoy=\dimen308
\tikzleveldistance=\dimen309
\tikzsiblingdistance=\dimen310
\tikz@figbox=\box75
\tikz@figbox@bg=\box76
\tikz@tempbox=\box77
\tikz@tempbox@bg=\box78
\tikztreelevel=\count335
\tikznumberofchildren=\count336
\tikznumberofcurrentchild=\count337
\tikz@fig@count=\count338

(C:\Users\Omar.Iskandarani\AppData\Local\Programs\MiKTeX\tex/generic/pgf/module
s\pgfmodulematrix.code.tex
File: pgfmodulematrix.code.tex 2025-08-29 v3.1.11a (3.1.11a)
\pgfmatrixcurrentrow=\count339
\pgfmatrixcurrentcolumn=\count340
\pgf@matrix@numberofcolumns=\count341
)
\tikz@expandcount=\count342

(C:\Users\Omar.Iskandarani\AppData\Local\Programs\MiKTeX\tex/generic/pgf/fronte
ndlayer/tikz/libraries\tikzlibrarytopaths.code.tex
File: tikzlibrarytopaths.code.tex 2025-08-29 v3.1.11a (3.1.11a)
)))
(C:\Users\Omar.Iskandarani\AppData\Local\Programs\MiKTeX\tex/generic/pgf/librar
ies\pgflibraryarrows.meta.code.tex
File: pgflibraryarrows.meta.code.tex 2025-08-29 v3.1.11a (3.1.11a)
\pgfarrowinset=\dimen311
\pgfarrowlength=\dimen312
\pgfarrowwidth=\dimen313
\pgfarrowlinewidth=\dimen314
)
(C:\Users\Omar.Iskandarani\AppData\Local\Programs\MiKTeX\tex/generic/pgf/fronte
ndlayer/tikz/libraries\tikzlibrarypositioning.code.tex
File: tikzlibrarypositioning.code.tex 2025-08-29 v3.1.11a (3.1.11a)
)
(C:\Users\Omar.Iskandarani\AppData\Local\Programs\MiKTeX\tex/generic/pgf/fronte
ndlayer/tikz/libraries\tikzlibrarycalc.code.tex
File: tikzlibrarycalc.code.tex 2025-08-29 v3.1.11a (3.1.11a)
)
(C:\Users\Omar.Iskandarani\AppData\Local\Programs\MiKTeX\tex/generic/pgf/fronte
ndlayer/tikz/libraries\tikzlibraryfit.code.tex
File: tikzlibraryfit.code.tex 2025-08-29 v3.1.11a (3.1.11a)
)
(C:\Users\Omar.Iskandarani\AppData\Local\Programs\MiKTeX\tex/generic/pgf/fronte
ndlayer/tikz/libraries\tikzlibrarydecorations.pathmorphing.code.tex
(C:\Users\Omar.Iskandarani\AppData\Local\Programs\MiKTeX\tex/generic/pgf/fronte
ndlayer/tikz/libraries\tikzlibrarydecorations.code.tex
(C:\Users\Omar.Iskandarani\AppData\Local\Programs\MiKTeX\tex/generic/pgf/module
s\pgfmoduledecorations.code.tex
\pgfdecoratedcompleteddistance=\dimen315
\pgfdecoratedremainingdistance=\dimen316
\pgfdecoratedinputsegmentcompleteddistance=\dimen317
\pgfdecoratedinputsegmentremainingdistance=\dimen318
\pgf@decorate@distancetomove=\dimen319
\pgf@decorate@repeatstate=\count343
\pgfdecorationsegmentamplitude=\dimen320
\pgfdecorationsegmentlength=\dimen321
)
\tikz@lib@dec@box=\box79
)
(C:\Users\Omar.Iskandarani\AppData\Local\Programs\MiKTeX\tex/generic/pgf/librar
ies/decorations\pgflibrarydecorations.pathmorphing.code.tex))
(C:\Users\Omar.Iskandarani\AppData\Local\Programs\MiKTeX\tex/latex/float\float.
sty
Package: float 2001/11/08 v1.3d Float enhancements (AL)
\c@float@type=\count344
\float@exts=\toks46
\float@box=\box80
\@float@everytoks=\toks47
\@floatcapt=\box81
)
\c@definition=\count345
\c@axiom=\count346
\c@theorem=\count347
\c@lemma=\count348
\c@remark=\count349

(C:\Users\Omar.Iskandarani\AppData\Local\Programs\MiKTeX\tex/latex/hyperref\hyp
erref.sty
Package: hyperref 2026-01-29 v7.01p Hypertext links for LaTeX

(C:\Users\Omar.Iskandarani\AppData\Local\Programs\MiKTeX\tex/latex/kvsetkeys\kv
setkeys.sty
Package: kvsetkeys 2022-10-05 v1.19 Key value parser (HO)
)
(C:\Users\Omar.Iskandarani\AppData\Local\Programs\MiKTeX\tex/generic/kvdefineke
ys\kvdefinekeys.sty
Package: kvdefinekeys 2019-12-19 v1.6 Define keys (HO)
)
(C:\Users\Omar.Iskandarani\AppData\Local\Programs\MiKTeX\tex/generic/pdfescape\
pdfescape.sty
Package: pdfescape 2019/12/09 v1.15 Implements pdfTeX's escape features (HO)
)
(C:\Users\Omar.Iskandarani\AppData\Local\Programs\MiKTeX\tex/latex/hycolor\hyco
lor.sty
Package: hycolor 2020-01-27 v1.10 Color options for hyperref/bookmark (HO)
)
(C:\Users\Omar.Iskandarani\AppData\Local\Programs\MiKTeX\tex/latex/hyperref\nam
eref.sty
Package: nameref 2026-01-29 v2.58 Cross-referencing by name of section

(C:\Users\Omar.Iskandarani\AppData\Local\Programs\MiKTeX\tex/latex/refcount\ref
count.sty
Package: refcount 2019/12/15 v3.6 Data extraction from label references (HO)
)
(C:\Users\Omar.Iskandarani\AppData\Local\Programs\MiKTeX\tex/generic/gettitlest
ring\gettitlestring.sty
Package: gettitlestring 2019/12/15 v1.6 Cleanup title references (HO)

(C:\Users\Omar.Iskandarani\AppData\Local\Programs\MiKTeX\tex/latex/kvoptions\kv
options.sty
Package: kvoptions 2022-06-15 v3.15 Key value format for package options (HO)
))
\c@section@level=\count350
)
(C:\Users\Omar.Iskandarani\AppData\Local\Programs\MiKTeX\tex/generic/stringenc\
stringenc.sty
Package: stringenc 2019/11/29 v1.12 Convert strings between diff. encodings (HO
)
)
\@linkdim=\dimen322
\Hy@linkcounter=\count351
\Hy@pagecounter=\count352

(C:\Users\Omar.Iskandarani\AppData\Local\Programs\MiKTeX\tex/latex/hyperref\pd1
enc.def
File: pd1enc.def 2026-01-29 v7.01p Hyperref: PDFDocEncoding definition (HO)
Now handling font encoding PD1 ...
... no UTF-8 mapping file for font encoding PD1
)
(C:\Users\Omar.Iskandarani\AppData\Local\Programs\MiKTeX\tex/generic/intcalc\in
tcalc.sty
Package: intcalc 2019/12/15 v1.3 Expandable calculations with integers (HO)
)
\Hy@SavedSpaceFactor=\count353

(C:\Users\Omar.Iskandarani\AppData\Local\Programs\MiKTeX\tex/latex/hyperref\pue
nc.def
File: puenc.def 2026-01-29 v7.01p Hyperref: PDF Unicode definition (HO)
Now handling font encoding PU ...
... no UTF-8 mapping file for font encoding PU
)
Package hyperref Info: Hyper figures OFF on input line 4201.
Package hyperref Info: Link nesting OFF on input line 4206.
Package hyperref Info: Hyper index ON on input line 4209.
Package hyperref Info: Plain pages OFF on input line 4216.
Package hyperref Info: Backreferencing OFF on input line 4221.
Package hyperref Info: Implicit mode ON; LaTeX internals redefined.
Package hyperref Info: Bookmarks ON on input line 4468.
\c@Hy@tempcnt=\count354

(C:\Users\Omar.Iskandarani\AppData\Local\Programs\MiKTeX\tex/latex/url\url.sty
\Urlmuskip=\muskip18
Package: url 2013/09/16  ver 3.4  Verb mode for urls, etc.
)
LaTeX Info: Redefining \url on input line 4807.
\XeTeXLinkMargin=\dimen323

(C:\Users\Omar.Iskandarani\AppData\Local\Programs\MiKTeX\tex/generic/bitset\bit
set.sty
Package: bitset 2019/12/09 v1.3 Handle bit-vector datatype (HO)

(C:\Users\Omar.Iskandarani\AppData\Local\Programs\MiKTeX\tex/generic/bigintcalc
\bigintcalc.sty
Package: bigintcalc 2019/12/15 v1.5 Expandable calculations on big integers (HO
)
))
\Fld@menulength=\count355
\Field@Width=\dimen324
\Fld@charsize=\dimen325
Package hyperref Info: Hyper figures OFF on input line 6084.
Package hyperref Info: Link nesting OFF on input line 6089.
Package hyperref Info: Hyper index ON on input line 6092.
Package hyperref Info: backreferencing OFF on input line 6099.
Package hyperref Info: Link coloring OFF on input line 6104.
Package hyperref Info: Link coloring with OCG OFF on input line 6109.
Package hyperref Info: PDF/A mode OFF on input line 6114.
\Hy@abspage=\count356
\c@Item=\count357
\c@Hfootnote=\count358
)
Package hyperref Info: Driver (autodetected): hpdftex.

(C:\Users\Omar.Iskandarani\AppData\Local\Programs\MiKTeX\tex/latex/hyperref\hpd
ftex.def
File: hpdftex.def 2026-01-29 v7.01p Hyperref driver for pdfTeX
\Fld@listcount=\count359
\c@bookmark@seq@number=\count360

(C:\Users\Omar.Iskandarani\AppData\Local\Programs\MiKTeX\tex/latex/rerunfileche
ck\rerunfilecheck.sty
Package: rerunfilecheck 2025-06-21 v1.11 Rerun checks for auxiliary files (HO)

(C:\Users\Omar.Iskandarani\AppData\Local\Programs\MiKTeX\tex/generic/uniquecoun
ter\uniquecounter.sty
Package: uniquecounter 2019/12/15 v1.4 Provide unlimited unique counter (HO)
)
Package uniquecounter Info: New unique counter `rerunfilecheck' on input line 2
84.
)
\Hy@SectionHShift=\skip63
)
Package hyperref Info: Option `colorlinks' set `true' on input line 54.

(C:\Users\Omar.Iskandarani\AppData\Local\Programs\MiKTeX\tex/latex/tocloft\tocl
oft.sty
Package: tocloft 2017/08/31 v2.3i parameterised ToC, etc., typesetting
Package tocloft Info: The document has section divisions on input line 51.
\cftparskip=\skip64
\cftbeforetoctitleskip=\skip65
\cftaftertoctitleskip=\skip66
\cftbeforepartskip=\skip67
\cftpartnumwidth=\skip68
\cftpartindent=\skip69
\cftbeforesecskip=\skip70
\cftsecindent=\skip71
\cftsecnumwidth=\skip72
\cftbeforesubsecskip=\skip73
\cftsubsecindent=\skip74
\cftsubsecnumwidth=\skip75
\cftbeforesubsubsecskip=\skip76
\cftsubsubsecindent=\skip77
\cftsubsubsecnumwidth=\skip78
\cftbeforeparaskip=\skip79
\cftparaindent=\skip80
\cftparanumwidth=\skip81
\cftbeforesubparaskip=\skip82
\cftsubparaindent=\skip83
\cftsubparanumwidth=\skip84
\cftbeforeloftitleskip=\skip85
\cftafterloftitleskip=\skip86
\cftbeforefigskip=\skip87
\cftfigindent=\skip88
\cftfignumwidth=\skip89
\c@lofdepth=\count361
\c@lotdepth=\count362
\cftbeforelottitleskip=\skip90
\cftafterlottitleskip=\skip91
\cftbeforetabskip=\skip92
\cfttabindent=\skip93
\cfttabnumwidth=\skip94
)
Package translations Info: No language package found. I am going to use `englis
h' as default language. on input line 98.
LaTeX Font Info:    Trying to load font information for T1+lmr on input line 98
.

(C:\Users\Omar.Iskandarani\AppData\Local\Programs\MiKTeX\tex/latex/lm\t1lmr.fd
File: t1lmr.fd 2015/05/01 v1.6.1 Font defs for Latin Modern
)
(C:\workspace\solo_projects\Swirl-String-Theory\papers\SST-CANON\been_processed
\v0.8.2\$out\SST_CANON-v0.8.2.aux

LaTeX Warning: Label `Onsager1949' multiply defined.


LaTeX Warning: Label `Feynman1955' multiply defined.


LaTeX Warning: Label `Batchelor1967' multiply defined.


LaTeX Warning: Label `Saffman1992' multiply defined.

)
\openout1 = `SST_CANON-v0.8.2.aux'.

LaTeX Font Info:    Checking defaults for OML/cmm/m/it on input line 98.
LaTeX Font Info:    ... okay on input line 98.
LaTeX Font Info:    Checking defaults for OMS/cmsy/m/n on input line 98.
LaTeX Font Info:    ... okay on input line 98.
LaTeX Font Info:    Checking defaults for OT1/cmr/m/n on input line 98.
LaTeX Font Info:    ... okay on input line 98.
LaTeX Font Info:    Checking defaults for T1/cmr/m/n on input line 98.
LaTeX Font Info:    ... okay on input line 98.
LaTeX Font Info:    Checking defaults for TS1/cmr/m/n on input line 98.
LaTeX Font Info:    ... okay on input line 98.
LaTeX Font Info:    Checking defaults for OMX/cmex/m/n on input line 98.
LaTeX Font Info:    ... okay on input line 98.
LaTeX Font Info:    Checking defaults for U/cmr/m/n on input line 98.
LaTeX Font Info:    ... okay on input line 98.
LaTeX Font Info:    Checking defaults for PD1/pdf/m/n on input line 98.
LaTeX Font Info:    ... okay on input line 98.
LaTeX Font Info:    Checking defaults for PU/pdf/m/n on input line 98.
LaTeX Font Info:    ... okay on input line 98.


Package siunitx Warning: Detected the "physics" package:
(siunitx)                omitting definition of \qty.
(siunitx)                
(siunitx)                If you want to use \qty with the siunitx definition,
(siunitx)                add 
(siunitx)                
(siunitx)                    \AtBeginDocument{\RenewCommandCopy\qty\SI}
(siunitx)                
(siunitx)                to your preamble.


(C:\Users\Omar.Iskandarani\AppData\Local\Programs\MiKTeX\tex/latex/translations
/dicts\translations-basic-dictionary-english.trsl
File: translations-basic-dictionary-english.trsl (english translation file `tra
nslations-basic-dictionary')
)
Package translations Info: loading dictionary `translations-basic-dictionary' f
or `english'. on input line 98.

*geometry* driver: auto-detecting
*geometry* detected driver: pdftex
*geometry* verbose mode - [ preamble ] result:
* driver: pdftex
* paper: a4paper
* layout: <same size as paper>
* layoutoffset:(h,v)=(0.0pt,0.0pt)
* modes: 
* h-part:(L,W,R)=(72.26999pt, 452.9679pt, 72.26999pt)
* v-part:(T,H,B)=(72.26999pt, 700.50687pt, 72.26999pt)
* \paperwidth=597.50787pt
* \paperheight=845.04684pt
* \textwidth=452.9679pt
* \textheight=700.50687pt
* \oddsidemargin=0.0pt
* \evensidemargin=0.0pt
* \topmargin=-37.0pt
* \headheight=12.0pt
* \headsep=25.0pt
* \topskip=11.0pt
* \footskip=30.0pt
* \marginparwidth=59.0pt
* \marginparsep=10.0pt
* \columnsep=10.0pt
* \skip\footins=10.0pt plus 4.0pt minus 2.0pt
* \hoffset=0.0pt
* \voffset=0.0pt
* \mag=1000
* \@twocolumnfalse
* \@twosidefalse
* \@mparswitchfalse
* \@reversemarginfalse
* (1in=72.27pt=25.4mm, 1cm=28.453pt)


(C:\Users\Omar.Iskandarani\AppData\Local\Programs\MiKTeX\tex/context/base/mkii\
supp-pdf.mkii
[Loading MPS to PDF converter (version 2006.09.02).]
\scratchcounter=\count363
\scratchdimen=\dimen326
\scratchbox=\box82
\nofMPsegments=\count364
\nofMParguments=\count365
\everyMPshowfont=\toks48
\MPscratchCnt=\count366
\MPscratchDim=\dimen327
\MPnumerator=\count367
\makeMPintoPDFobject=\count368
\everyMPtoPDFconversion=\toks49
)
(C:\Users\Omar.Iskandarani\AppData\Local\Programs\MiKTeX\tex/latex/epstopdf-pkg
\epstopdf-base.sty
Package: epstopdf-base 2020-01-24 v2.11 Base part for package epstopdf
Package epstopdf-base Info: Redefining graphics rule for `.eps' on input line 4
85.

(C:\Users\Omar.Iskandarani\AppData\Local\Programs\MiKTeX\tex/latex/00miktex\eps
topdf-sys.cfg
File: epstopdf-sys.cfg 2021/03/18 v2.0 Configuration of epstopdf for MiKTeX
))
Package hyperref Info: Link coloring ON on input line 98.

(C:\workspace\solo_projects\Swirl-String-Theory\papers\SST-CANON\been_processed
\v0.8.2\$out\SST_CANON-v0.8.2.out)
(C:\workspace\solo_projects\Swirl-String-Theory\papers\SST-CANON\been_processed
\v0.8.2\$out\SST_CANON-v0.8.2.out)
\@outlinefile=\write4
\openout4 = `SST_CANON-v0.8.2.out'.

LaTeX Font Info:    Trying to load font information for OT1+lmr on input line 1
14.

(C:\Users\Omar.Iskandarani\AppData\Local\Programs\MiKTeX\tex/latex/lm\ot1lmr.fd
File: ot1lmr.fd 2015/05/01 v1.6.1 Font defs for Latin Modern
)
LaTeX Font Info:    Trying to load font information for OML+lmm on input line 1
14.

(C:\Users\Omar.Iskandarani\AppData\Local\Programs\MiKTeX\tex/latex/lm\omllmm.fd
File: omllmm.fd 2015/05/01 v1.6.1 Font defs for Latin Modern
)
LaTeX Font Info:    Trying to load font information for OMS+lmsy on input line 
114.

(C:\Users\Omar.Iskandarani\AppData\Local\Programs\MiKTeX\tex/latex/lm\omslmsy.f
d
File: omslmsy.fd 2015/05/01 v1.6.1 Font defs for Latin Modern
)
LaTeX Font Info:    Trying to load font information for OMX+lmex on input line 
114.

(C:\Users\Omar.Iskandarani\AppData\Local\Programs\MiKTeX\tex/latex/lm\omxlmex.f
d
File: omxlmex.fd 2015/05/01 v1.6.1 Font defs for Latin Modern
)
LaTeX Font Info:    External font `lmex10' loaded for size
(Font)              <14.4> on input line 114.
LaTeX Font Info:    External font `lmex10' loaded for size
(Font)              <10> on input line 114.
LaTeX Font Info:    External font `lmex10' loaded for size
(Font)              <7> on input line 114.
LaTeX Font Info:    Trying to load font information for U+msa on input line 114
.

(C:\Users\Omar.Iskandarani\AppData\Local\Programs\MiKTeX\tex/latex/amsfonts\ums
a.fd
File: umsa.fd 2013/01/14 v3.01 AMS symbols A
)
LaTeX Font Info:    Trying to load font information for U+msb on input line 114
.

(C:\Users\Omar.Iskandarani\AppData\Local\Programs\MiKTeX\tex/latex/amsfonts\ums
b.fd
File: umsb.fd 2013/01/14 v3.01 AMS symbols B
)
LaTeX Font Info:    Trying to load font information for U+rsfs on input line 11
4.

(C:\Users\Omar.Iskandarani\AppData\Local\Programs\MiKTeX\tex/latex/jknappen\urs
fs.fd
File: ursfs.fd 1998/03/24 rsfs font definition file (jk)
)
LaTeX Font Info:    External font `lmex10' loaded for size
(Font)              <5> on input line 146.

Overfull \hbox (39.83452pt too wide) in paragraph at lines 146--151
[][] 
 []

LaTeX Font Info:    External font `lmex10' loaded for size
(Font)              <9> on input line 160.
LaTeX Font Info:    External font `lmex10' loaded for size
(Font)              <6> on input line 160.
LaTeX Font Info:    Trying to load font information for T1+lmtt on input line 1
60.

(C:\Users\Omar.Iskandarani\AppData\Local\Programs\MiKTeX\tex/latex/lm\t1lmtt.fd
File: t1lmtt.fd 2015/05/01 v1.6.1 Font defs for Latin Modern
) [1

{C:/Users/Omar.Iskandarani/AppData/Local/MiKTeX/fonts/map/pdftex/pdftex.map}{C:
/Users/Omar.Iskandarani/AppData/Local/Programs/MiKTeX/fonts/enc/dvips/lm/lm-ec.
enc}]
(C:\workspace\solo_projects\Swirl-String-Theory\papers\SST-CANON\been_processed
\v0.8.2\$out\SST_CANON-v0.8.2.toc
LaTeX Font Info:    External font `lmex10' loaded for size
(Font)              <10.95> on input line 1.
LaTeX Font Info:    External font `lmex10' loaded for size
(Font)              <8> on input line 1.
 [2] [3{C:/Users/Omar.Iskandarani/AppData/Local/Programs/MiKTeX/fonts/enc/dvips
/lm/lm-mathit.enc}] [4{C:/Users/Omar.Iskandarani/AppData/Local/Programs/MiKTeX/
fonts/enc/dvips/lm/lm-rm.enc}] [5{C:/Users/Omar.Iskandarani/AppData/Local/Progr
ams/MiKTeX/fonts/enc/dvips/lm/lm-mathsy.enc}])
\tf@toc=\write5
\openout5 = `SST_CANON-v0.8.2.toc'.

[6] [7]
LaTeX Font Info:    Trying to load font information for TS1+lmr on input line 2
33.

(C:\Users\Omar.Iskandarani\AppData\Local\Programs\MiKTeX\tex/latex/lm\ts1lmr.fd
File: ts1lmr.fd 2015/05/01 v1.6.1 Font defs for Latin Modern
) [8{C:/Users/Omar.Iskandarani/AppData/Local/Programs/MiKTeX/fonts/enc/dvips/lm
/lm-ts1.enc}] [9{C:/Users/Omar.Iskandarani/AppData/Local/Programs/MiKTeX/fonts/
enc/dvips/lm/lm-mathex.enc}] [10] [11] [12] [13] [14] [15]
Underfull \hbox (badness 1009) in paragraph at lines 720--720
[]|\T1/lmr/m/n/10.95 Gravitational ceil-
 []


Underfull \hbox (badness 1248) in paragraph at lines 726--726
[]|\T1/lmr/m/n/10.95 Quarter of max. Coulomb
 []


Overfull \hbox (25.44727pt too wide) in paragraph at lines 716--734
 [][] 
 []

[16] [17]
Overfull \hbox (13.10675pt too wide) detected at line 873
[]
 []

[18] [19] [20] [21] [22] [23] [24] [25] [26] [27] [28] [29] [30]
LaTeX Font Info:    External font `lmex10' loaded for size
(Font)              <12> on input line 1709.
 [31] [32]
Overfull \hbox (50.21365pt too wide) detected at line 1841
[][][][]\OML/lmm/m/it/10.95 ;  [];  [];  [];
 []

[33] [34] [35] [36] [37] [38] [39]
LaTeX Font Info:    Trying to load font information for U+euf on input line 224
1.

(C:\Users\Omar.Iskandarani\AppData\Local\Programs\MiKTeX\tex/latex/amsfonts\ueu
f.fd
File: ueuf.fd 2013/01/14 v3.01 Euler Fraktur
)
Overfull \hbox (17.81146pt too wide) in paragraph at lines 2260--2261
\T1/lmr/m/n/10.95 The present rein-te-gra-tion does \T1/lmr/m/it/10.95 not \T1/
lmr/m/n/10.95 im-port v0.5.12 cos-mogony, en-gi-neer-ing sub-sys-tems, cosmolog
ical-
 []

[40]
Overfull \hbox (87.20459pt too wide) detected at line 2304
[]
 []

[41]
Overfull \hbox (2.79599pt too wide) in paragraph at lines 2317--2318
[]\T1/lmr/m/n/10.95 explicit topology-to-particle dic-tio-nary be-yond the best
-supported bench-mark as-sign-ments. 
 []


Underfull \hbox (badness 3954) in paragraph at lines 2342--2343
[]|\T1/lmr/m/n/10.95 BRIDGE (Branch A clo-sure;
 []


Underfull \hbox (badness 10000) in paragraph at lines 2343--2343
[]|\T1/lmr/m/n/10.95 CANON-
 []


Underfull \hbox (badness 1762) in paragraph at lines 2343--2344
[]|\T1/lmr/m/n/10.95 CANON-BRIDGE (equa-tion /
 []


Underfull \hbox (badness 10000) in paragraph at lines 2344--2344
[]|\T1/lmr/m/n/10.95 Benchmark / re-pro-
 []


Underfull \hbox (badness 6316) in paragraph at lines 2344--2345
[]|\T1/lmr/m/n/10.95 CANON-CANDIDATE (pro-to-
 []


Underfull \hbox (badness 10000) in paragraph at lines 2345--2345
[]|\T1/lmr/m/n/10.95 Topological ref-er-ence
 []


Underfull \hbox (badness 10000) in paragraph at lines 2345--2345
[]|\T1/lmr/m/n/10.95 CANON-
 []


Overfull \hbox (1.93097pt too wide) in paragraph at lines 2345--2345
\T1/lmr/m/n/10.95 CANDIDATE| 
 []


Underfull \hbox (badness 10000) in paragraph at lines 2345--2346
[]|\T1/lmr/m/n/10.95 CANON-ready scope/notation
 []


Overfull \hbox (7.59703pt too wide) in paragraph at lines 2336--2348
 [][] 
 []


LaTeX Warning: `h' float specifier changed to `ht'.

[42] [43]
Overfull \hbox (24.5967pt too wide) in paragraph at lines 2423--2426
\T1/lmr/bx/n/10.95 [SPECULATIVE]\T1/lmr/m/n/10.95 : the map-ping from sign$\OT1
/lmr/m/n/10.95 (\OML/lmm/m/it/10.95 Tw\OT1/lmr/m/n/10.95 )$ \T1/lmr/m/n/10.95 o
r re-lated chi-ral-ity mea-sures to par-ti-cle/antiparticle
 []

[44]
Overfull \hbox (12.83372pt too wide) in paragraph at lines 2520--2531
 [][] 
 []

[45] [46] [47] [48] [49] [50]
Overfull \hbox (0.1334pt too wide) in paragraph at lines 2780--2781
[]\T1/lmr/bx/n/10.95 [CANON / MASS-FUNCTIONAL NOTE]\T1/lmr/m/n/10.95 : Ex-ist-i
ng mass-functionals that use $\OML/lmm/m/it/10.95 ^^Z[][][]$
 []

[51] [52] [53] [54] [55] [56] [57] (SST_CANON-v0.8.2-research-track.tex
[58]

LaTeX Warning: `h' float specifier changed to `ht'.

[59]

Package hyperref Warning: Token not allowed in a PDF string (Unicode):
(hyperref)                removing `subscript' on input line 162.

[60]
Overfull \hbox (19.673pt too wide) in paragraph at lines 187--187
[]\T1/lmr/bx/n/14.4 Dark-sector and galac-tic can-on-iza-tion ex-e-cu-tion pack
-age (v0.8.x) 
 []

[61] [62]
Underfull \hbox (badness 10000) in paragraph at lines 325--325
[]|\T1/lmr/m/n/10.95 Equation un-der
 []


Underfull \hbox (badness 10000) in paragraph at lines 325--325
[]|\T1/lmr/m/n/10.95 Null-result
 []


Underfull \hbox (badness 10000) in paragraph at lines 325--326
[]|\T1/lmr/m/n/10.95 Expected
 []


Underfull \hbox (badness 10000) in paragraph at lines 327--327
[]|\T1/lmr/m/n/10.95 Astrophysical
 []


Underfull \hbox (badness 10000) in paragraph at lines 327--327
[]|\T1/lmr/m/n/10.95 weakens
 []


Underfull \hbox (badness 10000) in paragraph at lines 327--327
\T1/lmr/m/n/10.95 pressure-law
 []


Underfull \hbox (badness 10000) in paragraph at lines 327--327
\T1/lmr/m/n/10.95 ap-pli-ca-bil-ity
 []


Underfull \hbox (badness 10000) in paragraph at lines 327--327
[]|\T1/lmr/m/n/10.95 baryonic-
 []


Overfull \hbox (2.00931pt too wide) in paragraph at lines 327--328
[]|\T1/lmr/m/n/10.95 reconstructed
 []


Underfull \hbox (badness 10000) in paragraph at lines 327--328
\OML/lmm/m/it/10.95 dp=dr$ \T1/lmr/m/n/10.95 con-
 []


Underfull \hbox (badness 5189) in paragraph at lines 327--328
\T1/lmr/m/n/10.95 sis-tent with
 []


Underfull \hbox (badness 1769) in paragraph at lines 328--328
[]|\T1/lmr/m/n/10.95 Euler ra-dial bal-
 []


Overfull \hbox (4.74724pt too wide) in paragraph at lines 328--328
[]|\T1/lmr/m/n/10.95 viscosity/edge
 []


Underfull \hbox (badness 10000) in paragraph at lines 328--329
[]|\T1/lmr/m/n/10.95 monotone
 []


Underfull \hbox (badness 10000) in paragraph at lines 328--329
\T1/lmr/m/n/10.95 with im-
 []


Underfull \hbox (badness 10000) in paragraph at lines 329--329
[]|\T1/lmr/m/n/10.95 HV-coil/thrust-
 []


Underfull \hbox (badness 10000) in paragraph at lines 329--329
[]|\T1/lmr/m/n/10.95 circulation-
 []


Underfull \hbox (badness 10000) in paragraph at lines 329--329
\T1/lmr/m/n/10.95 pressure bridge
 []


Underfull \hbox (badness 10000) in paragraph at lines 329--329
[]|\T1/lmr/m/n/10.95 kills
 []


Underfull \hbox (badness 10000) in paragraph at lines 329--329
\T1/lmr/m/n/10.95 quantized-
 []


Underfull \hbox (badness 10000) in paragraph at lines 329--329
[]|\T1/lmr/m/n/10.95 EM/thermal
 []


Underfull \hbox (badness 10000) in paragraph at lines 329--330
[]|\T1/lmr/m/n/10.95 response
 []


Overfull \hbox (5.39417pt too wide) in paragraph at lines 330--330
[]|\T1/lmr/m/n/10.95 Optical/torsional
 []


Underfull \hbox (badness 1430) in paragraph at lines 330--330
[]|\T1/lmr/m/n/10.95 swirl-clock bridge
 []


Underfull \hbox (badness 10000) in paragraph at lines 330--330
[]|\T1/lmr/m/n/10.95 weakens
 []


Underfull \hbox (badness 10000) in paragraph at lines 330--330
[]|\T1/lmr/m/n/10.95 detector
 []


Overfull \hbox (0.73106pt too wide) in paragraph at lines 330--331
[]|\T1/lmr/m/n/10.95 phase/timing
 []


Underfull \hbox (badness 10000) in paragraph at lines 330--331
\T1/lmr/m/n/10.95 shift with
 []


Underfull \hbox (badness 10000) in paragraph at lines 330--331
\T1/lmr/m/n/10.95 con-trolled
 []


Underfull \hbox (badness 10000) in paragraph at lines 331--331
[]|\T1/lmr/m/n/10.95 taxonomy con-
 []


Underfull \hbox (badness 10000) in paragraph at lines 331--331
[]|\T1/lmr/m/n/10.95 kills clas-si-fier
 []


Underfull \hbox (badness 10000) in paragraph at lines 331--331
[]|\T1/lmr/m/n/10.95 mislabelled
 []


Underfull \hbox (badness 10000) in paragraph at lines 331--331
\T1/lmr/m/n/10.95 topol-ogy
 []


Underfull \hbox (badness 10000) in paragraph at lines 331--332
[]|\T1/lmr/m/n/10.95 class score
 []


Underfull \hbox (badness 10000) in paragraph at lines 331--332
\T1/lmr/m/n/10.95 de-creases
 []


Underfull \hbox (badness 10000) in paragraph at lines 331--332
\T1/lmr/m/n/10.95 un-der con-
 []


Underfull \hbox (badness 10000) in paragraph at lines 331--332
\T1/lmr/m/n/10.95 tra-dic-tory
 []

[63] [64] [65] [66]
Underfull \hbox (badness 1062) in paragraph at lines 755--760
[]\T1/lmr/m/n/10.95 F. Lon-don and H. Lon-don, ``The Elec-tro-mag-netic Equa-ti
ons of the Supra-con-duc-
 []

[67]
Underfull \hbox (badness 4859) in paragraph at lines 776--781
[]\T1/lmr/m/n/10.95 R. P. Feyn-man, ``Ap-pli-ca-tion of Quan-tum Me-chan-ics to
 Liq-uid He-lium,'' in
 []


Underfull \hbox (badness 2478) in paragraph at lines 776--781
\T1/lmr/m/it/10.95 Progress in Low Tem-per-a-ture Physics\T1/lmr/m/n/10.95 , vo
l. 1, pp. 17--53, El-se-vier, 1955. DOI:
 []

[68] [69] [70] [71] [72] [73]
Overfull \hbox (26.6516pt too wide) detected at line 1350
[][][]\OMS/lmsy/m/n/10.95 P[]\OT1/lmr/m/n/10.95 (\OMS/lmsy/m/n/10.95 K[]\OT1/lm
r/m/n/10.95 ) = []
 []

[74] [75] [76] [77] [78] [79] [80] [81]
Overfull \hbox (30.95567pt too wide) detected at line 1913
[][][][] \OT1/lmr/m/n/10.95 [[]]\OML/lmm/m/it/10.95 :
 []

[82] [83] [84]
Overfull \hbox (35.15648pt too wide) detected at line 2178
[][][][] \OT1/lmr/m/n/10.95 [[]]\OML/lmm/m/it/10.95 :
 []

[85] [86]
Underfull \hbox (badness 10000) in paragraph at lines 2260--2260
[]|\T1/lmr/m/n/10.95 Resonance Se-lec-tion
 []


Underfull \hbox (badness 10000) in paragraph at lines 2261--2261
[]|\T1/lmr/m/n/10.95 [RESEARCH-
 []


Underfull \hbox (badness 10000) in paragraph at lines 2261--2261
\T1/lmr/m/n/10.95 TRACK] strong
 []


Underfull \hbox (badness 3039) in paragraph at lines 2262--2263
[]|\T1/lmr/m/n/10.95 CANON-v0.8.1 com-pan-ion ap-pendix;
 []


Underfull \hbox (badness 10000) in paragraph at lines 2264--2264
[]|\T1/lmr/m/n/10.95 Time-Domain Ker-nel
 []


Underfull \hbox (badness 10000) in paragraph at lines 2265--2265
[]|\T1/lmr/m/n/10.95 [RESEARCH-
 []


Underfull \hbox (badness 10000) in paragraph at lines 2265--2265
\T1/lmr/m/n/10.95 TRACK] strong
 []


Underfull \hbox (badness 3758) in paragraph at lines 2268--2268
[]|\T1/lmr/m/n/10.95 Swirl Impedance and
 []


Underfull \hbox (badness 10000) in paragraph at lines 2269--2269
[]|\T1/lmr/m/n/10.95 [RESEARCH-
 []


Underfull \hbox (badness 10000) in paragraph at lines 2269--2269
\T1/lmr/m/n/10.95 TRACK] with
 []


Underfull \hbox (badness 10000) in paragraph at lines 2273--2273
[]|\T1/lmr/m/n/10.95 [RESEARCH-
 []


Underfull \hbox (badness 10000) in paragraph at lines 2273--2273
\T1/lmr/m/n/10.95 TRACK] anal-ogy
 []


Underfull \hbox (badness 2799) in paragraph at lines 2274--2275
[]|\T1/lmr/m/n/10.95 Keep as metastable multi-mode re-
 []


Underfull \hbox (badness 1173) in paragraph at lines 2274--2275
\T1/lmr/m/n/10.95 sponse; re-ject di-rect delayed-neutron
 []


Underfull \hbox (badness 10000) in paragraph at lines 2300--2304
[]\T1/lmr/m/n/10.95 P. G. Saffman. (1992). \T1/lmr/m/it/10.95 Vor-tex Dy-nam-ic
s\T1/lmr/m/n/10.95 . Cam-bridge Uni-ver-sity Press. doi:
 []


pdfTeX warning (ext4): destination with the same identifier (name{cite.Onsager1
949}) has been already used, duplicate ignored
<to be read again> 
                   \relax 
l.2316         \bibitem{Onsager1949}
                                    
pdfTeX warning (ext4): destination with the same identifier (name{cite.Feynman1
955}) has been already used, duplicate ignored
<to be read again> 
                   \relax 
l.2322         \bibitem{Feynman1955}
                                     [87]
Overfull \hbox (9.41772pt too wide) in paragraph at lines 2355--2355
[]\T1/lmr/bx/n/14.4 Research Track: Nested Vortex--Antivortex States as Entropy
-
 []

[88] [89] [90] [91]
Overfull \hbox (9.39798pt too wide) in paragraph at lines 2728--2728
[]\T1/lmr/bx/n/14.4 Research Track: Swirl--Electromagnetic Nor-mal-iza-tion by 
Vor-
 []

[92] [93] [94] [95] [96]
Overfull \hbox (0.91661pt too wide) in paragraph at lines 3352--3356
\T1/lmr/m/n/10.95 where $\OT1/lmr/m/n/10.95 
[]$ \T1/lmr/m/n/10.95 counts ac-ces-si-ble con-fig-u-ra-tions at fixed en-ergy,
 cir-cu-la-tion, and he-lic-ity. A negative-
 []

[97] [98]
Overfull \hbox (55.47939pt too wide) in paragraph at lines 3557--3570
 [] 
 []

) [99]
pdfTeX warning (ext4): destination with the same identifier (name{cite.Batchelo
r1967}) has been already used, duplicate ignored
<to be read again> 
                   \relax 
l.3212             \bibitem{Batchelor1967}
                                          
pdfTeX warning (ext4): destination with the same identifier (name{cite.Saffman1
992}) has been already used, duplicate ignored
<to be read again> 
                   \relax 
l.3297             \bibitem{Saffman1992}
                                         [100] [101]
(C:\workspace\solo_projects\Swirl-String-Theory\papers\SST-CANON\been_processed
\v0.8.2\$out\SST_CANON-v0.8.2.aux)
 ***********
LaTeX2e <2025-11-01>
L3 programming layer <2026-01-19>
 ***********


LaTeX Warning: There were multiply-defined labels.

Package rerunfilecheck Info: File `SST_CANON-v0.8.2.out' has not changed.
(rerunfilecheck)             Checksum: CA74C50165D6C4001B32E7701B4432BA;66679.
 ) 
Here is how much of TeX's memory you used:
 29687 strings out of 467867
 603983 string characters out of 5413010
 960909 words of memory out of 5000000
 57025 multiletter control sequences out of 15000+600000
 756470 words of font info for 161 fonts, out of 8000000 for 9000
 1141 hyphenation exceptions out of 8191
 84i,18n,104p,1020b,1156s stack positions out of 10000i,1000n,20000p,200000b,200000s
<C:/Users/Omar.Iskandarani/AppData/Local/Programs/MiKTeX/fonts/type1/public/a
msfonts/cm/cmbx10.pfb><C:/Users/Omar.Iskandarani/AppData/Local/Programs/MiKTeX/
fonts/type1/public/amsfonts/cm/cmmib10.pfb><C:/Users/Omar.Iskandarani/AppData/L
ocal/Programs/MiKTeX/fonts/type1/public/amsfonts/euler/eufm10.pfb><C:/Users/Oma
r.Iskandarani/AppData/Local/Programs/MiKTeX/fonts/type1/public/lm/lmbx10.pfb><C
:/Users/Omar.Iskandarani/AppData/Local/Programs/MiKTeX/fonts/type1/public/lm/lm
bx12.pfb><C:/Users/Omar.Iskandarani/AppData/Local/Programs/MiKTeX/fonts/type1/p
ublic/lm/lmbx6.pfb><C:/Users/Omar.Iskandarani/AppData/Local/Programs/MiKTeX/fon
ts/type1/public/lm/lmbx8.pfb><C:/Users/Omar.Iskandarani/AppData/Local/Programs/
MiKTeX/fonts/type1/public/lm/lmex10.pfb><C:/Users/Omar.Iskandarani/AppData/Loca
l/Programs/MiKTeX/fonts/type1/public/lm/lmmi10.pfb><C:/Users/Omar.Iskandarani/A
ppData/Local/Programs/MiKTeX/fonts/type1/public/lm/lmmi12.pfb><C:/Users/Omar.Is
kandarani/AppData/Local/Programs/MiKTeX/fonts/type1/public/lm/lmmi6.pfb><C:/Use
rs/Omar.Iskandarani/AppData/Local/Programs/MiKTeX/fonts/type1/public/lm/lmmi8.p
fb><C:/Users/Omar.Iskandarani/AppData/Local/Programs/MiKTeX/fonts/type1/public/
lm/lmr10.pfb><C:/Users/Omar.Iskandarani/AppData/Local/Programs/MiKTeX/fonts/typ
e1/public/lm/lmr12.pfb><C:/Users/Omar.Iskandarani/AppData/Local/Programs/MiKTeX
/fonts/type1/public/lm/lmr5.pfb><C:/Users/Omar.Iskandarani/AppData/Local/Progra
ms/MiKTeX/fonts/type1/public/lm/lmr6.pfb><C:/Users/Omar.Iskandarani/AppData/Loc
al/Programs/MiKTeX/fonts/type1/public/lm/lmr8.pfb><C:/Users/Omar.Iskandarani/Ap
pData/Local/Programs/MiKTeX/fonts/type1/public/lm/lmr9.pfb><C:/Users/Omar.Iskan
darani/AppData/Local/Programs/MiKTeX/fonts/type1/public/lm/lmri10.pfb><C:/Users
/Omar.Iskandarani/AppData/Local/Programs/MiKTeX/fonts/type1/public/lm/lmri8.pfb
><C:/Users/Omar.Iskandarani/AppData/Local/Programs/MiKTeX/fonts/type1/public/lm
/lmsy10.pfb><C:/Users/Omar.Iskandarani/AppData/Local/Programs/MiKTeX/fonts/type
1/public/lm/lmsy6.pfb><C:/Users/Omar.Iskandarani/AppData/Local/Programs/MiKTeX/
fonts/type1/public/lm/lmsy8.pfb><C:/Users/Omar.Iskandarani/AppData/Local/Progra
ms/MiKTeX/fonts/type1/public/lm/lmtt10.pfb><C:/Users/Omar.Iskandarani/AppData/L
ocal/Programs/MiKTeX/fonts/type1/public/lm/lmtt9.pfb><C:/Users/Omar.Iskandarani
/AppData/Local/Programs/MiKTeX/fonts/type1/public/amsfonts/symbols/msam10.pfb><
C:/Users/Omar.Iskandarani/AppData/Local/Programs/MiKTeX/fonts/type1/public/amsf
onts/symbols/msam5.pfb><C:/Users/Omar.Iskandarani/AppData/Local/Programs/MiKTeX
/fonts/type1/public/amsfonts/symbols/msam7.pfb><C:/Users/Omar.Iskandarani/AppDa
ta/Local/Programs/MiKTeX/fonts/type1/public/amsfonts/symbols/msbm10.pfb><C:/Use
rs/Omar.Iskandarani/AppData/Local/Programs/MiKTeX/fonts/type1/public/rsfs/rsfs1
0.pfb>
Output written on C:\workspace\solo_projects\Swirl-String-Theory\papers\SST-CAN
ON\been_processed\v0.8.2\$out\SST_CANON-v0.8.2.pdf (101 pages, 1182266 bytes).
PDF statistics:
 3151 PDF objects out of 3580 (max. 8388607)
 1026 named destinations out of 1200 (max. 500000)
 2437 words of extra memory for PDF output out of 10000 (max. 10000000)

