This is pdfTeX, Version 3.141592653-2.6-1.40.29 (MiKTeX 26.5) (preloaded format=pdflatex 2026.6.1)  3 JUL 2026 14:19
entering extended mode
 restricted \write18 enabled.
 %&-line parsing enabled.
**./SST_CANON-v0.8.13.tex
(SST_CANON-v0.8.13.tex
LaTeX2e <2025-11-01>
L3 programming layer <2026-04-28>
(C:\Users\oscar\MikTex\tex/latex/base\article.cls
Document Class: article 2025/01/22 v1.4n Standard LaTeX document class
(C:\Users\oscar\MikTex\tex/latex/base\size11.clo
File: size11.clo 2025/01/22 v1.4n Standard LaTeX file (size option)
)
\c@part=\count276
\c@section=\count277
\c@subsection=\count278
\c@subsubsection=\count279
\c@paragraph=\count280
\c@subparagraph=\count281
\c@figure=\count282
\c@table=\count283
\abovecaptionskip=\skip49
\belowcaptionskip=\skip50
\bibindent=\dimen150
)
(C:\Users\oscar\MikTex\tex/latex/amsmath\amsmath.sty
Package: amsmath 2025/07/09 v2.17z AMS math features
\@mathmargin=\skip51

For additional information on amsmath, use the `?' option.
(C:\Users\oscar\MikTex\tex/latex/amsmath\amstext.sty
Package: amstext 2024/11/17 v2.01 AMS text

(C:\Users\oscar\MikTex\tex/latex/amsmath\amsgen.sty
File: amsgen.sty 1999/11/30 v2.0 generic functions
\@emptytoks=\toks17
\ex@=\dimen151
))
(C:\Users\oscar\MikTex\tex/latex/amsmath\amsbsy.sty
Package: amsbsy 1999/11/29 v1.2d Bold Symbols
\pmbraise@=\dimen152
)
(C:\Users\oscar\MikTex\tex/latex/amsmath\amsopn.sty
Package: amsopn 2022/04/08 v2.04 operator names
)
\inf@bad=\count284
LaTeX Info: Redefining \frac on input line 233.
\uproot@=\count285
\leftroot@=\count286
LaTeX Info: Redefining \overline on input line 398.
LaTeX Info: Redefining \colon on input line 409.
\classnum@=\count287
\DOTSCASE@=\count288
LaTeX Info: Redefining \ldots on input line 495.
LaTeX Info: Redefining \dots on input line 498.
LaTeX Info: Redefining \cdots on input line 619.
\Mathstrutbox@=\box53
\strutbox@=\box54
LaTeX Info: Redefining \big on input line 721.
LaTeX Info: Redefining \Big on input line 722.
LaTeX Info: Redefining \bigg on input line 723.
LaTeX Info: Redefining \Bigg on input line 724.
\big@size=\dimen153
LaTeX Font Info:    Redeclaring font encoding OML on input line 742.
LaTeX Font Info:    Redeclaring font encoding OMS on input line 743.
\macc@depth=\count289
LaTeX Info: Redefining \bmod on input line 904.
LaTeX Info: Redefining \pmod on input line 909.
LaTeX Info: Redefining \smash on input line 939.
LaTeX Info: Redefining \relbar on input line 969.
LaTeX Info: Redefining \Relbar on input line 970.
\c@MaxMatrixCols=\count290
\dotsspace@=\muskip17
\c@parentequation=\count291
\dspbrk@lvl=\count292
\tag@help=\toks18
\row@=\count293
\column@=\count294
\maxfields@=\count295
\andhelp@=\toks19
\eqnshift@=\dimen154
\alignsep@=\dimen155
\tagshift@=\dimen156
\tagwidth@=\dimen157
\totwidth@=\dimen158
\lineht@=\dimen159
\@envbody=\toks20
\multlinegap=\skip52
\multlinetaggap=\skip53
\mathdisplay@stack=\toks21
LaTeX Info: Redefining \[ on input line 2950.
LaTeX Info: Redefining \] on input line 2951.
)
(C:\Users\oscar\MikTex\tex/latex/amsfonts\amssymb.sty
Package: amssymb 2013/01/14 v3.01 AMS font symbols

(C:\Users\oscar\MikTex\tex/latex/amsfonts\amsfonts.sty
Package: amsfonts 2013/01/14 v3.01 Basic AMSFonts support
\symAMSa=\mathgroup4
\symAMSb=\mathgroup5
LaTeX Font Info:    Redeclaring math symbol \hbar on input line 98.
LaTeX Font Info:    Overwriting math alphabet `\mathfrak' in version `bold'
(Font)                  U/euf/m/n --> U/euf/b/n on input line 106.
))
(C:\Users\oscar\MikTex\tex/latex/tools\bm.sty
Package: bm 2025/10/21 v1.2g Bold Symbol Support (DPC/FMi)
\symboldoperators=\mathgroup6
\symboldletters=\mathgroup7
\symboldsymbols=\mathgroup8
Package bm Info: No bold for \OMX/cmex/m/n, using \pmb.
Package bm Info: No bold for \U/msa/m/n, using \pmb.
Package bm Info: No bold for \U/msb/m/n, using \pmb.
LaTeX Font Info:    Redeclaring math alphabet \mathbf on input line 149.
)
(C:\Users\oscar\MikTex\tex/latex/amscls\amsthm.sty
Package: amsthm 2020/05/29 v2.20.6
\thm@style=\toks22
\thm@bodyfont=\toks23
\thm@headfont=\toks24
\thm@notefont=\toks25
\thm@headpunct=\toks26
\thm@preskip=\skip54
\thm@postskip=\skip55
\thm@headsep=\skip56
\dth@everypar=\toks27
)
(C:\Users\oscar\MikTex\tex/latex/jknappen\mathrsfs.sty
Package: mathrsfs 1996/01/01 Math RSFS package v1.0 (jk)
\symrsfs=\mathgroup9
)
(C:\Users\oscar\MikTex\tex/latex/siunitx\siunitx.sty
Package: siunitx 2026-05-15 v3.5.5 A comprehensive (SI) units package
\l__siunitx_number_uncert_offset_int=\count296
\l__siunitx_number_exponent_fixed_int=\count297
\l__siunitx_number_min_decimal_int=\count298
\l__siunitx_number_min_integer_int=\count299
\l__siunitx_number_round_precision_int=\count300
\l__siunitx_number_lower_threshold_int=\count301
\l__siunitx_number_upper_threshold_int=\count302
\l__siunitx_number_group_first_int=\count303
\l__siunitx_number_group_size_int=\count304
\l__siunitx_number_group_min_int=\count305
\l__siunitx_number_group_minimum_int=\count306
\l__siunitx_compound_count_int=\count307

(C:\Users\oscar\MikTex\tex/latex/translations\translations.sty
Package: translations 2022/02/05 v1.12 internationalization of LaTeX2e packages
 (CN)

(C:\Users\oscar\MikTex\tex/latex/etoolbox\etoolbox.sty
Package: etoolbox 2025/10/02 v2.5m e-TeX tools for LaTeX (JAW)
\etb@tempcnta=\count308
)
(C:\Users\oscar\MikTex\tex/generic/pdftexcmds\pdftexcmds.sty
Package: pdftexcmds 2020-06-27 v0.33 Utility functions of pdfTeX for LuaTeX (HO
)

(C:\Users\oscar\MikTex\tex/generic/infwarerr\infwarerr.sty
Package: infwarerr 2019/12/03 v1.5 Providing info/warning/error messages (HO)
)
(C:\Users\oscar\MikTex\tex/generic/iftex\iftex.sty
Package: iftex 2024/12/12 v1.0g TeX engine tests
)
(C:\Users\oscar\MikTex\tex/generic/ltxcmds\ltxcmds.sty
Package: ltxcmds 2023-12-04 v1.26 LaTeX kernel commands for general use (HO)
)
Package pdftexcmds Info: \pdf@primitive is available.
Package pdftexcmds Info: \pdf@ifprimitive is available.
Package pdftexcmds Info: \pdfdraftmode found.
))
\l__siunitx_table_tmp_box=\box55
\l__siunitx_table_tmp_dim=\dimen160
\l__siunitx_table_column_width_dim=\dimen161
\l__siunitx_table_integer_box=\box56
\l__siunitx_table_decimal_box=\box57
\l__siunitx_table_uncert_box=\box58
\l__siunitx_table_before_box=\box59
\l__siunitx_table_after_box=\box60
\l__siunitx_table_before_dim=\dimen162
\l__siunitx_table_carry_dim=\dimen163
\l__siunitx_unit_tmp_int=\count309
\l__siunitx_unit_position_int=\count310
\l__siunitx_unit_total_int=\count311
\l__siunitx_sexagesimal_tmp_dim=\dimen164
\l__siunitx_sexagesimal_marker_box=\box61
\l__siunitx_sexagesimal_unit_box=\box62

(C:\Users\oscar\MikTex\tex/latex/tools\array.sty
Package: array 2025/09/25 v2.6n Tabular extension package (FMi)
\col@sep=\dimen165
\ar@mcellbox=\box63
\extrarowheight=\dimen166
\NC@list=\toks28
\extratabsurround=\skip57
\backup@length=\skip58
\ar@cellbox=\box64
))
(C:\Users\oscar\MikTex\tex/latex/geometry\geometry.sty
Package: geometry 2026/03/07 v6.0 Page Geometry

(C:\Users\oscar\MikTex\tex/latex/graphics\keyval.sty
Package: keyval 2022/05/29 v1.15 key=value parser (DPC)
\KV@toks@=\toks29
)
(C:\Users\oscar\MikTex\tex/generic/iftex\ifvtex.sty
Package: ifvtex 2019/10/25 v1.7 ifvtex legacy package. Use iftex instead.
)
\Gm@cnth=\count312
\Gm@cntv=\count313
\c@Gm@tempcnt=\count314
\Gm@bindingoffset=\dimen167
\Gm@wd@mp=\dimen168
\Gm@odd@mp=\dimen169
\Gm@even@mp=\dimen170
\Gm@layoutwidth=\dimen171
\Gm@layoutheight=\dimen172
\Gm@layouthoffset=\dimen173
\Gm@layoutvoffset=\dimen174
\Gm@dimlist=\toks30

(C:\Users\oscar\MikTex\tex/latex/geometry\geometry.cfg))
(C:\Users\oscar\MikTex\tex/latex/textpos\textpos.sty
Package: textpos 2022/07/23 v1.10.1
Package textpos Info: choosing support for LaTeX3 on input line 60.
\TP@textbox=\box65
\TP@holdbox=\box66
\TPHorizModule=\dimen175
\TPVertModule=\dimen176
\TP@margin=\dimen177
\TP@absmargin=\dimen178

Grid set 16 x 16 = 37.34424pt x 52.81541pt
\TPboxrulesize=\dimen179
\TP@ox=\dimen180
\TP@oy=\dimen181
\TP@tbargs=\toks31
TextBlockOrigin set to 0pt x 0pt
) (C:\Users\oscar\MikTex\tex/latex/base\fontenc.sty
Package: fontenc 2025/07/18 v2.1d Standard LaTeX package
)
(C:\Users\oscar\MikTex\tex/latex/base\inputenc.sty
Package: inputenc 2024/02/08 v1.3d Input encoding file
\inpenc@prehook=\toks32
\inpenc@posthook=\toks33
)
(C:\Users\oscar\MikTex\tex/latex/graphics\graphicx.sty
Package: graphicx 2024/12/31 v1.2e Enhanced LaTeX Graphics (DPC,SPQR)

(C:\Users\oscar\MikTex\tex/latex/graphics\graphics.sty
Package: graphics 2024/08/06 v1.4g Standard LaTeX Graphics (DPC,SPQR)

(C:\Users\oscar\MikTex\tex/latex/graphics\trig.sty
Package: trig 2023/12/02 v1.11 sin cos tan (DPC)
)
(C:\Users\oscar\MikTex\tex/latex/graphics-cfg\graphics.cfg
File: graphics.cfg 2016/06/04 v1.11 sample graphics configuration
)
Package graphics Info: Driver file: pdftex.def on input line 106.

(C:\Users\oscar\MikTex\tex/latex/graphics-def\pdftex.def
File: pdftex.def 2025/09/29 v1.2d Graphics/color driver for pdftex
))
\Gin@req@height=\dimen182
\Gin@req@width=\dimen183
)
(C:\Users\oscar\MikTex\tex/latex/physics\physics.sty
Package: physics 

(C:\Users\oscar\MikTex\tex/latex/l3packages/xparse\xparse.sty
(C:\Users\oscar\MikTex\tex/latex/l3kernel\expl3.sty
Package: expl3 2026-04-28 L3 programming layer (loader) 

(C:\Users\oscar\MikTex\tex/latex/l3backend\l3backend-pdftex.def
File: l3backend-pdftex.def 2026-02-18 L3 backend support: PDF output (pdfTeX)
\l__color_backend_stack_int=\count315
))
Package: xparse 2025-10-09 L3 Experimental document command parser
))
(C:\Users\oscar\MikTex\tex/latex/mathtools\mathtools.sty
Package: mathtools 2024/10/04 v1.31 mathematical typesetting tools

(C:\Users\oscar\MikTex\tex/latex/tools\calc.sty
Package: calc 2025/03/01 v4.3b Infix arithmetic (KKT,FJ)
\calc@Acount=\count316
\calc@Bcount=\count317
\calc@Adimen=\dimen184
\calc@Bdimen=\dimen185
\calc@Askip=\skip59
\calc@Bskip=\skip60
LaTeX Info: Redefining \setlength on input line 86.
LaTeX Info: Redefining \addtolength on input line 87.
\calc@Ccount=\count318
\calc@Cskip=\skip61
)
(C:\Users\oscar\MikTex\tex/latex/mathtools\mhsetup.sty
Package: mhsetup 2021/03/18 v1.4 programming setup (MH)
)
\g_MT_multlinerow_int=\count319
\l_MT_multwidth_dim=\dimen186
\origjot=\skip62
\l_MT_shortvdotswithinadjustabove_dim=\dimen187
\l_MT_shortvdotswithinadjustbelow_dim=\dimen188
\l_MT_above_intertext_sep=\dimen189
\l_MT_below_intertext_sep=\dimen190
\l_MT_above_shortintertext_sep=\dimen191
\l_MT_below_shortintertext_sep=\dimen192
\xmathstrut@box=\box67
\xmathstrut@dim=\dimen193
)
(C:\Users\oscar\MikTex\tex/latex/import\import.sty
Package: import 2020/04/01  v 6.2
)
(C:\Users\oscar\MikTex\tex/latex/subfiles\subfiles.sty
Package: subfiles 2020/11/14 v2.2 Multi-file projects (package)
)
(C:\Users\oscar\MikTex\tex/latex/lm\lmodern.sty
Package: lmodern 2015/05/01 v1.6.1 Latin Modern Fonts
LaTeX Font Info:    Overwriting symbol font `operators' in version `normal'
(Font)                  OT1/cmr/m/n --> OT1/lmr/m/n on input line 22.
LaTeX Font Info:    Overwriting symbol font `letters' in version `normal'
(Font)                  OML/cmm/m/it --> OML/lmm/m/it on input line 23.
LaTeX Font Info:    Overwriting symbol font `symbols' in version `normal'
(Font)                  OMS/cmsy/m/n --> OMS/lmsy/m/n on input line 24.
LaTeX Font Info:    Overwriting symbol font `largesymbols' in version `normal'
(Font)                  OMX/cmex/m/n --> OMX/lmex/m/n on input line 25.
LaTeX Font Info:    Overwriting symbol font `operators' in version `bold'
(Font)                  OT1/cmr/bx/n --> OT1/lmr/bx/n on input line 26.
LaTeX Font Info:    Overwriting symbol font `letters' in version `bold'
(Font)                  OML/cmm/b/it --> OML/lmm/b/it on input line 27.
LaTeX Font Info:    Overwriting symbol font `symbols' in version `bold'
(Font)                  OMS/cmsy/b/n --> OMS/lmsy/b/n on input line 28.
LaTeX Font Info:    Overwriting symbol font `largesymbols' in version `bold'
(Font)                  OMX/cmex/m/n --> OMX/lmex/m/n on input line 29.
LaTeX Font Info:    Overwriting math alphabet `\mathbf' in version `normal'
(Font)                  OT1/cmr/bx/n --> OT1/lmr/bx/n on input line 31.
LaTeX Font Info:    Overwriting math alphabet `\mathsf' in version `normal'
(Font)                  OT1/cmss/m/n --> OT1/lmss/m/n on input line 32.
LaTeX Font Info:    Overwriting math alphabet `\mathit' in version `normal'
(Font)                  OT1/cmr/m/it --> OT1/lmr/m/it on input line 33.
LaTeX Font Info:    Overwriting math alphabet `\mathtt' in version `normal'
(Font)                  OT1/cmtt/m/n --> OT1/lmtt/m/n on input line 34.
LaTeX Font Info:    Overwriting math alphabet `\mathbf' in version `bold'
(Font)                  OT1/cmr/bx/n --> OT1/lmr/bx/n on input line 35.
LaTeX Font Info:    Overwriting math alphabet `\mathsf' in version `bold'
(Font)                  OT1/cmss/bx/n --> OT1/lmss/bx/n on input line 36.
LaTeX Font Info:    Overwriting math alphabet `\mathit' in version `bold'
(Font)                  OT1/cmr/bx/it --> OT1/lmr/bx/it on input line 37.
LaTeX Font Info:    Overwriting math alphabet `\mathtt' in version `bold'
(Font)                  OT1/cmtt/m/n --> OT1/lmtt/m/n on input line 38.
)
(C:\Users\oscar\MikTex\tex/latex/booktabs\booktabs.sty
Package: booktabs 2020/01/12 v1.61803398 Publication quality tables
\heavyrulewidth=\dimen194
\lightrulewidth=\dimen195
\cmidrulewidth=\dimen196
\belowrulesep=\dimen197
\belowbottomsep=\dimen198
\aboverulesep=\dimen199
\abovetopsep=\dimen256
\cmidrulesep=\dimen257
\cmidrulekern=\dimen258
\defaultaddspace=\dimen259
\@cmidla=\count320
\@cmidlb=\count321
\@aboverulesep=\dimen260
\@belowrulesep=\dimen261
\@thisruleclass=\count322
\@lastruleclass=\count323
\@thisrulewidth=\dimen262
)
(C:\Users\oscar\MikTex\tex/latex/pgf/frontendlayer\tikz.sty
(C:\Users\oscar\MikTex\tex/latex/pgf/basiclayer\pgf.sty
(C:\Users\oscar\MikTex\tex/latex/pgf/utilities\pgfrcs.sty
(C:\Users\oscar\MikTex\tex/generic/pgf/utilities\pgfutil-common.tex
\pgfutil@everybye=\toks34
\pgfutil@tempdima=\dimen263
\pgfutil@tempdimb=\dimen264
)
(C:\Users\oscar\MikTex\tex/generic/pgf/utilities\pgfutil-latex.def
\pgfutil@abb=\box68
)
(C:\Users\oscar\MikTex\tex/generic/pgf/utilities\pgfrcs.code.tex
(C:\Users\oscar\MikTex\tex/generic/pgf\pgf.revision.tex)
Package: pgfrcs 2025-08-29 v3.1.11a (3.1.11a)
))
Package: pgf 2025-08-29 v3.1.11a (3.1.11a)

(C:\Users\oscar\MikTex\tex/latex/pgf/basiclayer\pgfcore.sty
(C:\Users\oscar\MikTex\tex/latex/pgf/systemlayer\pgfsys.sty
(C:\Users\oscar\MikTex\tex/generic/pgf/systemlayer\pgfsys.code.tex
Package: pgfsys 2025-08-29 v3.1.11a (3.1.11a)

(C:\Users\oscar\MikTex\tex/generic/pgf/utilities\pgfkeys.code.tex
\pgfkeys@pathtoks=\toks35
\pgfkeys@temptoks=\toks36

(C:\Users\oscar\MikTex\tex/generic/pgf/utilities\pgfkeyslibraryfiltered.code.te
x
\pgfkeys@tmptoks=\toks37
))
\pgf@x=\dimen265
\pgf@y=\dimen266
\pgf@xa=\dimen267
\pgf@ya=\dimen268
\pgf@xb=\dimen269
\pgf@yb=\dimen270
\pgf@xc=\dimen271
\pgf@yc=\dimen272
\pgf@xd=\dimen273
\pgf@yd=\dimen274
\w@pgf@writea=\write3
\r@pgf@reada=\read2
\c@pgf@counta=\count324
\c@pgf@countb=\count325
\c@pgf@countc=\count326
\c@pgf@countd=\count327
\t@pgf@toka=\toks38
\t@pgf@tokb=\toks39
\t@pgf@tokc=\toks40
\pgf@sys@id@count=\count328
 (C:\Users\oscar\MikTex\tex/generic/pgf/systemlayer\pgf.cfg
File: pgf.cfg 2025-08-29 v3.1.11a (3.1.11a)
)
Driver file for pgf: pgfsys-pdftex.def

(C:\Users\oscar\MikTex\tex/generic/pgf/systemlayer\pgfsys-pdftex.def
File: pgfsys-pdftex.def 2025-08-29 v3.1.11a (3.1.11a)

(C:\Users\oscar\MikTex\tex/generic/pgf/systemlayer\pgfsys-common-pdf.def
File: pgfsys-common-pdf.def 2025-08-29 v3.1.11a (3.1.11a)
)))
(C:\Users\oscar\MikTex\tex/generic/pgf/systemlayer\pgfsyssoftpath.code.tex
File: pgfsyssoftpath.code.tex 2025-08-29 v3.1.11a (3.1.11a)
\pgfsyssoftpath@smallbuffer@items=\count329
\pgfsyssoftpath@bigbuffer@items=\count330
)
(C:\Users\oscar\MikTex\tex/generic/pgf/systemlayer\pgfsysprotocol.code.tex
File: pgfsysprotocol.code.tex 2025-08-29 v3.1.11a (3.1.11a)
))
(C:\Users\oscar\MikTex\tex/latex/xcolor\xcolor.sty
Package: xcolor 2024/09/29 v3.02 LaTeX color extensions (UK)

(C:\Users\oscar\MikTex\tex/latex/graphics-cfg\color.cfg
File: color.cfg 2016/01/02 v1.6 sample color configuration
)
Package xcolor Info: Driver file: pdftex.def on input line 274.

(C:\Users\oscar\MikTex\tex/latex/graphics\mathcolor.ltx)
Package xcolor Info: Model `cmy' substituted by `cmy0' on input line 1349.
Package xcolor Info: Model `hsb' substituted by `rgb' on input line 1353.
Package xcolor Info: Model `RGB' extended on input line 1365.
Package xcolor Info: Model `HTML' substituted by `rgb' on input line 1367.
Package xcolor Info: Model `Hsb' substituted by `hsb' on input line 1368.
Package xcolor Info: Model `tHsb' substituted by `hsb' on input line 1369.
Package xcolor Info: Model `HSB' substituted by `hsb' on input line 1370.
Package xcolor Info: Model `Gray' substituted by `gray' on input line 1371.
Package xcolor Info: Model `wave' substituted by `hsb' on input line 1372.
)
(C:\Users\oscar\MikTex\tex/generic/pgf/basiclayer\pgfcore.code.tex
Package: pgfcore 2025-08-29 v3.1.11a (3.1.11a)

(C:\Users\oscar\MikTex\tex/generic/pgf/math\pgfmath.code.tex
(C:\Users\oscar\MikTex\tex/generic/pgf/math\pgfmathutil.code.tex)
(C:\Users\oscar\MikTex\tex/generic/pgf/math\pgfmathparser.code.tex
\pgfmath@dimen=\dimen275
\pgfmath@count=\count331
\pgfmath@box=\box69
\pgfmath@toks=\toks41
\pgfmath@stack@operand=\toks42
\pgfmath@stack@operation=\toks43
)
(C:\Users\oscar\MikTex\tex/generic/pgf/math\pgfmathfunctions.code.tex)
(C:\Users\oscar\MikTex\tex/generic/pgf/math\pgfmathfunctions.basic.code.tex)
(C:\Users\oscar\MikTex\tex/generic/pgf/math\pgfmathfunctions.trigonometric.code
.tex)
(C:\Users\oscar\MikTex\tex/generic/pgf/math\pgfmathfunctions.random.code.tex)
(C:\Users\oscar\MikTex\tex/generic/pgf/math\pgfmathfunctions.comparison.code.te
x) (C:\Users\oscar\MikTex\tex/generic/pgf/math\pgfmathfunctions.base.code.tex)
(C:\Users\oscar\MikTex\tex/generic/pgf/math\pgfmathfunctions.round.code.tex)
(C:\Users\oscar\MikTex\tex/generic/pgf/math\pgfmathfunctions.misc.code.tex)
(C:\Users\oscar\MikTex\tex/generic/pgf/math\pgfmathfunctions.integerarithmetics
.code.tex) (C:\Users\oscar\MikTex\tex/generic/pgf/math\pgfmathcalc.code.tex)
(C:\Users\oscar\MikTex\tex/generic/pgf/math\pgfmathfloat.code.tex
\c@pgfmathroundto@lastzeros=\count332
))
(C:\Users\oscar\MikTex\tex/generic/pgf/math\pgfint.code.tex)
(C:\Users\oscar\MikTex\tex/generic/pgf/basiclayer\pgfcorepoints.code.tex
File: pgfcorepoints.code.tex 2025-08-29 v3.1.11a (3.1.11a)
\pgf@picminx=\dimen276
\pgf@picmaxx=\dimen277
\pgf@picminy=\dimen278
\pgf@picmaxy=\dimen279
\pgf@pathminx=\dimen280
\pgf@pathmaxx=\dimen281
\pgf@pathminy=\dimen282
\pgf@pathmaxy=\dimen283
\pgf@xx=\dimen284
\pgf@xy=\dimen285
\pgf@yx=\dimen286
\pgf@yy=\dimen287
\pgf@zx=\dimen288
\pgf@zy=\dimen289
)
(C:\Users\oscar\MikTex\tex/generic/pgf/basiclayer\pgfcorepathconstruct.code.tex
File: pgfcorepathconstruct.code.tex 2025-08-29 v3.1.11a (3.1.11a)
\pgf@path@lastx=\dimen290
\pgf@path@lasty=\dimen291
) (C:\Users\oscar\MikTex\tex/generic/pgf/basiclayer\pgfcorepathusage.code.tex
File: pgfcorepathusage.code.tex 2025-08-29 v3.1.11a (3.1.11a)
\pgf@shorten@end@additional=\dimen292
\pgf@shorten@start@additional=\dimen293
)
(C:\Users\oscar\MikTex\tex/generic/pgf/basiclayer\pgfcorescopes.code.tex
File: pgfcorescopes.code.tex 2025-08-29 v3.1.11a (3.1.11a)
\pgfpic=\box70
\pgf@hbox=\box71
\pgf@layerbox@main=\box72
\pgf@picture@serial@count=\count333
)
(C:\Users\oscar\MikTex\tex/generic/pgf/basiclayer\pgfcoregraphicstate.code.tex
File: pgfcoregraphicstate.code.tex 2025-08-29 v3.1.11a (3.1.11a)
\pgflinewidth=\dimen294
)
(C:\Users\oscar\MikTex\tex/generic/pgf/basiclayer\pgfcoretransformations.code.t
ex
File: pgfcoretransformations.code.tex 2025-08-29 v3.1.11a (3.1.11a)
\pgf@pt@x=\dimen295
\pgf@pt@y=\dimen296
\pgf@pt@temp=\dimen297
) (C:\Users\oscar\MikTex\tex/generic/pgf/basiclayer\pgfcorequick.code.tex
File: pgfcorequick.code.tex 2025-08-29 v3.1.11a (3.1.11a)
)
(C:\Users\oscar\MikTex\tex/generic/pgf/basiclayer\pgfcoreobjects.code.tex
File: pgfcoreobjects.code.tex 2025-08-29 v3.1.11a (3.1.11a)
)
(C:\Users\oscar\MikTex\tex/generic/pgf/basiclayer\pgfcorepathprocessing.code.te
x
File: pgfcorepathprocessing.code.tex 2025-08-29 v3.1.11a (3.1.11a)
) (C:\Users\oscar\MikTex\tex/generic/pgf/basiclayer\pgfcorearrows.code.tex
File: pgfcorearrows.code.tex 2025-08-29 v3.1.11a (3.1.11a)
\pgfarrowsep=\dimen298
)
(C:\Users\oscar\MikTex\tex/generic/pgf/basiclayer\pgfcoreshade.code.tex
File: pgfcoreshade.code.tex 2025-08-29 v3.1.11a (3.1.11a)
\pgf@max=\dimen299
\pgf@sys@shading@range@num=\count334
\pgf@shadingcount=\count335
)
(C:\Users\oscar\MikTex\tex/generic/pgf/basiclayer\pgfcoreimage.code.tex
File: pgfcoreimage.code.tex 2025-08-29 v3.1.11a (3.1.11a)
)
(C:\Users\oscar\MikTex\tex/generic/pgf/basiclayer\pgfcoreexternal.code.tex
File: pgfcoreexternal.code.tex 2025-08-29 v3.1.11a (3.1.11a)
\pgfexternal@startupbox=\box73
)
(C:\Users\oscar\MikTex\tex/generic/pgf/basiclayer\pgfcorelayers.code.tex
File: pgfcorelayers.code.tex 2025-08-29 v3.1.11a (3.1.11a)
)
(C:\Users\oscar\MikTex\tex/generic/pgf/basiclayer\pgfcoretransparency.code.tex
File: pgfcoretransparency.code.tex 2025-08-29 v3.1.11a (3.1.11a)
) (C:\Users\oscar\MikTex\tex/generic/pgf/basiclayer\pgfcorepatterns.code.tex
File: pgfcorepatterns.code.tex 2025-08-29 v3.1.11a (3.1.11a)
)
(C:\Users\oscar\MikTex\tex/generic/pgf/basiclayer\pgfcorerdf.code.tex
File: pgfcorerdf.code.tex 2025-08-29 v3.1.11a (3.1.11a)
)))
(C:\Users\oscar\MikTex\tex/generic/pgf/modules\pgfmoduleshapes.code.tex
File: pgfmoduleshapes.code.tex 2025-08-29 v3.1.11a (3.1.11a)
\pgfnodeparttextbox=\box74
)
(C:\Users\oscar\MikTex\tex/generic/pgf/modules\pgfmoduleplot.code.tex
File: pgfmoduleplot.code.tex 2025-08-29 v3.1.11a (3.1.11a)
)
(C:\Users\oscar\MikTex\tex/latex/pgf/compatibility\pgfcomp-version-0-65.sty
Package: pgfcomp-version-0-65 2025-08-29 v3.1.11a (3.1.11a)
\pgf@nodesepstart=\dimen300
\pgf@nodesepend=\dimen301
)
(C:\Users\oscar\MikTex\tex/latex/pgf/compatibility\pgfcomp-version-1-18.sty
Package: pgfcomp-version-1-18 2025-08-29 v3.1.11a (3.1.11a)
))
(C:\Users\oscar\MikTex\tex/latex/pgf/utilities\pgffor.sty
(C:\Users\oscar\MikTex\tex/latex/pgf/utilities\pgfkeys.sty
(C:\Users\oscar\MikTex\tex/generic/pgf/utilities\pgfkeys.code.tex))
(C:\Users\oscar\MikTex\tex/latex/pgf/math\pgfmath.sty
(C:\Users\oscar\MikTex\tex/generic/pgf/math\pgfmath.code.tex))
(C:\Users\oscar\MikTex\tex/generic/pgf/utilities\pgffor.code.tex
Package: pgffor 2025-08-29 v3.1.11a (3.1.11a)
\pgffor@iter=\dimen302
\pgffor@skip=\dimen303
\pgffor@stack=\toks44
\pgffor@toks=\toks45
))
(C:\Users\oscar\MikTex\tex/generic/pgf/frontendlayer/tikz\tikz.code.tex
Package: tikz 2025-08-29 v3.1.11a (3.1.11a)

(C:\Users\oscar\MikTex\tex/generic/pgf/libraries\pgflibraryplothandlers.code.te
x
File: pgflibraryplothandlers.code.tex 2025-08-29 v3.1.11a (3.1.11a)
\pgf@plot@mark@count=\count336
\pgfplotmarksize=\dimen304
)
\tikz@lastx=\dimen305
\tikz@lasty=\dimen306
\tikz@lastxsaved=\dimen307
\tikz@lastysaved=\dimen308
\tikz@lastmovetox=\dimen309
\tikz@lastmovetoy=\dimen310
\tikzleveldistance=\dimen311
\tikzsiblingdistance=\dimen312
\tikz@figbox=\box75
\tikz@figbox@bg=\box76
\tikz@tempbox=\box77
\tikz@tempbox@bg=\box78
\tikztreelevel=\count337
\tikznumberofchildren=\count338
\tikznumberofcurrentchild=\count339
\tikz@fig@count=\count340
 (C:\Users\oscar\MikTex\tex/generic/pgf/modules\pgfmodulematrix.code.tex
File: pgfmodulematrix.code.tex 2025-08-29 v3.1.11a (3.1.11a)
\pgfmatrixcurrentrow=\count341
\pgfmatrixcurrentcolumn=\count342
\pgf@matrix@numberofcolumns=\count343
)
\tikz@expandcount=\count344

(C:\Users\oscar\MikTex\tex/generic/pgf/frontendlayer/tikz/libraries\tikzlibrary
topaths.code.tex
File: tikzlibrarytopaths.code.tex 2025-08-29 v3.1.11a (3.1.11a)
)))
(C:\Users\oscar\MikTex\tex/generic/pgf/libraries\pgflibraryarrows.meta.code.tex
File: pgflibraryarrows.meta.code.tex 2025-08-29 v3.1.11a (3.1.11a)
\pgfarrowinset=\dimen313
\pgfarrowlength=\dimen314
\pgfarrowwidth=\dimen315
\pgfarrowlinewidth=\dimen316
)
(C:\Users\oscar\MikTex\tex/generic/pgf/frontendlayer/tikz/libraries\tikzlibrary
positioning.code.tex
File: tikzlibrarypositioning.code.tex 2025-08-29 v3.1.11a (3.1.11a)
)
(C:\Users\oscar\MikTex\tex/generic/pgf/frontendlayer/tikz/libraries\tikzlibrary
calc.code.tex
File: tikzlibrarycalc.code.tex 2025-08-29 v3.1.11a (3.1.11a)
)
(C:\Users\oscar\MikTex\tex/generic/pgf/frontendlayer/tikz/libraries\tikzlibrary
fit.code.tex
File: tikzlibraryfit.code.tex 2025-08-29 v3.1.11a (3.1.11a)
)
(C:\Users\oscar\MikTex\tex/generic/pgf/frontendlayer/tikz/libraries\tikzlibrary
decorations.pathmorphing.code.tex
(C:\Users\oscar\MikTex\tex/generic/pgf/frontendlayer/tikz/libraries\tikzlibrary
decorations.code.tex
(C:\Users\oscar\MikTex\tex/generic/pgf/modules\pgfmoduledecorations.code.tex
\pgfdecoratedcompleteddistance=\dimen317
\pgfdecoratedremainingdistance=\dimen318
\pgfdecoratedinputsegmentcompleteddistance=\dimen319
\pgfdecoratedinputsegmentremainingdistance=\dimen320
\pgf@decorate@distancetomove=\dimen321
\pgf@decorate@repeatstate=\count345
\pgfdecorationsegmentamplitude=\dimen322
\pgfdecorationsegmentlength=\dimen323
)
\tikz@lib@dec@box=\box79
)
(C:\Users\oscar\MikTex\tex/generic/pgf/libraries/decorations\pgflibrarydecorati
ons.pathmorphing.code.tex)) (C:\Users\oscar\MikTex\tex/latex/float\float.sty
Package: float 2001/11/08 v1.3d Float enhancements (AL)
\c@float@type=\count346
\float@exts=\toks46
\float@box=\box80
\@float@everytoks=\toks47
\@floatcapt=\box81
)
\c@definition=\count347
\c@axiom=\count348
\c@theorem=\count349
\c@lemma=\count350
\c@remark=\count351

(C:\Users\oscar\MikTex\tex/latex/hyperref\hyperref.sty
Package: hyperref 2026-04-24 v7.01q Hypertext links for LaTeX

(C:\Users\oscar\MikTex\tex/latex/kvsetkeys\kvsetkeys.sty
Package: kvsetkeys 2022-10-05 v1.19 Key value parser (HO)
)
(C:\Users\oscar\MikTex\tex/generic/kvdefinekeys\kvdefinekeys.sty
Package: kvdefinekeys 2019-12-19 v1.6 Define keys (HO)
)
(C:\Users\oscar\MikTex\tex/generic/pdfescape\pdfescape.sty
Package: pdfescape 2019/12/09 v1.15 Implements pdfTeX's escape features (HO)
)
(C:\Users\oscar\MikTex\tex/latex/hycolor\hycolor.sty
Package: hycolor 2020-01-27 v1.10 Color options for hyperref/bookmark (HO)
)
(C:\Users\oscar\MikTex\tex/latex/hyperref\nameref.sty
Package: nameref 2026-01-29 v2.58 Cross-referencing by name of section

(C:\Users\oscar\MikTex\tex/latex/refcount\refcount.sty
Package: refcount 2019/12/15 v3.6 Data extraction from label references (HO)
)
(C:\Users\oscar\MikTex\tex/generic/gettitlestring\gettitlestring.sty
Package: gettitlestring 2019/12/15 v1.6 Cleanup title references (HO)

(C:\Users\oscar\MikTex\tex/latex/kvoptions\kvoptions.sty
Package: kvoptions 2022-06-15 v3.15 Key value format for package options (HO)
))
\c@section@level=\count352
)
(C:\Users\oscar\MikTex\tex/generic/stringenc\stringenc.sty
Package: stringenc 2019/11/29 v1.12 Convert strings between diff. encodings (HO
)
)
\@linkdim=\dimen324
\Hy@linkcounter=\count353
\Hy@pagecounter=\count354

(C:\Users\oscar\MikTex\tex/latex/hyperref\pd1enc.def
File: pd1enc.def 2026-04-24 v7.01q Hyperref: PDFDocEncoding definition (HO)
Now handling font encoding PD1 ...
... no UTF-8 mapping file for font encoding PD1
)
(C:\Users\oscar\MikTex\tex/generic/intcalc\intcalc.sty
Package: intcalc 2019/12/15 v1.3 Expandable calculations with integers (HO)
)
\Hy@SavedSpaceFactor=\count355

(C:\Users\oscar\MikTex\tex/latex/hyperref\puenc.def
File: puenc.def 2026-04-24 v7.01q Hyperref: PDF Unicode definition (HO)
Now handling font encoding PU ...
... no UTF-8 mapping file for font encoding PU
)
Package hyperref Info: Hyper figures OFF on input line 4199.
Package hyperref Info: Link nesting OFF on input line 4204.
Package hyperref Info: Hyper index ON on input line 4207.
Package hyperref Info: Plain pages OFF on input line 4214.
Package hyperref Info: Backreferencing OFF on input line 4219.
Package hyperref Info: Implicit mode ON; LaTeX internals redefined.
Package hyperref Info: Bookmarks ON on input line 4466.
\c@Hy@tempcnt=\count356

(C:\Users\oscar\MikTex\tex/latex/url\url.sty
\Urlmuskip=\muskip18
Package: url 2013/09/16  ver 3.4  Verb mode for urls, etc.
)
LaTeX Info: Redefining \url on input line 4805.
\XeTeXLinkMargin=\dimen325

(C:\Users\oscar\MikTex\tex/generic/bitset\bitset.sty
Package: bitset 2019/12/09 v1.3 Handle bit-vector datatype (HO)

(C:\Users\oscar\MikTex\tex/generic/bigintcalc\bigintcalc.sty
Package: bigintcalc 2019/12/15 v1.5 Expandable calculations on big integers (HO
)
))
\Fld@menulength=\count357
\Field@Width=\dimen326
\Fld@charsize=\dimen327
Package hyperref Info: Hyper figures OFF on input line 6091.
Package hyperref Info: Link nesting OFF on input line 6096.
Package hyperref Info: Hyper index ON on input line 6099.
Package hyperref Info: backreferencing OFF on input line 6106.
Package hyperref Info: Link coloring OFF on input line 6111.
Package hyperref Info: Link coloring with OCG OFF on input line 6116.
Package hyperref Info: PDF/A mode OFF on input line 6121.
\Hy@abspage=\count358
\c@Item=\count359
\c@Hfootnote=\count360
)
Package hyperref Info: Driver (autodetected): hpdftex.

(C:\Users\oscar\MikTex\tex/latex/hyperref\hpdftex.def
File: hpdftex.def 2026-04-24 v7.01q Hyperref driver for pdfTeX
\Fld@listcount=\count361
\c@bookmark@seq@number=\count362

(C:\Users\oscar\MikTex\tex/latex/rerunfilecheck\rerunfilecheck.sty
Package: rerunfilecheck 2025-06-21 v1.11 Rerun checks for auxiliary files (HO)

(C:\Users\oscar\MikTex\tex/generic/uniquecounter\uniquecounter.sty
Package: uniquecounter 2019/12/15 v1.4 Provide unlimited unique counter (HO)
)
Package uniquecounter Info: New unique counter `rerunfilecheck' on input line 2
84.
)
\Hy@SectionHShift=\skip63
)
Package hyperref Info: Option `colorlinks' set `true' on input line 54.

(C:\Users\oscar\MikTex\tex/latex/tocloft\tocloft.sty
Package: tocloft 2017/08/31 v2.3i parameterised ToC, etc., typesetting
Package tocloft Info: The document has section divisions on input line 51.
\cftparskip=\skip64
\cftbeforetoctitleskip=\skip65
\cftaftertoctitleskip=\skip66
\cftbeforepartskip=\skip67
\cftpartnumwidth=\skip68
\cftpartindent=\skip69
\cftbeforesecskip=\skip70
\cftsecindent=\skip71
\cftsecnumwidth=\skip72
\cftbeforesubsecskip=\skip73
\cftsubsecindent=\skip74
\cftsubsecnumwidth=\skip75
\cftbeforesubsubsecskip=\skip76
\cftsubsubsecindent=\skip77
\cftsubsubsecnumwidth=\skip78
\cftbeforeparaskip=\skip79
\cftparaindent=\skip80
\cftparanumwidth=\skip81
\cftbeforesubparaskip=\skip82
\cftsubparaindent=\skip83
\cftsubparanumwidth=\skip84
\cftbeforeloftitleskip=\skip85
\cftafterloftitleskip=\skip86
\cftbeforefigskip=\skip87
\cftfigindent=\skip88
\cftfignumwidth=\skip89
\c@lofdepth=\count363
\c@lotdepth=\count364
\cftbeforelottitleskip=\skip90
\cftafterlottitleskip=\skip91
\cftbeforetabskip=\skip92
\cfttabindent=\skip93
\cfttabnumwidth=\skip94
)
Package translations Info: No language package found. I am going to use `englis
h' as default language. on input line 102.
LaTeX Font Info:    Trying to load font information for T1+lmr on input line 10
2.

(C:\Users\oscar\MikTex\tex/latex/lm\t1lmr.fd
File: t1lmr.fd 2015/05/01 v1.6.1 Font defs for Latin Modern
) (SST_CANON-v0.8.13.aux

LaTeX Warning: Label `Onsager1949' multiply defined.


LaTeX Warning: Label `Feynman1955' multiply defined.


LaTeX Warning: Label `Batchelor1967' multiply defined.


LaTeX Warning: Label `Saffman1992' multiply defined.

)
\openout1 = `SST_CANON-v0.8.13.aux'.

LaTeX Font Info:    Checking defaults for OML/cmm/m/it on input line 102.
LaTeX Font Info:    ... okay on input line 102.
LaTeX Font Info:    Checking defaults for OMS/cmsy/m/n on input line 102.
LaTeX Font Info:    ... okay on input line 102.
LaTeX Font Info:    Checking defaults for OT1/cmr/m/n on input line 102.
LaTeX Font Info:    ... okay on input line 102.
LaTeX Font Info:    Checking defaults for T1/cmr/m/n on input line 102.
LaTeX Font Info:    ... okay on input line 102.
LaTeX Font Info:    Checking defaults for TS1/cmr/m/n on input line 102.
LaTeX Font Info:    ... okay on input line 102.
LaTeX Font Info:    Checking defaults for OMX/cmex/m/n on input line 102.
LaTeX Font Info:    ... okay on input line 102.
LaTeX Font Info:    Checking defaults for U/cmr/m/n on input line 102.
LaTeX Font Info:    ... okay on input line 102.
LaTeX Font Info:    Checking defaults for PD1/pdf/m/n on input line 102.
LaTeX Font Info:    ... okay on input line 102.
LaTeX Font Info:    Checking defaults for PU/pdf/m/n on input line 102.
LaTeX Font Info:    ... okay on input line 102.


Package siunitx Warning: Detected the "physics" package:
(siunitx)                omitting definition of \qty.
(siunitx)                
(siunitx)                If you want to use \qty with the siunitx definition,
(siunitx)                add 
(siunitx)                
(siunitx)                    \AtBeginDocument{\RenewCommandCopy\qty\SI}
(siunitx)                
(siunitx)                to your preamble.


(C:\Users\oscar\MikTex\tex/latex/translations/dicts\translations-basic-dictiona
ry-english.trsl
File: translations-basic-dictionary-english.trsl (english translation file `tra
nslations-basic-dictionary')
)
Package translations Info: loading dictionary `translations-basic-dictionary' f
or `english'. on input line 102.

*geometry* driver: auto-detecting
*geometry* detected driver: pdftex
*geometry* verbose mode - [ preamble ] result:
* driver: pdftex
* paper: a4paper
* layout: <same size as paper>
* layoutoffset:(h,v)=(0.0pt,0.0pt)
* modes: 
* h-part:(L,W,R)=(72.26999pt, 452.9679pt, 72.26999pt)
* v-part:(T,H,B)=(72.26999pt, 700.50687pt, 72.26999pt)
* \paperwidth=597.50787pt
* \paperheight=845.04684pt
* \textwidth=452.9679pt
* \textheight=700.50687pt
* \oddsidemargin=0.0pt
* \evensidemargin=0.0pt
* \topmargin=-37.0pt
* \headheight=12.0pt
* \headsep=25.0pt
* \topskip=11.0pt
* \footskip=30.0pt
* \marginparwidth=59.0pt
* \marginparsep=10.0pt
* \columnsep=10.0pt
* \skip\footins=10.0pt plus 4.0pt minus 2.0pt
* \hoffset=0.0pt
* \voffset=0.0pt
* \mag=1000
* \@twocolumnfalse
* \@twosidefalse
* \@mparswitchfalse
* \@reversemarginfalse
* (1in=72.27pt=25.4mm, 1cm=28.453pt)

(C:\Users\oscar\MikTex\tex/context/base/mkii\supp-pdf.mkii
[Loading MPS to PDF converter (version 2006.09.02).]
\scratchcounter=\count365
\scratchdimen=\dimen328
\scratchbox=\box82
\nofMPsegments=\count366
\nofMParguments=\count367
\everyMPshowfont=\toks48
\MPscratchCnt=\count368
\MPscratchDim=\dimen329
\MPnumerator=\count369
\makeMPintoPDFobject=\count370
\everyMPtoPDFconversion=\toks49
) (C:\Users\oscar\MikTex\tex/latex/epstopdf-pkg\epstopdf-base.sty
Package: epstopdf-base 2020-01-24 v2.11 Base part for package epstopdf
Package epstopdf-base Info: Redefining graphics rule for `.eps' on input line 4
85.

(C:\Users\oscar\MikTex\tex/latex/00miktex\epstopdf-sys.cfg
File: epstopdf-sys.cfg 2021/03/18 v2.0 Configuration of epstopdf for MiKTeX
))
Package hyperref Info: Link coloring ON on input line 102.

(SST_CANON-v0.8.13.out) (SST_CANON-v0.8.13.out)
\@outlinefile=\write4
\openout4 = `SST_CANON-v0.8.13.out'.

LaTeX Font Info:    Trying to load font information for OT1+lmr on input line 1
18.

(C:\Users\oscar\MikTex\tex/latex/lm\ot1lmr.fd
File: ot1lmr.fd 2015/05/01 v1.6.1 Font defs for Latin Modern
)
LaTeX Font Info:    Trying to load font information for OML+lmm on input line 1
18.

(C:\Users\oscar\MikTex\tex/latex/lm\omllmm.fd
File: omllmm.fd 2015/05/01 v1.6.1 Font defs for Latin Modern
)
LaTeX Font Info:    Trying to load font information for OMS+lmsy on input line 
118.

(C:\Users\oscar\MikTex\tex/latex/lm\omslmsy.fd
File: omslmsy.fd 2015/05/01 v1.6.1 Font defs for Latin Modern
)
LaTeX Font Info:    Trying to load font information for OMX+lmex on input line 
118.

(C:\Users\oscar\MikTex\tex/latex/lm\omxlmex.fd
File: omxlmex.fd 2015/05/01 v1.6.1 Font defs for Latin Modern
)
LaTeX Font Info:    External font `lmex10' loaded for size
(Font)              <14.4> on input line 118.
LaTeX Font Info:    External font `lmex10' loaded for size
(Font)              <10> on input line 118.
LaTeX Font Info:    External font `lmex10' loaded for size
(Font)              <7> on input line 118.
LaTeX Font Info:    Trying to load font information for U+msa on input line 118
.

(C:\Users\oscar\MikTex\tex/latex/amsfonts\umsa.fd
File: umsa.fd 2013/01/14 v3.01 AMS symbols A
)
LaTeX Font Info:    Trying to load font information for U+msb on input line 118
.

(C:\Users\oscar\MikTex\tex/latex/amsfonts\umsb.fd
File: umsb.fd 2013/01/14 v3.01 AMS symbols B
)
LaTeX Font Info:    Trying to load font information for U+rsfs on input line 11
8.

(C:\Users\oscar\MikTex\tex/latex/jknappen\ursfs.fd
File: ursfs.fd 1998/03/24 rsfs font definition file (jk)
)
LaTeX Font Info:    External font `lmex10' loaded for size
(Font)              <5> on input line 150.

Overfull \hbox (39.83452pt too wide) in paragraph at lines 150--155
[][] 
 []

LaTeX Font Info:    External font `lmex10' loaded for size
(Font)              <9> on input line 164.
LaTeX Font Info:    External font `lmex10' loaded for size
(Font)              <6> on input line 164.
LaTeX Font Info:    Trying to load font information for T1+lmtt on input line 1
64.
(C:\Users\oscar\MikTex\tex/latex/lm\t1lmtt.fd
File: t1lmtt.fd 2015/05/01 v1.6.1 Font defs for Latin Modern
) [1

{C:/Users/oscar/AppData/Local/MiKTeX/fonts/map/pdftex/pdftex.map}{C:/Users/osca
r/MikTex/fonts/enc/dvips/lm/lm-ec.enc}] (SST_CANON-v0.8.13.toc
LaTeX Font Info:    External font `lmex10' loaded for size
(Font)              <10.95> on input line 1.
LaTeX Font Info:    External font `lmex10' loaded for size
(Font)              <8> on input line 1.
 [2] [3{C:/Users/oscar/MikTex/fonts/enc/dvips/lm/lm-mathit.enc}] [4{C:/Users/os
car/MikTex/fonts/enc/dvips/lm/lm-rm.enc}]
[5{C:/Users/oscar/MikTex/fonts/enc/dvips/lm/lm-mathsy.enc}] [6]

! LaTeX Error: Counter too large.

See the LaTeX manual or LaTeX Companion for explanation.
Type  H <return>  for immediate help.
 ...                                              
                                                  
l.384 ...c-Shell Diagnostics}{114}{section.Alph27}
                                                  %
You've lost some text. Try typing <return> to proceed.
If that doesn't work, type X <return> to quit.


! LaTeX Error: Counter too large.

See the LaTeX manual or LaTeX Companion for explanation.
Type  H <return>  for immediate help.
 ...                                              
                                                  
l.386 ... stabilization}{115}{subsection.Alph27.1}
                                                  %
You've lost some text. Try typing <return> to proceed.
If that doesn't work, type X <return> to quit.


! LaTeX Error: Counter too large.

See the LaTeX manual or LaTeX Companion for explanation.
Type  H <return>  for immediate help.
 ...                                              
                                                  
l.387 ...ptical caustic}{115}{subsection.Alph27.2}
                                                  %
You've lost some text. Try typing <return> to proceed.
If that doesn't work, type X <return> to quit.


! LaTeX Error: Counter too large.

See the LaTeX manual or LaTeX Companion for explanation.
Type  H <return>  for immediate help.
 ...                                              
                                                  
l.388 ...tress response}{115}{subsection.Alph27.3}
                                                  %
You've lost some text. Try typing <return> to proceed.
If that doesn't work, type X <return> to quit.


! LaTeX Error: Counter too large.

See the LaTeX manual or LaTeX Companion for explanation.
Type  H <return>  for immediate help.
 ...                                              
                                                  
l.389 ...urement vector}{116}{subsection.Alph27.4}
                                                  %
You've lost some text. Try typing <return> to proceed.
If that doesn't work, type X <return> to quit.


! LaTeX Error: Counter too large.

See the LaTeX manual or LaTeX Companion for explanation.
Type  H <return>  for immediate help.
 ...                                              
                                                  
l.390 ...Null hierarchy}{116}{subsection.Alph27.5}
                                                  %
You've lost some text. Try typing <return> to proceed.
If that doesn't work, type X <return> to quit.


! LaTeX Error: Counter too large.

See the LaTeX manual or LaTeX Companion for explanation.
Type  H <return>  for immediate help.
 ...                                              
                                                  
l.391 ...ondensate Coherence}{116}{section.Alph28}
                                                  %
You've lost some text. Try typing <return> to proceed.
If that doesn't work, type X <return> to quit.


! LaTeX Error: Counter too large.

See the LaTeX manual or LaTeX Companion for explanation.
Type  H <return>  for immediate help.
 ...                                              
                                                  
l.393 ... closure layer}{116}{subsection.Alph28.1}
                                                  %
You've lost some text. Try typing <return> to proceed.
If that doesn't work, type X <return> to quit.


! LaTeX Error: Counter too large.

See the LaTeX manual or LaTeX Companion for explanation.
Type  H <return>  for immediate help.
 ...                                              
                                                  
l.394 ...ence extension}{117}{subsection.Alph28.2}
                                                  %
You've lost some text. Try typing <return> to proceed.
If that doesn't work, type X <return> to quit.


! LaTeX Error: Counter too large.

See the LaTeX manual or LaTeX Companion for explanation.
Type  H <return>  for immediate help.
 ...                                              
                                                  
l.395 ...test signature}{117}{subsection.Alph28.3}
                                                  %
You've lost some text. Try typing <return> to proceed.
If that doesn't work, type X <return> to quit.


! LaTeX Error: Counter too large.

See the LaTeX manual or LaTeX Companion for explanation.
Type  H <return>  for immediate help.
 ...                                              
                                                  
l.396 ...gence Ladder in SST}{117}{section.Alph29}
                                                  %
You've lost some text. Try typing <return> to proceed.
If that doesn't work, type X <return> to quit.


! LaTeX Error: Counter too large.

See the LaTeX manual or LaTeX Companion for explanation.
Type  H <return>  for immediate help.
 ...                                              
                                                  
l.397 ...ose and status}{117}{subsection.Alph29.1}
                                                  %
You've lost some text. Try typing <return> to proceed.
If that doesn't work, type X <return> to quit.


! LaTeX Error: Counter too large.

See the LaTeX manual or LaTeX Companion for explanation.
Type  H <return>  for immediate help.
 ...                                              
                                                  
l.398 ...tive structure}{117}{subsection.Alph29.2}
                                                  %
You've lost some text. Try typing <return> to proceed.
If that doesn't work, type X <return> to quit.


! LaTeX Error: Counter too large.

See the LaTeX manual or LaTeX Companion for explanation.
Type  H <return>  for immediate help.
 ...                                              
                                                  
l.399 ...Lorentz factor}{118}{subsection.Alph29.3}
                                                  %
You've lost some text. Try typing <return> to proceed.
If that doesn't work, type X <return> to quit.


! LaTeX Error: Counter too large.

See the LaTeX manual or LaTeX Companion for explanation.
Type  H <return>  for immediate help.
 ...                                              
                                                  
l.400 ...theorem target}{118}{subsection.Alph29.4}
                                                  %
You've lost some text. Try typing <return> to proceed.
If that doesn't work, type X <return> to quit.


! LaTeX Error: Counter too large.

See the LaTeX manual or LaTeX Companion for explanation.
Type  H <return>  for immediate help.
 ...                                              
                                                  
l.401 ...-metric bridge}{119}{subsection.Alph29.5}
                                                  %
You've lost some text. Try typing <return> to proceed.
If that doesn't work, type X <return> to quit.


! LaTeX Error: Counter too large.

See the LaTeX manual or LaTeX Companion for explanation.
Type  H <return>  for immediate help.
 ...                                              
                                                  
l.402 ...ence principle}{119}{subsection.Alph29.6}
                                                  %
You've lost some text. Try typing <return> to proceed.
If that doesn't work, type X <return> to quit.


! LaTeX Error: Counter too large.

See the LaTeX manual or LaTeX Companion for explanation.
Type  H <return>  for immediate help.
 ...                                              
                                                  
l.405 ...ewtonian limit}{119}{subsection.Alph29.7}
                                                  %
You've lost some text. Try typing <return> to proceed.
If that doesn't work, type X <return> to quit.


! LaTeX Error: Counter too large.

See the LaTeX manual or LaTeX Companion for explanation.
Type  H <return>  for immediate help.
 ...                                              
                                                  
l.406 ...ndidate routes}{120}{subsection.Alph29.8}
                                                  %
You've lost some text. Try typing <return> to proceed.
If that doesn't work, type X <return> to quit.


! LaTeX Error: Counter too large.

See the LaTeX manual or LaTeX Companion for explanation.
Type  H <return>  for immediate help.
 ...                                              
                                                  
l.410 ...ed naturalness}{120}{subsection.Alph29.9}
                                                  %
You've lost some text. Try typing <return> to proceed.
If that doesn't work, type X <return> to quit.


! LaTeX Error: Counter too large.

See the LaTeX manual or LaTeX Companion for explanation.
Type  H <return>  for immediate help.
 ...                                              
                                                  
l.411 ...tus statement}{121}{subsection.Alph29.10}
                                                  %
You've lost some text. Try typing <return> to proceed.
If that doesn't work, type X <return> to quit.

)
\tf@toc=\write5
\openout5 = `SST_CANON-v0.8.13.toc'.

 [7] [8]
LaTeX Font Info:    Trying to load font information for TS1+lmr on input line 2
37.
 (C:\Users\oscar\MikTex\tex/latex/lm\ts1lmr.fd
File: ts1lmr.fd 2015/05/01 v1.6.1 Font defs for Latin Modern
) [9{C:/Users/oscar/MikTex/fonts/enc/dvips/lm/lm-ts1.enc}] [10{C:/Users/oscar/M
ikTex/fonts/enc/dvips/lm/lm-mathex.enc}]
! Double superscript.
<argument> \vchar ^
                   2
l.351         \end{align}
                         
I treat `x^1^2' essentially like `x^1{}^2'.

! Double superscript.
<argument> \vchar ^
                   2
l.351         \end{align}
                         
I treat `x^1^2' essentially like `x^1{}^2'.

! Double superscript.
<argument> ...\rhoE &= \tfrac 12 \rhoF \, \vchar ^
                                                  2 \quad \text {(swirl ener...
l.368         \end{align}
                         
I treat `x^1^2' essentially like `x^1{}^2'.

! Double superscript.
<argument> ...\rhoE &= \tfrac 12 \rhoF \, \vchar ^
                                                  2 \quad \text {(swirl ener...
l.368         \end{align}
                         
I treat `x^1^2' essentially like `x^1{}^2'.

! Double superscript.
<argument> 2\pi \vchar ^
                        2 R_{\mathrm {horn}}^3
l.387         \end{align}
                         
I treat `x^1^2' essentially like `x^1{}^2'.

! Double superscript.
<argument> 2\pi \vchar ^
                        2 \rc ^3
l.387         \end{align}
                         
I treat `x^1^2' essentially like `x^1{}^2'.

! Double superscript.
<argument> 2\pi \vchar ^
                        2 R_{\mathrm {horn}}^3
l.387         \end{align}
                         
I treat `x^1^2' essentially like `x^1{}^2'.

! Double superscript.
<argument> 2\pi \vchar ^
                        2 \rc ^3
l.387         \end{align}
                         
I treat `x^1^2' essentially like `x^1{}^2'.

[11]
! Double superscript.
<argument> \vchar ^
                   2
l.451         \end{align}
                         
I treat `x^1^2' essentially like `x^1{}^2'.

! Double superscript.
<argument> \vchar ^
                   2
l.451         \end{align}
                         
I treat `x^1^2' essentially like `x^1{}^2'.

[12]
Overfull \hbox (34.23065pt too wide) detected at line 515
[]
 []

[13] [14]
! Double superscript.
<argument> ...i \rc ^2\,\rho _{\rm calc}\,\vchar ^
                                                  2, \label {eq:Fmax_rho} 
l.610         \end{align}
                         
I treat `x^1^2' essentially like `x^1{}^2'.

! Double superscript.
<argument> ...i \rc ^2\,\rho _{\rm calc}\,\vchar ^
                                                  2, \label {eq:Fmax_rho} 
l.610         \end{align}
                         
I treat `x^1^2' essentially like `x^1{}^2'.

! Double superscript.
<argument> \vchar ^
                   3
l.623         \end{align}
                         
I treat `x^1^2' essentially like `x^1{}^2'.

! Double superscript.
<argument> \vchar ^
                   3
l.623         \end{align}
                         
I treat `x^1^2' essentially like `x^1{}^2'.

[15] [16]
Underfull \hbox (badness 1009) in paragraph at lines 740--740
[]|\T1/lmr/m/n/10.95 Gravitational ceil-
 []


Underfull \hbox (badness 1248) in paragraph at lines 746--746
[]|\T1/lmr/m/n/10.95 Quarter of max. Coulomb
 []


Overfull \hbox (61.97743pt too wide) in paragraph at lines 736--754
 [][] 
 []

[17] [18]
! Double superscript.
<argument> \vchar ^
                   2
l.863         \end{align}
                         
I treat `x^1^2' essentially like `x^1{}^2'.

! Double superscript.
<argument> \vchar ^
                   2
l.863         \end{align}
                         
I treat `x^1^2' essentially like `x^1{}^2'.


Overfull \hbox (13.10675pt too wide) detected at line 899
[]
 []

[19] [20] [21] [22] [23] [24]
Overfull \hbox (6.26433pt too wide) in paragraph at lines 1237--1240
[]\T1/lmr/bx/n/10.95 [OPEN] Deriva-tion of the spino-rial bound-ary con-di-tion
. \T1/lmr/m/n/10.95 The spino-rial anti-periodicity
 []

[25] [26] [27] [28] [29] [30] [31]
! Double superscript.
<argument> ...SST}} = 4\pi \, \rhocore \, \vchar ^
                                                  {2} \, \rc ^{4} \label {eq...
l.1754         \end{align}
                          
I treat `x^1^2' essentially like `x^1{}^2'.

! Double superscript.
<argument> ...SST}} = 4\pi \, \rhocore \, \vchar ^
                                                  {2} \, \rc ^{4} \label {eq...
l.1754         \end{align}
                          
I treat `x^1^2' essentially like `x^1{}^2'.

[32] [33] [34] [35] [36]
LaTeX Font Info:    External font `lmex10' loaded for size
(Font)              <12> on input line 2036.
 [37]
Overfull \hbox (50.21365pt too wide) detected at line 2168
[][][][]\OML/lmm/m/it/10.95 ;  [];  [];  [];
 []

[38] [39] [40] [41]

LaTeX Warning: Command \AE invalid in math mode on input line 2368.

[42] [43]
! Double superscript.
<argument>  \frac {1}{2}\rhoF \vchar ^
                                      2 &= 4.1877439\times 10^5\,\mathrm {Pa...
l.2597         \end{align}
                          
I treat `x^1^2' essentially like `x^1{}^2'.

! Double superscript.
<argument>  \frac {1}{2}\rhoF \vchar ^
                                      2 &= 4.1877439\times 10^5\,\mathrm {Pa...
l.2597         \end{align}
                          
I treat `x^1^2' essentially like `x^1{}^2'.

[44] [45] [46] [47] [48]
LaTeX Font Info:    Trying to load font information for U+euf on input line 289
1.
 (C:\Users\oscar\MikTex\tex/latex/amsfonts\ueuf.fd
File: ueuf.fd 2013/01/14 v3.01 Euler Fraktur
)
Overfull \hbox (17.81146pt too wide) in paragraph at lines 2910--2911
\T1/lmr/m/n/10.95 The present rein-te-gra-tion does \T1/lmr/m/it/10.95 not \T1/
lmr/m/n/10.95 im-port v0.5.12 cos-mogony, en-gi-neer-ing sub-sys-tems, cosmolog
ical-
 []

[49]
Overfull \hbox (508.40688pt too wide) detected at line 2956
[]
 []


Overfull \hbox (2.79599pt too wide) in paragraph at lines 2969--2970
[]\T1/lmr/m/n/10.95 explicit topology-to-particle dic-tio-nary be-yond the best
-supported bench-mark as-sign-ments. 
 []

[50]
Underfull \hbox (badness 3954) in paragraph at lines 2994--2995
[]|\T1/lmr/m/n/10.95 BRIDGE (Branch A clo-sure;
 []


Underfull \hbox (badness 10000) in paragraph at lines 2995--2995
[]|\T1/lmr/m/n/10.95 CANON-
 []


Underfull \hbox (badness 1762) in paragraph at lines 2995--2996
[]|\T1/lmr/m/n/10.95 CANON-BRIDGE (equa-tion /
 []


Underfull \hbox (badness 10000) in paragraph at lines 2996--2996
[]|\T1/lmr/m/n/10.95 Benchmark / re-pro-
 []


Underfull \hbox (badness 6316) in paragraph at lines 2996--2997
[]|\T1/lmr/m/n/10.95 CANON-CANDIDATE (pro-to-
 []


Underfull \hbox (badness 10000) in paragraph at lines 2997--2997
[]|\T1/lmr/m/n/10.95 Topological ref-er-ence
 []


Underfull \hbox (badness 10000) in paragraph at lines 2997--2997
[]|\T1/lmr/m/n/10.95 CANON-
 []


Overfull \hbox (1.93097pt too wide) in paragraph at lines 2997--2997
\T1/lmr/m/n/10.95 CANDIDATE| 
 []


Underfull \hbox (badness 10000) in paragraph at lines 2997--2998
[]|\T1/lmr/m/n/10.95 CANON-ready scope/notation
 []


Overfull \hbox (7.59703pt too wide) in paragraph at lines 2988--3000
 [][] 
 []

[51] [52]
Overfull \hbox (333.3922pt too wide) in paragraph at lines 3124--3137
 [][] 
 []


LaTeX Warning: `h' float specifier changed to `ht'.

[53] [54]
Overfull \hbox (12.83372pt too wide) in paragraph at lines 3214--3225
 [][] 
 []

[55] [56] [57] [58] [59]
! Double superscript.
<argument> 2\pi \vchar ^
                        2 R_{\mathrm {horn}}^3
l.3463             \end{align}
                              
I treat `x^1^2' essentially like `x^1{}^2'.

! Double superscript.
<argument> 2\pi \vchar ^
                        2 R_{\mathrm {horn}}^3
l.3463             \end{align}
                              
I treat `x^1^2' essentially like `x^1{}^2'.

[60]
Overfull \hbox (0.1334pt too wide) in paragraph at lines 3474--3475
[]\T1/lmr/bx/n/10.95 [CANON / MASS-FUNCTIONAL NOTE]\T1/lmr/m/n/10.95 : Ex-ist-i
ng mass-functionals that use $\OML/lmm/m/it/10.95 ^^Z[][][]$
 []

[61] [62]

! LaTeX Error: Counter too large.

See the LaTeX manual or LaTeX Companion for explanation.
Type  H <return>  for immediate help.
 ...                                              
                                                  
l.3605 ...\ref{sec:rt_relativity_emergence_ladder}
                                                  ) separating derivable SR/...

You've lost some text. Try typing <return> to proceed.
If that doesn't work, type X <return> to quit.

[63]
Overfull \hbox (3.0928pt too wide) in paragraph at lines 3617--3618
\T1/lmr/bx/n/10.95 v0.8.9 \T1/lmr/m/n/10.95 adds the tri-adic gravity-response 
corol-lary (ź[][]10.15[][]) and research-track flame/caustic/shell
 []

[64]

Package hyperref Warning: Token not allowed in a PDF string (Unicode):
(hyperref)                removing `math shift' on input line 3674.


Package hyperref Warning: Token not allowed in a PDF string (Unicode):
(hyperref)                removing `\alpha' on input line 3674.


Package hyperref Warning: Token not allowed in a PDF string (Unicode):
(hyperref)                removing `math shift' on input line 3674.


Overfull \hbox (12.06863pt too wide) detected at line 3718
[]
 []

[65] [66] [67] [68] [69] [70] (SST_CANON-v0.8.13-research-track.tex [71]
Overfull \hbox (333.3922pt too wide) in paragraph at lines 64--77
 [][] 
 []

[72] [73]

LaTeX Warning: `h' float specifier changed to `ht'.

[74]

Package hyperref Warning: Token not allowed in a PDF string (Unicode):
(hyperref)                removing `subscript' on input line 310.

[75]
Overfull \hbox (19.673pt too wide) in paragraph at lines 335--335
[]\T1/lmr/bx/n/14.4 Dark-sector and galac-tic can-on-iza-tion ex-e-cu-tion pack
-age (v0.8.x) 
 []

[76] [77]
Overfull \hbox (1.06126pt too wide) in paragraph at lines 467--468
\T1/lmr/m/n/10.95 sure/swirl ana-log, HV-coil/thrust-inspired, op-ti-cal/torsio
nal cou-pling, and null dark-sector tests. 
 []


Underfull \hbox (badness 10000) in paragraph at lines 473--473
[]|\T1/lmr/m/n/10.95 Equation un-der
 []


Underfull \hbox (badness 10000) in paragraph at lines 473--473
[]|\T1/lmr/m/n/10.95 Null-result
 []


Underfull \hbox (badness 10000) in paragraph at lines 473--474
[]|\T1/lmr/m/n/10.95 Expected
 []


Underfull \hbox (badness 10000) in paragraph at lines 475--475
[]|\T1/lmr/m/n/10.95 Astrophysical
 []


Underfull \hbox (badness 10000) in paragraph at lines 475--475
[]|\T1/lmr/m/n/10.95 weakens
 []


Underfull \hbox (badness 10000) in paragraph at lines 475--475
\T1/lmr/m/n/10.95 pressure-law
 []


Underfull \hbox (badness 10000) in paragraph at lines 475--475
\T1/lmr/m/n/10.95 ap-pli-ca-bil-ity
 []


Underfull \hbox (badness 10000) in paragraph at lines 475--475
[]|\T1/lmr/m/n/10.95 baryonic-
 []


Overfull \hbox (2.00931pt too wide) in paragraph at lines 475--476
[]|\T1/lmr/m/n/10.95 reconstructed
 []


Underfull \hbox (badness 10000) in paragraph at lines 475--476
\OML/lmm/m/it/10.95 dp=dr$ \T1/lmr/m/n/10.95 con-
 []


Underfull \hbox (badness 5189) in paragraph at lines 475--476
\T1/lmr/m/n/10.95 sis-tent with
 []


Underfull \hbox (badness 1769) in paragraph at lines 476--476
[]|\T1/lmr/m/n/10.95 Euler ra-dial bal-
 []


Overfull \hbox (4.74724pt too wide) in paragraph at lines 476--476
[]|\T1/lmr/m/n/10.95 viscosity/edge
 []


Underfull \hbox (badness 10000) in paragraph at lines 476--477
[]|\T1/lmr/m/n/10.95 monotone
 []


Underfull \hbox (badness 10000) in paragraph at lines 476--477
\T1/lmr/m/n/10.95 with im-
 []


Underfull \hbox (badness 10000) in paragraph at lines 477--477
[]|\T1/lmr/m/n/10.95 HV-coil/thrust-
 []


Underfull \hbox (badness 10000) in paragraph at lines 477--477
[]|\T1/lmr/m/n/10.95 circulation-
 []


Underfull \hbox (badness 10000) in paragraph at lines 477--477
\T1/lmr/m/n/10.95 pressure bridge
 []


Underfull \hbox (badness 10000) in paragraph at lines 477--477
[]|\T1/lmr/m/n/10.95 kills
 []


Underfull \hbox (badness 10000) in paragraph at lines 477--477
\T1/lmr/m/n/10.95 quantized-
 []


Underfull \hbox (badness 10000) in paragraph at lines 477--477
[]|\T1/lmr/m/n/10.95 EM/thermal
 []


Underfull \hbox (badness 10000) in paragraph at lines 477--478
[]|\T1/lmr/m/n/10.95 response
 []


Overfull \hbox (5.39417pt too wide) in paragraph at lines 478--478
[]|\T1/lmr/m/n/10.95 Optical/torsional
 []


Underfull \hbox (badness 1430) in paragraph at lines 478--478
[]|\T1/lmr/m/n/10.95 swirl-clock bridge
 []


Underfull \hbox (badness 10000) in paragraph at lines 478--478
[]|\T1/lmr/m/n/10.95 weakens
 []


Underfull \hbox (badness 10000) in paragraph at lines 478--478
[]|\T1/lmr/m/n/10.95 detector
 []


Overfull \hbox (0.73106pt too wide) in paragraph at lines 478--479
[]|\T1/lmr/m/n/10.95 phase/timing
 []


Underfull \hbox (badness 10000) in paragraph at lines 478--479
\T1/lmr/m/n/10.95 shift with
 []


Underfull \hbox (badness 10000) in paragraph at lines 478--479
\T1/lmr/m/n/10.95 con-trolled
 []


Underfull \hbox (badness 10000) in paragraph at lines 479--479
[]|\T1/lmr/m/n/10.95 taxonomy con-
 []


Underfull \hbox (badness 10000) in paragraph at lines 479--479
[]|\T1/lmr/m/n/10.95 kills clas-si-fier
 []


Underfull \hbox (badness 10000) in paragraph at lines 479--479
[]|\T1/lmr/m/n/10.95 mislabelled
 []


Underfull \hbox (badness 10000) in paragraph at lines 479--479
\T1/lmr/m/n/10.95 topol-ogy
 []


Underfull \hbox (badness 10000) in paragraph at lines 479--480
[]|\T1/lmr/m/n/10.95 class score
 []


Underfull \hbox (badness 10000) in paragraph at lines 479--480
\T1/lmr/m/n/10.95 de-creases
 []


Underfull \hbox (badness 10000) in paragraph at lines 479--480
\T1/lmr/m/n/10.95 un-der con-
 []


Underfull \hbox (badness 10000) in paragraph at lines 479--480
\T1/lmr/m/n/10.95 tra-dic-tory
 []

[78] [79] [80] [81]
! Double superscript.
l.856             \frac{1}{2}\rhoF\vchar^
                                         2
I treat `x^1^2' essentially like `x^1{}^2'.

! Double superscript.
l.862             \rhocore\vchar^
                                 2
I treat `x^1^2' essentially like `x^1{}^2'.

! Double superscript.
l.870             \rhocore\vchar^
                                 2\pi\rc^2
I treat `x^1^2' essentially like `x^1{}^2'.


Underfull \hbox (badness 1062) in paragraph at lines 907--912
[]\T1/lmr/m/n/10.95 F. Lon-don and H. Lon-don, ``The Elec-tro-mag-netic Equa-ti
ons of the Supra-con-duc-
 []

[82]
Underfull \hbox (badness 4859) in paragraph at lines 928--933
[]\T1/lmr/m/n/10.95 R. P. Feyn-man, ``Ap-pli-ca-tion of Quan-tum Me-chan-ics to
 Liq-uid He-lium,'' in
 []


Underfull \hbox (badness 2478) in paragraph at lines 928--933
\T1/lmr/m/it/10.95 Progress in Low Tem-per-a-ture Physics\T1/lmr/m/n/10.95 , vo
l. 1, pp. 17--53, El-se-vier, 1955. DOI:
 []

[83] [84] [85] [86] [87] [88]
Overfull \hbox (26.6516pt too wide) detected at line 1503
[][][]\OMS/lmsy/m/n/10.95 P[]\OT1/lmr/m/n/10.95 (\OMS/lmsy/m/n/10.95 K[]\OT1/lm
r/m/n/10.95 ) = []
 []

[89] [90] [91] [92] [93] [94] [95] [96]
Overfull \hbox (30.95567pt too wide) detected at line 2066
[][][][] \OT1/lmr/m/n/10.95 [[]]\OML/lmm/m/it/10.95 :
 []

[97] [98] [99]
Overfull \hbox (35.15648pt too wide) detected at line 2331
[][][][] \OT1/lmr/m/n/10.95 [[]]\OML/lmm/m/it/10.95 :
 []

[100]
Underfull \hbox (badness 10000) in paragraph at lines 2413--2413
[]|\T1/lmr/m/n/10.95 Resonance Se-lec-tion
 []


Underfull \hbox (badness 10000) in paragraph at lines 2414--2414
[]|\T1/lmr/m/n/10.95 [RESEARCH-
 []


Underfull \hbox (badness 10000) in paragraph at lines 2414--2414
\T1/lmr/m/n/10.95 TRACK] strong
 []


Underfull \hbox (badness 3039) in paragraph at lines 2415--2416
[]|\T1/lmr/m/n/10.95 CANON-v0.8.1 com-pan-ion ap-pendix;
 []


Underfull \hbox (badness 10000) in paragraph at lines 2417--2417
[]|\T1/lmr/m/n/10.95 Time-Domain Ker-nel
 []


Underfull \hbox (badness 10000) in paragraph at lines 2418--2418
[]|\T1/lmr/m/n/10.95 [RESEARCH-
 []


Underfull \hbox (badness 10000) in paragraph at lines 2418--2418
\T1/lmr/m/n/10.95 TRACK] strong
 []


Underfull \hbox (badness 3758) in paragraph at lines 2421--2421
[]|\T1/lmr/m/n/10.95 Swirl Impedance and
 []


Underfull \hbox (badness 10000) in paragraph at lines 2422--2422
[]|\T1/lmr/m/n/10.95 [RESEARCH-
 []


Underfull \hbox (badness 10000) in paragraph at lines 2422--2422
\T1/lmr/m/n/10.95 TRACK] with
 []


Underfull \hbox (badness 10000) in paragraph at lines 2426--2426
[]|\T1/lmr/m/n/10.95 [RESEARCH-
 []


Underfull \hbox (badness 10000) in paragraph at lines 2426--2426
\T1/lmr/m/n/10.95 TRACK] anal-ogy
 []


Underfull \hbox (badness 2799) in paragraph at lines 2427--2428
[]|\T1/lmr/m/n/10.95 Keep as metastable multi-mode re-
 []


Underfull \hbox (badness 1173) in paragraph at lines 2427--2428
\T1/lmr/m/n/10.95 sponse; re-ject di-rect delayed-neutron
 []

[101]
Underfull \hbox (badness 10000) in paragraph at lines 2453--2457
[]\T1/lmr/m/n/10.95 P. G. Saffman. (1992). \T1/lmr/m/it/10.95 Vor-tex Dy-nam-ic
s\T1/lmr/m/n/10.95 . Cam-bridge Uni-ver-sity Press. doi:
 []


pdfTeX warning (ext4): destination with the same identifier (name{cite.Onsager1
949}) has been already used, duplicate ignored
<to be read again> 
                   \relax 
l.2469         \bibitem{Onsager1949}
                                    
pdfTeX warning (ext4): destination with the same identifier (name{cite.Feynman1
955}) has been already used, duplicate ignored
<to be read again> 
                   \relax 
l.2475         \bibitem{Feynman1955}
                                    
Overfull \hbox (9.41772pt too wide) in paragraph at lines 2508--2508
[]\T1/lmr/bx/n/14.4 Research Track: Nested Vortex--Antivortex States as Entropy
-
 []

[102] [103] [104] [105] [106]
Overfull \hbox (9.39798pt too wide) in paragraph at lines 2881--2881
[]\T1/lmr/bx/n/14.4 Research Track: Swirl--Electromagnetic Nor-mal-iza-tion by 
Vor-
 []

[107] [108] [109] [110] [111]
Overfull \hbox (0.91661pt too wide) in paragraph at lines 3510--3514
\T1/lmr/m/n/10.95 where $\OT1/lmr/m/n/10.95 
[]$ \T1/lmr/m/n/10.95 counts ac-ces-si-ble con-fig-u-ra-tions at fixed en-ergy,
 cir-cu-la-tion, and he-lic-ity. A negative-
 []

[112] [113]
Overfull \hbox (55.47939pt too wide) in paragraph at lines 3715--3728
 [] 
 []


! LaTeX Error: Counter too large.

See the LaTeX manual or LaTeX Companion for explanation.
Type  H <return>  for immediate help.
 ...                                              
                                                  
l.3734 ...-Caustic, and Elastic-Shell Diagnostics}
                                                  
You've lost some text.  Try typing  <return>  to proceed.
If that doesn't work, type  X <return>  to quit.


! LaTeX Error: Counter too large.

See the LaTeX manual or LaTeX Companion for explanation.
Type  H <return>  for immediate help.
 ...                                              
                                                  
l.3744 ...ode I: flame-lock / plume stabilization}
                                                  
You've lost some text.  Try typing  <return>  to proceed.
If that doesn't work, type  X <return>  to quit.

[114]

! LaTeX Error: Counter too large.

See the LaTeX manual or LaTeX Companion for explanation.
Type  H <return>  for immediate help.
 ...                                              
                                                  
l.3778 ...II: photonless sphere / optical caustic}
                                                  
You've lost some text.  Try typing  <return>  to proceed.
If that doesn't work, type  X <return>  to quit.


! LaTeX Error: Counter too large.

See the LaTeX manual or LaTeX Companion for explanation.
Type  H <return>  for immediate help.
 ...                                              
                                                  
l.3825 ...lastic shell / boundary-stress response}
                                                  
You've lost some text.  Try typing  <return>  to proceed.
If that doesn't work, type  X <return>  to quit.


! LaTeX Error: Counter too large.

See the LaTeX manual or LaTeX Companion for explanation.
Type  H <return>  for immediate help.
 ...                                              
                                                  
l.3865 \subsection{Required measurement vector}
                                               
You've lost some text.  Try typing  <return>  to proceed.
If that doesn't work, type  X <return>  to quit.

[115]

! LaTeX Error: Counter too large.

See the LaTeX manual or LaTeX Companion for explanation.
Type  H <return>  for immediate help.
 ...                                              
                                                  
l.3905 \subsection{Null hierarchy}
                                  
You've lost some text.  Try typing  <return>  to proceed.
If that doesn't work, type  X <return>  to quit.


! LaTeX Error: Counter too large.

See the LaTeX manual or LaTeX Companion for explanation.
Type  H <return>  for immediate help.
 ...                                              
                                                  
l.3919 ...ravity Closure and Condensate Coherence}
                                                  
You've lost some text.  Try typing  <return>  to proceed.
If that doesn't work, type  X <return>  to quit.


! LaTeX Error: Counter too large.

See the LaTeX manual or LaTeX Companion for explanation.
Type  H <return>  for immediate help.
 ...                                              
                                                  
l.3927 ...ectron envelope as atomic closure layer}
                                                  
You've lost some text.  Try typing  <return>  to proceed.
If that doesn't work, type  X <return>  to quit.


Overfull \hbox (203.3484pt too wide) detected at line 3949
[][][][]
 []


! LaTeX Error: Counter too large.

See the LaTeX manual or LaTeX Companion for explanation.
Type  H <return>  for immediate help.
 ...                                              
                                                  
l.3951 \subsection{Condensate coherence extension}
                                                  
You've lost some text.  Try typing  <return>  to proceed.
If that doesn't work, type  X <return>  to quit.

[116]

! LaTeX Error: Counter too large.

See the LaTeX manual or LaTeX Companion for explanation.
Type  H <return>  for immediate help.
 ...                                              
                                                  
l.3980 \subsection{Condensate test signature}
                                             
You've lost some text.  Try typing  <return>  to proceed.
If that doesn't work, type  X <return>  to quit.


! LaTeX Error: Counter too large.

See the LaTeX manual or LaTeX Companion for explanation.
Type  H <return>  for immediate help.
 ...                                              
                                                  
l.4002 ...tion{Relativity Emergence Ladder in SST}
                                                  
You've lost some text.  Try typing  <return>  to proceed.
If that doesn't work, type  X <return>  to quit.


! LaTeX Error: Counter too large.

See the LaTeX manual or LaTeX Companion for explanation.
Type  H <return>  for immediate help.
 ...                                              
                                                  
l.4005 \subsection{Purpose and status}
                                      
You've lost some text.  Try typing  <return>  to proceed.
If that doesn't work, type  X <return>  to quit.


! LaTeX Error: Counter too large.

See the LaTeX manual or LaTeX Companion for explanation.
Type  H <return>  for immediate help.
 ...                                              
                                                  
l.4023 \subsection{Primitive structure}
                                       
You've lost some text.  Try typing  <return>  to proceed.
If that doesn't work, type  X <return>  to quit.

[117]

! LaTeX Error: Counter too large.

See the LaTeX manual or LaTeX Companion for explanation.
Type  H <return>  for immediate help.
 ...                                              
                                                  
l.4054 ...-clock derivation of the Lorentz factor}
                                                  
You've lost some text.  Try typing  <return>  to proceed.
If that doesn't work, type  X <return>  to quit.


! LaTeX Error: Counter too large.

See the LaTeX manual or LaTeX Companion for explanation.
Type  H <return>  for immediate help.
 ...                                              
                                                  
l.4080 \subsection{Monometricity theorem target}
                                                
You've lost some text.  Try typing  <return>  to proceed.
If that doesn't work, type  X <return>  to quit.


! LaTeX Error: Counter too large.

See the LaTeX manual or LaTeX Companion for explanation.
Type  H <return>  for immediate help.
 ...                                              
                                                  
l.4122 \subsection{Analogue-metric bridge}
                                          
You've lost some text.  Try typing  <return>  to proceed.
If that doesn't work, type  X <return>  to quit.

[118]

! LaTeX Error: Counter too large.

See the LaTeX manual or LaTeX Companion for explanation.
Type  H <return>  for immediate help.
 ...                                              
                                                  
l.4154 \subsection{Weak equivalence principle}
                                              
You've lost some text.  Try typing  <return>  to proceed.
If that doesn't work, type  X <return>  to quit.


! LaTeX Error: Counter too large.

See the LaTeX manual or LaTeX Companion for explanation.
Type  H <return>  for immediate help.
 ...                                              
                                                  
l.4187 \subsection{Newtonian limit}
                                   
You've lost some text.  Try typing  <return>  to proceed.
If that doesn't work, type  X <return>  to quit.


! LaTeX Error: Counter too large.

See the LaTeX manual or LaTeX Companion for explanation.
Type  H <return>  for immediate help.
 ...                                              
                                                  
l.4206 ...nstein dynamics: three candidate routes}
                                                  
You've lost some text.  Try typing  <return>  to proceed.
If that doesn't work, type  X <return>  to quit.

[119]
Overfull \hbox (11.32355pt too wide) in paragraph at lines 4249--4251
 []\T1/lmr/bx/n/10.95 Route III: in-frared EFT uni-ver-sal-ity.[] \T1/lmr/m/n/1
0.95 If coarse-grained SST or-ga-nizes into a diffeomorphism-
 []


! LaTeX Error: Counter too large.

See the LaTeX manual or LaTeX Companion for explanation.
Type  H <return>  for immediate help.
 ...                                              
                                                  
l.4277 \subsection{Tensor-speed naturalness}
                                            
You've lost some text.  Try typing  <return>  to proceed.
If that doesn't work, type  X <return>  to quit.


! LaTeX Error: Counter too large.

See the LaTeX manual or LaTeX Companion for explanation.
Type  H <return>  for immediate help.
 ...                                              
                                                  
l.4303 \subsection{Final status statement}
                                          
You've lost some text.  Try typing  <return>  to proceed.
If that doesn't work, type  X <return>  to quit.

[120])
pdfTeX warning (ext4): destination with the same identifier (name{cite.Batchelo
r1967}) has been already used, duplicate ignored
<to be read again> 
                   \relax 
l.4037             \bibitem{Batchelor1967}
                                           [121]
pdfTeX warning (ext4): destination with the same identifier (name{cite.Saffman1
992}) has been already used, duplicate ignored
<to be read again> 
                   \relax 
l.4133             \bibitem{Saffman1992}
                                        
Underfull \hbox (badness 3713) in paragraph at lines 4187--4193
[]\T1/lmr/m/n/10.95 S. Autti, V. V. Dmitriev, J. T. Mäki-nen, A. A. Solda-tov, 
G. E. Volovik,
 []


Underfull \hbox (badness 7944) in paragraph at lines 4209--4213
[]\T1/lmr/m/n/10.95 A. Ein-stein,  Die Feld-gle-ichun-gen der Grav-i-ta-tion,  
Sitzungs-berichte der
 []

[122] [123] (SST_CANON-v0.8.13.aux)
 ***********
LaTeX2e <2025-11-01>
L3 programming layer <2026-04-28>
 ***********


LaTeX Warning: There were multiply-defined labels.

Package rerunfilecheck Info: File `SST_CANON-v0.8.13.out' has not changed.
(rerunfilecheck)             Checksum: 52763AAD8F3DEFBE7EA139238D9E0CDD;79177.
 ) 
Here is how much of TeX's memory you used:
 30235 strings out of 467683
 604136 string characters out of 5425785
 974764 words of memory out of 5000000
 57524 multiletter control sequences out of 15000+600000
 756706 words of font info for 162 fonts, out of 8000000 for 9000
 1141 hyphenation exceptions out of 8191
 84i,18n,104p,1021b,1161s stack positions out of 10000i,1000n,20000p,200000b,200000s
<C:/Users/oscar/MikTex/fonts/type1/public/amsfonts/cm/cmbx10.pfb><C:/Users/os
car/MikTex/fonts/type1/public/amsfonts/cm/cmmib10.pfb><C:/Users/oscar/MikTex/fo
nts/type1/public/amsfonts/euler/eufm10.pfb><C:/Users/oscar/MikTex/fonts/type1/p
ublic/lm/lmbx10.pfb><C:/Users/oscar/MikTex/fonts/type1/public/lm/lmbx12.pfb><C:
/Users/oscar/MikTex/fonts/type1/public/lm/lmbx6.pfb><C:/Users/oscar/MikTex/font
s/type1/public/lm/lmbx8.pfb><C:/Users/oscar/MikTex/fonts/type1/public/lm/lmex10
.pfb><C:/Users/oscar/MikTex/fonts/type1/public/lm/lmmi10.pfb><C:/Users/oscar/Mi
kTex/fonts/type1/public/lm/lmmi12.pfb><C:/Users/oscar/MikTex/fonts/type1/public
/lm/lmmi6.pfb><C:/Users/oscar/MikTex/fonts/type1/public/lm/lmmi8.pfb><C:/Users/
oscar/MikTex/fonts/type1/public/lm/lmr10.pfb><C:/Users/oscar/MikTex/fonts/type1
/public/lm/lmr12.pfb><C:/Users/oscar/MikTex/fonts/type1/public/lm/lmr5.pfb><C:/
Users/oscar/MikTex/fonts/type1/public/lm/lmr6.pfb><C:/Users/oscar/MikTex/fonts/
type1/public/lm/lmr8.pfb><C:/Users/oscar/MikTex/fonts/type1/public/lm/lmr9.pfb>
<C:/Users/oscar/MikTex/fonts/type1/public/lm/lmri10.pfb><C:/Users/oscar/MikTex/
fonts/type1/public/lm/lmri8.pfb><C:/Users/oscar/MikTex/fonts/type1/public/lm/lm
sy10.pfb><C:/Users/oscar/MikTex/fonts/type1/public/lm/lmsy6.pfb><C:/Users/oscar
/MikTex/fonts/type1/public/lm/lmsy8.pfb><C:/Users/oscar/MikTex/fonts/type1/publ
ic/lm/lmtt10.pfb><C:/Users/oscar/MikTex/fonts/type1/public/lm/lmtt9.pfb><C:/Use
rs/oscar/MikTex/fonts/type1/public/amsfonts/symbols/msam10.pfb><C:/Users/oscar/
MikTex/fonts/type1/public/amsfonts/symbols/msam5.pfb><C:/Users/oscar/MikTex/fon
ts/type1/public/amsfonts/symbols/msam7.pfb><C:/Users/oscar/MikTex/fonts/type1/p
ublic/amsfonts/symbols/msbm10.pfb><C:/Users/oscar/MikTex/fonts/type1/public/rsf
s/rsfs10.pfb>
Output written on SST_CANON-v0.8.13.pdf (123 pages, 1344158 bytes).
PDF statistics:
 3736 PDF objects out of 4296 (max. 8388607)
 1258 named destinations out of 1440 (max. 500000)
 2821 words of extra memory for PDF output out of 10000 (max. 10000000)

