This is pdfTeX, Version 3.141592653-2.6-1.40.29 (MiKTeX 26.2) (preloaded format=pdflatex 2026.3.31)  19 APR 2026 16:41
entering extended mode
 restricted \write18 enabled.
 %&-line parsing enabled.
**./SST-30-59_Fusion_master.tex
(SST-30-59_Fusion_master.tex
LaTeX2e <2025-11-01>
L3 programming layer <2025-11-06>
(C:\Users\oscar\MikTex\tex/latex/base\report.cls
Document Class: report 2025/01/22 v1.4n Standard LaTeX document class
(C:\Users\oscar\MikTex\tex/latex/base\size11.clo
File: size11.clo 2025/01/22 v1.4n Standard LaTeX file (size option)
)
\c@part=\count275
\c@chapter=\count276
\c@section=\count277
\c@subsection=\count278
\c@subsubsection=\count279
\c@paragraph=\count280
\c@subparagraph=\count281
\c@figure=\count282
\c@table=\count283
\abovecaptionskip=\skip49
\belowcaptionskip=\skip50
\bibindent=\dimen148
)
(C:\Users\oscar\MikTex\tex/latex/base\fontenc.sty
Package: fontenc 2025/07/18 v2.1d Standard LaTeX package
)
(C:\Users\oscar\MikTex\tex/latex/base\inputenc.sty
Package: inputenc 2024/02/08 v1.3d Input encoding file
\inpenc@prehook=\toks17
\inpenc@posthook=\toks18
)
(C:\Users\oscar\MikTex\tex/latex/lm\lmodern.sty
Package: lmodern 2015/05/01 v1.6.1 Latin Modern Fonts
LaTeX Font Info:    Overwriting symbol font `operators' in version `normal'
(Font)                  OT1/cmr/m/n --> OT1/lmr/m/n on input line 22.
LaTeX Font Info:    Overwriting symbol font `letters' in version `normal'
(Font)                  OML/cmm/m/it --> OML/lmm/m/it on input line 23.
LaTeX Font Info:    Overwriting symbol font `symbols' in version `normal'
(Font)                  OMS/cmsy/m/n --> OMS/lmsy/m/n on input line 24.
LaTeX Font Info:    Overwriting symbol font `largesymbols' in version `normal'
(Font)                  OMX/cmex/m/n --> OMX/lmex/m/n on input line 25.
LaTeX Font Info:    Overwriting symbol font `operators' in version `bold'
(Font)                  OT1/cmr/bx/n --> OT1/lmr/bx/n on input line 26.
LaTeX Font Info:    Overwriting symbol font `letters' in version `bold'
(Font)                  OML/cmm/b/it --> OML/lmm/b/it on input line 27.
LaTeX Font Info:    Overwriting symbol font `symbols' in version `bold'
(Font)                  OMS/cmsy/b/n --> OMS/lmsy/b/n on input line 28.
LaTeX Font Info:    Overwriting symbol font `largesymbols' in version `bold'
(Font)                  OMX/cmex/m/n --> OMX/lmex/m/n on input line 29.
LaTeX Font Info:    Overwriting math alphabet `\mathbf' in version `normal'
(Font)                  OT1/cmr/bx/n --> OT1/lmr/bx/n on input line 31.
LaTeX Font Info:    Overwriting math alphabet `\mathsf' in version `normal'
(Font)                  OT1/cmss/m/n --> OT1/lmss/m/n on input line 32.
LaTeX Font Info:    Overwriting math alphabet `\mathit' in version `normal'
(Font)                  OT1/cmr/m/it --> OT1/lmr/m/it on input line 33.
LaTeX Font Info:    Overwriting math alphabet `\mathtt' in version `normal'
(Font)                  OT1/cmtt/m/n --> OT1/lmtt/m/n on input line 34.
LaTeX Font Info:    Overwriting math alphabet `\mathbf' in version `bold'
(Font)                  OT1/cmr/bx/n --> OT1/lmr/bx/n on input line 35.
LaTeX Font Info:    Overwriting math alphabet `\mathsf' in version `bold'
(Font)                  OT1/cmss/bx/n --> OT1/lmss/bx/n on input line 36.
LaTeX Font Info:    Overwriting math alphabet `\mathit' in version `bold'
(Font)                  OT1/cmr/bx/it --> OT1/lmr/bx/it on input line 37.
LaTeX Font Info:    Overwriting math alphabet `\mathtt' in version `bold'
(Font)                  OT1/cmtt/m/n --> OT1/lmtt/m/n on input line 38.
)
(C:\Users\oscar\MikTex\tex/latex/geometry\geometry.sty
Package: geometry 2026/03/07 v6.0 Page Geometry

(C:\Users\oscar\MikTex\tex/latex/graphics\keyval.sty
Package: keyval 2022/05/29 v1.15 key=value parser (DPC)
\KV@toks@=\toks19
)
(C:\Users\oscar\MikTex\tex/generic/iftex\ifvtex.sty
Package: ifvtex 2019/10/25 v1.7 ifvtex legacy package. Use iftex instead.

(C:\Users\oscar\MikTex\tex/generic/iftex\iftex.sty
Package: iftex 2024/12/12 v1.0g TeX engine tests
))
\Gm@cnth=\count284
\Gm@cntv=\count285
\c@Gm@tempcnt=\count286
\Gm@bindingoffset=\dimen149
\Gm@wd@mp=\dimen150
\Gm@odd@mp=\dimen151
\Gm@even@mp=\dimen152
\Gm@layoutwidth=\dimen153
\Gm@layoutheight=\dimen154
\Gm@layouthoffset=\dimen155
\Gm@layoutvoffset=\dimen156
\Gm@dimlist=\toks20

(C:\Users\oscar\MikTex\tex/latex/geometry\geometry.cfg))
(C:\Users\oscar\MikTex\tex/latex/amsmath\amsmath.sty
Package: amsmath 2025/07/09 v2.17z AMS math features
\@mathmargin=\skip51

For additional information on amsmath, use the `?' option.
(C:\Users\oscar\MikTex\tex/latex/amsmath\amstext.sty
Package: amstext 2024/11/17 v2.01 AMS text

(C:\Users\oscar\MikTex\tex/latex/amsmath\amsgen.sty
File: amsgen.sty 1999/11/30 v2.0 generic functions
\@emptytoks=\toks21
\ex@=\dimen157
))
(C:\Users\oscar\MikTex\tex/latex/amsmath\amsbsy.sty
Package: amsbsy 1999/11/29 v1.2d Bold Symbols
\pmbraise@=\dimen158
)
(C:\Users\oscar\MikTex\tex/latex/amsmath\amsopn.sty
Package: amsopn 2022/04/08 v2.04 operator names
)
\inf@bad=\count287
LaTeX Info: Redefining \frac on input line 233.
\uproot@=\count288
\leftroot@=\count289
LaTeX Info: Redefining \overline on input line 398.
LaTeX Info: Redefining \colon on input line 409.
\classnum@=\count290
\DOTSCASE@=\count291
LaTeX Info: Redefining \ldots on input line 495.
LaTeX Info: Redefining \dots on input line 498.
LaTeX Info: Redefining \cdots on input line 619.
\Mathstrutbox@=\box53
\strutbox@=\box54
LaTeX Info: Redefining \big on input line 721.
LaTeX Info: Redefining \Big on input line 722.
LaTeX Info: Redefining \bigg on input line 723.
LaTeX Info: Redefining \Bigg on input line 724.
\big@size=\dimen159
LaTeX Font Info:    Redeclaring font encoding OML on input line 742.
LaTeX Font Info:    Redeclaring font encoding OMS on input line 743.
\macc@depth=\count292
LaTeX Info: Redefining \bmod on input line 904.
LaTeX Info: Redefining \pmod on input line 909.
LaTeX Info: Redefining \smash on input line 939.
LaTeX Info: Redefining \relbar on input line 969.
LaTeX Info: Redefining \Relbar on input line 970.
\c@MaxMatrixCols=\count293
\dotsspace@=\muskip17
\c@parentequation=\count294
\dspbrk@lvl=\count295
\tag@help=\toks22
\row@=\count296
\column@=\count297
\maxfields@=\count298
\andhelp@=\toks23
\eqnshift@=\dimen160
\alignsep@=\dimen161
\tagshift@=\dimen162
\tagwidth@=\dimen163
\totwidth@=\dimen164
\lineht@=\dimen165
\@envbody=\toks24
\multlinegap=\skip52
\multlinetaggap=\skip53
\mathdisplay@stack=\toks25
LaTeX Info: Redefining \[ on input line 2950.
LaTeX Info: Redefining \] on input line 2951.
)
(C:\Users\oscar\MikTex\tex/latex/amsfonts\amssymb.sty
Package: amssymb 2013/01/14 v3.01 AMS font symbols

(C:\Users\oscar\MikTex\tex/latex/amsfonts\amsfonts.sty
Package: amsfonts 2013/01/14 v3.01 Basic AMSFonts support
\symAMSa=\mathgroup4
\symAMSb=\mathgroup5
LaTeX Font Info:    Redeclaring math symbol \hbar on input line 98.
LaTeX Font Info:    Overwriting math alphabet `\mathfrak' in version `bold'
(Font)                  U/euf/m/n --> U/euf/b/n on input line 106.
))
(C:\Users\oscar\MikTex\tex/latex/amscls\amsthm.sty
Package: amsthm 2020/05/29 v2.20.6
\thm@style=\toks26
\thm@bodyfont=\toks27
\thm@headfont=\toks28
\thm@notefont=\toks29
\thm@headpunct=\toks30
\thm@preskip=\skip54
\thm@postskip=\skip55
\thm@headsep=\skip56
\dth@everypar=\toks31
)
(C:\Users\oscar\MikTex\tex/latex/tools\bm.sty
Package: bm 2025/10/21 v1.2g Bold Symbol Support (DPC/FMi)
\symboldoperators=\mathgroup6
\symboldletters=\mathgroup7
\symboldsymbols=\mathgroup8
Package bm Info: No bold for \OMX/lmex/m/n, using \pmb.
Package bm Info: No bold for \U/msa/m/n, using \pmb.
Package bm Info: No bold for \U/msb/m/n, using \pmb.
LaTeX Font Info:    Redeclaring math alphabet \mathbf on input line 149.
)
(C:\Users\oscar\MikTex\tex/latex/graphics\graphicx.sty
Package: graphicx 2024/12/31 v1.2e Enhanced LaTeX Graphics (DPC,SPQR)

(C:\Users\oscar\MikTex\tex/latex/graphics\graphics.sty
Package: graphics 2024/08/06 v1.4g Standard LaTeX Graphics (DPC,SPQR)

(C:\Users\oscar\MikTex\tex/latex/graphics\trig.sty
Package: trig 2023/12/02 v1.11 sin cos tan (DPC)
)
(C:\Users\oscar\MikTex\tex/latex/graphics-cfg\graphics.cfg
File: graphics.cfg 2016/06/04 v1.11 sample graphics configuration
)
Package graphics Info: Driver file: pdftex.def on input line 106.

(C:\Users\oscar\MikTex\tex/latex/graphics-def\pdftex.def
File: pdftex.def 2025/09/29 v1.2d Graphics/color driver for pdftex
))
\Gin@req@height=\dimen166
\Gin@req@width=\dimen167
)
(C:\Users\oscar\MikTex\tex/latex/booktabs\booktabs.sty
Package: booktabs 2020/01/12 v1.61803398 Publication quality tables
\heavyrulewidth=\dimen168
\lightrulewidth=\dimen169
\cmidrulewidth=\dimen170
\belowrulesep=\dimen171
\belowbottomsep=\dimen172
\aboverulesep=\dimen173
\abovetopsep=\dimen174
\cmidrulesep=\dimen175
\cmidrulekern=\dimen176
\defaultaddspace=\dimen177
\@cmidla=\count299
\@cmidlb=\count300
\@aboverulesep=\dimen178
\@belowrulesep=\dimen179
\@thisruleclass=\count301
\@lastruleclass=\count302
\@thisrulewidth=\dimen180
)
(C:\Users\oscar\MikTex\tex/latex/physics\physics.sty
Package: physics 

(C:\Users\oscar\MikTex\tex/latex/l3packages/xparse\xparse.sty
(C:\Users\oscar\MikTex\tex/latex/l3kernel\expl3.sty
Package: expl3 2025-11-06 L3 programming layer (loader) 

(C:\Users\oscar\MikTex\tex/latex/l3backend\l3backend-pdftex.def
File: l3backend-pdftex.def 2025-10-09 L3 backend support: PDF output (pdfTeX)
\l__color_backend_stack_int=\count303
))
Package: xparse 2025-10-09 L3 Experimental document command parser
))
(C:\Users\oscar\MikTex\tex/latex/siunitx\siunitx.sty
Package: siunitx 2026-03-26 v3.5.1 A comprehensive (SI) units package
\l__siunitx_number_uncert_offset_int=\count304
\l__siunitx_number_exponent_fixed_int=\count305
\l__siunitx_number_min_decimal_int=\count306
\l__siunitx_number_min_integer_int=\count307
\l__siunitx_number_round_precision_int=\count308
\l__siunitx_number_lower_threshold_int=\count309
\l__siunitx_number_upper_threshold_int=\count310
\l__siunitx_number_group_first_int=\count311
\l__siunitx_number_group_size_int=\count312
\l__siunitx_number_group_min_int=\count313
\l__siunitx_number_group_minimum_int=\count314
\l__siunitx_compound_count_int=\count315

(C:\Users\oscar\MikTex\tex/latex/translations\translations.sty
Package: translations 2022/02/05 v1.12 internationalization of LaTeX2e packages
 (CN)

(C:\Users\oscar\MikTex\tex/latex/etoolbox\etoolbox.sty
Package: etoolbox 2025/10/02 v2.5m e-TeX tools for LaTeX (JAW)
\etb@tempcnta=\count316
)
(C:\Users\oscar\MikTex\tex/generic/pdftexcmds\pdftexcmds.sty
Package: pdftexcmds 2020-06-27 v0.33 Utility functions of pdfTeX for LuaTeX (HO
)

(C:\Users\oscar\MikTex\tex/generic/infwarerr\infwarerr.sty
Package: infwarerr 2019/12/03 v1.5 Providing info/warning/error messages (HO)
)
(C:\Users\oscar\MikTex\tex/generic/ltxcmds\ltxcmds.sty
Package: ltxcmds 2023-12-04 v1.26 LaTeX kernel commands for general use (HO)
)
Package pdftexcmds Info: \pdf@primitive is available.
Package pdftexcmds Info: \pdf@ifprimitive is available.
Package pdftexcmds Info: \pdfdraftmode found.
))
\l__siunitx_table_tmp_box=\box55
\l__siunitx_table_tmp_dim=\dimen181
\l__siunitx_table_column_width_dim=\dimen182
\l__siunitx_table_integer_box=\box56
\l__siunitx_table_decimal_box=\box57
\l__siunitx_table_uncert_box=\box58
\l__siunitx_table_before_box=\box59
\l__siunitx_table_after_box=\box60
\l__siunitx_table_before_dim=\dimen183
\l__siunitx_table_carry_dim=\dimen184
\l__siunitx_unit_tmp_int=\count317
\l__siunitx_unit_position_int=\count318
\l__siunitx_unit_total_int=\count319
\l__siunitx_sexagesimal_tmp_dim=\dimen185
\l__siunitx_sexagesimal_marker_box=\box61
\l__siunitx_sexagesimal_unit_box=\box62

(C:\Users\oscar\MikTex\tex/latex/tools\array.sty
Package: array 2025/09/25 v2.6n Tabular extension package (FMi)
\col@sep=\dimen186
\ar@mcellbox=\box63
\extrarowheight=\dimen187
\NC@list=\toks32
\extratabsurround=\skip57
\backup@length=\skip58
\ar@cellbox=\box64
))

Package siunitx Info: Option "detect-weight" has been deprecated in this
(siunitx)             release.
(siunitx)             
(siunitx)             Use "reset-text-series = false, text-series-to-math =
(siunitx)             true" as a replacement.


Package siunitx Info: Option "detect-family" has been deprecated in this
(siunitx)             release.
(siunitx)             
(siunitx)             Use "reset-text-family = false, text-family-to-math =
(siunitx)             true" as a replacement.


(C:\Users\oscar\MikTex\tex/latex/microtype\microtype.sty
Package: microtype 2026/03/01 v3.2d Micro-typographical refinements (RS)
\MT@toks=\toks33
\MT@tempbox=\box65
\MT@count=\count320
LaTeX Info: Redefining \noprotrusionifhmode on input line 1084.
LaTeX Info: Redefining \leftprotrusion on input line 1085.
\MT@prot@toks=\toks34
LaTeX Info: Redefining \rightprotrusion on input line 1104.
LaTeX Info: Redefining \textls on input line 1449.
\MT@outer@kern=\dimen188
LaTeX Info: Redefining \microtypecontext on input line 2053.
LaTeX Info: Redefining \textmicrotypecontext on input line 2070.
\MT@listname@count=\count321

(C:\Users\oscar\MikTex\tex/latex/microtype\microtype-pdftex.def
File: microtype-pdftex.def 2026/03/01 v3.2d Definitions specific to pdftex (RS)

LaTeX Info: Redefining \lsstyle on input line 944.
LaTeX Info: Redefining \lslig on input line 944.
\MT@outer@space=\skip59
)
Package microtype Info: Loading configuration file microtype.cfg.

(C:\Users\oscar\MikTex\tex/latex/microtype\microtype.cfg
File: microtype.cfg 2026/03/01 v3.2d microtype main configuration file (RS)
)
LaTeX Info: Redefining \microtypesetup on input line 3065.
)
(C:\Users\oscar\MikTex\tex/latex/hyperref\hyperref.sty
Package: hyperref 2025-07-12 v7.01o Hypertext links for LaTeX

(C:\Users\oscar\MikTex\tex/latex/kvsetkeys\kvsetkeys.sty
Package: kvsetkeys 2022-10-05 v1.19 Key value parser (HO)
)
(C:\Users\oscar\MikTex\tex/generic/kvdefinekeys\kvdefinekeys.sty
Package: kvdefinekeys 2019-12-19 v1.6 Define keys (HO)
)
(C:\Users\oscar\MikTex\tex/generic/pdfescape\pdfescape.sty
Package: pdfescape 2019/12/09 v1.15 Implements pdfTeX's escape features (HO)
)
(C:\Users\oscar\MikTex\tex/latex/hycolor\hycolor.sty
Package: hycolor 2020-01-27 v1.10 Color options for hyperref/bookmark (HO)
)
(C:\Users\oscar\MikTex\tex/latex/hyperref\nameref.sty
Package: nameref 2025-06-21 v2.57 Cross-referencing by name of section

(C:\Users\oscar\MikTex\tex/latex/refcount\refcount.sty
Package: refcount 2019/12/15 v3.6 Data extraction from label references (HO)
)
(C:\Users\oscar\MikTex\tex/generic/gettitlestring\gettitlestring.sty
Package: gettitlestring 2019/12/15 v1.6 Cleanup title references (HO)

(C:\Users\oscar\MikTex\tex/latex/kvoptions\kvoptions.sty
Package: kvoptions 2022-06-15 v3.15 Key value format for package options (HO)
))
\c@section@level=\count322
)
(C:\Users\oscar\MikTex\tex/generic/stringenc\stringenc.sty
Package: stringenc 2019/11/29 v1.12 Convert strings between diff. encodings (HO
)
)
\@linkdim=\dimen189
\Hy@linkcounter=\count323
\Hy@pagecounter=\count324

(C:\Users\oscar\MikTex\tex/latex/hyperref\pd1enc.def
File: pd1enc.def 2025-07-12 v7.01o Hyperref: PDFDocEncoding definition (HO)
Now handling font encoding PD1 ...
... no UTF-8 mapping file for font encoding PD1
)
(C:\Users\oscar\MikTex\tex/generic/intcalc\intcalc.sty
Package: intcalc 2019/12/15 v1.3 Expandable calculations with integers (HO)
)
\Hy@SavedSpaceFactor=\count325

(C:\Users\oscar\MikTex\tex/latex/hyperref\puenc.def
File: puenc.def 2025-07-12 v7.01o Hyperref: PDF Unicode definition (HO)
Now handling font encoding PU ...
... no UTF-8 mapping file for font encoding PU
)
Package hyperref Info: Hyper figures OFF on input line 4195.
Package hyperref Info: Link nesting OFF on input line 4200.
Package hyperref Info: Hyper index ON on input line 4203.
Package hyperref Info: Plain pages OFF on input line 4210.
Package hyperref Info: Backreferencing OFF on input line 4215.
Package hyperref Info: Implicit mode ON; LaTeX internals redefined.
Package hyperref Info: Bookmarks ON on input line 4462.
\c@Hy@tempcnt=\count326

(C:\Users\oscar\MikTex\tex/latex/url\url.sty
\Urlmuskip=\muskip18
Package: url 2013/09/16  ver 3.4  Verb mode for urls, etc.
)
LaTeX Info: Redefining \url on input line 4801.
\XeTeXLinkMargin=\dimen190

(C:\Users\oscar\MikTex\tex/generic/bitset\bitset.sty
Package: bitset 2019/12/09 v1.3 Handle bit-vector datatype (HO)

(C:\Users\oscar\MikTex\tex/generic/bigintcalc\bigintcalc.sty
Package: bigintcalc 2019/12/15 v1.5 Expandable calculations on big integers (HO
)
))
\Fld@menulength=\count327
\Field@Width=\dimen191
\Fld@charsize=\dimen192
Package hyperref Info: Hyper figures OFF on input line 6078.
Package hyperref Info: Link nesting OFF on input line 6083.
Package hyperref Info: Hyper index ON on input line 6086.
Package hyperref Info: backreferencing OFF on input line 6093.
Package hyperref Info: Link coloring OFF on input line 6098.
Package hyperref Info: Link coloring with OCG OFF on input line 6103.
Package hyperref Info: PDF/A mode OFF on input line 6108.
\Hy@abspage=\count328
\c@Item=\count329
\c@Hfootnote=\count330
)
Package hyperref Info: Driver (autodetected): hpdftex.

(C:\Users\oscar\MikTex\tex/latex/hyperref\hpdftex.def
File: hpdftex.def 2025-07-12 v7.01o Hyperref driver for pdfTeX
\Fld@listcount=\count331
\c@bookmark@seq@number=\count332

(C:\Users\oscar\MikTex\tex/latex/rerunfilecheck\rerunfilecheck.sty
Package: rerunfilecheck 2025-06-21 v1.11 Rerun checks for auxiliary files (HO)

(C:\Users\oscar\MikTex\tex/generic/uniquecounter\uniquecounter.sty
Package: uniquecounter 2019/12/15 v1.4 Provide unlimited unique counter (HO)
)
Package uniquecounter Info: New unique counter `rerunfilecheck' on input line 2
84.
)
\Hy@SectionHShift=\skip60
)
(C:\Users\oscar\MikTex\tex/latex/import\import.sty
Package: import 2020/04/01  v 6.2
)
   defining Unicode char U+21D2 (decimal 8658)
Package translations Info: No language package found. I am going to use `englis
h' as default language. on input line 35.

(C:\Users\oscar\MikTex\tex/latex/graphics\color.sty
Package: color 2025/01/14 v1.3e Standard LaTeX Color (DPC)

(C:\Users\oscar\MikTex\tex/latex/graphics-cfg\color.cfg
File: color.cfg 2016/01/02 v1.6 sample color configuration
)
Package color Info: Driver file: pdftex.def on input line 149.

(C:\Users\oscar\MikTex\tex/latex/graphics\mathcolor.ltx))
LaTeX Font Info:    Trying to load font information for T1+lmr on input line 35
.

(C:\Users\oscar\MikTex\tex/latex/lm\t1lmr.fd
File: t1lmr.fd 2015/05/01 v1.6.1 Font defs for Latin Modern
) (SST-30-59_Fusion_master.aux

LaTeX Warning: Label `Lee2025DoubleTwist' multiply defined.


LaTeX Warning: Label `Cha2007' multiply defined.


LaTeX Warning: Label `Weizsaecker1935' multiply defined.


LaTeX Warning: Label `eq:kernel' multiply defined.


LaTeX Warning: Label `eq:master' multiply defined.


LaTeX Warning: Label `Lee2025DoubleTwist' multiply defined.


LaTeX Warning: Label `eq:u' multiply defined.


LaTeX Warning: Label `eq:V' multiply defined.


LaTeX Warning: Label `eq:kernel' multiply defined.


LaTeX Warning: Label `Batchelor1967' multiply defined.


LaTeX Warning: Label `Saffman1992' multiply defined.


LaTeX Warning: Label `Weizsaecker1935' multiply defined.


LaTeX Warning: Label `Cantarella2002Ropelength' multiply defined.

)
\openout1 = `SST-30-59_Fusion_master.aux'.

LaTeX Font Info:    Checking defaults for OML/cmm/m/it on input line 35.
LaTeX Font Info:    ... okay on input line 35.
LaTeX Font Info:    Checking defaults for OMS/cmsy/m/n on input line 35.
LaTeX Font Info:    ... okay on input line 35.
LaTeX Font Info:    Checking defaults for OT1/cmr/m/n on input line 35.
LaTeX Font Info:    ... okay on input line 35.
LaTeX Font Info:    Checking defaults for T1/cmr/m/n on input line 35.
LaTeX Font Info:    ... okay on input line 35.
LaTeX Font Info:    Checking defaults for TS1/cmr/m/n on input line 35.
LaTeX Font Info:    ... okay on input line 35.
LaTeX Font Info:    Checking defaults for OMX/cmex/m/n on input line 35.
LaTeX Font Info:    ... okay on input line 35.
LaTeX Font Info:    Checking defaults for U/cmr/m/n on input line 35.
LaTeX Font Info:    ... okay on input line 35.
LaTeX Font Info:    Checking defaults for PD1/pdf/m/n on input line 35.
LaTeX Font Info:    ... okay on input line 35.
LaTeX Font Info:    Checking defaults for PU/pdf/m/n on input line 35.
LaTeX Font Info:    ... okay on input line 35.

*geometry* driver: auto-detecting
*geometry* detected driver: pdftex
*geometry* verbose mode - [ preamble ] result:
* driver: pdftex
* paper: a4paper
* layout: <same size as paper>
* layoutoffset:(h,v)=(0.0pt,0.0pt)
* modes: 
* h-part:(L,W,R)=(72.26999pt, 452.9679pt, 72.26999pt)
* v-part:(T,H,B)=(72.26999pt, 700.50687pt, 72.26999pt)
* \paperwidth=597.50787pt
* \paperheight=845.04684pt
* \textwidth=452.9679pt
* \textheight=700.50687pt
* \oddsidemargin=0.0pt
* \evensidemargin=0.0pt
* \topmargin=-37.0pt
* \headheight=12.0pt
* \headsep=25.0pt
* \topskip=11.0pt
* \footskip=30.0pt
* \marginparwidth=50.0pt
* \marginparsep=10.0pt
* \columnsep=10.0pt
* \skip\footins=10.0pt plus 4.0pt minus 2.0pt
* \hoffset=0.0pt
* \voffset=0.0pt
* \mag=1000
* \@twocolumnfalse
* \@twosidefalse
* \@mparswitchfalse
* \@reversemarginfalse
* (1in=72.27pt=25.4mm, 1cm=28.453pt)

(C:\Users\oscar\MikTex\tex/context/base/mkii\supp-pdf.mkii
[Loading MPS to PDF converter (version 2006.09.02).]
\scratchcounter=\count333
\scratchdimen=\dimen193
\scratchbox=\box66
\nofMPsegments=\count334
\nofMParguments=\count335
\everyMPshowfont=\toks35
\MPscratchCnt=\count336
\MPscratchDim=\dimen194
\MPnumerator=\count337
\makeMPintoPDFobject=\count338
\everyMPtoPDFconversion=\toks36
) (C:\Users\oscar\MikTex\tex/latex/epstopdf-pkg\epstopdf-base.sty
Package: epstopdf-base 2020-01-24 v2.11 Base part for package epstopdf
Package epstopdf-base Info: Redefining graphics rule for `.eps' on input line 4
85.

(C:\Users\oscar\MikTex\tex/latex/00miktex\epstopdf-sys.cfg
File: epstopdf-sys.cfg 2021/03/18 v2.0 Configuration of epstopdf for MiKTeX
))

Package siunitx Warning: Detected the "physics" package:
(siunitx)                omitting definition of \qty.
(siunitx)                
(siunitx)                If you want to use \qty with the siunitx definition,
(siunitx)                add 
(siunitx)                
(siunitx)                    \AtBeginDocument{\RenewCommandCopy\qty\SI}
(siunitx)                
(siunitx)                to your preamble.


(C:\Users\oscar\MikTex\tex/latex/translations/dicts\translations-basic-dictiona
ry-english.trsl
File: translations-basic-dictionary-english.trsl (english translation file `tra
nslations-basic-dictionary')
)
Package translations Info: loading dictionary `translations-basic-dictionary' f
or `english'. on input line 35.
LaTeX Info: Redefining \microtypecontext on input line 35.
Package microtype Info: Applying patch `item' on input line 35.
Package microtype Info: Applying patch `toc' on input line 35.
Package microtype Info: Applying patch `eqnum' on input line 35.
Package microtype Info: Applying patch `footnote' on input line 35.
Package microtype Info: Applying patch `verbatim' on input line 35.
LaTeX Info: Redefining \microtypesetup on input line 35.
Package microtype Info: Generating PDF output.
Package microtype Info: Character protrusion enabled (level 2).
Package microtype Info: Using default protrusion set `alltext'.
Package microtype Info: Automatic font expansion enabled (level 2),
(microtype)             stretch: 20, shrink: 20, step: 1, non-selected.
Package microtype Info: Using default expansion set `alltext-nott'.
Package microtype Info: Patching command `\showhyphens'.
Package microtype Info: No adjustment of tracking.
Package microtype Info: No adjustment of interword spacing.
Package microtype Info: No adjustment of character kerning.
 (C:\Users\oscar\MikTex\tex/latex/microtype\mt-cmr.cfg
File: mt-cmr.cfg 2013/05/19 v2.2 microtype config. file: Computer Modern Roman 
(RS)
)
Package hyperref Info: Link coloring OFF on input line 35.

(SST-30-59_Fusion_master.out) (SST-30-59_Fusion_master.out)
\@outlinefile=\write3
\openout3 = `SST-30-59_Fusion_master.out'.

LaTeX Font Info:    Trying to load font information for OT1+lmr on input line 3
7.

(C:\Users\oscar\MikTex\tex/latex/lm\ot1lmr.fd
File: ot1lmr.fd 2015/05/01 v1.6.1 Font defs for Latin Modern
)
LaTeX Font Info:    Trying to load font information for OML+lmm on input line 3
7.

(C:\Users\oscar\MikTex\tex/latex/lm\omllmm.fd
File: omllmm.fd 2015/05/01 v1.6.1 Font defs for Latin Modern
)
LaTeX Font Info:    Trying to load font information for OMS+lmsy on input line 
37.

(C:\Users\oscar\MikTex\tex/latex/lm\omslmsy.fd
File: omslmsy.fd 2015/05/01 v1.6.1 Font defs for Latin Modern
)
LaTeX Font Info:    Trying to load font information for OMX+lmex on input line 
37.

(C:\Users\oscar\MikTex\tex/latex/lm\omxlmex.fd
File: omxlmex.fd 2015/05/01 v1.6.1 Font defs for Latin Modern
)
LaTeX Font Info:    External font `lmex10' loaded for size
(Font)              <12> on input line 37.
LaTeX Font Info:    External font `lmex10' loaded for size
(Font)              <8> on input line 37.
LaTeX Font Info:    External font `lmex10' loaded for size
(Font)              <6> on input line 37.
LaTeX Font Info:    Trying to load font information for U+msa on input line 37.


(C:\Users\oscar\MikTex\tex/latex/amsfonts\umsa.fd
File: umsa.fd 2013/01/14 v3.01 AMS symbols A
)
(C:\Users\oscar\MikTex\tex/latex/microtype\mt-msa.cfg
File: mt-msa.cfg 2006/02/04 v1.1 microtype config. file: AMS symbols (a) (RS)
)
LaTeX Font Info:    Trying to load font information for U+msb on input line 37.


(C:\Users\oscar\MikTex\tex/latex/amsfonts\umsb.fd
File: umsb.fd 2013/01/14 v3.01 AMS symbols B
)
(C:\Users\oscar\MikTex\tex/latex/microtype\mt-msb.cfg
File: mt-msb.cfg 2005/06/01 v1.0 microtype config. file: AMS symbols (b) (RS)
) [1

{C:/Users/oscar/AppData/Local/MiKTeX/fonts/map/pdftex/pdftex.map}{C:/Users/osca
r/MikTex/fonts/enc/dvips/lm/lm-ec.enc}]
pdfTeX warning (ext4): destination with the same identifier (name{page.1}) has 
been already used, duplicate ignored
<to be read again> 
                   \relax 
l.41 \tableofcontents
                      [1] (SST-30-59_Fusion_master.toc
LaTeX Font Info:    External font `lmex10' loaded for size
(Font)              <10.95> on input line 6.
 [2

{C:/Users/oscar/MikTex/fonts/enc/dvips/lm/lm-mathsy.enc}{C:/Users/oscar/MikTex/
fonts/enc/dvips/lm/lm-mathit.enc}] [3{C:/Users/oscar/MikTex/fonts/enc/dvips/lm/
lm-rm.enc}] [4]
LaTeX Font Info:    Trying to load font information for T1+lmtt on input line 1
92.

(C:\Users\oscar\MikTex\tex/latex/lm\t1lmtt.fd
File: t1lmtt.fd 2015/05/01 v1.6.1 Font defs for Latin Modern
)
Package microtype Info: Loading generic protrusion settings for font family
(microtype)             `lmtt' (encoding: T1).
(microtype)             For optimal results, create family-specific settings.
(microtype)             See the microtype manual for details.
)
\tf@toc=\write4
\openout4 = `SST-30-59_Fusion_master.toc'.

 [5]
Chapter 1.

(SST-59_Atomic_Masses_from_Topological_Invariants_of_Knotted_Field_Configuratio
ns/_fusion_body__SST-59.part_1_Mass_Hydrodynamic_Topology.tex
\c@definition=\count339
\c@theorem=\count340
\c@lemma=\count341
\c@remark=\count342
 [6


]
LaTeX Font Info:    External font `lmex10' loaded for size
(Font)              <14.4> on input line 67.
LaTeX Font Info:    External font `lmex10' loaded for size
(Font)              <10> on input line 67.
LaTeX Font Info:    External font `lmex10' loaded for size
(Font)              <7> on input line 67.

pdfTeX warning (ext4): destination with the same identifier (name{page.1}) has 
been already used, duplicate ignored
<to be read again> 
                   \relax 
l.69     \begin{abstract}
                          [1]
LaTeX Font Info:    Trying to load font information for OT1+lmss on input line 
75.
 (C:\Users\oscar\MikTex\tex/latex/lm\ot1lmss.fd
File: ot1lmss.fd 2015/05/01 v1.6.1 Font defs for Latin Modern
)
Package microtype Info: Loading generic protrusion settings for font family
(microtype)             `lmss' (encoding: OT1).
(microtype)             For optimal results, create family-specific settings.
(microtype)             See the microtype manual for details.

pdfTeX warning (ext4): destination with the same identifier (name{page.1}) has 
been already used, duplicate ignored
<to be read again> 
                   \relax 
l.79     \end{abstract}
                        [1{C:/Users/oscar/MikTex/fonts/enc/dvips/lm/lm-mathex.e
nc}]
LaTeX Font Info:    Trying to load font information for TS1+lmr on input line 8
6.
 (C:\Users\oscar\MikTex\tex/latex/lm\ts1lmr.fd
File: ts1lmr.fd 2015/05/01 v1.6.1 Font defs for Latin Modern
)
pdfTeX warning (ext4): destination with the same identifier (name{page.1}) has 
been already used, duplicate ignored
<to be read again> 
                   \relax 
l.109 
       [1{C:/Users/oscar/MikTex/fonts/enc/dvips/lm/lm-ts1.enc}]
LaTeX Font Info:    External font `lmex10' loaded for size
(Font)              <9> on input line 110.
LaTeX Font Info:    External font `lmex10' loaded for size
(Font)              <5> on input line 110.
LaTeX Font Info:    Font shape `T1/lmtt/bx/n' in size <9> not available
(Font)              Font shape `T1/lmtt/b/n' tried instead on input line 110.

pdfTeX warning (ext4): destination with the same identifier (name{page.2}) has 
been already used, duplicate ignored
<to be read again> 
                   \relax 
l.110     \titlepageClose
                          [2]

LaTeX Warning: Citation `SST-01_Rosetta-v0.6' on page 1 undefined on input line
 130.


pdfTeX warning (ext4): destination with the same identifier (name{page.1}) has 
been already used, duplicate ignored
<to be read again> 
                   \relax 
l.157             \paragraph
                            {Status note.} [1]
pdfTeX warning (ext4): destination with the same identifier (name{page.2}) has 
been already used, duplicate ignored
<to be read again> 
                   \relax 
l.200             \end{equation}
                                 [2]
pdfTeX warning (ext4): destination with the same identifier (name{page.3}) has 
been already used, duplicate ignored
<to be read again> 
                   \relax 
l.243                 \item $
                             \alphafs$ is the electromagnetic fine-structure...
[3]
pdfTeX warning (ext4): destination with the same identifier (name{page.4}) has 
been already used, duplicate ignored
<to be read again> 
                   \relax 
l.303                 \]
                         [4]
Overfull \hbox (12.50435pt too wide) in paragraph at lines 308--309
\T1/lmr/m/n/10.95 (-20) Discrete scale in-vari-ance ap-pears in mul-ti-ple con-
texts (frac-ture, tur-bu-lence cas-cades, renormalization-
 []


pdfTeX warning (ext4): destination with the same identifier (name{page.5}) has 
been already used, duplicate ignored
<to be read again> 
                   \relax 
l.351                 \end{equation}
                                     [5]

LaTeX Warning: Reference `sec:mass_derivation' on page 6 undefined on input lin
e 407.


pdfTeX warning (ext4): destination with the same identifier (name{page.6}) has 
been already used, duplicate ignored
<to be read again> 
                   \relax 
l.412         \end{equation}
                             [6] [7] [8] [9]
Underfull \hbox (badness 5036) in paragraph at lines 634--638
[]\T1/lmr/m/n/10.95 (+20) S. Wein-berg (1967), \T1/lmr/m/it/10.95 (+20) A model
 of lep-tons\T1/lmr/m/n/10.95 (+20) , Phys. Rev. Lett. \T1/lmr/bx/n/10.95 (+20)
 19\T1/lmr/m/n/10.95 (+20) , 1264--1266.
 []


Underfull \hbox (badness 1629) in paragraph at lines 693--697
[]\T1/lmr/m/n/10.95 (+20) W. Lee (2025), \T1/lmr/m/it/10.95 (+20) Ra-tio-nal Co
n-cor-dance of Dou-ble Twist Knots\T1/lmr/m/n/10.95 (+20) , arXiv:2504.07636.
 []

[10

]) [11]
Chapter 2.

(SST-59_Atomic_Masses_from_Topological_Invariants_of_Knotted_Field_Configuratio
ns/_fusion_body__SST-59.part_2_Mass_Generation_Topological_Shielding.tex
! Too many }'s.
l.10 ...wist) and an SEMF Bridge to Atomic Masses}
                                                  
You've closed more groups than you opened.
Such booboos are generally harmless, so keep going.

[12


]
pdfTeX warning (ext4): destination with the same identifier (name{page.1}) has 
been already used, duplicate ignored
<to be read again> 
                   \relax 
l.45 \end{abstract}
                    [1]
Overfull \hbox (0.21634pt too wide) in paragraph at lines 60--61
[]\T1/lmr/bx/n/12 (-20) Claimed: \T1/lmr/m/n/12 (-20) A bi-nary ad-mis-si-bil-i
ty map $\OT1/lmss/m/n/12 (-20) G\OT1/lmr/m/n/12 (-20) (\OML/lmm/m/it/12 T\OT1/l
mr/m/n/12 (-20) ) \OMS/lmsy/m/n/12 2 f\OT1/lmr/m/n/12 (-20) 0\OML/lmm/m/it/12 ;
 \OT1/lmr/m/n/12 (-20) 1\OMS/lmsy/m/n/12 g$ \T1/lmr/m/n/12 (-20) can be de-fine
d from concordance-
 []


pdfTeX warning (ext4): destination with the same identifier (name{page.1}) has 
been already used, duplicate ignored
<to be read again> 
                   \relax 
l.86 \begin{equation}
                      [1]

Package hyperref Warning: Token not allowed in a PDF string (Unicode):
(hyperref)                removing `math shift' on input line 124.


Package hyperref Warning: Token not allowed in a PDF string (Unicode):
(hyperref)                removing `subscript' on input line 124.


pdfTeX warning (ext4): destination with the same identifier (name{page.2}) has 
been already used, duplicate ignored
<to be read again> 
                   \relax 
l.141 \]
         [2]

Package hyperref Warning: Token not allowed in a PDF string (Unicode):
(hyperref)                removing `math shift' on input line 144.


Package hyperref Warning: Token not allowed in a PDF string (Unicode):
(hyperref)                removing `subscript' on input line 144.


! LaTeX Error: Environment corollary undefined.

See the LaTeX manual or LaTeX Companion for explanation.
Type  H <return>  for immediate help.
 ...                                              
                                                  
l.160 \begin{corollary}
                       [Explicit shielding gate on \(K_{m,n}\)]\label{cor:ga...

Your command was ignored.
Type  I <command> <return>  to replace it with another command,
or  <return>  to continue without it.


! LaTeX Error: \begin{document} ended by \end{corollary}.

See the LaTeX manual or LaTeX Companion for explanation.
Type  H <return>  for immediate help.
 ...                                              
                                                  
l.169 \end{corollary}
                     
Your command was ignored.
Type  I <command> <return>  to replace it with another command,
or  <return>  to continue without it.


pdfTeX warning (ext4): destination with the same identifier (name{page.3}) has 
been already used, duplicate ignored
<to be read again> 
                   \relax 
l.196 \end{equation}
                     [3]

Package hyperref Warning: Token not allowed in a PDF string (Unicode):
(hyperref)                removing `math shift' on input line 211.


Package hyperref Warning: Token not allowed in a PDF string (Unicode):
(hyperref)                removing `subscript' on input line 211.


Package hyperref Warning: Token not allowed in a PDF string (Unicode):
(hyperref)                removing `math shift' on input line 211.


Package hyperref Warning: Token not allowed in a PDF string (Unicode):
(hyperref)                removing `math shift' on input line 218.


Package hyperref Warning: Token not allowed in a PDF string (Unicode):
(hyperref)                removing `superscript' on input line 218.


Package hyperref Warning: Token not allowed in a PDF string (Unicode):
(hyperref)                removing `math shift' on input line 218.


Overfull \hbox (21.5792pt too wide) in paragraph at lines 231--240
 [][] 
 []


pdfTeX warning (ext4): destination with the same identifier (name{page.4}) has 
been already used, duplicate ignored
<to be read again> 
                   \relax 
l.249 
       [4]
pdfTeX warning (ext4): destination with the same identifier (name{page.5}) has 
been already used, duplicate ignored
<to be read again> 
                   \relax 
l.250 \begin{thebibliography}{9}
                                 [5]
pdfTeX warning (ext4): destination with the same identifier (name{cite.Lee2025D
oubleTwist}) has been already used, duplicate ignored
<to be read again> 
                   \relax 
l.255 \bibitem{Lee2025DoubleTwist}
                                  
pdfTeX warning (ext4): destination with the same identifier (name{cite.Cha2007}
) has been already used, duplicate ignored
<to be read again> 
                   \relax 
l.260 \bibitem{Cha2007}
                       
pdfTeX warning (ext4): destination with the same identifier (name{cite.Weizsaec
ker1935}) has been already used, duplicate ignored
<to be read again> 
                   \relax 
l.275 \bibitem{Weizsaecker1935}
                               )
pdfTeX warning (ext4): destination with the same identifier (name{page.6}) has 
been already used, duplicate ignored
<to be read again> 
                   \relax 
l.50 \clearpage
                [6

]
Chapter 3.

(SST-59_Atomic_Masses_from_Topological_Invariants_of_Knotted_Field_Configuratio
ns/_fusion_body__SST-59.part_3_Atomic_Masses_from_Topological_Invariants_of_Kno
tted_Field_Configurations.tex
! Too many }'s.
l.25 ...nt Researcher, Groningen, The Netherlands}
                                                  
You've closed more groups than you opened.
Such booboos are generally harmless, so keep going.


pdfTeX warning (ext4): destination with the same identifier (name{page.7}) has 
been already used, duplicate ignored
<to be read again> 
                   \relax 
l.32     \begin{abstract}
                          [7


]
pdfTeX warning (ext4): destination with the same identifier (name{page.1}) has 
been already used, duplicate ignored
<to be read again> 
                   \relax 
l.41     \end{abstract}
                        [1]
Overfull \hbox (16.51392pt too wide) detected at line 67
[][][]\OML/lmm/m/it/12 ^^N[]  \OMS/lmsy/m/n/12 ^^Q  [] \OML/lmm/m/it/12 ;  []\O
MS/lmsy/m/n/12 f\OML/lmm/m/it/12 i \OT1/lmr/m/n/12 = 1\OML/lmm/m/it/12 ; [] ; N
\OMS/lmsy/m/n/12 g\OML/lmm/m/it/12 :
 []


pdfTeX warning (ext4): destination with the same identifier (name{page.1}) has 
been already used, duplicate ignored
<to be read again> 
                   \relax 
l.88         \end{verbatim}
                            [1]
pdfTeX warning (ext4): destination with the same identifier (name{page.2}) has 
been already used, duplicate ignored
<to be read again> 
                   \relax 
l.160         \end{align}
                          [2]
<SST-59_Atomic_Masses_from_Topological_Invariants_of_Knotted_Field_Configuratio
ns/trefoil_knot_2.3.png, id=1097, 350.5095pt x 363.5181pt>
File: SST-59_Atomic_Masses_from_Topological_Invariants_of_Knotted_Field_Configu
rations/trefoil_knot_2.3.png Graphic file (type png)
<use SST-59_Atomic_Masses_from_Topological_Invariants_of_Knotted_Field_Configur
ations/trefoil_knot_2.3.png>
Package pdftex.def Info: SST-59_Atomic_Masses_from_Topological_Invariants_of_Kn
otted_Field_Configurations/trefoil_knot_2.3.png  used on input line 203.
(pdftex.def)             Requested size: 99.65349pt x 103.34857pt.
<SST-59_Atomic_Masses_from_Topological_Invariants_of_Knotted_Field_Configuratio
ns/5_1.png, id=1099, 269.50688pt x 271.76532pt>
File: SST-59_Atomic_Masses_from_Topological_Invariants_of_Knotted_Field_Configu
rations/5_1.png Graphic file (type png)
<use SST-59_Atomic_Masses_from_Topological_Invariants_of_Knotted_Field_Configur
ations/5_1.png>
Package pdftex.def Info: SST-59_Atomic_Masses_from_Topological_Invariants_of_Kn
otted_Field_Configurations/5_1.png  used on input line 205.
(pdftex.def)             Requested size: 99.65349pt x 100.48938pt.
<SST-59_Atomic_Masses_from_Topological_Invariants_of_Knotted_Field_Configuratio
ns/5_2.png, id=1100, 252.945pt x 247.67531pt>
File: SST-59_Atomic_Masses_from_Topological_Invariants_of_Knotted_Field_Configu
rations/5_2.png Graphic file (type png)
<use SST-59_Atomic_Masses_from_Topological_Invariants_of_Knotted_Field_Configur
ations/5_2.png>
Package pdftex.def Info: SST-59_Atomic_Masses_from_Topological_Invariants_of_Kn
otted_Field_Configurations/5_2.png  used on input line 207.
(pdftex.def)             Requested size: 99.65349pt x 97.57935pt.
<SST-59_Atomic_Masses_from_Topological_Invariants_of_Knotted_Field_Configuratio
ns/6_1.png, id=1101, 229.60782pt x 228.10219pt>
File: SST-59_Atomic_Masses_from_Topological_Invariants_of_Knotted_Field_Configu
rations/6_1.png Graphic file (type png)
<use SST-59_Atomic_Masses_from_Topological_Invariants_of_Knotted_Field_Configur
ations/6_1.png>
Package pdftex.def Info: SST-59_Atomic_Masses_from_Topological_Invariants_of_Kn
otted_Field_Configurations/6_1.png  used on input line 209.
(pdftex.def)             Requested size: 99.65349pt x 99.00089pt.

Overfull \hbox (2.42316pt too wide) detected at line 232
[] [] \OML/lmm/m/it/12 H  \OT1/lmr/m/n/12 =  \OMS/lmsy/m/n/12 ^^@ [][] [] [] \O
ML/lmm/m/it/12 e[] []
 []


pdfTeX warning (ext4): destination with the same identifier (name{page.3}) has 
been already used, duplicate ignored
<to be read again> 
                   \relax 
l.232         \]
                 [3]
pdfTeX warning (ext4): destination with the same identifier (name{page.4}) has 
been already used, duplicate ignored
<to be read again> 
                   \relax 
l.282         \paragraph
                        {Knot-table mapping (twist family).} [4 <./SST-59_Atomi
c_Masses_from_Topological_Invariants_of_Knotted_Field_Configurations/trefoil_kn
ot_2.3.png> <./SST-59_Atomic_Masses_from_Topological_Invariants_of_Knotted_Fiel
d_Configurations/5_1.png> <./SST-59_Atomic_Masses_from_Topological_Invariants_o
f_Knotted_Field_Configurations/5_2.png> <./SST-59_Atomic_Masses_from_Topologica
l_Invariants_of_Knotted_Field_Configurations/6_1.png>]
pdfTeX warning (ext4): destination with the same identifier (name{page.5}) has 
been already used, duplicate ignored
<to be read again> 
                   \relax 
l.337     \[
             [5]

Package hyperref Warning: Token not allowed in a PDF string (Unicode):
(hyperref)                removing `math shift' on input line 352.


Package hyperref Warning: Token not allowed in a PDF string (Unicode):
(hyperref)                removing `\new@ifnextchar' on input line 352.


Package hyperref Warning: Token not allowed in a PDF string (Unicode):
(hyperref)                removing `subscript' on input line 352.


Package hyperref Warning: Token not allowed in a PDF string (Unicode):
(hyperref)                removing `math shift' on input line 352.


pdfTeX warning (ext4): destination with the same identifier (name{page.6}) has 
been already used, duplicate ignored
<to be read again> 
                   \relax 
l.400         \begin{equation}
                               [6]
pdfTeX warning (ext4): destination with the same identifier (name{page.7}) has 
been already used, duplicate ignored
<to be read again> 
                   \relax 
l.488         \end{equation}
                             [7]
pdfTeX warning (ext4): destination with the same identifier (name{page.8}) has 
been already used, duplicate ignored
<to be read again> 
                   \relax 
l.561 
       [8]
pdfTeX warning (ext4): destination with the same identifier (name{page.9}) has 
been already used, duplicate ignored
<to be read again> 
                   \relax 
l.664 
       [9]
pdfTeX warning (ext4): destination with the same identifier (name{page.10}) has
 been already used, duplicate ignored
<to be read again> 
                   \relax 
l.709 
       [10]
pdfTeX warning (ext4): destination with the same identifier (name{page.11}) has
 been already used, duplicate ignored
<to be read again> 
                   \relax 
l.766         \begin{thebibliography}{9}
                                         [11]
pdfTeX warning (ext4): destination with the same identifier (name{cite.Lee2025D
oubleTwist}) has been already used, duplicate ignored
<to be read again> 
                   \relax 
l.788             \bibitem{Lee2025DoubleTwist}
                                              )
pdfTeX warning (ext4): destination with the same identifier (name{page.12}) has
 been already used, duplicate ignored
<to be read again> 
                   \relax 
l.54 \clearpage
                [12

]
Appendix A.

(SST-59_Atomic_Masses_from_Topological_Invariants_of_Knotted_Field_Configuratio
ns/_fusion_body__SST-59.part_4_Foliation_in_Mass_Equation.tex [13


]
pdfTeX warning (ext4): destination with the same identifier (name{page.1}) has 
been already used, duplicate ignored
<to be read again> 
                   \relax 
l.54     \begin{abstract}
                          [1]
pdfTeX warning (ext4): destination with the same identifier (name{page.1}) has 
been already used, duplicate ignored
<to be read again> 
                   \relax 
l.67     \end{abstract}
                        [1]
Overfull \hbox (61.92828pt too wide) in paragraph at lines 82--83
\T1/lmr/bx/n/14.4 (-20) as \T1/lmr/bx/it/14.4 (-20) velocity-dependent cor-rec-
tions to the ef-fec-tive in-er-tial/gravitational
 []


pdfTeX warning (ext4): destination with the same identifier (name{page.1}) has 
been already used, duplicate ignored
<to be read again> 
                   \relax 
l.95 \end{equation}
                    [1]
pdfTeX warning (ext4): destination with the same identifier (name{page.2}) has 
been already used, duplicate ignored
<to be read again> 
                   \relax 
l.98     \titlepageClose
                         [2]
pdfTeX warning (ext4): destination with the same identifier (name{page.1}) has 
been already used, duplicate ignored
<to be read again> 
                   \relax 
l.187             \end{equation}
                                 [1]
pdfTeX warning (ext4): destination with the same identifier (name{page.2}) has 
been already used, duplicate ignored
<to be read again> 
                   \relax 
l.254             \begin{equation}
                                   [2]
pdfTeX warning (ext4): destination with the same identifier (name{page.3}) has 
been already used, duplicate ignored
<to be read again> 
                   \relax 
l.337 
       [3]
pdfTeX warning (ext4): destination with the same identifier (name{page.4}) has 
been already used, duplicate ignored
<to be read again> 
                   \relax 
l.383         T
               ogether, the proposed experiments define a minimal and falsif...
[4]
pdfTeX warning (ext4): destination with the same identifier (name{section.Alph0
.1}) has been already used, duplicate ignored
<to be read again> 
                   \relax 
l.414 ...r\"odinger Equation from Relational Time}
                                                  
pdfTeX warning (ext4): destination with the same identifier (name{subsection.Al
ph0.1.1}) has been already used, duplicate ignored
<to be read again> 
                   \relax 
l.422 ...ction{Relational Time and Phase Dynamics}
                                                  
pdfTeX warning (ext4): destination with the same identifier (name{subsection.Al
ph0.1.2}) has been already used, duplicate ignored
<to be read again> 
                   \relax 
l.440 ...section{Underlying Relativistic Dynamics}
                                                  
pdfTeX warning (ext4): destination with the same identifier (name{subsection.Al
ph0.1.3}) has been already used, duplicate ignored
<to be read again> 
                   \relax 
l.457         \subsection{Nonrelativistic Limit}
                                                
pdfTeX warning (ext4): destination with the same identifier (name{page.5}) has 
been already used, duplicate ignored
<to be read again> 
                   \relax 
l.464             \end{equation}
                                 [5]
pdfTeX warning (ext4): destination with the same identifier (name{subsection.Al
ph0.1.4}) has been already used, duplicate ignored
<to be read again> 
                   \relax 
l.475 ...{External Potentials and Clock Gradients}
                                                  
pdfTeX warning (ext4): destination with the same identifier (name{subsection.Al
ph0.1.5}) has been already used, duplicate ignored
<to be read again> 
                   \relax 
l.496         \subsection{Interpretation}
                                         
pdfTeX warning (ext4): destination with the same identifier (name{page.6}) has 
been already used, duplicate ignored
<to be read again> 
                   \relax 
l.520 
       [6]
pdfTeX warning (ext4): destination with the same identifier (name{page.7}) has 
been already used, duplicate ignored
<to be read again> 
                   \relax 
l.590                 \item $
                             n_K$ is the topological order index, [7]
pdfTeX warning (ext4): destination with the same identifier (name{page.8}) has 
been already used, duplicate ignored
<to be read again> 
                   \relax 
l.660 
       [8]
pdfTeX warning (ext4): destination with the same identifier (name{page.9}) has 
been already used, duplicate ignored
<to be read again> 
                   \relax 
l.718 
       [9]
pdfTeX warning (ext4): destination with the same identifier (name{page.10}) has
 been already used, duplicate ignored
<to be read again> 
                   \relax 
l.792                 \end{equation}
                                     [10]
pdfTeX warning (ext4): destination with the same identifier (name{page.11}) has
 been already used, duplicate ignored
<to be read again> 
                   \relax 
l.882             \begin{equation}
                                   [11]
pdfTeX warning (ext4): destination with the same identifier (name{page.12}) has
 been already used, duplicate ignored
<to be read again> 
                   \relax 
l.952 
       [12]
pdfTeX warning (ext4): destination with the same identifier (name{page.13}) has
 been already used, duplicate ignored
<to be read again> 
                   \relax 
l.1028             \end{equation}
                                  [13] [14] [15] [16] [17] [18]
Underfull \hbox (badness 1062) in paragraph at lines 1337--1340
[]\T1/lmr/m/n/12 (+20) A. Ki-taev, J. Preskill, et al., \T1/lmr/m/it/12 (+20) P
ar-ti-cle ex-change statis-tics be-yond fermions\T1/lmr/m/n/12 (+20) ,
 []

[19

]) [20]
pdfTeX warning (ext4): destination with the same identifier (name{appendix.A}) 
has been already used, duplicate ignored
<to be read again> 
                   \relax 
l.60 ...{SST-30 (donor) — Invariant atom masses}
                                                  
Appendix A.
(SST-30_Invariant_Atom_Masses/_fusion_body__SST-30_Invariant_Atom_Masses.tex
! Missing $ inserted.
<inserted text> 
                $
l.46     exponent-product = \times
                                  ,
I've inserted a begin-math/end-math symbol since I think
you left one out. Proceed, with fingers crossed.

! Extra }, or forgotten $.
l.50 }
      
I've deleted a group-closing symbol because it seems to be
spurious, as in `$x}$'. But perhaps the } is legitimate and
you forgot something else, as in `\hbox{$x}'. In such cases
the way to recover is to insert both the forgotten and the
deleted material, e.g., by typing `I$}'.

! Missing $ inserted.
<inserted text> 
                $
l.51 
     
I've inserted a begin-math/end-math symbol since I think
you left one out. Proceed, with fingers crossed.

[21


]
pdfTeX warning (ext4): destination with the same identifier (name{page.1}) has 
been already used, duplicate ignored
<to be read again> 
                   \relax 
l.78         \begin{abstract}
                              [1]
LaTeX Font Info:    Font shape `T1/lmtt/bx/n' in size <14.4> not available
(Font)              Font shape `T1/lmtt/b/n' tried instead on input line 79.

pdfTeX warning (ext4): destination with the same identifier (name{page.1}) has 
been already used, duplicate ignored
<to be read again> 
                   \relax 
l.83         \end{abstract}
                            [1]
pdfTeX warning (ext4): destination with the same identifier (name{page.1}) has 
been already used, duplicate ignored
<to be read again> 
                   \relax 
l.84     \titlepageClose
                         [1]
pdfTeX warning (ext4): destination with the same identifier (name{section.A.1})
 has been already used, duplicate ignored
<to be read again> 
                   \relax 
l.89         \section{Scope and conventions}
                                            
pdfTeX warning (ext4): destination with the same identifier (name{section.A.2})
 has been already used, duplicate ignored
<to be read again> 
                   \relax 
l.94 ...{Canonical constants and reference values}
                                                  
pdfTeX warning (ext4): destination with the same identifier (name{equation.A.1}
) has been already used, duplicate ignored
<to be read again> 
                   \relax 
l.105             \end{align}
                             
pdfTeX warning (ext4): destination with the same identifier (name{equation.A.2}
) has been already used, duplicate ignored
<to be read again> 
                   \relax 
l.105             \end{align}
                             
pdfTeX warning (ext4): destination with the same identifier (name{equation.A.3}
) has been already used, duplicate ignored
<to be read again> 
                   \relax 
l.105             \end{align}
                             
pdfTeX warning (ext4): destination with the same identifier (name{equation.A.4}
) has been already used, duplicate ignored
<to be read again> 
                   \relax 
l.105             \end{align}
                             
pdfTeX warning (ext4): destination with the same identifier (name{equation.A.5}
) has been already used, duplicate ignored
<to be read again> 
                   \relax 
l.105             \end{align}
                             
pdfTeX warning (ext4): destination with the same identifier (name{equation.A.6}
) has been already used, duplicate ignored
<to be read again> 
                   \relax 
l.105             \end{align}
                             
pdfTeX warning (ext4): destination with the same identifier (name{equation.A.7}
) has been already used, duplicate ignored
<to be read again> 
                   \relax 
l.105             \end{align}
                             
pdfTeX warning (ext4): destination with the same identifier (name{section.A.3})
 has been already used, duplicate ignored
<to be read again> 
                   \relax 
l.110         \section{Invariant mass kernel}
                                             
pdfTeX warning (ext4): destination with the same identifier (name{subsection.A.
3.1}) has been already used, duplicate ignored
<to be read again> 
                   \relax 
l.111 ...tion{Energy density and effective volume}
                                                  
pdfTeX warning (ext4): destination with the same identifier (name{equation.A.8}
) has been already used, duplicate ignored
<to be read again> 
                   \relax 
l.113                 \begin{equation}
                                      
pdfTeX warning (ext4): destination with the same identifier (name{equation.A.8}
) has been already used, duplicate ignored
<to be read again> 
                   \relax 
l.113                 \begin{equation}
                                      
pdfTeX warning (ext4): destination with the same identifier (name{equation.A.8}
) has been already used, duplicate ignored
<to be read again> 
                   \relax 
l.113                 \begin{equation}
                                      
pdfTeX warning (ext4): destination with the same identifier (name{equation.A.8}
) has been already used, duplicate ignored
<to be read again> 
                   \relax 
l.113                 \begin{equation}
                                      
pdfTeX warning (ext4): destination with the same identifier (name{equation.A.9}
) has been already used, duplicate ignored
<to be read again> 
                   \relax 
l.120                 \begin{equation}
                                      
pdfTeX warning (ext4): destination with the same identifier (name{equation.A.9}
) has been already used, duplicate ignored
<to be read again> 
                   \relax 
l.120                 \begin{equation}
                                      
pdfTeX warning (ext4): destination with the same identifier (name{equation.A.9}
) has been already used, duplicate ignored
<to be read again> 
                   \relax 
l.120                 \begin{equation}
                                      
pdfTeX warning (ext4): destination with the same identifier (name{equation.A.9}
) has been already used, duplicate ignored
<to be read again> 
                   \relax 
l.120                 \begin{equation}
                                      
pdfTeX warning (ext4): destination with the same identifier (name{equation.A.10
}) has been already used, duplicate ignored
<to be read again> 
                   \relax 
l.128                 \begin{equation}
                                      
pdfTeX warning (ext4): destination with the same identifier (name{equation.A.10
}) has been already used, duplicate ignored
<to be read again> 
                   \relax 
l.128                 \begin{equation}
                                      
pdfTeX warning (ext4): destination with the same identifier (name{equation.A.10
}) has been already used, duplicate ignored
<to be read again> 
                   \relax 
l.128                 \begin{equation}
                                      
pdfTeX warning (ext4): destination with the same identifier (name{equation.A.10
}) has been already used, duplicate ignored
<to be read again> 
                   \relax 
l.128                 \begin{equation}
                                      
pdfTeX warning (ext4): destination with the same identifier (name{page.1}) has 
been already used, duplicate ignored
<to be read again> 
                   \relax 
l.143 
       [1]
pdfTeX warning (ext4): destination with the same identifier (name{section.A.4})
 has been already used, duplicate ignored
<to be read again> 
                   \relax 
l.144 ...-geometry assembly and computation paths}
                                                  
pdfTeX warning (ext4): destination with the same identifier (name{subsection.A.
4.1}) has been already used, duplicate ignored
<to be read again> 
                   \relax 
l.145         \subsection{Lepton calibration}
                                             
pdfTeX warning (ext4): destination with the same identifier (name{equation.A.11
}) has been already used, duplicate ignored
<to be read again> 
                   \relax 
l.151             \end{align}
                             
pdfTeX warning (ext4): destination with the same identifier (name{equation.A.12
}) has been already used, duplicate ignored
<to be read again> 
                   \relax 
l.151             \end{align}
                             
pdfTeX warning (ext4): destination with the same identifier (name{equation.A.13
}) has been already used, duplicate ignored
<to be read again> 
                   \relax 
l.151             \end{align}
                             
pdfTeX warning (ext4): destination with the same identifier (name{subsection.A.
4.2}) has been already used, duplicate ignored
<to be read again> 
                   \relax 
l.162 ...section{Baryon-sector ropelength mapping}
                                                  
pdfTeX warning (ext4): destination with the same identifier (name{subsection.A.
4.3}) has been already used, duplicate ignored
<to be read again> 
                   \relax 
l.177 ... closure used in \texttt{exact\_closure}}
                                                  
LaTeX Font Info:    Font shape `T1/lmtt/bx/n' in size <12> not available
(Font)              Font shape `T1/lmtt/b/n' tried instead on input line 177.

pdfTeX warning (ext4): destination with the same identifier (name{page.2}) has 
been already used, duplicate ignored
<to be read again> 
                   \relax 
l.193         \end{align}
                          [2]
pdfTeX warning (ext4): destination with the same identifier (name{section.A.5})
 has been already used, duplicate ignored
<to be read again> 
                   \relax 
l.196 ...ion{From nucleons to atoms and molecules}
                                                  
pdfTeX warning (ext4): destination with the same identifier (name{section.A.6})
 has been already used, duplicate ignored
<to be read again> 
                   \relax 
l.238 ...\section{Results (from the provided run)}
                                                  
pdfTeX warning (ext4): destination with the same identifier (name{page.3}) has 
been already used, duplicate ignored
<to be read again> 
                   \relax 
l.247             \end{align}
                              [3]
Overfull \hbox (3.0417pt too wide) detected at line 300
$\OMS/lmsy/m/n/10.95 ^^@\OT1/lmr/m/n/10.95 0$
 []


Overfull \hbox (3.0417pt too wide) detected at line 302
$\OMS/lmsy/m/n/10.95 ^^@\OT1/lmr/m/n/10.95 0$
 []


Overfull \hbox (3.0417pt too wide) detected at line 303
$\OMS/lmsy/m/n/10.95 ^^@\OT1/lmr/m/n/10.95 0$
 []


Overfull \hbox (3.0417pt too wide) detected at line 305
$\OMS/lmsy/m/n/10.95 ^^@\OT1/lmr/m/n/10.95 0$
 []


Overfull \hbox (3.0417pt too wide) detected at line 307
$\OMS/lmsy/m/n/10.95 ^^@\OT1/lmr/m/n/10.95 0$
 []


Overfull \hbox (3.0417pt too wide) detected at line 308
$\OMS/lmsy/m/n/10.95 ^^@\OT1/lmr/m/n/10.95 0$
 []


Overfull \hbox (3.0417pt too wide) detected at line 309
$\OMS/lmsy/m/n/10.95 ^^@\OT1/lmr/m/n/10.95 0$
 []


LaTeX Warning: `h' float specifier changed to `ht'.


Overfull \hbox (3.0417pt too wide) detected at line 326
$\OMS/lmsy/m/n/10.95 ^^@\OT1/lmr/m/n/10.95 1$
 []


Overfull \hbox (3.0417pt too wide) detected at line 327
$\OMS/lmsy/m/n/10.95 ^^@\OT1/lmr/m/n/10.95 1$
 []


Overfull \hbox (3.0417pt too wide) detected at line 329
$\OMS/lmsy/m/n/10.95 ^^@\OT1/lmr/m/n/10.95 0$
 []


Overfull \hbox (3.0417pt too wide) detected at line 331
$\OMS/lmsy/m/n/10.95 ^^@\OT1/lmr/m/n/10.95 1$
 []


Overfull \hbox (3.0417pt too wide) detected at line 332
$\OMS/lmsy/m/n/10.95 ^^@\OT1/lmr/m/n/10.95 0$
 []


pdfTeX warning (ext4): destination with the same identifier (name{page.4}) has 
been already used, duplicate ignored
<to be read again> 
                   \relax 
l.334             \end{table}
                              [4]
pdfTeX warning (ext4): destination with the same identifier (name{section.A.7})
 has been already used, duplicate ignored
<to be read again> 
                   \relax 
l.336 ... \section{Interpretation and limitations}
                                                  
pdfTeX warning (ext4): destination with the same identifier (name{page.5}) has 
been already used, duplicate ignored
<to be read again> 
                   \relax 
l.349         \section
                      {Falsifiable checks enabled by this kernel} [5]
pdfTeX warning (ext4): destination with the same identifier (name{page.6}) has 
been already used, duplicate ignored
<to be read again> 
                   \relax 
l.364         \begin{thebibliography}{99}
                                          [6]
pdfTeX warning (ext4): destination with the same identifier (name{cite.Batchelo
r1967}) has been already used, duplicate ignored
<to be read again> 
                   \relax 
l.395             \bibitem{Batchelor1967}
                                         
pdfTeX warning (ext4): destination with the same identifier (name{cite.Saffman1
992}) has been already used, duplicate ignored
<to be read again> 
                   \relax 
l.401             \bibitem{Saffman1992}
                                       
pdfTeX warning (ext4): destination with the same identifier (name{cite.Weizsaec
ker1935}) has been already used, duplicate ignored
<to be read again> 
                   \relax 
l.407             \bibitem{Weizsaecker1935}
                                           
pdfTeX warning (ext4): destination with the same identifier (name{cite.Cantarel
la2002Ropelength}) has been already used, duplicate ignored
<to be read again> 
                   \relax 
l.425 ...       \bibitem{Cantarella2002Ropelength}
                                                  )
pdfTeX warning (ext4): destination with the same identifier (name{page.7}) has 
been already used, duplicate ignored
<to be read again> 
                   \relax 
l.62 \clearpage
                [7

] (SST-30-59_Fusion_master.aux)
 ***********
LaTeX2e <2025-11-01>
L3 programming layer <2025-11-06>
 ***********


LaTeX Warning: There were undefined references.


LaTeX Warning: There were multiply-defined labels.

Package rerunfilecheck Info: File `SST-30-59_Fusion_master.out' has not changed
.
(rerunfilecheck)             Checksum: 9125DE5E8C6B96AA2C0EF613F6452284;36961.
 ) 
Here is how much of TeX's memory you used:
 19274 strings out of 467872
 366203 string characters out of 5429454
 780944 words of memory out of 5000000
 46798 multiletter control sequences out of 15000+600000
 830272 words of font info for 450 fonts, out of 8000000 for 9000
 1141 hyphenation exceptions out of 8191
 75i,13n,80p,1022b,1258s stack positions out of 10000i,1000n,20000p,200000b,200000s
<C:/Users/oscar/MikTex/fonts/type1/public/lm/lmbx10.pfb><C:/Users/oscar/MikTe
x/fonts/type1/public/lm/lmbx12.pfb><C:/Users/oscar/MikTex/fonts/type1/public/lm
/lmbx6.pfb><C:/Users/oscar/MikTex/fonts/type1/public/lm/lmbx8.pfb><C:/Users/osc
ar/MikTex/fonts/type1/public/lm/lmbx9.pfb><C:/Users/oscar/MikTex/fonts/type1/pu
blic/lm/lmbxi10.pfb><C:/Users/oscar/MikTex/fonts/type1/public/lm/lmex10.pfb><C:
/Users/oscar/MikTex/fonts/type1/public/lm/lmmi10.pfb><C:/Users/oscar/MikTex/fon
ts/type1/public/lm/lmmi12.pfb><C:/Users/oscar/MikTex/fonts/type1/public/lm/lmmi
6.pfb><C:/Users/oscar/MikTex/fonts/type1/public/lm/lmmi8.pfb><C:/Users/oscar/Mi
kTex/fonts/type1/public/lm/lmmib10.pfb><C:/Users/oscar/MikTex/fonts/type1/publi
c/lm/lmr10.pfb><C:/Users/oscar/MikTex/fonts/type1/public/lm/lmr12.pfb><C:/Users
/oscar/MikTex/fonts/type1/public/lm/lmr17.pfb><C:/Users/oscar/MikTex/fonts/type
1/public/lm/lmr6.pfb><C:/Users/oscar/MikTex/fonts/type1/public/lm/lmr8.pfb><C:/
Users/oscar/MikTex/fonts/type1/public/lm/lmri10.pfb><C:/Users/oscar/MikTex/font
s/type1/public/lm/lmri12.pfb><C:/Users/oscar/MikTex/fonts/type1/public/lm/lmss1
0.pfb><C:/Users/oscar/MikTex/fonts/type1/public/lm/lmss12.pfb><C:/Users/oscar/M
ikTex/fonts/type1/public/lm/lmss8.pfb><C:/Users/oscar/MikTex/fonts/type1/public
/lm/lmsy10.pfb><C:/Users/oscar/MikTex/fonts/type1/public/lm/lmsy8.pfb><C:/Users
/oscar/MikTex/fonts/type1/public/lm/lmtk10.pfb><C:/Users/oscar/MikTex/fonts/typ
e1/public/lm/lmtt10.pfb><C:/Users/oscar/MikTex/fonts/type1/public/lm/lmtt12.pfb
><C:/Users/oscar/MikTex/fonts/type1/public/amsfonts/symbols/msam10.pfb><C:/User
s/oscar/MikTex/fonts/type1/public/amsfonts/symbols/msam7.pfb><C:/Users/oscar/Mi
kTex/fonts/type1/public/amsfonts/symbols/msbm10.pfb>
Output written on SST-30-59_Fusion_master.pdf (80 pages, 1097248 bytes).
PDF statistics:
 1779 PDF objects out of 2073 (max. 8388607)
 476 named destinations out of 1000 (max. 500000)
 112389 words of extra memory for PDF output out of 128383 (max. 10000000)

