\BOOKMARK [0][-]{chapter.1}{\376\377\000S\000S\000T\000-\0005\0009\000\040\000P\000a\000r\000t\000\040\0001\000\040\040\024\000\040\000M\000a\000s\000s\000\040\000h\000y\000d\000r\000o\000d\000y\000n\000a\000m\000i\000c\000\040\000t\000o\000p\000o\000l\000o\000g\000y}{}% 1
\BOOKMARK [1][-]{section.1.1}{\376\377\000I\000n\000t\000r\000o\000d\000u\000c\000t\000i\000o\000n\000\040\000a\000n\000d\000\040\000s\000c\000o\000p\000e}{chapter.1}% 2
\BOOKMARK [1][-]{section.1.2}{\376\377\000H\000y\000d\000r\000o\000d\000y\000n\000a\000m\000i\000c\000\040\000s\000u\000b\000s\000t\000r\000a\000t\000e\000\040\000a\000n\000d\000\040\000t\000o\000p\000o\000l\000o\000g\000i\000c\000a\000l\000\040\000s\000t\000a\000b\000i\000l\000i\000t\000y}{chapter.1}% 3
\BOOKMARK [2][-]{subsection.1.2.1}{\376\377\000E\000u\000l\000e\000r\040\023\000K\000e\000l\000v\000i\000n\000\040\000r\000e\000g\000i\000m\000e}{section.1.2}% 4
\BOOKMARK [2][-]{subsection.1.2.2}{\376\377\000F\000i\000l\000a\000m\000e\000n\000t\000a\000r\000y\000\040\000d\000e\000f\000e\000c\000t\000s\000\040\000a\000s\000\040\000p\000e\000r\000s\000i\000s\000t\000e\000n\000t\000\040\000e\000x\000c\000i\000t\000a\000t\000i\000o\000n\000s}{section.1.2}% 5
\BOOKMARK [1][-]{section.1.3}{\376\377\000M\000a\000s\000s\000\040\000a\000s\000\040\000l\000o\000c\000a\000l\000i\000z\000e\000d\000\040\000k\000i\000n\000e\000t\000i\000c\000\040\000e\000n\000e\000r\000g\000y}{chapter.1}% 6
\BOOKMARK [2][-]{subsection.1.3.1}{\376\377\000C\000o\000v\000a\000r\000i\000a\000n\000t\000\040\000d\000e\000f\000i\000n\000i\000t\000i\000o\000n\000\040\000\050\000o\000r\000t\000h\000o\000d\000o\000x\000\040\000f\000r\000a\000m\000i\000n\000g\000\051}{section.1.3}% 7
\BOOKMARK [2][-]{subsection.1.3.2}{\376\377\000C\000o\000r\000e\000-\000l\000o\000c\000a\000l\000i\000z\000e\000d\000\040\000e\000n\000e\000r\000g\000y\000\040\000d\000e\000n\000s\000i\000t\000y\000\040\000s\000c\000a\000l\000e}{section.1.3}% 8
\BOOKMARK [1][-]{section.1.4}{\376\377\000G\000e\000o\000m\000e\000t\000r\000y\000:\000\040\000v\000o\000l\000u\000m\000e\000\040\000p\000r\000o\000x\000y\000\040\000f\000r\000o\000m\000\040\000r\000o\000p\000e\000l\000e\000n\000g\000t\000h}{chapter.1}% 9
\BOOKMARK [2][-]{subsection.1.4.1}{\376\377\000S\000l\000e\000n\000d\000e\000r\000-\000f\000i\000l\000a\000m\000e\000n\000t\000\040\000v\000o\000l\000u\000m\000e\000\040\000a\000p\000p\000r\000o\000x\000i\000m\000a\000t\000i\000o\000n}{section.1.4}% 10
\BOOKMARK [1][-]{section.1.5}{\376\377\000T\000o\000p\000o\000l\000o\000g\000y\000:\000\040\000a\000\040\000m\000i\000n\000i\000m\000a\000l\000\040\000c\000l\000o\000s\000e\000d\000\040\000k\000e\000r\000n\000e\000l}{chapter.1}% 11
\BOOKMARK [2][-]{subsection.1.5.1}{\376\377\000F\000a\000c\000t\000o\000r\000i\000z\000e\000d\000\040\000m\000a\000s\000t\000e\000r\000\040\000f\000o\000r\000m\000u\000l\000a}{section.1.5}% 12
\BOOKMARK [2][-]{subsection.1.5.2}{\376\377\000M\000i\000n\000i\000m\000a\000l\000\040\000k\000e\000r\000n\000e\000l\000\040\000c\000h\000o\000i\000c\000e\000\040\000a\000n\000d\000\040\000i\000n\000t\000e\000r\000p\000r\000e\000t\000a\000t\000i\000o\000n}{section.1.5}% 13
\BOOKMARK [2][-]{subsection.1.5.3}{\376\377\000F\000o\000r\000m\000a\000l\000\040\000s\000h\000i\000e\000l\000d\000i\000n\000g\000\040\000g\000a\000t\000e\000\040\000v\000i\000a\000\040\000r\000a\000t\000i\000o\000n\000a\000l\000\040\000s\000l\000i\000c\000e\000n\000e\000s\000s\000\040\000\050\000h\000a\000r\000d\000\040\000c\000o\000n\000s\000t\000r\000a\000i\000n\000t\000\051}{section.1.5}% 14
\BOOKMARK [2][-]{subsection.1.5.4}{\376\377\000D\000S\000I\000\040\000m\000o\000t\000i\000v\000a\000t\000i\000o\000n\000\040\000\050\000o\000r\000t\000h\000o\000d\000o\000x\000\040\000p\000h\000r\000a\000s\000i\000n\000g\000\051}{section.1.5}% 15
\BOOKMARK [1][-]{section.1.6}{\376\377\000R\000e\000p\000r\000e\000s\000e\000n\000t\000a\000t\000i\000v\000e\000\040\000s\000e\000l\000e\000c\000t\000i\000o\000n\000\040\000v\000s\000.\000\040\000m\000a\000s\000s\000\040\000k\000e\000r\000n\000e\000l}{chapter.1}% 16
\BOOKMARK [1][-]{section.1.7}{\376\377\000C\000a\000l\000i\000b\000r\000a\000t\000i\000o\000n\000,\000\040\000p\000r\000e\000d\000i\000c\000t\000i\000o\000n\000\040\000p\000r\000o\000g\000r\000a\000m\000,\000\040\000a\000n\000d\000\040\000l\000i\000m\000i\000t\000a\000t\000i\000o\000n\000s}{chapter.1}% 17
\BOOKMARK [2][-]{subsection.1.7.1}{\376\377\000C\000a\000l\000i\000b\000r\000a\000t\000i\000o\000n\000\040\000b\000o\000u\000n\000d\000a\000r\000y}{section.1.7}% 18
\BOOKMARK [2][-]{subsection.1.7.2}{\376\377\000C\000o\000m\000p\000o\000s\000i\000t\000e\000\040\000s\000y\000s\000t\000e\000m\000s\000\040\000a\000n\000d\000\040\000b\000i\000n\000d\000i\000n\000g\000\040\000e\000n\000e\000r\000g\000y}{section.1.7}% 19
\BOOKMARK [2][-]{subsection.1.7.3}{\376\377\000P\000r\000e\000f\000e\000r\000r\000e\000d\000-\000f\000r\000a\000m\000e\000\040\000\050\000f\000o\000l\000i\000a\000t\000i\000o\000n\000\051\000\040\000e\000x\000t\000e\000n\000s\000i\000o\000n\000\040\000a\000n\000d\000\040\000f\000a\000l\000s\000i\000f\000i\000e\000r\000s}{section.1.7}% 20
\BOOKMARK [1][-]{section.1.8}{\376\377\000N\000u\000m\000e\000r\000i\000c\000a\000l\000\040\000s\000a\000n\000i\000t\000y\000\040\000c\000h\000e\000c\000k\000\040\000\050\000d\000i\000m\000e\000n\000s\000i\000o\000n\000\040\000a\000n\000d\000\040\000s\000c\000a\000l\000e\000\051}{chapter.1}% 21
\BOOKMARK [1][-]{section.1.9}{\376\377\000R\000e\000s\000o\000l\000u\000t\000i\000o\000n\000\040\000C\000o\000n\000s\000i\000s\000t\000e\000n\000c\000y\000\040\000a\000n\000d\000\040\000G\000r\000a\000d\000i\000e\000n\000t\000\040\000E\000x\000p\000a\000n\000s\000i\000o\000n\000\040\000o\000f\000\040\000t\000h\000e\000\040\000M\000a\000s\000s\000\040\000F\000u\000n\000c\000t\000i\000o\000n\000a\000l}{chapter.1}% 22
\BOOKMARK [2][-]{subsection.1.9.1}{\376\377\000M\000o\000t\000i\000v\000a\000t\000i\000o\000n}{section.1.9}% 23
\BOOKMARK [2][-]{subsection.1.9.2}{\376\377\000G\000r\000a\000d\000i\000e\000n\000t\000\040\000E\000x\000p\000a\000n\000s\000i\000o\000n\000\040\000u\000n\000d\000e\000r\000\040\000C\000o\000a\000r\000s\000e\000-\000G\000r\000a\000i\000n\000i\000n\000g}{section.1.9}% 24
\BOOKMARK [2][-]{subsection.1.9.3}{\376\377\000E\000f\000f\000e\000c\000t\000i\000v\000e\000\040\000S\000w\000i\000r\000l\000\040\000E\000n\000e\000r\000g\000y\000\040\000D\000e\000n\000s\000i\000t\000y}{section.1.9}% 25
\BOOKMARK [2][-]{subsection.1.9.4}{\376\377\000R\000e\000s\000o\000l\000u\000t\000i\000o\000n\000-\000C\000o\000n\000s\000i\000s\000t\000e\000n\000t\000\040\000M\000a\000s\000s\000\040\000F\000u\000n\000c\000t\000i\000o\000n\000a\000l}{section.1.9}% 26
\BOOKMARK [2][-]{subsection.1.9.5}{\376\377\000F\000a\000l\000s\000i\000f\000i\000a\000b\000l\000e\000\040\000D\000i\000a\000g\000n\000o\000s\000t\000i\000c}{section.1.9}% 27
\BOOKMARK [1][-]{section.1.10}{\376\377\000C\000o\000n\000c\000l\000u\000s\000i\000o\000n\000s}{chapter.1}% 28
\BOOKMARK [0][-]{chapter.2}{\376\377\000S\000S\000T\000-\0005\0009\000\040\000P\000a\000r\000t\000\040\0002\000\040\040\024\000\040\000M\000a\000s\000s\000\040\000g\000e\000n\000e\000r\000a\000t\000i\000o\000n\000\040\000/\000\040\000t\000o\000p\000o\000l\000o\000g\000i\000c\000a\000l\000\040\000s\000h\000i\000e\000l\000d\000i\000n\000g}{}% 29
\BOOKMARK [1][-]{section.2.1}{\376\377\000I\000n\000t\000r\000o\000d\000u\000c\000t\000i\000o\000n}{chapter.2}% 30
\BOOKMARK [1][-]{section.2.2}{\376\377\000T\000h\000e\000\040\000S\000S\000T\000\040\000M\000a\000s\000t\000e\000r\000\040\000E\000q\000u\000a\000t\000i\000o\000n}{chapter.2}% 31
\BOOKMARK [1][-]{section.2.3}{\376\377\000A\000\040\000f\000o\000r\000m\000a\000l\000\040\000s\000h\000i\000e\000l\000d\000i\000n\000g\000\040\000g\000a\000t\000e\000\040\000f\000r\000o\000m\000\040\000r\000a\000t\000i\000o\000n\000a\000l\000\040\000s\000l\000i\000c\000e\000n\000e\000s\000s}{chapter.2}% 32
\BOOKMARK [2][-]{subsection.2.3.1}{\376\377\000W\000h\000y\000\040\000a\000\040\000g\000a\000t\000e\000\040\000\050\000n\000o\000t\000\040\000a\000\040\000n\000a\000r\000r\000a\000t\000i\000v\000e\000\051}{section.2.3}% 33
\BOOKMARK [2][-]{subsection.2.3.2}{\376\377\000R\000a\000t\000i\000o\000n\000a\000l\000\040\000c\000o\000n\000c\000o\000r\000d\000a\000n\000c\000e\000\040\000b\000a\000c\000k\000g\000r\000o\000u\000n\000d\000\040\000\050\000d\000e\000f\000i\000n\000i\000t\000i\000o\000n\000s\000\051}{section.2.3}% 34
\BOOKMARK [2][-]{subsection.2.3.3}{\376\377\000S\000h\000i\000e\000l\000d\000i\000n\000g\000\040\000g\000a\000t\000e\000\040\000\050\000a\000x\000i\000o\000m\000a\000t\000i\000c\000a\000l\000l\000y\000\040\000t\000i\000e\000d\000\040\000t\000o\000\040\000C\000Q\000\051}{section.2.3}% 35
\BOOKMARK [1][-]{section.2.4}{\376\377\000D\000o\000u\000b\000l\000e\000-\000t\000w\000i\000s\000t\000\040\000k\000n\000o\000t\000s\000\040\000a\000s\000\040\000a\000\040\000h\000a\000r\000d\000\040\000c\000o\000n\000s\000t\000r\000a\000i\000n\000t\000\040\000o\000n\000\040\000t\000h\000e\000\040\000g\000a\000t\000e}{chapter.2}% 36
\BOOKMARK [2][-]{subsection.2.4.1}{\376\377\000D\000e\000f\000i\000n\000i\000t\000i\000o\000n\000\040\000o\000f\000\040\000t\000h\000e\000\040\000f\000a\000m\000i\000l\000y\000\040\000K\000m\000,\000n}{section.2.4}% 37
\BOOKMARK [2][-]{subsection.2.4.2}{\376\377\000E\000x\000a\000c\000t\000\040\000r\000a\000t\000i\000o\000n\000a\000l\000\040\000s\000l\000i\000c\000e\000n\000e\000s\000s\000\040\000c\000h\000a\000r\000a\000c\000t\000e\000r\000i\000z\000a\000t\000i\000o\000n}{section.2.4}% 38
\BOOKMARK [1][-]{section.2.5}{\376\377\000B\000r\000i\000d\000g\000e\000\040\000t\000o\000\040\000a\000t\000o\000m\000i\000c\000\040\000m\000a\000s\000s\000e\000s\000\040\000v\000i\000a\000\040\000a\000n\000\040\000S\000E\000M\000F\000-\000c\000o\000m\000p\000a\000t\000i\000b\000l\000e\000\040\000b\000i\000n\000d\000i\000n\000g\000\040\000f\000u\000n\000c\000t\000i\000o\000n\000a\000l}{chapter.2}% 39
\BOOKMARK [2][-]{subsection.2.5.1}{\376\377\000W\000h\000a\000t\000\040\000S\000E\000M\000F\000\040\000i\000s\000\040\000\050\000a\000n\000d\000\040\000w\000h\000y\000\040\000i\000t\000\040\000i\000s\000\040\000a\000\040\000b\000r\000i\000d\000g\000e\000\051}{section.2.5}% 40
\BOOKMARK [2][-]{subsection.2.5.2}{\376\377\000A\000t\000o\000m\000i\000c\000\040\000m\000a\000s\000s\000\040\000m\000a\000s\000t\000e\000r\000\040\000e\000q\000u\000a\000t\000i\000o\000n\000\040\000\050\000k\000e\000r\000n\000e\000l\000\040\000+\000\040\000b\000i\000n\000d\000i\000n\000g\000\040\000s\000u\000b\000t\000r\000a\000c\000t\000i\000o\000n\000\051}{section.2.5}% 41
\BOOKMARK [2][-]{subsection.2.5.3}{\376\377\000S\000E\000M\000F\000\040\000b\000r\000i\000d\000g\000e\000\040\000f\000u\000n\000c\000t\000i\000o\000n\000a\000l\000\040\000\050\000d\000r\000o\000p\000-\000i\000n\000\051}{section.2.5}% 42
\BOOKMARK [1][-]{section.2.6}{\376\377\000D\000e\000r\000i\000v\000a\000t\000i\000o\000n\000\040\000o\000f\000\040\000F\000a\000c\000t\000o\000r\000s}{chapter.2}% 43
\BOOKMARK [2][-]{subsection.2.6.1}{\376\377\000G\000e\000o\000m\000e\000t\000r\000i\000c\000\040\000B\000a\000s\000e\000\040\000M\000a\000s\000s\000\040\000\050\000M\0000\000\051}{section.2.6}% 44
\BOOKMARK [2][-]{subsection.2.6.2}{\376\377\000S\000p\000e\000c\000t\000r\000a\000l\000\040\000S\000u\000p\000p\000r\000e\000s\000s\000i\000o\000n\000\040\000\050\000k\000-\0003\000/\0002\000\051}{section.2.6}% 45
\BOOKMARK [1][-]{section.2.7}{\376\377\000R\000e\000s\000u\000l\000t\000s\000\040\000a\000n\000d\000\040\000V\000a\000l\000i\000d\000a\000t\000i\000o\000n}{chapter.2}% 46
\BOOKMARK [2][-]{subsection.2.7.1}{\376\377\000T\000h\000e\000\040\000P\000r\000o\000t\000o\000n\000-\000E\000l\000e\000c\000t\000r\000o\000n\000\040\000R\000a\000t\000i\000o}{section.2.7}% 47
\BOOKMARK [1][-]{section.2.8}{\376\377\000C\000o\000n\000c\000l\000u\000s\000i\000o\000n}{chapter.2}% 48
\BOOKMARK [0][-]{chapter.3}{\376\377\000S\000S\000T\000-\0005\0009\000\040\000P\000a\000r\000t\000\040\0003\000\040\040\024\000\040\000A\000t\000o\000m\000i\000c\000\040\000m\000a\000s\000s\000e\000s\000\040\000f\000r\000o\000m\000\040\000t\000o\000p\000o\000l\000o\000g\000i\000c\000a\000l\000\040\000i\000n\000v\000a\000r\000i\000a\000n\000t\000s}{}% 49
\BOOKMARK [1][-]{section.3.1}{\376\377\000C\000a\000n\000o\000n\000i\000c\000a\000l\000\040\000E\000n\000e\000r\000g\000y\000\040\000D\000e\000n\000s\000i\000t\000y}{chapter.3}% 50
\BOOKMARK [1][-]{section.3.2}{\376\377\000I\000n\000v\000a\000r\000i\000a\000n\000t\000\040\000M\000a\000s\000s\000\040\000M\000a\000p\000p\000i\000n\000g}{chapter.3}% 51
\BOOKMARK [1][-]{section.3.3}{\376\377\000G\000e\000o\000m\000e\000t\000r\000i\000c\000\040\000V\000o\000l\000u\000m\000e\000\040\000f\000r\000o\000m\000\040\000R\000o\000p\000e\000l\000e\000n\000g\000t\000h}{chapter.3}% 52
\BOOKMARK [1][-]{section.3.4}{\376\377\000T\000o\000p\000o\000l\000o\000g\000i\000c\000a\000l\000\040\000S\000u\000p\000p\000r\000e\000s\000s\000i\000o\000n\000\040\000F\000a\000c\000t\000o\000r\000s}{chapter.3}% 53
\BOOKMARK [1][-]{section.3.5}{\376\377\000R\000o\000u\000t\000e\000\040\000I\000:\000\040\000H\000y\000p\000e\000r\000b\000o\000l\000i\000c\000-\000v\000o\000l\000u\000m\000e\000\040\000s\000e\000l\000e\000c\000t\000i\000o\000n\000\040\000f\000o\000r\000\040\000t\000h\000e\000\040\000q\000u\000a\000r\000k\000-\000s\000e\000c\000t\000o\000r\000\040\000r\000e\000p\000r\000e\000s\000e\000n\000t\000a\000t\000i\000v\000e\000s}{chapter.3}% 54
\BOOKMARK [2][-]{subsection.3.5.1}{\376\377\000W\000h\000y\000\040\000h\000y\000p\000e\000r\000b\000o\000l\000i\000c\000\040\000v\000o\000l\000u\000m\000e\000\040\000i\000s\000\040\000a\000n\000\040\000i\000n\000v\000a\000r\000i\000a\000n\000t}{section.3.5}% 55
\BOOKMARK [2][-]{subsection.3.5.2}{\376\377\000V\000a\000l\000u\000e\000s\000\040\000f\000o\000r\000\040\000t\000h\000e\000\040\000c\000h\000o\000s\000e\000n\000\040\000r\000e\000p\000r\000e\000s\000e\000n\000t\000a\000t\000i\000v\000e\000s}{section.3.5}% 56
\BOOKMARK [2][-]{subsection.3.5.3}{\376\377\000H\000o\000w\000\040\000V\000o\000l\000H\000\040\000c\000a\000n\000\040\000e\000n\000t\000e\000r\000\040\000w\000i\000t\000h\000o\000u\000t\000\040\000a\000l\000t\000e\000r\000i\000n\000g\000\040\000t\000h\000e\000\040\000k\000e\000r\000n\000e\000l}{section.3.5}% 57
\BOOKMARK [1][-]{section.3.6}{\376\377\000I\000n\000v\000a\000r\000i\000a\000n\000t\000\040\000M\000a\000s\000t\000e\000r\000\040\000M\000a\000s\000s\000\040\000F\000o\000r\000m\000u\000l\000a}{chapter.3}% 58
\BOOKMARK [1][-]{section.3.7}{\376\377\000C\000a\000l\000i\000b\000r\000a\000t\000i\000o\000n\000\040\000S\000t\000r\000a\000t\000e\000g\000y}{chapter.3}% 59
\BOOKMARK [2][-]{subsection.3.7.1}{\376\377\000L\000e\000p\000t\000o\000n\000s}{section.3.7}% 60
\BOOKMARK [2][-]{subsection.3.7.2}{\376\377\000B\000a\000r\000y\000o\000n\000s}{section.3.7}% 61
\BOOKMARK [1][-]{section.3.8}{\376\377\000N\000u\000c\000l\000e\000a\000r\000\040\000B\000i\000n\000d\000i\000n\000g\000\040\000C\000o\000r\000r\000e\000c\000t\000i\000o\000n\000\040\000\050\000H\000y\000b\000r\000i\000d\000\040\000A\000p\000p\000r\000o\000x\000i\000m\000a\000t\000i\000o\000n\000\051}{chapter.3}% 62
\BOOKMARK [2][-]{subsection.3.8.1}{\376\377\000I\000n\000t\000e\000r\000p\000r\000e\000t\000a\000t\000i\000o\000n\000\040\000o\000f\000\040\000t\000h\000e\000\040\000C\000o\000n\000s\000t\000a\000n\000t\000s\000\040\000a\000n\000d\000\040\000I\000n\000d\000i\000c\000e\000s}{section.3.8}% 63
\BOOKMARK [2][-]{subsection.3.8.2}{\376\377\000S\000c\000o\000p\000e\000\040\000a\000n\000d\000\040\000L\000i\000m\000i\000t\000a\000t\000i\000o\000n\000s}{section.3.8}% 64
\BOOKMARK [1][-]{section.3.9}{\376\377\000D\000i\000m\000e\000n\000s\000i\000o\000n\000a\000l\000\040\000C\000o\000n\000s\000i\000s\000t\000e\000n\000c\000y}{chapter.3}% 65
\BOOKMARK [1][-]{section.3.10}{\376\377\000C\000o\000n\000c\000l\000u\000s\000i\000o\000n}{chapter.3}% 66
\BOOKMARK [1][-]{section.Alph0.1}{\376\377\000N\000u\000m\000e\000r\000i\000c\000a\000l\000\040\000V\000e\000r\000i\000f\000i\000c\000a\000t\000i\000o\000n\000\040\000a\000n\000d\000\040\000A\000c\000c\000u\000r\000a\000c\000y\000\040\000A\000s\000s\000e\000s\000s\000m\000e\000n\000t}{chapter.3}% 67
\BOOKMARK [2][-]{subsection.Alph0.1.1}{\376\377\000D\000a\000t\000a\000\040\000a\000n\000d\000\040\000E\000v\000a\000l\000u\000a\000t\000i\000o\000n\000\040\000P\000r\000o\000t\000o\000c\000o\000l}{section.Alph0.1}% 68
\BOOKMARK [2][-]{subsection.Alph0.1.2}{\376\377\000G\000l\000o\000b\000a\000l\000\040\000A\000c\000c\000u\000r\000a\000c\000y\000\040\000S\000t\000a\000t\000i\000s\000t\000i\000c\000s}{section.Alph0.1}% 69
\BOOKMARK [2][-]{subsection.Alph0.1.3}{\376\377\000I\000n\000t\000e\000r\000p\000r\000e\000t\000a\000t\000i\000o\000n\000\040\000o\000f\000\040\000R\000e\000s\000i\000d\000u\000a\000l\000s}{section.Alph0.1}% 70
\BOOKMARK [2][-]{subsection.Alph0.1.4}{\376\377\000C\000r\000o\000s\000s\000-\000M\000o\000d\000e\000\040\000C\000o\000n\000s\000i\000s\000t\000e\000n\000c\000y}{section.Alph0.1}% 71
\BOOKMARK [2][-]{subsection.Alph0.1.5}{\376\377\000R\000e\000p\000r\000o\000d\000u\000c\000i\000b\000i\000l\000i\000t\000y}{section.Alph0.1}% 72
\BOOKMARK [0][-]{appendix.A}{\376\377\000S\000S\000T\000-\0005\0009\000\040\000P\000a\000r\000t\000\040\0004\000\040\040\024\000\040\000F\000o\000l\000i\000a\000t\000i\000o\000n\000\040\000i\000n\000\040\000m\000a\000s\000s\000\040\000e\000q\000u\000a\000t\000i\000o\000n}{}% 73
\BOOKMARK [1][-]{section.A.1}{\376\377\000M\000a\000s\000s\000\040\000F\000u\000n\000c\000t\000i\000o\000n\000a\000l\000\040\000a\000n\000d\000\040\000C\000l\000o\000c\000k\000\040\000F\000o\000l\000i\000a\000t\000i\000o\000n}{appendix.A}% 74
\BOOKMARK [1][-]{section.A.2}{\376\377\000V\000e\000l\000o\000c\000i\000t\000y\000-\000D\000e\000p\000e\000n\000d\000e\000n\000t\000\040\000M\000a\000s\000s\000\040\000F\000u\000n\000c\000t\000i\000o\000n\000a\000l}{appendix.A}% 75
\BOOKMARK [1][-]{section.A.3}{\376\377\000M\000a\000p\000p\000i\000n\000g\000\040\000t\000o\000\040\000E\000i\000n\000s\000t\000e\000i\000n\040\023\000\306\000t\000h\000e\000r\000\040\000a\000n\000d\000\040\000P\000P\000N\000\040\000F\000o\000r\000m\000a\000l\000i\000s\000m}{appendix.A}% 76
\BOOKMARK [2][-]{subsection.A.3.1}{\376\377\000R\000e\000l\000a\000t\000i\000o\000n\000\040\000t\000o\000\040\000W\000a\000v\000e\000-\000O\000p\000t\000i\000c\000a\000l\000\040\000G\000r\000a\000v\000i\000t\000a\000t\000i\000o\000n\000a\000l\000\040\000L\000e\000n\000s\000i\000n\000g}{section.A.3}% 77
\BOOKMARK [1][-]{section.A.4}{\376\377\000E\000x\000p\000e\000r\000i\000m\000e\000n\000t\000\040\000A\000:\000\040\000G\000r\000a\000v\000i\000t\000y\000-\000S\000e\000c\000t\000o\000r\000\040\000P\000r\000e\000f\000e\000r\000r\000e\000d\000-\000F\000r\000a\000m\000e\000\040\000N\000u\000l\000l\000\040\000T\000e\000s\000t}{appendix.A}% 78
\BOOKMARK [2][-]{subsection.A.4.1}{\376\377\000P\000h\000y\000s\000i\000c\000a\000l\000\040\000P\000r\000i\000n\000c\000i\000p\000l\000e}{section.A.4}% 79
\BOOKMARK [2][-]{subsection.A.4.2}{\376\377\000A\000p\000p\000a\000r\000a\000t\000u\000s}{section.A.4}% 80
\BOOKMARK [2][-]{subsection.A.4.3}{\376\377\000S\000i\000g\000n\000a\000l\000\040\000M\000o\000d\000e\000l}{section.A.4}% 81
\BOOKMARK [1][-]{section.A.5}{\376\377\000I\000n\000t\000r\000i\000n\000s\000i\000c\000\040\000T\000e\000m\000p\000o\000r\000a\000l\000\040\000S\000t\000o\000c\000h\000a\000s\000t\000i\000c\000i\000t\000y}{appendix.A}% 82
\BOOKMARK [1][-]{section.A.6}{\376\377\000E\000x\000p\000e\000r\000i\000m\000e\000n\000t\000\040\000B\000:\000\040\000E\000x\000p\000l\000o\000r\000a\000t\000o\000r\000y\000\040\000C\000l\000o\000c\000k\000-\000N\000o\000i\000s\000e\000\040\000S\000e\000a\000r\000c\000h}{appendix.A}% 83
\BOOKMARK [1][-]{section.A.7}{\376\377\000D\000i\000s\000c\000u\000s\000s\000i\000o\000n\000\040\000a\000n\000d\000\040\000C\000o\000n\000c\000l\000u\000s\000i\000o\000n}{appendix.A}% 84
\BOOKMARK [1][-]{section.Alph0.1}{\376\377\000E\000m\000e\000r\000g\000e\000n\000c\000e\000\040\000o\000f\000\040\000t\000h\000e\000\040\000S\000c\000h\000r\000\366\000d\000i\000n\000g\000e\000r\000\040\000E\000q\000u\000a\000t\000i\000o\000n\000\040\000f\000r\000o\000m\000\040\000R\000e\000l\000a\000t\000i\000o\000n\000a\000l\000\040\000T\000i\000m\000e}{appendix.A}% 85
\BOOKMARK [2][-]{subsection.Alph0.1.1}{\376\377\000R\000e\000l\000a\000t\000i\000o\000n\000a\000l\000\040\000T\000i\000m\000e\000\040\000a\000n\000d\000\040\000P\000h\000a\000s\000e\000\040\000D\000y\000n\000a\000m\000i\000c\000s}{section.Alph0.1}% 86
\BOOKMARK [2][-]{subsection.Alph0.1.2}{\376\377\000U\000n\000d\000e\000r\000l\000y\000i\000n\000g\000\040\000R\000e\000l\000a\000t\000i\000v\000i\000s\000t\000i\000c\000\040\000D\000y\000n\000a\000m\000i\000c\000s}{section.Alph0.1}% 87
\BOOKMARK [2][-]{subsection.Alph0.1.3}{\376\377\000N\000o\000n\000r\000e\000l\000a\000t\000i\000v\000i\000s\000t\000i\000c\000\040\000L\000i\000m\000i\000t}{section.Alph0.1}% 88
\BOOKMARK [2][-]{subsection.Alph0.1.4}{\376\377\000E\000x\000t\000e\000r\000n\000a\000l\000\040\000P\000o\000t\000e\000n\000t\000i\000a\000l\000s\000\040\000a\000n\000d\000\040\000C\000l\000o\000c\000k\000\040\000G\000r\000a\000d\000i\000e\000n\000t\000s}{section.Alph0.1}% 89
\BOOKMARK [2][-]{subsection.Alph0.1.5}{\376\377\000I\000n\000t\000e\000r\000p\000r\000e\000t\000a\000t\000i\000o\000n}{section.Alph0.1}% 90
\BOOKMARK [2][-]{subsection.Alph0.1.6}{\376\377\000D\000o\000m\000a\000i\000n\000\040\000o\000f\000\040\000V\000a\000l\000i\000d\000i\000t\000y}{section.Alph0.1}% 91
\BOOKMARK [1][-]{section.Alph0.2}{\376\377\000D\000i\000s\000c\000r\000e\000t\000e\000\040\000T\000o\000p\000o\000l\000o\000g\000i\000c\000a\000l\000\040\000O\000r\000i\000g\000i\000n\000\040\000o\000f\000\040\000F\000e\000r\000m\000i\000o\000n\000i\000c\000\040\000M\000a\000s\000s\000\040\000H\000i\000e\000r\000a\000r\000c\000h\000i\000e\000s}{appendix.A}% 92
\BOOKMARK [2][-]{subsection.Alph0.2.1}{\376\377\000M\000o\000t\000i\000v\000a\000t\000i\000o\000n}{section.Alph0.2}% 93
\BOOKMARK [2][-]{subsection.Alph0.2.2}{\376\377\000D\000i\000s\000c\000r\000e\000t\000e\000\040\000G\000e\000o\000m\000e\000t\000r\000i\000c\000\040\000S\000u\000p\000p\000r\000e\000s\000s\000i\000o\000n\000\040\000P\000a\000r\000a\000m\000e\000t\000e\000r}{section.Alph0.2}% 94
\BOOKMARK [2][-]{subsection.Alph0.2.3}{\376\377\000M\000a\000s\000s\000\040\000F\000u\000n\000c\000t\000i\000o\000n\000a\000l\000\040\000a\000s\000\040\000a\000\040\000T\000o\000p\000o\000l\000o\000g\000i\000c\000a\000l\000\040\000P\000o\000w\000e\000r\000\040\000S\000e\000r\000i\000e\000s}{section.Alph0.2}% 95
\BOOKMARK [2][-]{subsection.Alph0.2.4}{\376\377\000G\000e\000n\000e\000r\000a\000t\000i\000o\000n\000\040\000S\000t\000r\000u\000c\000t\000u\000r\000e\000\040\000f\000r\000o\000m\000\040\000T\000o\000p\000o\000l\000o\000g\000i\000c\000a\000l\000\040\000O\000r\000d\000e\000r}{section.Alph0.2}% 96
\BOOKMARK [2][-]{subsection.Alph0.2.5}{\376\377\000D\000i\000s\000c\000r\000e\000t\000e\000\040\000P\000h\000a\000s\000e\000,\000\040\000M\000i\000x\000i\000n\000g\000,\000\040\000a\000n\000d\000\040\000C\000P\000\040\000V\000i\000o\000l\000a\000t\000i\000o\000n}{section.Alph0.2}% 97
\BOOKMARK [2][-]{subsection.Alph0.2.6}{\376\377\000N\000e\000u\000t\000r\000i\000n\000o\000\040\000S\000e\000c\000t\000o\000r\000\040\000a\000s\000\040\000N\000e\000s\000t\000e\000d\000\040\000S\000w\000i\000r\000l\000\040\000E\000x\000c\000i\000t\000a\000t\000i\000o\000n\000s}{section.Alph0.2}% 98
\BOOKMARK [2][-]{subsection.Alph0.2.7}{\376\377\000E\000x\000p\000e\000r\000i\000m\000e\000n\000t\000a\000l\000\040\000I\000m\000p\000l\000i\000c\000a\000t\000i\000o\000n\000s}{section.Alph0.2}% 99
\BOOKMARK [2][-]{subsection.Alph0.2.8}{\376\377\000S\000u\000m\000m\000a\000r\000y}{section.Alph0.2}% 100
\BOOKMARK [1][-]{section.Alph0.3}{\376\377\000M\000a\000s\000s\040\023\000R\000a\000t\000i\000o\000\040\000O\000r\000i\000g\000i\000n\000\040\000o\000f\000\040\000Q\000u\000a\000r\000k\000\040\000M\000i\000x\000i\000n\000g}{appendix.A}% 101
\BOOKMARK [2][-]{subsection.Alph0.3.1}{\376\377\000I\000n\000t\000e\000r\000p\000r\000e\000t\000a\000t\000i\000o\000n\000\040\000w\000i\000t\000h\000i\000n\000\040\000S\000w\000i\000r\000l\040\023\000S\000t\000r\000i\000n\000g\000\040\000T\000h\000e\000o\000r\000y}{section.Alph0.3}% 102
\BOOKMARK [2][-]{subsection.Alph0.3.2}{\376\377\000C\000o\000n\000c\000e\000p\000t\000u\000a\000l\000\040\000C\000o\000n\000s\000e\000q\000u\000e\000n\000c\000e\000s}{section.Alph0.3}% 103
\BOOKMARK [1][-]{section.Alph0.4}{\376\377\000E\000n\000e\000r\000g\000y\000\040\000S\000a\000t\000u\000r\000a\000t\000i\000o\000n\000\040\000f\000r\000o\000m\000\040\000Q\000u\000a\000n\000t\000u\000m\000\040\000G\000r\000a\000v\000i\000t\000a\000t\000i\000o\000n\000a\000l\000\040\000F\000o\000l\000i\000a\000t\000i\000o\000n}{appendix.A}% 104
\BOOKMARK [2][-]{subsection.Alph0.4.1}{\376\377\000M\000o\000t\000i\000v\000a\000t\000i\000o\000n}{section.Alph0.4}% 105
\BOOKMARK [2][-]{subsection.Alph0.4.2}{\376\377\000Q\000u\000a\000n\000t\000u\000m\040\023\000M\000e\000c\000h\000a\000n\000i\000c\000a\000l\000\040\000C\000o\000n\000s\000i\000s\000t\000e\000n\000c\000y\000\040\000a\000n\000d\000\040\000T\000i\000m\000e\000\040\000C\000o\000m\000p\000a\000c\000t\000n\000e\000s\000s}{section.Alph0.4}% 106
\BOOKMARK [2][-]{subsection.Alph0.4.3}{\376\377\000Q\000u\000a\000n\000t\000u\000m\000\040\000G\000r\000a\000v\000i\000t\000a\000t\000i\000o\000n\000a\000l\000\040\000E\000n\000e\000r\000g\000y\000\040\000B\000o\000u\000n\000d}{section.Alph0.4}% 107
\BOOKMARK [2][-]{subsection.Alph0.4.4}{\376\377\000R\000e\000d\000u\000c\000t\000i\000o\000n\000\040\000t\000o\000\040\000t\000h\000e\000\040\000S\000S\000T\000\040\000M\000a\000s\000s\000\040\000F\000u\000n\000c\000t\000i\000o\000n\000a\000l}{section.Alph0.4}% 108
\BOOKMARK [2][-]{subsection.Alph0.4.5}{\376\377\000I\000n\000t\000e\000r\000p\000r\000e\000t\000a\000t\000i\000o\000n\000\040\000i\000n\000\040\000T\000e\000r\000m\000s\000\040\000o\000f\000\040\000C\000l\000o\000c\000k\000\040\000F\000o\000l\000i\000a\000t\000i\000o\000n}{section.Alph0.4}% 109
\BOOKMARK [2][-]{subsection.Alph0.4.6}{\376\377\000P\000h\000y\000s\000i\000c\000a\000l\000\040\000C\000o\000n\000s\000e\000q\000u\000e\000n\000c\000e\000s}{section.Alph0.4}% 110
\BOOKMARK [2][-]{subsection.Alph0.4.7}{\376\377\000S\000u\000m\000m\000a\000r\000y}{section.Alph0.4}% 111
\BOOKMARK [1][-]{section.Alph0.5}{\376\377\000M\000o\000d\000u\000l\000a\000r\000\040\000S\000y\000m\000m\000e\000t\000r\000y\000\040\000a\000s\000\040\000E\000m\000e\000r\000g\000e\000n\000t\000\040\000S\000w\000i\000r\000l\040\023\000C\000l\000o\000c\000k\000\040\000G\000e\000o\000m\000e\000t\000r\000y}{appendix.A}% 112
\BOOKMARK [2][-]{subsection.Alph0.5.1}{\376\377\000M\000o\000t\000i\000v\000a\000t\000i\000o\000n}{section.Alph0.5}% 113
\BOOKMARK [2][-]{subsection.Alph0.5.2}{\376\377\000T\000h\000e\000\040\000M\000o\000d\000u\000l\000a\000r\000\040\000P\000a\000r\000a\000m\000e\000t\000e\000r\000\040\000a\000s\000\040\000a\000\040\000R\000e\000l\000a\000t\000i\000o\000n\000a\000l\000\040\000T\000i\000m\000e\000\040\000P\000h\000a\000s\000e}{section.Alph0.5}% 114
\BOOKMARK [2][-]{subsection.Alph0.5.3}{\376\377\000O\000r\000i\000g\000i\000n\000\040\000o\000f\000\040\000M\000o\000d\000u\000l\000a\000r\000\040\000F\000u\000n\000c\000t\000i\000o\000n\000s}{section.Alph0.5}% 115
\BOOKMARK [2][-]{subsection.Alph0.5.4}{\376\377\000M\000a\000s\000s\000\040\000H\000i\000e\000r\000a\000r\000c\000h\000i\000e\000s\000\040\000a\000n\000d\000\040\000M\000o\000d\000u\000l\000a\000r\000\040\000W\000e\000i\000g\000h\000t\000s}{section.Alph0.5}% 116
\BOOKMARK [2][-]{subsection.Alph0.5.5}{\376\377\000M\000i\000x\000i\000n\000g\000\040\000a\000n\000d\000\040\000C\000P\000\040\000V\000i\000o\000l\000a\000t\000i\000o\000n}{section.Alph0.5}% 117
\BOOKMARK [2][-]{subsection.Alph0.5.6}{\376\377\000C\000o\000n\000c\000e\000p\000t\000u\000a\000l\000\040\000C\000o\000n\000s\000e\000q\000u\000e\000n\000c\000e\000s}{section.Alph0.5}% 118
\BOOKMARK [2][-]{subsection.Alph0.5.7}{\376\377\000C\000o\000n\000n\000e\000c\000t\000i\000o\000n\000\040\000t\000o\000\040\000T\000o\000p\000o\000l\000o\000g\000i\000c\000a\000l\000\040\000M\000a\000s\000s\000\040\000H\000i\000e\000r\000a\000r\000c\000h\000i\000e\000s}{section.Alph0.5}% 119
\BOOKMARK [2][-]{subsection.Alph0.5.8}{\376\377\000S\000u\000m\000m\000a\000r\000y}{section.Alph0.5}% 120
\BOOKMARK [1][-]{section.Alph0.6}{\376\377\000P\000a\000r\000a\000m\000e\000t\000e\000r\040\023\000I\000n\000d\000e\000p\000e\000n\000d\000e\000n\000t\000\040\000M\000a\000s\000s\000\040\000R\000e\000l\000a\000t\000i\000o\000n\000s\000\040\000f\000r\000o\000m\000\040\000S\000S\000T\000\040\000S\000e\000c\000t\000o\000r\000\040\000A\000n\000s\000a\000t\000z}{appendix.A}% 121
\BOOKMARK [2][-]{subsection.Alph0.6.1}{\376\377\000M\000o\000t\000i\000v\000a\000t\000i\000o\000n}{section.Alph0.6}% 122
\BOOKMARK [2][-]{subsection.Alph0.6.2}{\376\377\000I\000n\000v\000a\000r\000i\000a\000n\000t\000\040\000S\000t\000r\000u\000c\000t\000u\000r\000e\000\040\000o\000f\000\040\000M\000a\000s\000s\000\040\000M\000a\000t\000r\000i\000c\000e\000s}{section.Alph0.6}% 123
\BOOKMARK [2][-]{subsection.Alph0.6.3}{\376\377\000E\000l\000i\000m\000i\000n\000a\000t\000i\000o\000n\000\040\000o\000f\000\040\000S\000e\000c\000t\000o\000r\000\040\000P\000a\000r\000a\000m\000e\000t\000e\000r\000s}{section.Alph0.6}% 124
\BOOKMARK [2][-]{subsection.Alph0.6.4}{\376\377\000I\000n\000t\000e\000r\000p\000r\000e\000t\000a\000t\000i\000o\000n\000\040\000w\000i\000t\000h\000i\000n\000\040\000S\000w\000i\000r\000l\040\023\000S\000t\000r\000i\000n\000g\000\040\000T\000h\000e\000o\000r\000y}{section.Alph0.6}% 125
\BOOKMARK [2][-]{subsection.Alph0.6.5}{\376\377\000R\000e\000l\000a\000t\000i\000o\000n\000\040\000t\000o\000\040\000Q\000u\000a\000r\000k\000\040\000M\000a\000s\000s\000\040\000R\000e\000l\000a\000t\000i\000o\000n\000s}{section.Alph0.6}% 126
\BOOKMARK [2][-]{subsection.Alph0.6.6}{\376\377\000P\000r\000e\000d\000i\000c\000t\000i\000v\000e\000\040\000P\000o\000w\000e\000r\000\040\000a\000n\000d\000\040\000F\000a\000l\000s\000i\000f\000i\000a\000b\000i\000l\000i\000t\000y}{section.Alph0.6}% 127
\BOOKMARK [2][-]{subsection.Alph0.6.7}{\376\377\000S\000u\000m\000m\000a\000r\000y}{section.Alph0.6}% 128
\BOOKMARK [1][-]{section.Alph0.7}{\376\377\000E\000x\000c\000h\000a\000n\000g\000e\000\040\000S\000t\000a\000t\000i\000s\000t\000i\000c\000s\000\040\000a\000s\000\040\000S\000w\000i\000r\000l\040\023\000C\000l\000o\000c\000k\000\040\000H\000o\000l\000o\000n\000o\000m\000y}{appendix.A}% 129
\BOOKMARK [2][-]{subsection.Alph0.7.1}{\376\377\000M\000o\000t\000i\000v\000a\000t\000i\000o\000n}{section.Alph0.7}% 130
\BOOKMARK [2][-]{subsection.Alph0.7.2}{\376\377\000E\000x\000c\000h\000a\000n\000g\000e\000\040\000a\000s\000\040\000a\000\040\000C\000o\000n\000f\000i\000g\000u\000r\000a\000t\000i\000o\000n\000-\000S\000p\000a\000c\000e\000\040\000L\000o\000o\000p}{section.Alph0.7}% 131
\BOOKMARK [2][-]{subsection.Alph0.7.3}{\376\377\000C\000l\000a\000s\000s\000i\000f\000i\000c\000a\000t\000i\000o\000n\000\040\000o\000f\000\040\000S\000t\000a\000t\000i\000s\000t\000i\000c\000s}{section.Alph0.7}% 132
\BOOKMARK [2][-]{subsection.Alph0.7.4}{\376\377\000R\000e\000l\000a\000t\000i\000o\000n\000\040\000t\000o\000\040\000S\000p\000i\000n\040\023\000S\000t\000a\000t\000i\000s\000t\000i\000c\000s}{section.Alph0.7}% 133
\BOOKMARK [2][-]{subsection.Alph0.7.5}{\376\377\000T\000i\000m\000e\000,\000\040\000M\000e\000m\000o\000r\000y\000,\000\040\000a\000n\000d\000\040\000N\000o\000n\000l\000o\000c\000a\000l\000i\000t\000y}{section.Alph0.7}% 134
\BOOKMARK [2][-]{subsection.Alph0.7.6}{\376\377\000C\000o\000n\000c\000e\000p\000t\000u\000a\000l\000\040\000C\000o\000n\000s\000e\000q\000u\000e\000n\000c\000e\000s}{section.Alph0.7}% 135
\BOOKMARK [2][-]{subsection.Alph0.7.7}{\376\377\000S\000u\000m\000m\000a\000r\000y}{section.Alph0.7}% 136
\BOOKMARK [0][-]{appendix.A}{\376\377\000S\000S\000T\000-\0003\0000\000\040\000\050\000d\000o\000n\000o\000r\000\051\000\040\040\024\000\040\000I\000n\000v\000a\000r\000i\000a\000n\000t\000\040\000a\000t\000o\000m\000\040\000m\000a\000s\000s\000e\000s}{}% 137
\BOOKMARK [1][-]{section.A.1}{\376\377\000S\000c\000o\000p\000e\000\040\000a\000n\000d\000\040\000c\000o\000n\000v\000e\000n\000t\000i\000o\000n\000s}{appendix.A}% 138
\BOOKMARK [1][-]{section.A.2}{\376\377\000C\000a\000n\000o\000n\000i\000c\000a\000l\000\040\000c\000o\000n\000s\000t\000a\000n\000t\000s\000\040\000a\000n\000d\000\040\000r\000e\000f\000e\000r\000e\000n\000c\000e\000\040\000v\000a\000l\000u\000e\000s}{appendix.A}% 139
\BOOKMARK [1][-]{section.A.3}{\376\377\000I\000n\000v\000a\000r\000i\000a\000n\000t\000\040\000m\000a\000s\000s\000\040\000k\000e\000r\000n\000e\000l}{appendix.A}% 140
\BOOKMARK [2][-]{subsection.A.3.1}{\376\377\000E\000n\000e\000r\000g\000y\000\040\000d\000e\000n\000s\000i\000t\000y\000\040\000a\000n\000d\000\040\000e\000f\000f\000e\000c\000t\000i\000v\000e\000\040\000v\000o\000l\000u\000m\000e}{section.A.3}% 141
\BOOKMARK [2][-]{subsection.A.3.2}{\376\377\000K\000e\000r\000n\000e\000l\000\040\000d\000e\000f\000i\000n\000i\000t\000i\000o\000n}{section.A.3}% 142
\BOOKMARK [1][-]{section.A.4}{\376\377\000T\000o\000p\000o\000l\000o\000g\000y\000-\000t\000o\000-\000g\000e\000o\000m\000e\000t\000r\000y\000\040\000a\000s\000s\000e\000m\000b\000l\000y\000\040\000a\000n\000d\000\040\000c\000o\000m\000p\000u\000t\000a\000t\000i\000o\000n\000\040\000p\000a\000t\000h\000s}{appendix.A}% 143
\BOOKMARK [2][-]{subsection.A.4.1}{\376\377\000L\000e\000p\000t\000o\000n\000\040\000c\000a\000l\000i\000b\000r\000a\000t\000i\000o\000n}{section.A.4}% 144
\BOOKMARK [2][-]{subsection.A.4.2}{\376\377\000B\000a\000r\000y\000o\000n\000-\000s\000e\000c\000t\000o\000r\000\040\000r\000o\000p\000e\000l\000e\000n\000g\000t\000h\000\040\000m\000a\000p\000p\000i\000n\000g}{section.A.4}% 145
\BOOKMARK [2][-]{subsection.A.4.3}{\376\377\000A\000n\000a\000l\000y\000t\000i\000c\000\040\000c\000l\000o\000s\000u\000r\000e\000\040\000u\000s\000e\000d\000\040\000i\000n\000\040\000e\000x\000a\000c\000t\000\137\000c\000l\000o\000s\000u\000r\000e}{section.A.4}% 146
\BOOKMARK [1][-]{section.A.5}{\376\377\000F\000r\000o\000m\000\040\000n\000u\000c\000l\000e\000o\000n\000s\000\040\000t\000o\000\040\000a\000t\000o\000m\000s\000\040\000a\000n\000d\000\040\000m\000o\000l\000e\000c\000u\000l\000e\000s}{appendix.A}% 147
\BOOKMARK [2][-]{subsection.A.5.1}{\376\377\000A\000t\000o\000m\000i\000c\000\040\000m\000a\000s\000s\000\040\000a\000s\000s\000e\000m\000b\000l\000y\000\040\000a\000n\000d\000\040\000b\000i\000n\000d\000i\000n\000g\000\040\000c\000o\000r\000r\000e\000c\000t\000i\000o\000n}{section.A.5}% 148
\BOOKMARK [2][-]{subsection.A.5.2}{\376\377\000M\000o\000l\000e\000c\000u\000l\000e\000s}{section.A.5}% 149
\BOOKMARK [2][-]{subsection.A.5.3}{\376\377\000R\000e\000f\000e\000r\000e\000n\000c\000e\000\040\000c\000o\000n\000v\000e\000r\000s\000i\000o\000n\000\040\000f\000r\000o\000m\000\040\000m\000o\000l\000a\000r\000\040\000m\000a\000s\000s}{section.A.5}% 150
\BOOKMARK [1][-]{section.A.6}{\376\377\000R\000e\000s\000u\000l\000t\000s\000\040\000\050\000f\000r\000o\000m\000\040\000t\000h\000e\000\040\000p\000r\000o\000v\000i\000d\000e\000d\000\040\000r\000u\000n\000\051}{appendix.A}% 151
\BOOKMARK [2][-]{subsection.A.6.1}{\376\377\000F\000i\000t\000t\000e\000d\000/\000d\000e\000r\000i\000v\000e\000d\000\040\000g\000e\000o\000m\000e\000t\000r\000i\000c\000\040\000q\000u\000a\000n\000t\000i\000t\000i\000e\000s}{section.A.6}% 152
\BOOKMARK [2][-]{subsection.A.6.2}{\376\377\000B\000e\000n\000c\000h\000m\000a\000r\000k\000\040\000s\000u\000m\000m\000a\000r\000y\000\040\000s\000t\000a\000t\000i\000s\000t\000i\000c\000s}{section.A.6}% 153
\BOOKMARK [2][-]{subsection.A.6.3}{\376\377\000S\000e\000l\000e\000c\000t\000e\000d\000\040\000e\000x\000a\000m\000p\000l\000e\000s}{section.A.6}% 154
\BOOKMARK [2][-]{subsection.A.6.4}{\376\377\000L\000a\000r\000g\000e\000s\000t\000\040\000d\000e\000v\000i\000a\000t\000i\000o\000n\000s\000\040\000i\000n\000\040\000t\000h\000e\000\040\000f\000i\000x\000e\000d\000\040\000t\000a\000b\000l\000e}{section.A.6}% 155
\BOOKMARK [1][-]{section.A.7}{\376\377\000I\000n\000t\000e\000r\000p\000r\000e\000t\000a\000t\000i\000o\000n\000\040\000a\000n\000d\000\040\000l\000i\000m\000i\000t\000a\000t\000i\000o\000n\000s}{appendix.A}% 156
\BOOKMARK [1][-]{section.A.8}{\376\377\000F\000a\000l\000s\000i\000f\000i\000a\000b\000l\000e\000\040\000c\000h\000e\000c\000k\000s\000\040\000e\000n\000a\000b\000l\000e\000d\000\040\000b\000y\000\040\000t\000h\000i\000s\000\040\000k\000e\000r\000n\000e\000l}{appendix.A}% 157
\BOOKMARK [1][-]{section.A.9}{\376\377\000R\000e\000p\000r\000o\000d\000u\000c\000i\000b\000i\000l\000i\000t\000y}{appendix.A}% 158
