\BOOKMARK [0][-]{chapter.1}{\376\377\000S\000S\000T\000-\0002\0003\000\040\040\024\000\040\000D\000u\000a\000l\000\040\000v\000a\000c\000u\000u\000m\000\040\000u\000n\000i\000f\000i\000c\000a\000t\000i\000o\000n}{}% 1
\BOOKMARK [1][-]{section.1.1}{\376\377\000I\000n\000t\000r\000o\000d\000u\000c\000t\000i\000o\000n}{chapter.1}% 2
\BOOKMARK [1][-]{section.1.2}{\376\377\000H\000i\000s\000t\000o\000r\000i\000c\000a\000l\000\040\000C\000o\000n\000t\000e\000x\000t\000:\000\040\000H\000e\000l\000m\000h\000o\000l\000t\000z\000,\000\040\000K\000e\000l\000v\000i\000n\000,\000\040\000a\000n\000d\000\040\000U\000n\000r\000u\000h}{chapter.1}% 3
\BOOKMARK [1][-]{section.1.3}{\376\377\000V\000o\000r\000t\000i\000c\000i\000t\000y\000\040\000I\000n\000t\000e\000n\000s\000i\000f\000i\000c\000a\000t\000i\000o\000n\000\040\000U\000n\000d\000e\000r\000\040\000A\000c\000c\000e\000l\000e\000r\000a\000t\000i\000o\000n}{chapter.1}% 4
\BOOKMARK [1][-]{section.1.4}{\376\377\000D\000u\000a\000l\000-\000V\000a\000c\000u\000u\000m\000\040\000A\000r\000c\000h\000i\000t\000e\000c\000t\000u\000r\000e\000:\000\040\000S\000w\000i\000r\000l\000\040\000a\000n\000d\000\040\000E\000M\000\040\000S\000e\000c\000t\000o\000r\000s}{chapter.1}% 5
\BOOKMARK [1][-]{section.1.5}{\376\377\000T\000o\000r\000s\000i\000o\000n\000-\000M\000o\000d\000i\000f\000i\000e\000d\000\040\000E\000l\000e\000c\000t\000r\000o\000d\000y\000n\000a\000m\000i\000c\000s}{chapter.1}% 6
\BOOKMARK [1][-]{section.1.6}{\376\377\000C\000o\000u\000p\000l\000e\000d\000\040\000S\000w\000i\000r\000l\040\023\000P\000h\000o\000t\000o\000n\000\040\000R\000a\000t\000e\000\040\000D\000y\000n\000a\000m\000i\000c\000s}{chapter.1}% 7
\BOOKMARK [1][-]{section.1.7}{\376\377\000E\000x\000p\000e\000r\000i\000m\000e\000n\000t\000a\000l\000\040\000P\000r\000e\000d\000i\000c\000t\000i\000o\000n\000s}{chapter.1}% 8
\BOOKMARK [1][-]{section.1.8}{\376\377\000F\000a\000l\000s\000i\000f\000i\000c\000a\000t\000i\000o\000n\000\040\000E\000x\000p\000e\000r\000i\000m\000e\000n\000t\000:\000\040\000A\000c\000c\000e\000l\000e\000r\000a\000t\000e\000d\000\040\000V\000o\000r\000t\000e\000x\000-\000L\000a\000t\000t\000i\000c\000e\000\040\000B\000E\000C}{chapter.1}% 9
\BOOKMARK [1][-]{section.1.9}{\376\377\000T\000h\000e\000\040\000S\000S\000T\000\040\000R\000o\000s\000e\000t\000t\000a\000\040\000S\000t\000o\000n\000e\000\040\000S\000u\000m\000m\000a\000r\000y\000\040\000T\000a\000b\000l\000e}{chapter.1}% 10
\BOOKMARK [1][-]{section.1.10}{\376\377\000C\000o\000n\000c\000l\000u\000s\000i\000o\000n}{chapter.1}% 11
\BOOKMARK [0][-]{chapter.2}{\376\377\000S\000S\000T\000-\0005\0006\000\040\040\024\000\040\000S\000u\000p\000e\000r\000f\000l\000u\000i\000d\000\040\000l\000i\000n\000e}{}% 12
\BOOKMARK [1][-]{section.2.1}{\376\377\000I\000n\000t\000r\000o\000d\000u\000c\000t\000i\000o\000n}{chapter.2}% 13
\BOOKMARK [1][-]{section.2.2}{\376\377\000V\000o\000r\000t\000e\000x\000\040\000H\000a\000l\000l\000\040\000A\000n\000g\000l\000e\000\040\000a\000n\000d\000\040\000I\000n\000t\000e\000r\000n\000a\000l\000\040\000R\000e\000l\000a\000x\000a\000t\000i\000o\000n}{chapter.2}% 14
\BOOKMARK [2][-]{subsection.2.2.1}{\376\377\000T\000o\000r\000s\000i\000o\000n\000-\000i\000n\000d\000u\000c\000e\000d\000\040\000p\000h\000a\000s\000e\000\040\000l\000a\000g}{section.2.2}% 15
\BOOKMARK [2][-]{subsection.2.2.2}{\376\377\000G\000e\000o\000m\000e\000t\000r\000i\000c\000\040\000c\000o\000n\000t\000r\000o\000l\000\040\000p\000a\000r\000a\000m\000e\000t\000e\000r}{section.2.2}% 16
\BOOKMARK [1][-]{section.2.3}{\376\377\000T\000o\000p\000o\000l\000o\000g\000y\000-\000D\000e\000p\000e\000n\000d\000e\000n\000t\000\040\000R\000e\000y\000n\000o\000l\000d\000s\000\040\000B\000a\000r\000r\000i\000e\000r}{chapter.2}% 17
\BOOKMARK [2][-]{subsection.2.3.1}{\376\377\000W\000r\000i\000t\000h\000e\000\040\000a\000s\000\040\000a\000\040\000d\000y\000n\000a\000m\000i\000c\000a\000l\000\040\000i\000n\000v\000a\000r\000i\000a\000n\000t}{section.2.3}% 18
\BOOKMARK [1][-]{section.2.4}{\376\377\000L\000i\000f\000e\000t\000i\000m\000e\000\040\000S\000c\000a\000l\000i\000n\000g}{chapter.2}% 19
\BOOKMARK [1][-]{section.2.5}{\376\377\000N\000u\000m\000e\000r\000i\000c\000a\000l\000\040\000i\000l\000l\000u\000s\000t\000r\000a\000t\000i\000o\000n}{chapter.2}% 20
\BOOKMARK [1][-]{section.2.6}{\376\377\000L\000i\000m\000i\000t\000a\000t\000i\000o\000n\000s}{chapter.2}% 21
\BOOKMARK [1][-]{section.2.7}{\376\377\000I\000m\000p\000l\000i\000c\000a\000t\000i\000o\000n\000s\000\040\000a\000n\000d\000\040\000A\000n\000a\000l\000o\000g\000i\000e\000s}{chapter.2}% 22
\BOOKMARK [2][-]{subsection.2.7.1}{\376\377\000T\000e\000s\000t\000a\000b\000l\000e\000\040\000p\000r\000e\000d\000i\000c\000t\000i\000o\000n\000s}{section.2.7}% 23
\BOOKMARK [2][-]{subsection.2.7.2}{\376\377\000E\000x\000p\000e\000r\000i\000m\000e\000n\000t\000a\000l\000\040\000p\000r\000o\000s\000p\000e\000c\000t\000s}{section.2.7}% 24
\BOOKMARK [1][-]{section.2.8}{\376\377\000C\000o\000n\000c\000l\000u\000s\000i\000o\000n}{chapter.2}% 25
\BOOKMARK [1][-]{section.Alph0.1}{\376\377\000N\000u\000m\000e\000r\000i\000c\000a\000l\000\040\000m\000e\000t\000h\000o\000d\000s}{chapter.2}% 26
\BOOKMARK [0][-]{appendix.A}{\376\377\000S\000S\000T\000-\0006\0003\000\040\040\024\000\040\000H\000o\000l\000o\000g\000r\000a\000p\000h\000i\000c\000\040\000l\000i\000n\000e}{}% 27
\BOOKMARK [1][-]{section.A.1}{\376\377\000F\000o\000u\000n\000d\000a\000t\000i\000o\000n\000a\000l\000\040\000P\000o\000s\000t\000u\000l\000a\000t\000e\000:\000\040\000S\000w\000i\000r\000l\000\040\000H\000o\000l\000o\000g\000r\000a\000p\000h\000i\000c\000\040\000P\000r\000i\000n\000c\000i\000p\000l\000e\000\040\000\050\000S\000H\000P\000\051}{appendix.A}% 28
\BOOKMARK [1][-]{section.A.2}{\376\377\000S\000p\000e\000c\000i\000a\000l\000i\000z\000a\000t\000i\000o\000n\000\040\000I\000:\000\040\000G\000e\000n\000e\000r\000a\000l\000\040\000R\000e\000l\000a\000t\000i\000v\000i\000t\000y\000\040\000a\000s\000\040\000C\000o\000n\000s\000t\000r\000a\000i\000n\000t\000\040\000H\000o\000l\000o\000g\000r\000a\000p\000h\000y}{appendix.A}% 29
\BOOKMARK [1][-]{section.A.3}{\376\377\000S\000p\000e\000c\000i\000a\000l\000i\000z\000a\000t\000i\000o\000n\000\040\000I\000I\000:\000\040\000A\000d\000S\000/\000C\000F\000T\000\040\000a\000s\000\040\000O\000n\000-\000s\000h\000e\000l\000l\000\040\000B\000o\000u\000n\000d\000a\000r\000y\000\040\000F\000u\000n\000c\000t\000i\000o\000n\000a\000l\000\040\000R\000e\000c\000o\000n\000s\000t\000r\000u\000c\000t\000i\000o\000n}{appendix.A}% 30
\BOOKMARK [1][-]{section.A.4}{\376\377\000I\000n\000t\000r\000o\000d\000u\000c\000t\000i\000o\000n\000:\000\040\000W\000h\000y\000\040\000H\000o\000l\000o\000g\000r\000a\000p\000h\000y\000\040\000I\000s\000\040\000I\000n\000e\000v\000i\000t\000a\000b\000l\000e\000\040\000i\000n\000\040\000S\000S\000T}{appendix.A}% 31
\BOOKMARK [1][-]{section.A.5}{\376\377\000F\000o\000u\000n\000d\000a\000t\000i\000o\000n\000a\000l\000\040\000P\000o\000s\000t\000u\000l\000a\000t\000e\000:\000\040\000S\000w\000i\000r\000l\000\040\000H\000o\000l\000o\000g\000r\000a\000p\000h\000i\000c\000\040\000P\000r\000i\000n\000c\000i\000p\000l\000e\000\040\000\050\000S\000H\000P\000\051}{appendix.A}% 32
\BOOKMARK [1][-]{section.A.6}{\376\377\000B\000o\000u\000n\000d\000a\000r\000y\000\040\000D\000e\000t\000e\000r\000m\000i\000n\000a\000t\000i\000o\000n\000\040\000T\000h\000e\000o\000r\000e\000m\000\040\000\050\000E\000u\000l\000e\000r\000/\000H\000o\000d\000g\000e\000\040\000F\000o\000r\000m\000\051}{appendix.A}% 33
\BOOKMARK [1][-]{section.A.7}{\376\377\000C\000o\000n\000d\000e\000n\000s\000e\000d\000-\000M\000a\000t\000t\000e\000r\000\040\000P\000r\000e\000c\000e\000d\000e\000n\000t\000:\000\040\000D\000i\000m\000e\000n\000s\000i\000o\000n\000a\000l\000\040\000E\000n\000c\000o\000d\000i\000n\000g\000\040\000b\000y\000\040\000P\000r\000o\000t\000e\000c\000t\000e\000d\000\040\000M\000a\000n\000i\000f\000o\000l\000d\000s}{appendix.A}% 34
\BOOKMARK [2][-]{subsection.A.7.1}{\376\377\000D\000i\000m\000e\000n\000s\000i\000o\000n\000a\000l\000\040\000d\000e\000c\000o\000m\000p\000o\000s\000i\000t\000i\000o\000n}{section.A.7}% 35
\BOOKMARK [2][-]{subsection.A.7.2}{\376\377\000R\000e\000l\000a\000t\000i\000o\000n\000\040\000t\000o\000\040\000t\000h\000e\000\040\000S\000w\000i\000r\000l\000\040\000H\000o\000l\000o\000g\000r\000a\000p\000h\000i\000c\000\040\000P\000r\000i\000n\000c\000i\000p\000l\000e}{section.A.7}% 36
\BOOKMARK [2][-]{subsection.A.7.3}{\376\377\000P\000i\000n\000n\000e\000d\000\040\000m\000o\000d\000e\000s\000\040\000a\000n\000d\000\040\000r\000o\000b\000u\000s\000t\000n\000e\000s\000s}{section.A.7}% 37
\BOOKMARK [2][-]{subsection.A.7.4}{\376\377\000T\000o\000p\000o\000l\000o\000g\000i\000c\000a\000l\000\040\000t\000r\000a\000n\000s\000i\000t\000i\000o\000n\000s\000\040\000v\000i\000a\000\040\000g\000e\000o\000m\000e\000t\000r\000i\000c\000\040\000c\000o\000n\000t\000r\000o\000l}{section.A.7}% 38
\BOOKMARK [2][-]{subsection.A.7.5}{\376\377\000S\000c\000o\000p\000e\000\040\000a\000n\000d\000\040\000l\000i\000m\000i\000t\000a\000t\000i\000o\000n\000s}{section.A.7}% 39
\BOOKMARK [1][-]{section.A.8}{\376\377\000S\000p\000e\000c\000i\000a\000l\000i\000z\000a\000t\000i\000o\000n\000\040\000I\000:\000\040\000G\000e\000n\000e\000r\000a\000l\000\040\000R\000e\000l\000a\000t\000i\000v\000i\000t\000y\000\040\000a\000s\000\040\000C\000o\000n\000s\000t\000r\000a\000i\000n\000t\000\040\000H\000o\000l\000o\000g\000r\000a\000p\000h\000y}{appendix.A}% 40
\BOOKMARK [2][-]{subsection.A.8.1}{\376\377\000A\000D\000M\000\040\000f\000o\000r\000m\000u\000l\000a\000t\000i\000o\000n\000\040\000a\000n\000d\000\040\000b\000o\000u\000n\000d\000a\000r\000y\000\040\000d\000e\000t\000e\000r\000m\000i\000n\000a\000t\000i\000o\000n}{section.A.8}% 41
\BOOKMARK [2][-]{subsection.A.8.2}{\376\377\000E\000x\000a\000c\000t\000\040\000s\000t\000r\000u\000c\000t\000u\000r\000a\000l\000\040\000c\000o\000r\000r\000e\000s\000p\000o\000n\000d\000e\000n\000c\000e\000\040\000w\000i\000t\000h\000\040\000S\000H\000P}{section.A.8}% 42
\BOOKMARK [2][-]{subsection.A.8.3}{\376\377\000F\000l\000a\000t\000\040\000s\000p\000a\000c\000e\000t\000i\000m\000e\000\040\000a\000s\000\040\000a\000\040\000s\000p\000e\000c\000i\000a\000l\000\040\000S\000S\000T\000\040\000l\000i\000m\000i\000t}{section.A.8}% 43
\BOOKMARK [2][-]{subsection.A.8.4}{\376\377\000G\000r\000a\000v\000i\000t\000y\000\040\000a\000s\000\040\000c\000o\000n\000s\000t\000r\000a\000i\000n\000e\000d\000\040\000i\000n\000t\000e\000r\000i\000o\000r\000\040\000s\000t\000r\000u\000c\000t\000u\000r\000e}{section.A.8}% 44
\BOOKMARK [2][-]{subsection.A.8.5}{\376\377\000I\000n\000t\000e\000r\000p\000r\000e\000t\000a\000t\000i\000o\000n}{section.A.8}% 45
\BOOKMARK [1][-]{section.A.9}{\376\377\000S\000p\000e\000c\000i\000a\000l\000i\000z\000a\000t\000i\000o\000n\000\040\000I\000I\000:\000\040\000A\000d\000S\000/\000C\000F\000T\000\040\000a\000s\000\040\000O\000n\000-\000S\000h\000e\000l\000l\000\040\000B\000o\000u\000n\000d\000a\000r\000y\000\040\000R\000e\000c\000o\000n\000s\000t\000r\000u\000c\000t\000i\000o\000n}{appendix.A}% 46
\BOOKMARK [2][-]{subsection.A.9.1}{\376\377\000B\000o\000u\000n\000d\000a\000r\000y\000\040\000s\000o\000u\000r\000c\000e\000s\000\040\000a\000n\000d\000\040\000b\000u\000l\000k\000\040\000r\000e\000c\000o\000n\000s\000t\000r\000u\000c\000t\000i\000o\000n}{section.A.9}% 47
\BOOKMARK [2][-]{subsection.A.9.2}{\376\377\000E\000x\000a\000c\000t\000\040\000c\000o\000r\000r\000e\000s\000p\000o\000n\000d\000e\000n\000c\000e\000\040\000w\000i\000t\000h\000\040\000S\000H\000P}{section.A.9}% 48
\BOOKMARK [2][-]{subsection.A.9.3}{\376\377\000W\000h\000y\000\040\000A\000d\000S\000\040\000g\000e\000o\000m\000e\000t\000r\000y\000\040\000i\000s\000\040\000r\000e\000q\000u\000i\000r\000e\000d}{section.A.9}% 49
\BOOKMARK [2][-]{subsection.A.9.4}{\376\377\000O\000n\000-\000s\000h\000e\000l\000l\000\040\000a\000c\000t\000i\000o\000n\000\040\000a\000s\000\040\000b\000o\000u\000n\000d\000a\000r\000y\000\040\000f\000u\000n\000c\000t\000i\000o\000n\000a\000l}{section.A.9}% 50
\BOOKMARK [2][-]{subsection.A.9.5}{\376\377\000I\000n\000t\000e\000r\000p\000r\000e\000t\000a\000t\000i\000o\000n}{section.A.9}% 51
\BOOKMARK [1][-]{section.A.10}{\376\377\000C\000l\000o\000c\000k\000\040\000H\000o\000l\000o\000g\000r\000a\000p\000h\000y\000,\000\040\000F\000a\000l\000s\000i\000f\000i\000e\000r\000s\000,\000\040\000a\000n\000d\000\040\000M\000i\000n\000i\000m\000a\000l\000\040\000E\000x\000p\000e\000r\000i\000m\000e\000n\000t\000s}{appendix.A}% 52
\BOOKMARK [2][-]{subsection.A.10.1}{\376\377\000C\000l\000o\000c\000k\000\040\000h\000o\000l\000o\000g\000r\000a\000p\000h\000y}{section.A.10}% 53
\BOOKMARK [2][-]{subsection.A.10.2}{\376\377\000T\000o\000p\000o\000l\000o\000g\000y\000\040\000a\000s\000\040\000p\000r\000o\000t\000e\000c\000t\000e\000d\000\040\000i\000n\000f\000o\000r\000m\000a\000t\000i\000o\000n}{section.A.10}% 54
\BOOKMARK [2][-]{subsection.A.10.3}{\376\377\000C\000o\000n\000t\000r\000o\000l\000l\000e\000d\000\040\000b\000r\000e\000a\000k\000d\000o\000w\000n\000\040\000o\000f\000\040\000h\000o\000l\000o\000g\000r\000a\000p\000h\000y}{section.A.10}% 55
\BOOKMARK [2][-]{subsection.A.10.4}{\376\377\000M\000i\000n\000i\000m\000a\000l\000\040\000e\000x\000p\000e\000r\000i\000m\000e\000n\000t\000a\000l\000\040\000t\000e\000s\000t\000s}{section.A.10}% 56
\BOOKMARK [2][-]{subsection.A.10.5}{\376\377\000S\000u\000m\000m\000a\000r\000y\000\040\000o\000f\000\040\000f\000a\000l\000s\000i\000f\000i\000a\000b\000l\000e\000\040\000c\000o\000n\000t\000e\000n\000t}{section.A.10}% 57
