\BOOKMARK [0][-]{section*.2}{\376\377\000S\000p\000r\000i\000t\000e\000\040\000a\000n\000d\000\040\000G\000i\000a\000n\000t\000\040\000J\000e\000t\000\040\000E\000n\000e\000r\000g\000e\000t\000i\000c\000s\000:\000\040\000F\000r\000o\000m\000\040\000S\000p\000e\000c\000i\000a\000l\000\040\000R\000e\000l\000a\000t\000i\000v\000i\000t\000y\000\040\000t\000o\000\040\000S\000w\000i\000r\000l\040\023\000S\000t\000r\000i\000n\000g\000\040\000T\000h\000e\000o\000r\000y}{}% 2
\BOOKMARK [1][-]{section*.1}{\376\377\000A\000b\000s\000t\000r\000a\000c\000t}{section*.2}% 1
\BOOKMARK [1][-]{section*.3}{\376\377\0001\000.\000\040\000F\000r\000o\000m\000\040\000S\000R\000\040\000t\000o\000\040\000V\000A\000M\000\040\000E\000n\000e\000r\000g\000y\000\040\000D\000e\000c\000o\000m\000p\000o\000s\000i\000t\000i\000o\000n}{section*.2}% 3
\BOOKMARK [2][-]{section*.4}{\376\377\0001\000.\0001\000\040\000S\000p\000e\000c\000i\000a\000l\000\040\000R\000e\000l\000a\000t\000i\000v\000i\000t\000y\000\040\000B\000a\000s\000e\000l\000i\000n\000e}{section*.3}% 4
\BOOKMARK [2][-]{section*.5}{\376\377\0001\000.\0002\000\040\000V\000A\000M\000\040\000R\000e\000p\000l\000a\000c\000e\000m\000e\000n\000t\000\040\000c\000\040\000-\000>\000\040\000C\000\137\000e}{section*.3}% 5
\BOOKMARK [2][-]{section*.8}{\376\377\0001\000.\0003\000\040\000D\000i\000m\000e\000n\000s\000i\000o\000n\000a\000l\000\040\000C\000o\000n\000s\000i\000s\000t\000e\000n\000c\000y}{section*.3}% 6
\BOOKMARK [1][-]{section*.9}{\376\377\0002\000.\000\040\000F\000u\000l\000l\000-\000\040\000E\000x\000p\000a\000n\000s\000i\000o\000n\000\040\000a\000n\000d\000\040\000C\000a\000n\000o\000n\000i\000c\000a\000l\000\040\000T\000r\000a\000n\000s\000l\000a\000t\000i\000o\000n}{section*.2}% 7
\BOOKMARK [2][-]{section*.10}{\376\377\0002\000.\0001\000\040\000V\000A\000M\000\040\000F\000u\000l\000l\000-\000\040\000E\000n\000e\000r\000g\000y}{section*.9}% 8
\BOOKMARK [2][-]{section*.11}{\376\377\0002\000.\0002\000\040\000S\000e\000r\000i\000e\000s\000\040\000E\000x\000p\000a\000n\000s\000i\000o\000n}{section*.9}% 9
\BOOKMARK [2][-]{section*.12}{\376\377\0002\000.\0003\000\040\000C\000a\000n\000o\000n\000i\000c\000a\000l\000\040\000S\000S\000T\000\040\000T\000r\000a\000n\000s\000l\000a\000t\000i\000o\000n}{section*.9}% 10
\BOOKMARK [1][-]{section*.13}{\376\377\0003\000.\000\040\000S\000p\000r\000i\000t\000e\000s\000\040\000a\000n\000d\000\040\000G\000i\000a\000n\000t\000\040\000J\000e\000t\000s\000\040\000a\000s\000\040\000E\000x\000c\000i\000t\000a\000t\000i\000o\000n\040\023\000R\000e\000l\000a\000x\000a\000t\000i\000o\000n\000\040\000C\000y\000c\000l\000e\000s}{section*.2}% 11
\BOOKMARK [2][-]{section*.14}{\376\377\0003\000.\0001\000\040\000E\000n\000e\000r\000g\000e\000t\000i\000c\000\040\000R\000o\000l\000e\000s\000\040\000o\000f\000\040\000J\000e\000t\000s\000\040\000a\000n\000d\000\040\000S\000p\000r\000i\000t\000e\000s}{section*.13}% 12
\BOOKMARK [2][-]{section*.15}{\376\377\0003\000.\0002\000\040\000E\000x\000c\000i\000t\000a\000t\000i\000o\000n\000\040\000a\000n\000d\000\040\000R\000e\000l\000a\000x\000a\000t\000i\000o\000n\000\040\000A\000n\000a\000l\000o\000g\000y}{section*.13}% 13
\BOOKMARK [2][-]{section*.16}{\376\377\0003\000.\0003\000\040\000F\000o\000l\000i\000a\000t\000i\000o\000n\000\040\000L\000e\000v\000e\000l\000s\000\040\000a\000s\000\040\000O\000r\000b\000i\000t\000a\000l\000s}{section*.13}% 14
\BOOKMARK [2][-]{section*.17}{\376\377\0003\000.\0004\000\040\000S\000u\000m\000m\000a\000r\000y}{section*.13}% 15
\BOOKMARK [2][-]{section*.18}{\376\377\0003\000.\0005\000\040\000T\000o\000w\000a\000r\000d\000\040\000a\000\040\000Q\000u\000a\000n\000t\000u\000m\000\040\000L\000a\000d\000d\000e\000r\000\040\000o\000f\000\040\000A\000t\000m\000o\000s\000p\000h\000e\000r\000i\000c\000\040\000S\000w\000i\000r\000l\000\040\000S\000t\000a\000t\000e\000s}{section*.13}% 16
\BOOKMARK [2][-]{section*.23}{\376\377\0003\000.\0006\000\040\000N\000u\000m\000e\000r\000i\000c\000a\000l\000\040\000L\000a\000d\000d\000e\000r\000\040\000E\000s\000t\000i\000m\000a\000t\000e\000s\000\040\000\050\000V\000A\000M\000\040\000E\0001\000,\000E\0002\000\051}{section*.13}% 17
\BOOKMARK [1][-]{section*.28}{\376\377\0004\000.\000\040\000D\000i\000s\000c\000u\000s\000s\000i\000o\000n\000\040\000a\000n\000d\000\040\000C\000o\000n\000c\000l\000u\000s\000i\000o\000n}{section*.2}% 18
\BOOKMARK [2][-]{section*.29}{\376\377\0004\000.\0001\000\040\000A\000t\000m\000o\000s\000p\000h\000e\000r\000i\000c\000\040\000I\000n\000t\000e\000r\000p\000r\000e\000t\000a\000t\000i\000o\000n}{section*.28}% 19
\BOOKMARK [2][-]{section*.30}{\376\377\0004\000.\0002\000\040\000S\000R\000\040\000\040\000V\000A\000M\000\040\000\040\000S\000S\000T\000\040\000C\000h\000a\000i\000n}{section*.28}% 20
\BOOKMARK [2][-]{section*.31}{\376\377\0004\000.\0003\000\040\000O\000r\000b\000i\000t\000a\000l\000\040\000A\000n\000a\000l\000o\000g\000y}{section*.28}% 21
\BOOKMARK [2][-]{section*.32}{\376\377\0004\000.\0004\000\040\000O\000u\000t\000l\000o\000o\000k}{section*.28}% 22
\BOOKMARK [1][-]{section*.34}{\376\377\0005\000.\000\040\000O\000u\000t\000l\000o\000o\000k\000\040\000a\000n\000d\000\040\000V\000a\000l\000i\000d\000a\000t\000i\000o\000n\000\040\000P\000a\000t\000h\000w\000a\000y\000s}{section*.2}% 23
\BOOKMARK [2][-]{section*.35}{\376\377\0005\000.\0001\000\040\000S\000w\000i\000r\000l\000\040\000C\000l\000o\000c\000k\000\040\000Q\000u\000a\000n\000t\000i\000z\000a\000t\000i\000o\000n\000\040\000V\000a\000l\000i\000d\000i\000t\000y}{section*.34}% 24
\BOOKMARK [2][-]{section*.39}{\376\377\0005\000.\0002\000\040\000N\000o\000n\000l\000i\000n\000e\000a\000r\000i\000t\000y\000\040\000T\000h\000r\000e\000s\000h\000o\000l\000d\000:\000\040\000Q\000u\000a\000r\000t\000i\000c\000\040\000S\000p\000r\000i\000t\000e\000\040\000D\000o\000m\000i\000n\000a\000n\000c\000e}{section*.34}% 25
\BOOKMARK [2][-]{section*.44}{\376\377\0005\000.\0003\000\040\000U\000n\000i\000v\000e\000r\000s\000a\000l\000i\000t\000y\000\040\000o\000f\000\040\000R\000e\000s\000t\040\023\000K\000i\000n\000e\000t\000i\000c\000\040\000D\000e\000c\000o\000m\000p\000o\000s\000i\000t\000i\000o\000n}{section*.34}% 26
\BOOKMARK [2][-]{section*.49}{\376\377\0005\000.\0004\000\040\000S\000u\000m\000m\000a\000r\000y}{section*.34}% 27
