This is pdfTeX, Version 3.141592653-2.6-1.40.27 (MiKTeX 25.4) (preloaded format=pdflatex 2025.7.29)  19 SEP 2025 15:52
entering extended mode
 restricted \write18 enabled.
 file:line:error style messages enabled.
 %&-line parsing enabled.
**./EM_G.tex
(EM_G.tex
LaTeX2e <2025-06-01>
L3 programming layer <2025-05-26>

(C:\Users\Omar.Iskandarani\AppData\Local\Programs\MiKTeX\tex/latex/revtex\revte
x4-2.cls
Document Class: revtex4-2 2022/06/05 4.2f (https://journals.aps.org/revtex/ for
 documentation)
 Copyright (c) 2019 American Physical Society.
 mailto:revtex@aps.org
 Licensed under the LPPL:
http://www.ctan.org/tex-archive/macros/latex/base/lppl.txt
 Arthur Ogawa <arthur_ogawa at sbcglobal dot net>
 Based on work by David Carlisle <david at dcarlisle.demon.co.uk>
 Version (4.2d--4.2f): Modified by Mark Doyle and Phelype Oleinik
 .
ltxutil[2022/06/05 4.2f utilities package (portions licensed from W. E. Baxter 
web at superscript.com)]
LaTeX Info: Redefining \@centercr on input line 356.
Class revtex4-2 Info: Repairing hyperref-unfriendly LaTeX definition of \mpfoot
note on input line 492.
Class revtex4-2 Info: Repairing broken LateX \@sect on input line 814.
\intertabularlinepenalty=\count275
\@tbpen=\count276
\@arstrutbox@hline=\box53
Class revtex4-2 Info: Repairing broken LaTeX \@xbitor on input line 1845.
Class revtex4-2 Info: Making \typeout \long on input line 2110.
ltxfront[2022/06/05 4.2f frontmatter package (AO,DPC,MD)]
\c@affil=\count277
\c@collab=\count278
\absbox=\box54
ltxgrid[2022/06/05 4.2f page grid package (portions licensed from W. E. Baxter 
web at superscript.com)]
\c@linecount=\count279
\output@latex=\toks17
\box@size@1=\box55
\box@size@2=\box56
\@protection@box=\box57
\@topmark@saved=\toks18
\footins@saved=\box58
\footins@recovered=\box59
\column@recovered=\box60
\pagesofar=\box61
\footsofar=\box62
\pagegrid@col=\count280
Class revtex4-2 Info: Overriding \@vspace, \@vspacer, \@no@pgbk, \@newline, and
 \\  on input line 5676.
\c@part=\count281
\c@section=\count282
\c@subsection=\count283
\c@subsubsection=\count284
\c@paragraph=\count285
\c@subparagraph=\count286
\abovecaptionskip=\skip49
\belowcaptionskip=\skip50
\c@figure=\count287
\fbox@1=\box63
\c@table=\count288
\fbox@2=\box64
\c@video=\count289
\fbox@4=\box65
\@bibdataout=\write3
\widetext@top=\box66
\widetext@bot=\box67
Class revtex4-2 Info: Selecting society aps on input line 7669.

(C:\Users\Omar.Iskandarani\AppData\Local\Programs\MiKTeX\tex/latex/revtex\aps4-
2.rtx
File: aps4-2 2022/06/05 4.2f (https://journals.aps.org/revtex/ for documentatio
n)
Class revtex4-2 Info: RevTeX society APS selected on input line 40.
)

Class revtex4-2 Warning: No journal specified, using default pra.

Class revtex4-2 Info: APS journal PRA selected on input line 7672.

(C:\Users\Omar.Iskandarani\AppData\Local\Programs\MiKTeX\tex/latex/revtex\aps10
pt4-2.rtx
File: aps10pt4-2 2022/06/05 4.2f (https://journals.aps.org/revtex/ for document
ation)
Class revtex4-2 Info: RevTeX pointsize 10pt selected on input line 39.
)
(C:\Users\Omar.Iskandarani\AppData\Local\Programs\MiKTeX\tex/latex/textcase\tex
tcase.sty
Package: textcase 2025/02/16 v1.05 Text only upper/lower case changing (DPC)
Package textcase Info: Defining Legacy names on input line 20.
)
(C:\Users\Omar.Iskandarani\AppData\Local\Programs\MiKTeX\tex/latex/url\url.sty
\Urlmuskip=\muskip17
Package: url 2013/09/16  ver 3.4  Verb mode for urls, etc.
)
(C:\Users\Omar.Iskandarani\AppData\Local\Programs\MiKTeX\tex/latex/natbib\natbi
b.sty
Package: natbib 2010/09/13 8.31b (PWD, AO)
\bibhang=\skip51
\bibsep=\skip52
LaTeX Info: Redefining \cite on input line 694.
\c@NAT@ctr=\count290
)
Class revtex4-2 Info: Repairing natbib's \BibitemShut on input line 7676.

(C:\Users\Omar.Iskandarani\AppData\Local\Programs\MiKTeX\tex/latex/revtex\revsy
mb4-2.sty
Package: revsymb4-2 2022/06/05 4.2f (https://journals.aps.org/revtex/ for docum
entation)
LaTeX Info: Redefining \REV@mathfrak on input line 128.
))
(C:\Users\Omar.Iskandarani\AppData\Local\Programs\MiKTeX\tex/latex/base\inputen
c.sty
Package: inputenc 2024/02/08 v1.3d Input encoding file
\inpenc@prehook=\toks19
\inpenc@posthook=\toks20
)
(C:\Users\Omar.Iskandarani\AppData\Local\Programs\MiKTeX\tex/latex/base\fontenc
.sty
Package: fontenc 2024/12/21 v2.1c Standard LaTeX package
)
(C:\Users\Omar.Iskandarani\AppData\Local\Programs\MiKTeX\tex/latex/geometry\geo
metry.sty
Package: geometry 2020/01/02 v5.9 Page Geometry

(C:\Users\Omar.Iskandarani\AppData\Local\Programs\MiKTeX\tex/latex/graphics\key
val.sty
Package: keyval 2022/05/29 v1.15 key=value parser (DPC)
\KV@toks@=\toks21
)
(C:\Users\Omar.Iskandarani\AppData\Local\Programs\MiKTeX\tex/generic/iftex\ifvt
ex.sty
Package: ifvtex 2019/10/25 v1.7 ifvtex legacy package. Use iftex instead.

(C:\Users\Omar.Iskandarani\AppData\Local\Programs\MiKTeX\tex/generic/iftex\ifte
x.sty
Package: iftex 2024/12/12 v1.0g TeX engine tests
))
\Gm@cnth=\count291
\Gm@cntv=\count292
\c@Gm@tempcnt=\count293
\Gm@bindingoffset=\dimen148
\Gm@wd@mp=\dimen149
\Gm@odd@mp=\dimen150
\Gm@even@mp=\dimen151
\Gm@layoutwidth=\dimen152
\Gm@layoutheight=\dimen153
\Gm@layouthoffset=\dimen154
\Gm@layoutvoffset=\dimen155
\Gm@dimlist=\toks22

(C:\Users\Omar.Iskandarani\AppData\Local\Programs\MiKTeX\tex/latex/geometry\geo
metry.cfg))
(C:\Users\Omar.Iskandarani\AppData\Local\Programs\MiKTeX\tex/latex/amsmath\amsm
ath.sty
Package: amsmath 2025/05/18 v2.17x AMS math features
\@mathmargin=\skip53

For additional information on amsmath, use the `?' option.

(C:\Users\Omar.Iskandarani\AppData\Local\Programs\MiKTeX\tex/latex/amsmath\amst
ext.sty
Package: amstext 2024/11/17 v2.01 AMS text

(C:\Users\Omar.Iskandarani\AppData\Local\Programs\MiKTeX\tex/latex/amsmath\amsg
en.sty
File: amsgen.sty 1999/11/30 v2.0 generic functions
\@emptytoks=\toks23
\ex@=\dimen156
)
LaTeX Info: Redefining \text on input line 28.
)
(C:\Users\Omar.Iskandarani\AppData\Local\Programs\MiKTeX\tex/latex/amsmath\amsb
sy.sty
Package: amsbsy 1999/11/29 v1.2d Bold Symbols
\pmbraise@=\dimen157
)
(C:\Users\Omar.Iskandarani\AppData\Local\Programs\MiKTeX\tex/latex/amsmath\amso
pn.sty
Package: amsopn 2022/04/08 v2.04 operator names
)
\inf@bad=\count294
LaTeX Info: Redefining \frac on input line 233.
\uproot@=\count295
\leftroot@=\count296
LaTeX Info: Redefining \overline on input line 398.
LaTeX Info: Redefining \colon on input line 409.
\classnum@=\count297
\DOTSCASE@=\count298
LaTeX Info: Redefining \ldots on input line 495.
LaTeX Info: Redefining \dots on input line 498.
LaTeX Info: Redefining \cdots on input line 619.
\Mathstrutbox@=\box68
\strutbox@=\box69
LaTeX Info: Redefining \big on input line 721.
LaTeX Info: Redefining \Big on input line 722.
LaTeX Info: Redefining \bigg on input line 723.
LaTeX Info: Redefining \Bigg on input line 724.
\big@size=\dimen158
LaTeX Font Info:    Redeclaring font encoding OML on input line 742.
LaTeX Font Info:    Redeclaring font encoding OMS on input line 743.
\macc@depth=\count299
LaTeX Info: Redefining \bmod on input line 904.
LaTeX Info: Redefining \pmod on input line 909.
LaTeX Info: Redefining \smash on input line 939.
LaTeX Info: Redefining \relbar on input line 969.
LaTeX Info: Redefining \Relbar on input line 970.
\c@MaxMatrixCols=\count300
\dotsspace@=\muskip18
\c@parentequation=\count301
\dspbrk@lvl=\count302
\tag@help=\toks24
\row@=\count303
\column@=\count304
\maxfields@=\count305
\andhelp@=\toks25
\eqnshift@=\dimen159
\alignsep@=\dimen160
\tagshift@=\dimen161
\tagwidth@=\dimen162
\totwidth@=\dimen163
\lineht@=\dimen164
\@envbody=\toks26
\multlinegap=\skip54
\multlinetaggap=\skip55
\mathdisplay@stack=\toks27
LaTeX Info: Redefining \[ on input line 2949.
LaTeX Info: Redefining \] on input line 2950.
)
(C:\Users\Omar.Iskandarani\AppData\Local\Programs\MiKTeX\tex/latex/amsfonts\ams
symb.sty
Package: amssymb 2013/01/14 v3.01 AMS font symbols

(C:\Users\Omar.Iskandarani\AppData\Local\Programs\MiKTeX\tex/latex/amsfonts\ams
fonts.sty
Package: amsfonts 2013/01/14 v3.01 Basic AMSFonts support
\symAMSa=\mathgroup4
\symAMSb=\mathgroup5
LaTeX Font Info:    Redeclaring math symbol \hbar on input line 98.
LaTeX Font Info:    Overwriting math alphabet `\mathfrak' in version `bold'
(Font)                  U/euf/m/n --> U/euf/b/n on input line 106.
LaTeX Info: Redefining \frak on input line 111.
LaTeX Info: Redefining \Bbb on input line 113.
))
(C:\Users\Omar.Iskandarani\AppData\Local\Programs\MiKTeX\tex/latex/tools\bm.sty
Package: bm 2023/12/19 v1.2f Bold Symbol Support (DPC/FMi)
\symboldoperators=\mathgroup6
\symboldletters=\mathgroup7
\symboldsymbols=\mathgroup8
Package bm Info: No bold for \OMX/cmex/m/n, using \pmb.
Package bm Info: No bold for \U/msa/m/n, using \pmb.
Package bm Info: No bold for \U/msb/m/n, using \pmb.
LaTeX Font Info:    Redeclaring math alphabet \mathbf on input line 149.
LaTeX Info: Redefining \bm on input line 219.
)
(C:\Users\Omar.Iskandarani\AppData\Local\Programs\MiKTeX\tex/latex/tcolorbox\tc
olorbox.sty
Package: tcolorbox 2025/06/04 version 6.6.0 text color boxes

(C:\Users\Omar.Iskandarani\AppData\Local\Programs\MiKTeX\tex/latex/pgf/frontend
layer\tikz.sty
(C:\Users\Omar.Iskandarani\AppData\Local\Programs\MiKTeX\tex/latex/pgf/basiclay
er\pgf.sty
(C:\Users\Omar.Iskandarani\AppData\Local\Programs\MiKTeX\tex/latex/pgf/utilitie
s\pgfrcs.sty
(C:\Users\Omar.Iskandarani\AppData\Local\Programs\MiKTeX\tex/generic/pgf/utilit
ies\pgfutil-common.tex
\pgfutil@everybye=\toks28
\pgfutil@tempdima=\dimen165
\pgfutil@tempdimb=\dimen166
)
(C:\Users\Omar.Iskandarani\AppData\Local\Programs\MiKTeX\tex/generic/pgf/utilit
ies\pgfutil-latex.def
\pgfutil@abb=\box70
)
(C:\Users\Omar.Iskandarani\AppData\Local\Programs\MiKTeX\tex/generic/pgf/utilit
ies\pgfrcs.code.tex
(C:\Users\Omar.Iskandarani\AppData\Local\Programs\MiKTeX\tex/generic/pgf\pgf.re
vision.tex)
Package: pgfrcs 2023-01-15 v3.1.10 (3.1.10)
))
Package: pgf 2023-01-15 v3.1.10 (3.1.10)

(C:\Users\Omar.Iskandarani\AppData\Local\Programs\MiKTeX\tex/latex/pgf/basiclay
er\pgfcore.sty
(C:\Users\Omar.Iskandarani\AppData\Local\Programs\MiKTeX\tex/latex/graphics\gra
phicx.sty
Package: graphicx 2024/12/31 v1.2e Enhanced LaTeX Graphics (DPC,SPQR)

(C:\Users\Omar.Iskandarani\AppData\Local\Programs\MiKTeX\tex/latex/graphics\gra
phics.sty
Package: graphics 2024/08/06 v1.4g Standard LaTeX Graphics (DPC,SPQR)

(C:\Users\Omar.Iskandarani\AppData\Local\Programs\MiKTeX\tex/latex/graphics\tri
g.sty
Package: trig 2023/12/02 v1.11 sin cos tan (DPC)
)
(C:\Users\Omar.Iskandarani\AppData\Local\Programs\MiKTeX\tex/latex/graphics-cfg
\graphics.cfg
File: graphics.cfg 2016/06/04 v1.11 sample graphics configuration
)
Package graphics Info: Driver file: pdftex.def on input line 106.

(C:\Users\Omar.Iskandarani\AppData\Local\Programs\MiKTeX\tex/latex/graphics-def
\pdftex.def
File: pdftex.def 2024/04/13 v1.2c Graphics/color driver for pdftex
))
\Gin@req@height=\dimen167
\Gin@req@width=\dimen168
)
(C:\Users\Omar.Iskandarani\AppData\Local\Programs\MiKTeX\tex/latex/pgf/systemla
yer\pgfsys.sty
(C:\Users\Omar.Iskandarani\AppData\Local\Programs\MiKTeX\tex/generic/pgf/system
layer\pgfsys.code.tex
Package: pgfsys 2023-01-15 v3.1.10 (3.1.10)

(C:\Users\Omar.Iskandarani\AppData\Local\Programs\MiKTeX\tex/generic/pgf/utilit
ies\pgfkeys.code.tex
\pgfkeys@pathtoks=\toks29
\pgfkeys@temptoks=\toks30

(C:\Users\Omar.Iskandarani\AppData\Local\Programs\MiKTeX\tex/generic/pgf/utilit
ies\pgfkeyslibraryfiltered.code.tex
\pgfkeys@tmptoks=\toks31
))
\pgf@x=\dimen169
\pgf@y=\dimen170
\pgf@xa=\dimen171
\pgf@ya=\dimen172
\pgf@xb=\dimen173
\pgf@yb=\dimen174
\pgf@xc=\dimen175
\pgf@yc=\dimen176
\pgf@xd=\dimen177
\pgf@yd=\dimen178
\w@pgf@writea=\write4
\r@pgf@reada=\read2
\c@pgf@counta=\count306
\c@pgf@countb=\count307
\c@pgf@countc=\count308
\c@pgf@countd=\count309
\t@pgf@toka=\toks32
\t@pgf@tokb=\toks33
\t@pgf@tokc=\toks34
\pgf@sys@id@count=\count310

(C:\Users\Omar.Iskandarani\AppData\Local\Programs\MiKTeX\tex/generic/pgf/system
layer\pgf.cfg
File: pgf.cfg 2023-01-15 v3.1.10 (3.1.10)
)
Driver file for pgf: pgfsys-pdftex.def

(C:\Users\Omar.Iskandarani\AppData\Local\Programs\MiKTeX\tex/generic/pgf/system
layer\pgfsys-pdftex.def
File: pgfsys-pdftex.def 2023-01-15 v3.1.10 (3.1.10)

(C:\Users\Omar.Iskandarani\AppData\Local\Programs\MiKTeX\tex/generic/pgf/system
layer\pgfsys-common-pdf.def
File: pgfsys-common-pdf.def 2023-01-15 v3.1.10 (3.1.10)
)))
(C:\Users\Omar.Iskandarani\AppData\Local\Programs\MiKTeX\tex/generic/pgf/system
layer\pgfsyssoftpath.code.tex
File: pgfsyssoftpath.code.tex 2023-01-15 v3.1.10 (3.1.10)
\pgfsyssoftpath@smallbuffer@items=\count311
\pgfsyssoftpath@bigbuffer@items=\count312
)
(C:\Users\Omar.Iskandarani\AppData\Local\Programs\MiKTeX\tex/generic/pgf/system
layer\pgfsysprotocol.code.tex
File: pgfsysprotocol.code.tex 2023-01-15 v3.1.10 (3.1.10)
))
(C:\Users\Omar.Iskandarani\AppData\Local\Programs\MiKTeX\tex/latex/xcolor\xcolo
r.sty
Package: xcolor 2024/09/29 v3.02 LaTeX color extensions (UK)

(C:\Users\Omar.Iskandarani\AppData\Local\Programs\MiKTeX\tex/latex/graphics-cfg
\color.cfg
File: color.cfg 2016/01/02 v1.6 sample color configuration
)
Package xcolor Info: Driver file: pdftex.def on input line 274.

(C:\Users\Omar.Iskandarani\AppData\Local\Programs\MiKTeX\tex/latex/graphics\mat
hcolor.ltx)
Package xcolor Info: Model `cmy' substituted by `cmy0' on input line 1349.
Package xcolor Info: Model `hsb' substituted by `rgb' on input line 1353.
Package xcolor Info: Model `RGB' extended on input line 1365.
Package xcolor Info: Model `HTML' substituted by `rgb' on input line 1367.
Package xcolor Info: Model `Hsb' substituted by `hsb' on input line 1368.
Package xcolor Info: Model `tHsb' substituted by `hsb' on input line 1369.
Package xcolor Info: Model `HSB' substituted by `hsb' on input line 1370.
Package xcolor Info: Model `Gray' substituted by `gray' on input line 1371.
Package xcolor Info: Model `wave' substituted by `hsb' on input line 1372.
)
(C:\Users\Omar.Iskandarani\AppData\Local\Programs\MiKTeX\tex/generic/pgf/basicl
ayer\pgfcore.code.tex
Package: pgfcore 2023-01-15 v3.1.10 (3.1.10)

(C:\Users\Omar.Iskandarani\AppData\Local\Programs\MiKTeX\tex/generic/pgf/math\p
gfmath.code.tex
(C:\Users\Omar.Iskandarani\AppData\Local\Programs\MiKTeX\tex/generic/pgf/math\p
gfmathutil.code.tex)
(C:\Users\Omar.Iskandarani\AppData\Local\Programs\MiKTeX\tex/generic/pgf/math\p
gfmathparser.code.tex
\pgfmath@dimen=\dimen179
\pgfmath@count=\count313
\pgfmath@box=\box71
\pgfmath@toks=\toks35
\pgfmath@stack@operand=\toks36
\pgfmath@stack@operation=\toks37
)
(C:\Users\Omar.Iskandarani\AppData\Local\Programs\MiKTeX\tex/generic/pgf/math\p
gfmathfunctions.code.tex)
(C:\Users\Omar.Iskandarani\AppData\Local\Programs\MiKTeX\tex/generic/pgf/math\p
gfmathfunctions.basic.code.tex)
(C:\Users\Omar.Iskandarani\AppData\Local\Programs\MiKTeX\tex/generic/pgf/math\p
gfmathfunctions.trigonometric.code.tex)
(C:\Users\Omar.Iskandarani\AppData\Local\Programs\MiKTeX\tex/generic/pgf/math\p
gfmathfunctions.random.code.tex)
(C:\Users\Omar.Iskandarani\AppData\Local\Programs\MiKTeX\tex/generic/pgf/math\p
gfmathfunctions.comparison.code.tex)
(C:\Users\Omar.Iskandarani\AppData\Local\Programs\MiKTeX\tex/generic/pgf/math\p
gfmathfunctions.base.code.tex)
(C:\Users\Omar.Iskandarani\AppData\Local\Programs\MiKTeX\tex/generic/pgf/math\p
gfmathfunctions.round.code.tex)
(C:\Users\Omar.Iskandarani\AppData\Local\Programs\MiKTeX\tex/generic/pgf/math\p
gfmathfunctions.misc.code.tex)
(C:\Users\Omar.Iskandarani\AppData\Local\Programs\MiKTeX\tex/generic/pgf/math\p
gfmathfunctions.integerarithmetics.code.tex)
(C:\Users\Omar.Iskandarani\AppData\Local\Programs\MiKTeX\tex/generic/pgf/math\p
gfmathcalc.code.tex)
(C:\Users\Omar.Iskandarani\AppData\Local\Programs\MiKTeX\tex/generic/pgf/math\p
gfmathfloat.code.tex
\c@pgfmathroundto@lastzeros=\count314
))
(C:\Users\Omar.Iskandarani\AppData\Local\Programs\MiKTeX\tex/generic/pgf/math\p
gfint.code.tex)
(C:\Users\Omar.Iskandarani\AppData\Local\Programs\MiKTeX\tex/generic/pgf/basicl
ayer\pgfcorepoints.code.tex
File: pgfcorepoints.code.tex 2023-01-15 v3.1.10 (3.1.10)
\pgf@picminx=\dimen180
\pgf@picmaxx=\dimen181
\pgf@picminy=\dimen182
\pgf@picmaxy=\dimen183
\pgf@pathminx=\dimen184
\pgf@pathmaxx=\dimen185
\pgf@pathminy=\dimen186
\pgf@pathmaxy=\dimen187
\pgf@xx=\dimen188
\pgf@xy=\dimen189
\pgf@yx=\dimen190
\pgf@yy=\dimen191
\pgf@zx=\dimen192
\pgf@zy=\dimen193
)
(C:\Users\Omar.Iskandarani\AppData\Local\Programs\MiKTeX\tex/generic/pgf/basicl
ayer\pgfcorepathconstruct.code.tex
File: pgfcorepathconstruct.code.tex 2023-01-15 v3.1.10 (3.1.10)
\pgf@path@lastx=\dimen194
\pgf@path@lasty=\dimen195
)
(C:\Users\Omar.Iskandarani\AppData\Local\Programs\MiKTeX\tex/generic/pgf/basicl
ayer\pgfcorepathusage.code.tex
File: pgfcorepathusage.code.tex 2023-01-15 v3.1.10 (3.1.10)
\pgf@shorten@end@additional=\dimen196
\pgf@shorten@start@additional=\dimen197
)
(C:\Users\Omar.Iskandarani\AppData\Local\Programs\MiKTeX\tex/generic/pgf/basicl
ayer\pgfcorescopes.code.tex
File: pgfcorescopes.code.tex 2023-01-15 v3.1.10 (3.1.10)
\pgfpic=\box72
\pgf@hbox=\box73
\pgf@layerbox@main=\box74
\pgf@picture@serial@count=\count315
)
(C:\Users\Omar.Iskandarani\AppData\Local\Programs\MiKTeX\tex/generic/pgf/basicl
ayer\pgfcoregraphicstate.code.tex
File: pgfcoregraphicstate.code.tex 2023-01-15 v3.1.10 (3.1.10)
\pgflinewidth=\dimen198
)
(C:\Users\Omar.Iskandarani\AppData\Local\Programs\MiKTeX\tex/generic/pgf/basicl
ayer\pgfcoretransformations.code.tex
File: pgfcoretransformations.code.tex 2023-01-15 v3.1.10 (3.1.10)
\pgf@pt@x=\dimen199
\pgf@pt@y=\dimen256
\pgf@pt@temp=\dimen257
)
(C:\Users\Omar.Iskandarani\AppData\Local\Programs\MiKTeX\tex/generic/pgf/basicl
ayer\pgfcorequick.code.tex
File: pgfcorequick.code.tex 2023-01-15 v3.1.10 (3.1.10)
)
(C:\Users\Omar.Iskandarani\AppData\Local\Programs\MiKTeX\tex/generic/pgf/basicl
ayer\pgfcoreobjects.code.tex
File: pgfcoreobjects.code.tex 2023-01-15 v3.1.10 (3.1.10)
)
(C:\Users\Omar.Iskandarani\AppData\Local\Programs\MiKTeX\tex/generic/pgf/basicl
ayer\pgfcorepathprocessing.code.tex
File: pgfcorepathprocessing.code.tex 2023-01-15 v3.1.10 (3.1.10)
)
(C:\Users\Omar.Iskandarani\AppData\Local\Programs\MiKTeX\tex/generic/pgf/basicl
ayer\pgfcorearrows.code.tex
File: pgfcorearrows.code.tex 2023-01-15 v3.1.10 (3.1.10)
\pgfarrowsep=\dimen258
)
(C:\Users\Omar.Iskandarani\AppData\Local\Programs\MiKTeX\tex/generic/pgf/basicl
ayer\pgfcoreshade.code.tex
File: pgfcoreshade.code.tex 2023-01-15 v3.1.10 (3.1.10)
\pgf@max=\dimen259
\pgf@sys@shading@range@num=\count316
\pgf@shadingcount=\count317
)
(C:\Users\Omar.Iskandarani\AppData\Local\Programs\MiKTeX\tex/generic/pgf/basicl
ayer\pgfcoreimage.code.tex
File: pgfcoreimage.code.tex 2023-01-15 v3.1.10 (3.1.10)
)
(C:\Users\Omar.Iskandarani\AppData\Local\Programs\MiKTeX\tex/generic/pgf/basicl
ayer\pgfcoreexternal.code.tex
File: pgfcoreexternal.code.tex 2023-01-15 v3.1.10 (3.1.10)
\pgfexternal@startupbox=\box75
)
(C:\Users\Omar.Iskandarani\AppData\Local\Programs\MiKTeX\tex/generic/pgf/basicl
ayer\pgfcorelayers.code.tex
File: pgfcorelayers.code.tex 2023-01-15 v3.1.10 (3.1.10)
)
(C:\Users\Omar.Iskandarani\AppData\Local\Programs\MiKTeX\tex/generic/pgf/basicl
ayer\pgfcoretransparency.code.tex
File: pgfcoretransparency.code.tex 2023-01-15 v3.1.10 (3.1.10)
)
(C:\Users\Omar.Iskandarani\AppData\Local\Programs\MiKTeX\tex/generic/pgf/basicl
ayer\pgfcorepatterns.code.tex
File: pgfcorepatterns.code.tex 2023-01-15 v3.1.10 (3.1.10)
)
(C:\Users\Omar.Iskandarani\AppData\Local\Programs\MiKTeX\tex/generic/pgf/basicl
ayer\pgfcorerdf.code.tex
File: pgfcorerdf.code.tex 2023-01-15 v3.1.10 (3.1.10)
)))
(C:\Users\Omar.Iskandarani\AppData\Local\Programs\MiKTeX\tex/generic/pgf/module
s\pgfmoduleshapes.code.tex
File: pgfmoduleshapes.code.tex 2023-01-15 v3.1.10 (3.1.10)
\pgfnodeparttextbox=\box76
)
(C:\Users\Omar.Iskandarani\AppData\Local\Programs\MiKTeX\tex/generic/pgf/module
s\pgfmoduleplot.code.tex
File: pgfmoduleplot.code.tex 2023-01-15 v3.1.10 (3.1.10)
)
(C:\Users\Omar.Iskandarani\AppData\Local\Programs\MiKTeX\tex/latex/pgf/compatib
ility\pgfcomp-version-0-65.sty
Package: pgfcomp-version-0-65 2023-01-15 v3.1.10 (3.1.10)
\pgf@nodesepstart=\dimen260
\pgf@nodesepend=\dimen261
)
(C:\Users\Omar.Iskandarani\AppData\Local\Programs\MiKTeX\tex/latex/pgf/compatib
ility\pgfcomp-version-1-18.sty
Package: pgfcomp-version-1-18 2023-01-15 v3.1.10 (3.1.10)
))
(C:\Users\Omar.Iskandarani\AppData\Local\Programs\MiKTeX\tex/latex/pgf/utilitie
s\pgffor.sty
(C:\Users\Omar.Iskandarani\AppData\Local\Programs\MiKTeX\tex/latex/pgf/utilitie
s\pgfkeys.sty
(C:\Users\Omar.Iskandarani\AppData\Local\Programs\MiKTeX\tex/generic/pgf/utilit
ies\pgfkeys.code.tex))
(C:\Users\Omar.Iskandarani\AppData\Local\Programs\MiKTeX\tex/latex/pgf/math\pgf
math.sty
(C:\Users\Omar.Iskandarani\AppData\Local\Programs\MiKTeX\tex/generic/pgf/math\p
gfmath.code.tex))
(C:\Users\Omar.Iskandarani\AppData\Local\Programs\MiKTeX\tex/generic/pgf/utilit
ies\pgffor.code.tex
Package: pgffor 2023-01-15 v3.1.10 (3.1.10)
\pgffor@iter=\dimen262
\pgffor@skip=\dimen263
\pgffor@stack=\toks38
\pgffor@toks=\toks39
))
(C:\Users\Omar.Iskandarani\AppData\Local\Programs\MiKTeX\tex/generic/pgf/fronte
ndlayer/tikz\tikz.code.tex
Package: tikz 2023-01-15 v3.1.10 (3.1.10)

(C:\Users\Omar.Iskandarani\AppData\Local\Programs\MiKTeX\tex/generic/pgf/librar
ies\pgflibraryplothandlers.code.tex
File: pgflibraryplothandlers.code.tex 2023-01-15 v3.1.10 (3.1.10)
\pgf@plot@mark@count=\count318
\pgfplotmarksize=\dimen264
)
\tikz@lastx=\dimen265
\tikz@lasty=\dimen266
\tikz@lastxsaved=\dimen267
\tikz@lastysaved=\dimen268
\tikz@lastmovetox=\dimen269
\tikz@lastmovetoy=\dimen270
\tikzleveldistance=\dimen271
\tikzsiblingdistance=\dimen272
\tikz@figbox=\box77
\tikz@figbox@bg=\box78
\tikz@tempbox=\box79
\tikz@tempbox@bg=\box80
\tikztreelevel=\count319
\tikznumberofchildren=\count320
\tikznumberofcurrentchild=\count321
\tikz@fig@count=\count322

(C:\Users\Omar.Iskandarani\AppData\Local\Programs\MiKTeX\tex/generic/pgf/module
s\pgfmodulematrix.code.tex
File: pgfmodulematrix.code.tex 2023-01-15 v3.1.10 (3.1.10)
\pgfmatrixcurrentrow=\count323
\pgfmatrixcurrentcolumn=\count324
\pgf@matrix@numberofcolumns=\count325
)
\tikz@expandcount=\count326

(C:\Users\Omar.Iskandarani\AppData\Local\Programs\MiKTeX\tex/generic/pgf/fronte
ndlayer/tikz/libraries\tikzlibrarytopaths.code.tex
File: tikzlibrarytopaths.code.tex 2023-01-15 v3.1.10 (3.1.10)
)))
(C:\Users\Omar.Iskandarani\AppData\Local\Programs\MiKTeX\tex/latex/tools\verbat
im.sty
Package: verbatim 2024-01-22 v1.5x LaTeX2e package for verbatim enhancements
\every@verbatim=\toks40
\verbatim@line=\toks41
\verbatim@in@stream=\read3
)
(C:\Users\Omar.Iskandarani\AppData\Local\Programs\MiKTeX\tex/latex/environ\envi
ron.sty
Package: environ 2014/05/04 v0.3 A new way to define environments

(C:\Users\Omar.Iskandarani\AppData\Local\Programs\MiKTeX\tex/latex/trimspaces\t
rimspaces.sty
Package: trimspaces 2009/09/17 v1.1 Trim spaces around a token list
))
(C:\Users\Omar.Iskandarani\AppData\Local\Programs\MiKTeX\tex/latex/etoolbox\eto
olbox.sty
Package: etoolbox 2025/02/11 v2.5l e-TeX tools for LaTeX (JAW)
\etb@tempcnta=\count327
)
\tcb@titlebox=\box81
\tcb@upperbox=\box82
\tcb@lowerbox=\box83
\tcb@phantombox=\box84
\c@tcbbreakpart=\count328
\c@tcblayer=\count329
\c@tcolorbox@number=\count330
\l__tcobox_tmpa_box=\box85
\l__tcobox_tmpa_dim=\dimen273
\tcb@temp=\box86
\tcb@temp=\box87
\tcb@temp=\box88
\tcb@temp=\box89
)
(C:\Users\Omar.Iskandarani\AppData\Local\Programs\MiKTeX\tex/latex/hyperref\hyp
erref.sty
Package: hyperref 2025-05-20 v7.01m Hypertext links for LaTeX

(C:\Users\Omar.Iskandarani\AppData\Local\Programs\MiKTeX\tex/latex/kvsetkeys\kv
setkeys.sty
Package: kvsetkeys 2022-10-05 v1.19 Key value parser (HO)
)
(C:\Users\Omar.Iskandarani\AppData\Local\Programs\MiKTeX\tex/generic/kvdefineke
ys\kvdefinekeys.sty
Package: kvdefinekeys 2019-12-19 v1.6 Define keys (HO)
)
(C:\Users\Omar.Iskandarani\AppData\Local\Programs\MiKTeX\tex/generic/pdfescape\
pdfescape.sty
Package: pdfescape 2019/12/09 v1.15 Implements pdfTeX's escape features (HO)

(C:\Users\Omar.Iskandarani\AppData\Local\Programs\MiKTeX\tex/generic/ltxcmds\lt
xcmds.sty
Package: ltxcmds 2023-12-04 v1.26 LaTeX kernel commands for general use (HO)
)
(C:\Users\Omar.Iskandarani\AppData\Local\Programs\MiKTeX\tex/generic/pdftexcmds
\pdftexcmds.sty
Package: pdftexcmds 2020-06-27 v0.33 Utility functions of pdfTeX for LuaTeX (HO
)

(C:\Users\Omar.Iskandarani\AppData\Local\Programs\MiKTeX\tex/generic/infwarerr\
infwarerr.sty
Package: infwarerr 2019/12/03 v1.5 Providing info/warning/error messages (HO)
)
Package pdftexcmds Info: \pdf@primitive is available.
Package pdftexcmds Info: \pdf@ifprimitive is available.
Package pdftexcmds Info: \pdfdraftmode found.
))
(C:\Users\Omar.Iskandarani\AppData\Local\Programs\MiKTeX\tex/latex/hycolor\hyco
lor.sty
Package: hycolor 2020-01-27 v1.10 Color options for hyperref/bookmark (HO)
)
(C:\Users\Omar.Iskandarani\AppData\Local\Programs\MiKTeX\tex/latex/hyperref\nam
eref.sty
Package: nameref 2023-11-26 v2.56 Cross-referencing by name of section

(C:\Users\Omar.Iskandarani\AppData\Local\Programs\MiKTeX\tex/latex/refcount\ref
count.sty
Package: refcount 2019/12/15 v3.6 Data extraction from label references (HO)
)
(C:\Users\Omar.Iskandarani\AppData\Local\Programs\MiKTeX\tex/generic/gettitlest
ring\gettitlestring.sty
Package: gettitlestring 2019/12/15 v1.6 Cleanup title references (HO)

(C:\Users\Omar.Iskandarani\AppData\Local\Programs\MiKTeX\tex/latex/kvoptions\kv
options.sty
Package: kvoptions 2022-06-15 v3.15 Key value format for package options (HO)
))

Package nameref Warning: The definition of \label has changed! 
(nameref)                Check your packages! 
(nameref)                Replacing it with the kernel definition on input line 
149.

\c@section@level=\count331
)
(C:\Users\Omar.Iskandarani\AppData\Local\Programs\MiKTeX\tex/generic/stringenc\
stringenc.sty
Package: stringenc 2019/11/29 v1.12 Convert strings between diff. encodings (HO
)
)
\@linkdim=\dimen274
\Hy@linkcounter=\count332
\Hy@pagecounter=\count333

(C:\Users\Omar.Iskandarani\AppData\Local\Programs\MiKTeX\tex/latex/hyperref\pd1
enc.def
File: pd1enc.def 2025-05-20 v7.01m Hyperref: PDFDocEncoding definition (HO)
Now handling font encoding PD1 ...
... no UTF-8 mapping file for font encoding PD1
)
(C:\Users\Omar.Iskandarani\AppData\Local\Programs\MiKTeX\tex/generic/intcalc\in
tcalc.sty
Package: intcalc 2019/12/15 v1.3 Expandable calculations with integers (HO)
)
\Hy@SavedSpaceFactor=\count334

(C:\Users\Omar.Iskandarani\AppData\Local\Programs\MiKTeX\tex/latex/hyperref\pue
nc.def
File: puenc.def 2025-05-20 v7.01m Hyperref: PDF Unicode definition (HO)
Now handling font encoding PU ...
... no UTF-8 mapping file for font encoding PU
)
Package hyperref Info: Hyper figures OFF on input line 4157.
Package hyperref Info: Link nesting OFF on input line 4162.
Package hyperref Info: Hyper index ON on input line 4165.
Package hyperref Info: Plain pages OFF on input line 4172.
Package hyperref Info: Backreferencing OFF on input line 4177.
Package hyperref Info: Implicit mode ON; LaTeX internals redefined.
Package hyperref Info: Bookmarks ON on input line 4424.
LaTeX Info: Redefining \href on input line 4674.
\c@Hy@tempcnt=\count335
LaTeX Info: Redefining \url on input line 4763.
\XeTeXLinkMargin=\dimen275

(C:\Users\Omar.Iskandarani\AppData\Local\Programs\MiKTeX\tex/generic/bitset\bit
set.sty
Package: bitset 2019/12/09 v1.3 Handle bit-vector datatype (HO)

(C:\Users\Omar.Iskandarani\AppData\Local\Programs\MiKTeX\tex/generic/bigintcalc
\bigintcalc.sty
Package: bigintcalc 2019/12/15 v1.5 Expandable calculations on big integers (HO
)
))
\Fld@menulength=\count336
\Field@Width=\dimen276
\Fld@charsize=\dimen277
Package hyperref Info: Hyper figures OFF on input line 6042.
Package hyperref Info: Link nesting OFF on input line 6047.
Package hyperref Info: Hyper index ON on input line 6050.
Package hyperref Info: backreferencing OFF on input line 6057.
Package hyperref Info: Link coloring OFF on input line 6062.
Package hyperref Info: Link coloring with OCG OFF on input line 6067.
Package hyperref Info: PDF/A mode OFF on input line 6072.

(C:\Users\Omar.Iskandarani\AppData\Local\Programs\MiKTeX\tex/latex/base\atbegsh
i-ltx.sty
Package: atbegshi-ltx 2021/01/10 v1.0c Emulation of the original atbegshi
package with kernel methods
)
\Hy@abspage=\count337
\c@Item=\count338
\c@Hfootnote=\count339
)
Package hyperref Info: Driver (autodetected): hpdftex.

(C:\Users\Omar.Iskandarani\AppData\Local\Programs\MiKTeX\tex/latex/hyperref\hpd
ftex.def
File: hpdftex.def 2025-05-20 v7.01m Hyperref driver for pdfTeX
\Fld@listcount=\count340
\c@bookmark@seq@number=\count341

(C:\Users\Omar.Iskandarani\AppData\Local\Programs\MiKTeX\tex/latex/rerunfileche
ck\rerunfilecheck.sty
Package: rerunfilecheck 2022-07-10 v1.10 Rerun checks for auxiliary files (HO)

(C:\Users\Omar.Iskandarani\AppData\Local\Programs\MiKTeX\tex/latex/base\atverye
nd-ltx.sty
Package: atveryend-ltx 2020/08/19 v1.0a Emulation of the original atveryend pac
kage
with kernel methods
)
(C:\Users\Omar.Iskandarani\AppData\Local\Programs\MiKTeX\tex/generic/uniquecoun
ter\uniquecounter.sty
Package: uniquecounter 2019/12/15 v1.4 Provide unlimited unique counter (HO)
)
Package uniquecounter Info: New unique counter `rerunfilecheck' on input line 2
85.
)
\Hy@SectionHShift=\skip56
)
Package hyperref Info: Option `colorlinks' set `true' on input line 20.

(C:\Users\Omar.Iskandarani\AppData\Local\Programs\MiKTeX\tex/generic/pgf/librar
ies\pgflibraryarrows.meta.code.tex
File: pgflibraryarrows.meta.code.tex 2023-01-15 v3.1.10 (3.1.10)
\pgfarrowinset=\dimen278
\pgfarrowlength=\dimen279
\pgfarrowwidth=\dimen280
\pgfarrowlinewidth=\dimen281
)
(C:\Users\Omar.Iskandarani\AppData\Local\Programs\MiKTeX\tex/generic/pgf/fronte
ndlayer/tikz/libraries\tikzlibrarypositioning.code.tex
File: tikzlibrarypositioning.code.tex 2023-01-15 v3.1.10 (3.1.10)
)
(C:\Users\Omar.Iskandarani\AppData\Local\Programs\MiKTeX\tex/generic/pgf/fronte
ndlayer/tikz/libraries\tikzlibrarycalc.code.tex
File: tikzlibrarycalc.code.tex 2023-01-15 v3.1.10 (3.1.10)
)
(C:\Users\Omar.Iskandarani\AppData\Local\Programs\MiKTeX\tex/generic/pgf/fronte
ndlayer/tikz/libraries\tikzlibraryfit.code.tex
File: tikzlibraryfit.code.tex 2023-01-15 v3.1.10 (3.1.10)
)
(C:\Users\Omar.Iskandarani\AppData\Local\Programs\MiKTeX\tex/generic/pgf/fronte
ndlayer/tikz/libraries\tikzlibrarydecorations.pathmorphing.code.tex
(C:\Users\Omar.Iskandarani\AppData\Local\Programs\MiKTeX\tex/generic/pgf/fronte
ndlayer/tikz/libraries\tikzlibrarydecorations.code.tex
(C:\Users\Omar.Iskandarani\AppData\Local\Programs\MiKTeX\tex/generic/pgf/module
s\pgfmoduledecorations.code.tex
\pgfdecoratedcompleteddistance=\dimen282
\pgfdecoratedremainingdistance=\dimen283
\pgfdecoratedinputsegmentcompleteddistance=\dimen284
\pgfdecoratedinputsegmentremainingdistance=\dimen285
\pgf@decorate@distancetomove=\dimen286
\pgf@decorate@repeatstate=\count342
\pgfdecorationsegmentamplitude=\dimen287
\pgfdecorationsegmentlength=\dimen288
)
\tikz@lib@dec@box=\box90
)
(C:\Users\Omar.Iskandarani\AppData\Local\Programs\MiKTeX\tex/generic/pgf/librar
ies/decorations\pgflibrarydecorations.pathmorphing.code.tex))
Class revtex4-2 Info: Unrecognized LaTeX tabular. Please update this document c
lass! (Proceeding with fingers crossed.) on input line 32.
Class revtex4-2 Info: cite was not loaded (OK!) on input line 32.
Class revtex4-2 Info: mcite was not loaded (OK!) on input line 32.
Class revtex4-2 Info: multicol was not loaded (OK!) on input line 32.

(C:\Users\Omar.Iskandarani\AppData\Local\Programs\MiKTeX\tex/latex/l3backend\l3
backend-pdftex.def
File: l3backend-pdftex.def 2025-04-14 L3 backend support: PDF output (pdfTeX)
\l__color_backend_stack_int=\count343
)
(C:/workspace\solo_projects\Swirl-String-Theory\out\EM_G.aux)
\openout1 = `EM_G.aux'.

LaTeX Font Info:    Checking defaults for OML/cmm/m/it on input line 32.
LaTeX Font Info:    ... okay on input line 32.
LaTeX Font Info:    Checking defaults for OMS/cmsy/m/n on input line 32.
LaTeX Font Info:    ... okay on input line 32.
LaTeX Font Info:    Checking defaults for OT1/cmr/m/n on input line 32.
LaTeX Font Info:    ... okay on input line 32.
LaTeX Font Info:    Checking defaults for T1/cmr/m/n on input line 32.
LaTeX Font Info:    ... okay on input line 32.
LaTeX Font Info:    Checking defaults for TS1/cmr/m/n on input line 32.
LaTeX Font Info:    ... okay on input line 32.
LaTeX Font Info:    Checking defaults for OMX/cmex/m/n on input line 32.
LaTeX Font Info:    ... okay on input line 32.
LaTeX Font Info:    Checking defaults for U/cmr/m/n on input line 32.
LaTeX Font Info:    ... okay on input line 32.
LaTeX Font Info:    Checking defaults for PD1/pdf/m/n on input line 32.
LaTeX Font Info:    ... okay on input line 32.
LaTeX Font Info:    Checking defaults for PU/pdf/m/n on input line 32.
LaTeX Font Info:    ... okay on input line 32.

*geometry* driver: auto-detecting
*geometry* detected driver: pdftex
*geometry* verbose mode - [ preamble ] result:
* driver: pdftex
* paper: <default>
* layout: <same size as paper>
* layoutoffset:(h,v)=(0.0pt,0.0pt)
* modes: 
* h-part:(L,W,R)=(62.59596pt, 489.10307pt, 62.59596pt)
* v-part:(T,H,B)=(62.59596pt, 669.77806pt, 62.59596pt)
* \paperwidth=614.295pt
* \paperheight=794.96999pt
* \textwidth=489.10307pt
* \textheight=669.77806pt
* \oddsidemargin=-9.67403pt
* \evensidemargin=-9.67403pt
* \topmargin=-50.67403pt
* \headheight=25.0pt
* \headsep=16.0pt
* \topskip=10.0pt
* \footskip=30.0pt
* \marginparwidth=30.0pt
* \marginparsep=6.0pt
* \columnsep=18.0pt
* \skip\footins=39.0pt plus 4.0pt minus 12.0pt
* \hoffset=0.0pt
* \voffset=0.0pt
* \mag=1000
* \@twocolumnfalse
* \@twosidefalse
* \@mparswitchfalse
* \@reversemarginfalse
* (1in=72.27pt=25.4mm, 1cm=28.453pt)


(C:\Users\Omar.Iskandarani\AppData\Local\Programs\MiKTeX\tex/context/base/mkii\
supp-pdf.mkii
[Loading MPS to PDF converter (version 2006.09.02).]
\scratchcounter=\count344
\scratchdimen=\dimen289
\scratchbox=\box91
\nofMPsegments=\count345
\nofMParguments=\count346
\everyMPshowfont=\toks42
\MPscratchCnt=\count347
\MPscratchDim=\dimen290
\MPnumerator=\count348
\makeMPintoPDFobject=\count349
\everyMPtoPDFconversion=\toks43
)
(C:\Users\Omar.Iskandarani\AppData\Local\Programs\MiKTeX\tex/latex/epstopdf-pkg
\epstopdf-base.sty
Package: epstopdf-base 2020-01-24 v2.11 Base part for package epstopdf
Package epstopdf-base Info: Redefining graphics rule for `.eps' on input line 4
85.

(C:\Users\Omar.Iskandarani\AppData\Local\Programs\MiKTeX\tex/latex/00miktex\eps
topdf-sys.cfg
File: epstopdf-sys.cfg 2021/03/18 v2.0 Configuration of epstopdf for MiKTeX
))
Package hyperref Info: Link coloring ON on input line 32.
 (C:/workspace\solo_projects\Swirl-String-Theory\out\EM_G.out)
(C:/workspace\solo_projects\Swirl-String-Theory\out\EM_G.out)
\@outlinefile=\write5
\openout5 = `EM_G.out'.

Class revtex4-2 Info: Taking \maketitle back from hyperref on input line 32.
\openout3 = `EM_GNotes.bib'.

LaTeX Font Info:    Trying to load font information for U+msa on input line 40.


(C:\Users\Omar.Iskandarani\AppData\Local\Programs\MiKTeX\tex/latex/amsfonts\ums
a.fd
File: umsa.fd 2013/01/14 v3.01 AMS symbols A
)
LaTeX Font Info:    Trying to load font information for U+msb on input line 40.


(C:\Users\Omar.Iskandarani\AppData\Local\Programs\MiKTeX\tex/latex/amsfonts\ums
b.fd
File: umsb.fd 2013/01/14 v3.01 AMS symbols B
)
EM_G.tex:40: Missing $ inserted.
<inserted text> 
                $
l.40 ... density $\bm{\varrho}_{\text{\swirlarrow}
                                                  }$ and a swirl-induced ele...
I've inserted a begin-math/end-math symbol since I think
you left one out. Proceed, with fingers crossed.

EM_G.tex:40: Extra }, or forgotten $.
\textdef@ ...th {#1}\let \f@size #2\selectfont #3}
                                                  }
l.40 ... density $\bm{\varrho}_{\text{\swirlarrow}
                                                  }$ and a swirl-induced ele...
I've deleted a group-closing symbol because it seems to be
spurious, as in `$x}$'. But perhaps the } is legitimate and
you forgot something else, as in `\hbox{$x}'. In such cases
the way to recover is to insert both the forgotten and the
deleted material, e.g., by typing `I$}'.

EM_G.tex:40: Extra }, or forgotten $.
\textdef@ ...h {#1}\let \f@size #2\selectfont #3}}
                                                  
l.40 ... density $\bm{\varrho}_{\text{\swirlarrow}
                                                  }$ and a swirl-induced ele...
I've deleted a group-closing symbol because it seems to be
spurious, as in `$x}$'. But perhaps the } is legitimate and
you forgot something else, as in `\hbox{$x}'. In such cases
the way to recover is to insert both the forgotten and the
deleted material, e.g., by typing `I$}'.

EM_G.tex:40: Extra }, or forgotten $.
\text@ ...e {\textdef@ \displaystyle \f@size {#1}}
                                                  {\textdef@ \textstyle \f@s...
l.40 ... density $\bm{\varrho}_{\text{\swirlarrow}
                                                  }$ and a swirl-induced ele...
I've deleted a group-closing symbol because it seems to be
spurious, as in `$x}$'. But perhaps the } is legitimate and
you forgot something else, as in `\hbox{$x}'. In such cases
the way to recover is to insert both the forgotten and the
deleted material, e.g., by typing `I$}'.

EM_G.tex:40: Missing $ inserted.
<inserted text> 
                $
l.40 ... density $\bm{\varrho}_{\text{\swirlarrow}
                                                  }$ and a swirl-induced ele...
I've inserted a begin-math/end-math symbol since I think
you left one out. Proceed, with fingers crossed.

EM_G.tex:40: Extra }, or forgotten $.
\textdef@ ...th {#1}\let \f@size #2\selectfont #3}
                                                  }
l.40 ... density $\bm{\varrho}_{\text{\swirlarrow}
                                                  }$ and a swirl-induced ele...
I've deleted a group-closing symbol because it seems to be
spurious, as in `$x}$'. But perhaps the } is legitimate and
you forgot something else, as in `\hbox{$x}'. In such cases
the way to recover is to insert both the forgotten and the
deleted material, e.g., by typing `I$}'.

EM_G.tex:40: Extra }, or forgotten $.
\textdef@ ...h {#1}\let \f@size #2\selectfont #3}}
                                                  
l.40 ... density $\bm{\varrho}_{\text{\swirlarrow}
                                                  }$ and a swirl-induced ele...
I've deleted a group-closing symbol because it seems to be
spurious, as in `$x}$'. But perhaps the } is legitimate and
you forgot something else, as in `\hbox{$x}'. In such cases
the way to recover is to insert both the forgotten and the
deleted material, e.g., by typing `I$}'.

EM_G.tex:40: Extra }, or forgotten $.
\text@ ...xtstyle \f@size {\firstchoice@false #1}}
                                                  {\textdef@ \textstyle \sf@...
l.40 ... density $\bm{\varrho}_{\text{\swirlarrow}
                                                  }$ and a swirl-induced ele...
I've deleted a group-closing symbol because it seems to be
spurious, as in `$x}$'. But perhaps the } is legitimate and
you forgot something else, as in `\hbox{$x}'. In such cases
the way to recover is to insert both the forgotten and the
deleted material, e.g., by typing `I$}'.

EM_G.tex:40: Missing $ inserted.
<inserted text> 
                $
l.40 ... density $\bm{\varrho}_{\text{\swirlarrow}
                                                  }$ and a swirl-induced ele...
I've inserted a begin-math/end-math symbol since I think
you left one out. Proceed, with fingers crossed.

EM_G.tex:40: Extra }, or forgotten $.
\textdef@ ...th {#1}\let \f@size #2\selectfont #3}
                                                  }
l.40 ... density $\bm{\varrho}_{\text{\swirlarrow}
                                                  }$ and a swirl-induced ele...
I've deleted a group-closing symbol because it seems to be
spurious, as in `$x}$'. But perhaps the } is legitimate and
you forgot something else, as in `\hbox{$x}'. In such cases
the way to recover is to insert both the forgotten and the
deleted material, e.g., by typing `I$}'.

EM_G.tex:40: Extra }, or forgotten $.
\textdef@ ...h {#1}\let \f@size #2\selectfont #3}}
                                                  
l.40 ... density $\bm{\varrho}_{\text{\swirlarrow}
                                                  }$ and a swirl-induced ele...
I've deleted a group-closing symbol because it seems to be
spurious, as in `$x}$'. But perhaps the } is legitimate and
you forgot something else, as in `\hbox{$x}'. In such cases
the way to recover is to insert both the forgotten and the
deleted material, e.g., by typing `I$}'.

EM_G.tex:40: Extra }, or forgotten $.
\text@ ...tstyle \sf@size {\firstchoice@false #1}}
                                                  {\textdef@ \textstyle \ssf...
l.40 ... density $\bm{\varrho}_{\text{\swirlarrow}
                                                  }$ and a swirl-induced ele...
I've deleted a group-closing symbol because it seems to be
spurious, as in `$x}$'. But perhaps the } is legitimate and
you forgot something else, as in `\hbox{$x}'. In such cases
the way to recover is to insert both the forgotten and the
deleted material, e.g., by typing `I$}'.

EM_G.tex:40: Missing $ inserted.
<inserted text> 
                $
l.40 ... density $\bm{\varrho}_{\text{\swirlarrow}
                                                  }$ and a swirl-induced ele...
I've inserted a begin-math/end-math symbol since I think
you left one out. Proceed, with fingers crossed.

EM_G.tex:40: Extra }, or forgotten $.
\textdef@ ...th {#1}\let \f@size #2\selectfont #3}
                                                  }
l.40 ... density $\bm{\varrho}_{\text{\swirlarrow}
                                                  }$ and a swirl-induced ele...
I've deleted a group-closing symbol because it seems to be
spurious, as in `$x}$'. But perhaps the } is legitimate and
you forgot something else, as in `\hbox{$x}'. In such cases
the way to recover is to insert both the forgotten and the
deleted material, e.g., by typing `I$}'.

EM_G.tex:40: Extra }, or forgotten $.
\textdef@ ...h {#1}\let \f@size #2\selectfont #3}}
                                                  
l.40 ... density $\bm{\varrho}_{\text{\swirlarrow}
                                                  }$ and a swirl-induced ele...
I've deleted a group-closing symbol because it seems to be
spurious, as in `$x}$'. But perhaps the } is legitimate and
you forgot something else, as in `\hbox{$x}'. In such cases
the way to recover is to insert both the forgotten and the
deleted material, e.g., by typing `I$}'.

EM_G.tex:40: Extra }, or forgotten $.
\text@ ...style \ssf@size {\firstchoice@false #1}}
                                                  \check@mathfonts }
l.40 ... density $\bm{\varrho}_{\text{\swirlarrow}
                                                  }$ and a swirl-induced ele...
I've deleted a group-closing symbol because it seems to be
spurious, as in `$x}$'. But perhaps the } is legitimate and
you forgot something else, as in `\hbox{$x}'. In such cases
the way to recover is to insert both the forgotten and the
deleted material, e.g., by typing `I$}'.

EM_G.tex:40: Extra }, or forgotten $.
\text@ ...firstchoice@false #1}}\check@mathfonts }
                                                  
l.40 ... density $\bm{\varrho}_{\text{\swirlarrow}
                                                  }$ and a swirl-induced ele...
I've deleted a group-closing symbol because it seems to be
spurious, as in `$x}$'. But perhaps the } is legitimate and
you forgot something else, as in `\hbox{$x}'. In such cases
the way to recover is to insert both the forgotten and the
deleted material, e.g., by typing `I$}'.

EM_G.tex:40: Extra }, or forgotten $.
l.40 ...density $\bm{\varrho}_{\text{\swirlarrow}}
                                                  $ and a swirl-induced elec...
I've deleted a group-closing symbol because it seems to be
spurious, as in `$x}$'. But perhaps the } is legitimate and
you forgot something else, as in `\hbox{$x}'. In such cases
the way to recover is to insert both the forgotten and the
deleted material, e.g., by typing `I$}'.

EM_G.tex:40: Missing $ inserted.
<inserted text> 
                $
l.40 ...tive source $\mathbf b_{\text{\swirlarrow}
                                                  }$ in the curl equation fo...
I've inserted a begin-math/end-math symbol since I think
you left one out. Proceed, with fingers crossed.

EM_G.tex:40: Extra }, or forgotten $.
\textdef@ ...th {#1}\let \f@size #2\selectfont #3}
                                                  }
l.40 ...tive source $\mathbf b_{\text{\swirlarrow}
                                                  }$ in the curl equation fo...
I've deleted a group-closing symbol because it seems to be
spurious, as in `$x}$'. But perhaps the } is legitimate and
you forgot something else, as in `\hbox{$x}'. In such cases
the way to recover is to insert both the forgotten and the
deleted material, e.g., by typing `I$}'.

EM_G.tex:40: Extra }, or forgotten $.
\textdef@ ...h {#1}\let \f@size #2\selectfont #3}}
                                                  
l.40 ...tive source $\mathbf b_{\text{\swirlarrow}
                                                  }$ in the curl equation fo...
I've deleted a group-closing symbol because it seems to be
spurious, as in `$x}$'. But perhaps the } is legitimate and
you forgot something else, as in `\hbox{$x}'. In such cases
the way to recover is to insert both the forgotten and the
deleted material, e.g., by typing `I$}'.

EM_G.tex:40: Extra }, or forgotten $.
\text@ ...e {\textdef@ \displaystyle \f@size {#1}}
                                                  {\textdef@ \textstyle \f@s...
l.40 ...tive source $\mathbf b_{\text{\swirlarrow}
                                                  }$ in the curl equation fo...
I've deleted a group-closing symbol because it seems to be
spurious, as in `$x}$'. But perhaps the } is legitimate and
you forgot something else, as in `\hbox{$x}'. In such cases
the way to recover is to insert both the forgotten and the
deleted material, e.g., by typing `I$}'.

EM_G.tex:40: Missing $ inserted.
<inserted text> 
                $
l.40 ...tive source $\mathbf b_{\text{\swirlarrow}
                                                  }$ in the curl equation fo...
I've inserted a begin-math/end-math symbol since I think
you left one out. Proceed, with fingers crossed.

EM_G.tex:40: Extra }, or forgotten $.
\textdef@ ...th {#1}\let \f@size #2\selectfont #3}
                                                  }
l.40 ...tive source $\mathbf b_{\text{\swirlarrow}
                                                  }$ in the curl equation fo...
I've deleted a group-closing symbol because it seems to be
spurious, as in `$x}$'. But perhaps the } is legitimate and
you forgot something else, as in `\hbox{$x}'. In such cases
the way to recover is to insert both the forgotten and the
deleted material, e.g., by typing `I$}'.

EM_G.tex:40: Extra }, or forgotten $.
\textdef@ ...h {#1}\let \f@size #2\selectfont #3}}
                                                  
l.40 ...tive source $\mathbf b_{\text{\swirlarrow}
                                                  }$ in the curl equation fo...
I've deleted a group-closing symbol because it seems to be
spurious, as in `$x}$'. But perhaps the } is legitimate and
you forgot something else, as in `\hbox{$x}'. In such cases
the way to recover is to insert both the forgotten and the
deleted material, e.g., by typing `I$}'.

EM_G.tex:40: Extra }, or forgotten $.
\text@ ...xtstyle \f@size {\firstchoice@false #1}}
                                                  {\textdef@ \textstyle \sf@...
l.40 ...tive source $\mathbf b_{\text{\swirlarrow}
                                                  }$ in the curl equation fo...
I've deleted a group-closing symbol because it seems to be
spurious, as in `$x}$'. But perhaps the } is legitimate and
you forgot something else, as in `\hbox{$x}'. In such cases
the way to recover is to insert both the forgotten and the
deleted material, e.g., by typing `I$}'.

EM_G.tex:40: Missing $ inserted.
<inserted text> 
                $
l.40 ...tive source $\mathbf b_{\text{\swirlarrow}
                                                  }$ in the curl equation fo...
I've inserted a begin-math/end-math symbol since I think
you left one out. Proceed, with fingers crossed.

EM_G.tex:40: Extra }, or forgotten $.
\textdef@ ...th {#1}\let \f@size #2\selectfont #3}
                                                  }
l.40 ...tive source $\mathbf b_{\text{\swirlarrow}
                                                  }$ in the curl equation fo...
I've deleted a group-closing symbol because it seems to be
spurious, as in `$x}$'. But perhaps the } is legitimate and
you forgot something else, as in `\hbox{$x}'. In such cases
the way to recover is to insert both the forgotten and the
deleted material, e.g., by typing `I$}'.

EM_G.tex:40: Extra }, or forgotten $.
\textdef@ ...h {#1}\let \f@size #2\selectfont #3}}
                                                  
l.40 ...tive source $\mathbf b_{\text{\swirlarrow}
                                                  }$ in the curl equation fo...
I've deleted a group-closing symbol because it seems to be
spurious, as in `$x}$'. But perhaps the } is legitimate and
you forgot something else, as in `\hbox{$x}'. In such cases
the way to recover is to insert both the forgotten and the
deleted material, e.g., by typing `I$}'.

EM_G.tex:40: Extra }, or forgotten $.
\text@ ...tstyle \sf@size {\firstchoice@false #1}}
                                                  {\textdef@ \textstyle \ssf...
l.40 ...tive source $\mathbf b_{\text{\swirlarrow}
                                                  }$ in the curl equation fo...
I've deleted a group-closing symbol because it seems to be
spurious, as in `$x}$'. But perhaps the } is legitimate and
you forgot something else, as in `\hbox{$x}'. In such cases
the way to recover is to insert both the forgotten and the
deleted material, e.g., by typing `I$}'.

EM_G.tex:40: Missing $ inserted.
<inserted text> 
                $
l.40 ...tive source $\mathbf b_{\text{\swirlarrow}
                                                  }$ in the curl equation fo...
I've inserted a begin-math/end-math symbol since I think
you left one out. Proceed, with fingers crossed.

EM_G.tex:40: Extra }, or forgotten $.
\textdef@ ...th {#1}\let \f@size #2\selectfont #3}
                                                  }
l.40 ...tive source $\mathbf b_{\text{\swirlarrow}
                                                  }$ in the curl equation fo...
I've deleted a group-closing symbol because it seems to be
spurious, as in `$x}$'. But perhaps the } is legitimate and
you forgot something else, as in `\hbox{$x}'. In such cases
the way to recover is to insert both the forgotten and the
deleted material, e.g., by typing `I$}'.

EM_G.tex:40: Extra }, or forgotten $.
\textdef@ ...h {#1}\let \f@size #2\selectfont #3}}
                                                  
l.40 ...tive source $\mathbf b_{\text{\swirlarrow}
                                                  }$ in the curl equation fo...
I've deleted a group-closing symbol because it seems to be
spurious, as in `$x}$'. But perhaps the } is legitimate and
you forgot something else, as in `\hbox{$x}'. In such cases
the way to recover is to insert both the forgotten and the
deleted material, e.g., by typing `I$}'.

EM_G.tex:40: Extra }, or forgotten $.
\text@ ...style \ssf@size {\firstchoice@false #1}}
                                                  \check@mathfonts }
l.40 ...tive source $\mathbf b_{\text{\swirlarrow}
                                                  }$ in the curl equation fo...
I've deleted a group-closing symbol because it seems to be
spurious, as in `$x}$'. But perhaps the } is legitimate and
you forgot something else, as in `\hbox{$x}'. In such cases
the way to recover is to insert both the forgotten and the
deleted material, e.g., by typing `I$}'.

EM_G.tex:40: Extra }, or forgotten $.
\text@ ...firstchoice@false #1}}\check@mathfonts }
                                                  
l.40 ...tive source $\mathbf b_{\text{\swirlarrow}
                                                  }$ in the curl equation fo...
I've deleted a group-closing symbol because it seems to be
spurious, as in `$x}$'. But perhaps the } is legitimate and
you forgot something else, as in `\hbox{$x}'. In such cases
the way to recover is to insert both the forgotten and the
deleted material, e.g., by typing `I$}'.

EM_G.tex:40: Extra }, or forgotten $.
l.40 ...ive source $\mathbf b_{\text{\swirlarrow}}
                                                  $ in the curl equation for...
I've deleted a group-closing symbol because it seems to be
spurious, as in `$x}$'. But perhaps the } is legitimate and
you forgot something else, as in `\hbox{$x}'. In such cases
the way to recover is to insert both the forgotten and the
deleted material, e.g., by typing `I$}'.

EM_G.tex:41: Missing $ inserted.
<inserted text> 
                $
l.41 ...t\mathbf B - \mathbf b_{\text{\swirlarrow}
                                                  }, \qquad
I've inserted a begin-math/end-math symbol since I think
you left one out. Proceed, with fingers crossed.

EM_G.tex:41: Extra }, or forgotten $.
\textdef@ ...th {#1}\let \f@size #2\selectfont #3}
                                                  }
l.41 ...t\mathbf B - \mathbf b_{\text{\swirlarrow}
                                                  }, \qquad
I've deleted a group-closing symbol because it seems to be
spurious, as in `$x}$'. But perhaps the } is legitimate and
you forgot something else, as in `\hbox{$x}'. In such cases
the way to recover is to insert both the forgotten and the
deleted material, e.g., by typing `I$}'.

EM_G.tex:41: Extra }, or forgotten $.
\textdef@ ...h {#1}\let \f@size #2\selectfont #3}}
                                                  
l.41 ...t\mathbf B - \mathbf b_{\text{\swirlarrow}
                                                  }, \qquad
I've deleted a group-closing symbol because it seems to be
spurious, as in `$x}$'. But perhaps the } is legitimate and
you forgot something else, as in `\hbox{$x}'. In such cases
the way to recover is to insert both the forgotten and the
deleted material, e.g., by typing `I$}'.

EM_G.tex:41: Extra }, or forgotten $.
\text@ ...e {\textdef@ \displaystyle \f@size {#1}}
                                                  {\textdef@ \textstyle \f@s...
l.41 ...t\mathbf B - \mathbf b_{\text{\swirlarrow}
                                                  }, \qquad
I've deleted a group-closing symbol because it seems to be
spurious, as in `$x}$'. But perhaps the } is legitimate and
you forgot something else, as in `\hbox{$x}'. In such cases
the way to recover is to insert both the forgotten and the
deleted material, e.g., by typing `I$}'.

EM_G.tex:41: Missing $ inserted.
<inserted text> 
                $
l.41 ...t\mathbf B - \mathbf b_{\text{\swirlarrow}
                                                  }, \qquad
I've inserted a begin-math/end-math symbol since I think
you left one out. Proceed, with fingers crossed.

EM_G.tex:41: Extra }, or forgotten $.
\textdef@ ...th {#1}\let \f@size #2\selectfont #3}
                                                  }
l.41 ...t\mathbf B - \mathbf b_{\text{\swirlarrow}
                                                  }, \qquad
I've deleted a group-closing symbol because it seems to be
spurious, as in `$x}$'. But perhaps the } is legitimate and
you forgot something else, as in `\hbox{$x}'. In such cases
the way to recover is to insert both the forgotten and the
deleted material, e.g., by typing `I$}'.

EM_G.tex:41: Extra }, or forgotten $.
\textdef@ ...h {#1}\let \f@size #2\selectfont #3}}
                                                  
l.41 ...t\mathbf B - \mathbf b_{\text{\swirlarrow}
                                                  }, \qquad
I've deleted a group-closing symbol because it seems to be
spurious, as in `$x}$'. But perhaps the } is legitimate and
you forgot something else, as in `\hbox{$x}'. In such cases
the way to recover is to insert both the forgotten and the
deleted material, e.g., by typing `I$}'.

EM_G.tex:41: Extra }, or forgotten $.
\text@ ...xtstyle \f@size {\firstchoice@false #1}}
                                                  {\textdef@ \textstyle \sf@...
l.41 ...t\mathbf B - \mathbf b_{\text{\swirlarrow}
                                                  }, \qquad
I've deleted a group-closing symbol because it seems to be
spurious, as in `$x}$'. But perhaps the } is legitimate and
you forgot something else, as in `\hbox{$x}'. In such cases
the way to recover is to insert both the forgotten and the
deleted material, e.g., by typing `I$}'.

EM_G.tex:41: Missing $ inserted.
<inserted text> 
                $
l.41 ...t\mathbf B - \mathbf b_{\text{\swirlarrow}
                                                  }, \qquad
I've inserted a begin-math/end-math symbol since I think
you left one out. Proceed, with fingers crossed.

EM_G.tex:41: Extra }, or forgotten $.
\textdef@ ...th {#1}\let \f@size #2\selectfont #3}
                                                  }
l.41 ...t\mathbf B - \mathbf b_{\text{\swirlarrow}
                                                  }, \qquad
I've deleted a group-closing symbol because it seems to be
spurious, as in `$x}$'. But perhaps the } is legitimate and
you forgot something else, as in `\hbox{$x}'. In such cases
the way to recover is to insert both the forgotten and the
deleted material, e.g., by typing `I$}'.

EM_G.tex:41: Extra }, or forgotten $.
\textdef@ ...h {#1}\let \f@size #2\selectfont #3}}
                                                  
l.41 ...t\mathbf B - \mathbf b_{\text{\swirlarrow}
                                                  }, \qquad
I've deleted a group-closing symbol because it seems to be
spurious, as in `$x}$'. But perhaps the } is legitimate and
you forgot something else, as in `\hbox{$x}'. In such cases
the way to recover is to insert both the forgotten and the
deleted material, e.g., by typing `I$}'.

EM_G.tex:41: Extra }, or forgotten $.
\text@ ...tstyle \sf@size {\firstchoice@false #1}}
                                                  {\textdef@ \textstyle \ssf...
l.41 ...t\mathbf B - \mathbf b_{\text{\swirlarrow}
                                                  }, \qquad
I've deleted a group-closing symbol because it seems to be
spurious, as in `$x}$'. But perhaps the } is legitimate and
you forgot something else, as in `\hbox{$x}'. In such cases
the way to recover is to insert both the forgotten and the
deleted material, e.g., by typing `I$}'.

EM_G.tex:41: Missing $ inserted.
<inserted text> 
                $
l.41 ...t\mathbf B - \mathbf b_{\text{\swirlarrow}
                                                  }, \qquad
I've inserted a begin-math/end-math symbol since I think
you left one out. Proceed, with fingers crossed.

EM_G.tex:41: Extra }, or forgotten $.
\textdef@ ...th {#1}\let \f@size #2\selectfont #3}
                                                  }
l.41 ...t\mathbf B - \mathbf b_{\text{\swirlarrow}
                                                  }, \qquad
I've deleted a group-closing symbol because it seems to be
spurious, as in `$x}$'. But perhaps the } is legitimate and
you forgot something else, as in `\hbox{$x}'. In such cases
the way to recover is to insert both the forgotten and the
deleted material, e.g., by typing `I$}'.

EM_G.tex:41: Extra }, or forgotten $.
\textdef@ ...h {#1}\let \f@size #2\selectfont #3}}
                                                  
l.41 ...t\mathbf B - \mathbf b_{\text{\swirlarrow}
                                                  }, \qquad
I've deleted a group-closing symbol because it seems to be
spurious, as in `$x}$'. But perhaps the } is legitimate and
you forgot something else, as in `\hbox{$x}'. In such cases
the way to recover is to insert both the forgotten and the
deleted material, e.g., by typing `I$}'.

EM_G.tex:41: Extra }, or forgotten $.
\text@ ...style \ssf@size {\firstchoice@false #1}}
                                                  \check@mathfonts }
l.41 ...t\mathbf B - \mathbf b_{\text{\swirlarrow}
                                                  }, \qquad
I've deleted a group-closing symbol because it seems to be
spurious, as in `$x}$'. But perhaps the } is legitimate and
you forgot something else, as in `\hbox{$x}'. In such cases
the way to recover is to insert both the forgotten and the
deleted material, e.g., by typing `I$}'.

EM_G.tex:41: Extra }, or forgotten $.
\text@ ...firstchoice@false #1}}\check@mathfonts }
                                                  
l.41 ...t\mathbf B - \mathbf b_{\text{\swirlarrow}
                                                  }, \qquad
I've deleted a group-closing symbol because it seems to be
spurious, as in `$x}$'. But perhaps the } is legitimate and
you forgot something else, as in `\hbox{$x}'. In such cases
the way to recover is to insert both the forgotten and the
deleted material, e.g., by typing `I$}'.

EM_G.tex:41: Extra }, or forgotten $.
l.41 ...\mathbf B - \mathbf b_{\text{\swirlarrow}}
                                                  , \qquad
I've deleted a group-closing symbol because it seems to be
spurious, as in `$x}$'. But perhaps the } is legitimate and
you forgot something else, as in `\hbox{$x}'. In such cases
the way to recover is to insert both the forgotten and the
deleted material, e.g., by typing `I$}'.

EM_G.tex:42: Missing $ inserted.
<inserted text> 
                $
l.42    \mathbf b_{\text{\swirlarrow}
                                     } = \mathcal G_{\text{\swirlarrow}}\,\p...
I've inserted a begin-math/end-math symbol since I think
you left one out. Proceed, with fingers crossed.

EM_G.tex:42: Extra }, or forgotten $.
\textdef@ ...th {#1}\let \f@size #2\selectfont #3}
                                                  }
l.42    \mathbf b_{\text{\swirlarrow}
                                     } = \mathcal G_{\text{\swirlarrow}}\,\p...
I've deleted a group-closing symbol because it seems to be
spurious, as in `$x}$'. But perhaps the } is legitimate and
you forgot something else, as in `\hbox{$x}'. In such cases
the way to recover is to insert both the forgotten and the
deleted material, e.g., by typing `I$}'.

EM_G.tex:42: Extra }, or forgotten $.
\textdef@ ...h {#1}\let \f@size #2\selectfont #3}}
                                                  
l.42    \mathbf b_{\text{\swirlarrow}
                                     } = \mathcal G_{\text{\swirlarrow}}\,\p...
I've deleted a group-closing symbol because it seems to be
spurious, as in `$x}$'. But perhaps the } is legitimate and
you forgot something else, as in `\hbox{$x}'. In such cases
the way to recover is to insert both the forgotten and the
deleted material, e.g., by typing `I$}'.

EM_G.tex:42: Extra }, or forgotten $.
\text@ ...e {\textdef@ \displaystyle \f@size {#1}}
                                                  {\textdef@ \textstyle \f@s...
l.42    \mathbf b_{\text{\swirlarrow}
                                     } = \mathcal G_{\text{\swirlarrow}}\,\p...
I've deleted a group-closing symbol because it seems to be
spurious, as in `$x}$'. But perhaps the } is legitimate and
you forgot something else, as in `\hbox{$x}'. In such cases
the way to recover is to insert both the forgotten and the
deleted material, e.g., by typing `I$}'.

EM_G.tex:42: Missing $ inserted.
<inserted text> 
                $
l.42    \mathbf b_{\text{\swirlarrow}
                                     } = \mathcal G_{\text{\swirlarrow}}\,\p...
I've inserted a begin-math/end-math symbol since I think
you left one out. Proceed, with fingers crossed.

EM_G.tex:42: Extra }, or forgotten $.
\textdef@ ...th {#1}\let \f@size #2\selectfont #3}
                                                  }
l.42    \mathbf b_{\text{\swirlarrow}
                                     } = \mathcal G_{\text{\swirlarrow}}\,\p...
I've deleted a group-closing symbol because it seems to be
spurious, as in `$x}$'. But perhaps the } is legitimate and
you forgot something else, as in `\hbox{$x}'. In such cases
the way to recover is to insert both the forgotten and the
deleted material, e.g., by typing `I$}'.

EM_G.tex:42: Extra }, or forgotten $.
\textdef@ ...h {#1}\let \f@size #2\selectfont #3}}
                                                  
l.42    \mathbf b_{\text{\swirlarrow}
                                     } = \mathcal G_{\text{\swirlarrow}}\,\p...
I've deleted a group-closing symbol because it seems to be
spurious, as in `$x}$'. But perhaps the } is legitimate and
you forgot something else, as in `\hbox{$x}'. In such cases
the way to recover is to insert both the forgotten and the
deleted material, e.g., by typing `I$}'.

EM_G.tex:42: Extra }, or forgotten $.
\text@ ...xtstyle \f@size {\firstchoice@false #1}}
                                                  {\textdef@ \textstyle \sf@...
l.42    \mathbf b_{\text{\swirlarrow}
                                     } = \mathcal G_{\text{\swirlarrow}}\,\p...
I've deleted a group-closing symbol because it seems to be
spurious, as in `$x}$'. But perhaps the } is legitimate and
you forgot something else, as in `\hbox{$x}'. In such cases
the way to recover is to insert both the forgotten and the
deleted material, e.g., by typing `I$}'.

EM_G.tex:42: Missing $ inserted.
<inserted text> 
                $
l.42    \mathbf b_{\text{\swirlarrow}
                                     } = \mathcal G_{\text{\swirlarrow}}\,\p...
I've inserted a begin-math/end-math symbol since I think
you left one out. Proceed, with fingers crossed.

EM_G.tex:42: Extra }, or forgotten $.
\textdef@ ...th {#1}\let \f@size #2\selectfont #3}
                                                  }
l.42    \mathbf b_{\text{\swirlarrow}
                                     } = \mathcal G_{\text{\swirlarrow}}\,\p...
I've deleted a group-closing symbol because it seems to be
spurious, as in `$x}$'. But perhaps the } is legitimate and
you forgot something else, as in `\hbox{$x}'. In such cases
the way to recover is to insert both the forgotten and the
deleted material, e.g., by typing `I$}'.

EM_G.tex:42: Extra }, or forgotten $.
\textdef@ ...h {#1}\let \f@size #2\selectfont #3}}
                                                  
l.42    \mathbf b_{\text{\swirlarrow}
                                     } = \mathcal G_{\text{\swirlarrow}}\,\p...
I've deleted a group-closing symbol because it seems to be
spurious, as in `$x}$'. But perhaps the } is legitimate and
you forgot something else, as in `\hbox{$x}'. In such cases
the way to recover is to insert both the forgotten and the
deleted material, e.g., by typing `I$}'.

EM_G.tex:42: Extra }, or forgotten $.
\text@ ...tstyle \sf@size {\firstchoice@false #1}}
                                                  {\textdef@ \textstyle \ssf...
l.42    \mathbf b_{\text{\swirlarrow}
                                     } = \mathcal G_{\text{\swirlarrow}}\,\p...
I've deleted a group-closing symbol because it seems to be
spurious, as in `$x}$'. But perhaps the } is legitimate and
you forgot something else, as in `\hbox{$x}'. In such cases
the way to recover is to insert both the forgotten and the
deleted material, e.g., by typing `I$}'.

EM_G.tex:42: Missing $ inserted.
<inserted text> 
                $
l.42    \mathbf b_{\text{\swirlarrow}
                                     } = \mathcal G_{\text{\swirlarrow}}\,\p...
I've inserted a begin-math/end-math symbol since I think
you left one out. Proceed, with fingers crossed.

EM_G.tex:42: Extra }, or forgotten $.
\textdef@ ...th {#1}\let \f@size #2\selectfont #3}
                                                  }
l.42    \mathbf b_{\text{\swirlarrow}
                                     } = \mathcal G_{\text{\swirlarrow}}\,\p...
I've deleted a group-closing symbol because it seems to be
spurious, as in `$x}$'. But perhaps the } is legitimate and
you forgot something else, as in `\hbox{$x}'. In such cases
the way to recover is to insert both the forgotten and the
deleted material, e.g., by typing `I$}'.

EM_G.tex:42: Extra }, or forgotten $.
\textdef@ ...h {#1}\let \f@size #2\selectfont #3}}
                                                  
l.42    \mathbf b_{\text{\swirlarrow}
                                     } = \mathcal G_{\text{\swirlarrow}}\,\p...
I've deleted a group-closing symbol because it seems to be
spurious, as in `$x}$'. But perhaps the } is legitimate and
you forgot something else, as in `\hbox{$x}'. In such cases
the way to recover is to insert both the forgotten and the
deleted material, e.g., by typing `I$}'.

EM_G.tex:42: Extra }, or forgotten $.
\text@ ...style \ssf@size {\firstchoice@false #1}}
                                                  \check@mathfonts }
l.42    \mathbf b_{\text{\swirlarrow}
                                     } = \mathcal G_{\text{\swirlarrow}}\,\p...
I've deleted a group-closing symbol because it seems to be
spurious, as in `$x}$'. But perhaps the } is legitimate and
you forgot something else, as in `\hbox{$x}'. In such cases
the way to recover is to insert both the forgotten and the
deleted material, e.g., by typing `I$}'.

EM_G.tex:42: Extra }, or forgotten $.
\text@ ...firstchoice@false #1}}\check@mathfonts }
                                                  
l.42    \mathbf b_{\text{\swirlarrow}
                                     } = \mathcal G_{\text{\swirlarrow}}\,\p...
I've deleted a group-closing symbol because it seems to be
spurious, as in `$x}$'. But perhaps the } is legitimate and
you forgot something else, as in `\hbox{$x}'. In such cases
the way to recover is to insert both the forgotten and the
deleted material, e.g., by typing `I$}'.

EM_G.tex:42: Extra }, or forgotten $.
l.42    \mathbf b_{\text{\swirlarrow}}
                                       = \mathcal G_{\text{\swirlarrow}}\,\p...
I've deleted a group-closing symbol because it seems to be
spurious, as in `$x}$'. But perhaps the } is legitimate and
you forgot something else, as in `\hbox{$x}'. In such cases
the way to recover is to insert both the forgotten and the
deleted material, e.g., by typing `I$}'.

EM_G.tex:42: Missing $ inserted.
<inserted text> 
                $
l.42 ...rlarrow}} = \mathcal G_{\text{\swirlarrow}
                                                  }\,\partial_t\bm{\varrho}_...
I've inserted a begin-math/end-math symbol since I think
you left one out. Proceed, with fingers crossed.

EM_G.tex:42: Extra }, or forgotten $.
\textdef@ ...th {#1}\let \f@size #2\selectfont #3}
                                                  }
l.42 ...rlarrow}} = \mathcal G_{\text{\swirlarrow}
                                                  }\,\partial_t\bm{\varrho}_...
I've deleted a group-closing symbol because it seems to be
spurious, as in `$x}$'. But perhaps the } is legitimate and
you forgot something else, as in `\hbox{$x}'. In such cases
the way to recover is to insert both the forgotten and the
deleted material, e.g., by typing `I$}'.

EM_G.tex:42: Extra }, or forgotten $.
\textdef@ ...h {#1}\let \f@size #2\selectfont #3}}
                                                  
l.42 ...rlarrow}} = \mathcal G_{\text{\swirlarrow}
                                                  }\,\partial_t\bm{\varrho}_...
I've deleted a group-closing symbol because it seems to be
spurious, as in `$x}$'. But perhaps the } is legitimate and
you forgot something else, as in `\hbox{$x}'. In such cases
the way to recover is to insert both the forgotten and the
deleted material, e.g., by typing `I$}'.

EM_G.tex:42: Extra }, or forgotten $.
\text@ ...e {\textdef@ \displaystyle \f@size {#1}}
                                                  {\textdef@ \textstyle \f@s...
l.42 ...rlarrow}} = \mathcal G_{\text{\swirlarrow}
                                                  }\,\partial_t\bm{\varrho}_...
I've deleted a group-closing symbol because it seems to be
spurious, as in `$x}$'. But perhaps the } is legitimate and
you forgot something else, as in `\hbox{$x}'. In such cases
the way to recover is to insert both the forgotten and the
deleted material, e.g., by typing `I$}'.

EM_G.tex:42: Missing $ inserted.
<inserted text> 
                $
l.42 ...rlarrow}} = \mathcal G_{\text{\swirlarrow}
                                                  }\,\partial_t\bm{\varrho}_...
I've inserted a begin-math/end-math symbol since I think
you left one out. Proceed, with fingers crossed.

EM_G.tex:42: Extra }, or forgotten $.
\textdef@ ...th {#1}\let \f@size #2\selectfont #3}
                                                  }
l.42 ...rlarrow}} = \mathcal G_{\text{\swirlarrow}
                                                  }\,\partial_t\bm{\varrho}_...
I've deleted a group-closing symbol because it seems to be
spurious, as in `$x}$'. But perhaps the } is legitimate and
you forgot something else, as in `\hbox{$x}'. In such cases
the way to recover is to insert both the forgotten and the
deleted material, e.g., by typing `I$}'.

EM_G.tex:42: Extra }, or forgotten $.
\textdef@ ...h {#1}\let \f@size #2\selectfont #3}}
                                                  
l.42 ...rlarrow}} = \mathcal G_{\text{\swirlarrow}
                                                  }\,\partial_t\bm{\varrho}_...
I've deleted a group-closing symbol because it seems to be
spurious, as in `$x}$'. But perhaps the } is legitimate and
you forgot something else, as in `\hbox{$x}'. In such cases
the way to recover is to insert both the forgotten and the
deleted material, e.g., by typing `I$}'.

EM_G.tex:42: Extra }, or forgotten $.
\text@ ...xtstyle \f@size {\firstchoice@false #1}}
                                                  {\textdef@ \textstyle \sf@...
l.42 ...rlarrow}} = \mathcal G_{\text{\swirlarrow}
                                                  }\,\partial_t\bm{\varrho}_...
I've deleted a group-closing symbol because it seems to be
spurious, as in `$x}$'. But perhaps the } is legitimate and
you forgot something else, as in `\hbox{$x}'. In such cases
the way to recover is to insert both the forgotten and the
deleted material, e.g., by typing `I$}'.

EM_G.tex:42: Missing $ inserted.
<inserted text> 
                $
l.42 ...rlarrow}} = \mathcal G_{\text{\swirlarrow}
                                                  }\,\partial_t\bm{\varrho}_...
I've inserted a begin-math/end-math symbol since I think
you left one out. Proceed, with fingers crossed.

EM_G.tex:42: Extra }, or forgotten $.
\textdef@ ...th {#1}\let \f@size #2\selectfont #3}
                                                  }
l.42 ...rlarrow}} = \mathcal G_{\text{\swirlarrow}
                                                  }\,\partial_t\bm{\varrho}_...
I've deleted a group-closing symbol because it seems to be
spurious, as in `$x}$'. But perhaps the } is legitimate and
you forgot something else, as in `\hbox{$x}'. In such cases
the way to recover is to insert both the forgotten and the
deleted material, e.g., by typing `I$}'.

EM_G.tex:42: Extra }, or forgotten $.
\textdef@ ...h {#1}\let \f@size #2\selectfont #3}}
                                                  
l.42 ...rlarrow}} = \mathcal G_{\text{\swirlarrow}
                                                  }\,\partial_t\bm{\varrho}_...
I've deleted a group-closing symbol because it seems to be
spurious, as in `$x}$'. But perhaps the } is legitimate and
you forgot something else, as in `\hbox{$x}'. In such cases
the way to recover is to insert both the forgotten and the
deleted material, e.g., by typing `I$}'.

EM_G.tex:42: Extra }, or forgotten $.
\text@ ...tstyle \sf@size {\firstchoice@false #1}}
                                                  {\textdef@ \textstyle \ssf...
l.42 ...rlarrow}} = \mathcal G_{\text{\swirlarrow}
                                                  }\,\partial_t\bm{\varrho}_...
I've deleted a group-closing symbol because it seems to be
spurious, as in `$x}$'. But perhaps the } is legitimate and
you forgot something else, as in `\hbox{$x}'. In such cases
the way to recover is to insert both the forgotten and the
deleted material, e.g., by typing `I$}'.

EM_G.tex:42: Missing $ inserted.
<inserted text> 
                $
l.42 ...rlarrow}} = \mathcal G_{\text{\swirlarrow}
                                                  }\,\partial_t\bm{\varrho}_...
I've inserted a begin-math/end-math symbol since I think
you left one out. Proceed, with fingers crossed.

EM_G.tex:42: Extra }, or forgotten $.
\textdef@ ...th {#1}\let \f@size #2\selectfont #3}
                                                  }
l.42 ...rlarrow}} = \mathcal G_{\text{\swirlarrow}
                                                  }\,\partial_t\bm{\varrho}_...
I've deleted a group-closing symbol because it seems to be
spurious, as in `$x}$'. But perhaps the } is legitimate and
you forgot something else, as in `\hbox{$x}'. In such cases
the way to recover is to insert both the forgotten and the
deleted material, e.g., by typing `I$}'.

EM_G.tex:42: Extra }, or forgotten $.
\textdef@ ...h {#1}\let \f@size #2\selectfont #3}}
                                                  
l.42 ...rlarrow}} = \mathcal G_{\text{\swirlarrow}
                                                  }\,\partial_t\bm{\varrho}_...
I've deleted a group-closing symbol because it seems to be
spurious, as in `$x}$'. But perhaps the } is legitimate and
you forgot something else, as in `\hbox{$x}'. In such cases
the way to recover is to insert both the forgotten and the
deleted material, e.g., by typing `I$}'.

EM_G.tex:42: Extra }, or forgotten $.
\text@ ...style \ssf@size {\firstchoice@false #1}}
                                                  \check@mathfonts }
l.42 ...rlarrow}} = \mathcal G_{\text{\swirlarrow}
                                                  }\,\partial_t\bm{\varrho}_...
I've deleted a group-closing symbol because it seems to be
spurious, as in `$x}$'. But perhaps the } is legitimate and
you forgot something else, as in `\hbox{$x}'. In such cases
the way to recover is to insert both the forgotten and the
deleted material, e.g., by typing `I$}'.

EM_G.tex:42: Extra }, or forgotten $.
\text@ ...firstchoice@false #1}}\check@mathfonts }
                                                  
l.42 ...rlarrow}} = \mathcal G_{\text{\swirlarrow}
                                                  }\,\partial_t\bm{\varrho}_...
I've deleted a group-closing symbol because it seems to be
spurious, as in `$x}$'. But perhaps the } is legitimate and
you forgot something else, as in `\hbox{$x}'. In such cases
the way to recover is to insert both the forgotten and the
deleted material, e.g., by typing `I$}'.

EM_G.tex:42: Extra }, or forgotten $.
l.42 ...larrow}} = \mathcal G_{\text{\swirlarrow}}
                                                  \,\partial_t\bm{\varrho}_{...
I've deleted a group-closing symbol because it seems to be
spurious, as in `$x}$'. But perhaps the } is legitimate and
you forgot something else, as in `\hbox{$x}'. In such cases
the way to recover is to insert both the forgotten and the
deleted material, e.g., by typing `I$}'.

EM_G.tex:42: Missing $ inserted.
<inserted text> 
                $
l.42 ...\partial_t\bm{\varrho}_{\text{\swirlarrow}
                                                  } \)
I've inserted a begin-math/end-math symbol since I think
you left one out. Proceed, with fingers crossed.

EM_G.tex:42: Extra }, or forgotten $.
\textdef@ ...th {#1}\let \f@size #2\selectfont #3}
                                                  }
l.42 ...\partial_t\bm{\varrho}_{\text{\swirlarrow}
                                                  } \)
I've deleted a group-closing symbol because it seems to be
spurious, as in `$x}$'. But perhaps the } is legitimate and
you forgot something else, as in `\hbox{$x}'. In such cases
the way to recover is to insert both the forgotten and the
deleted material, e.g., by typing `I$}'.

EM_G.tex:42: Extra }, or forgotten $.
\textdef@ ...h {#1}\let \f@size #2\selectfont #3}}
                                                  
l.42 ...\partial_t\bm{\varrho}_{\text{\swirlarrow}
                                                  } \)
I've deleted a group-closing symbol because it seems to be
spurious, as in `$x}$'. But perhaps the } is legitimate and
you forgot something else, as in `\hbox{$x}'. In such cases
the way to recover is to insert both the forgotten and the
deleted material, e.g., by typing `I$}'.

EM_G.tex:42: Extra }, or forgotten $.
\text@ ...e {\textdef@ \displaystyle \f@size {#1}}
                                                  {\textdef@ \textstyle \f@s...
l.42 ...\partial_t\bm{\varrho}_{\text{\swirlarrow}
                                                  } \)
I've deleted a group-closing symbol because it seems to be
spurious, as in `$x}$'. But perhaps the } is legitimate and
you forgot something else, as in `\hbox{$x}'. In such cases
the way to recover is to insert both the forgotten and the
deleted material, e.g., by typing `I$}'.

EM_G.tex:42: Missing $ inserted.
<inserted text> 
                $
l.42 ...\partial_t\bm{\varrho}_{\text{\swirlarrow}
                                                  } \)
I've inserted a begin-math/end-math symbol since I think
you left one out. Proceed, with fingers crossed.

EM_G.tex:42: Extra }, or forgotten $.
\textdef@ ...th {#1}\let \f@size #2\selectfont #3}
                                                  }
l.42 ...\partial_t\bm{\varrho}_{\text{\swirlarrow}
                                                  } \)
I've deleted a group-closing symbol because it seems to be
spurious, as in `$x}$'. But perhaps the } is legitimate and
you forgot something else, as in `\hbox{$x}'. In such cases
the way to recover is to insert both the forgotten and the
deleted material, e.g., by typing `I$}'.

EM_G.tex:42: Extra }, or forgotten $.
\textdef@ ...h {#1}\let \f@size #2\selectfont #3}}
                                                  
l.42 ...\partial_t\bm{\varrho}_{\text{\swirlarrow}
                                                  } \)
I've deleted a group-closing symbol because it seems to be
spurious, as in `$x}$'. But perhaps the } is legitimate and
you forgot something else, as in `\hbox{$x}'. In such cases
the way to recover is to insert both the forgotten and the
deleted material, e.g., by typing `I$}'.

EM_G.tex:42: Extra }, or forgotten $.
\text@ ...xtstyle \f@size {\firstchoice@false #1}}
                                                  {\textdef@ \textstyle \sf@...
l.42 ...\partial_t\bm{\varrho}_{\text{\swirlarrow}
                                                  } \)
I've deleted a group-closing symbol because it seems to be
spurious, as in `$x}$'. But perhaps the } is legitimate and
you forgot something else, as in `\hbox{$x}'. In such cases
the way to recover is to insert both the forgotten and the
deleted material, e.g., by typing `I$}'.

EM_G.tex:42: Missing $ inserted.
<inserted text> 
                $
l.42 ...\partial_t\bm{\varrho}_{\text{\swirlarrow}
                                                  } \)
I've inserted a begin-math/end-math symbol since I think
you left one out. Proceed, with fingers crossed.

EM_G.tex:42: Extra }, or forgotten $.
\textdef@ ...th {#1}\let \f@size #2\selectfont #3}
                                                  }
l.42 ...\partial_t\bm{\varrho}_{\text{\swirlarrow}
                                                  } \)
(That makes 100 errors; please try again.) 
Here is how much of TeX's memory you used:
 25714 strings out of 468225
 496614 string characters out of 5427649
 904792 words of memory out of 5000000
 53844 multiletter control sequences out of 15000+600000
 636394 words of font info for 68 fonts, out of 8000000 for 9000
 1141 hyphenation exceptions out of 8191
 116i,88n,121p,524b,806s stack positions out of 10000i,1000n,20000p,200000b,200000s

EM_G.tex:42:  ==> Fatal error occurred, no output PDF file produced!
