This is pdfTeX, Version 3.141592653-2.6-1.40.28 (MiKTeX 25.12) (preloaded format=pdflatex 2026.1.10)  17 JAN 2026 12:22
entering extended mode
 restricted \write18 enabled.
 file:line:error style messages enabled.
 %&-line parsing enabled.
**./SST-48_Emergent_Inverse-Square_Law_from_Hydrodynamic.tex
(SST-48_Emergent_Inverse-Square_Law_from_Hydrodynamic.tex
LaTeX2e <2025-11-01>
L3 programming layer <2025-11-06>
(C:\Users\oscar\MikTex\tex/latex/base\article.cls
Document Class: article 2025/01/22 v1.4n Standard LaTeX document class
(C:\Users\oscar\MikTex\tex/latex/base\size12.clo
File: size12.clo 2025/01/22 v1.4n Standard LaTeX file (size option)
)
\c@part=\count275
\c@section=\count276
\c@subsection=\count277
\c@subsubsection=\count278
\c@paragraph=\count279
\c@subparagraph=\count280
\c@figure=\count281
\c@table=\count282
\abovecaptionskip=\skip49
\belowcaptionskip=\skip50
\bibindent=\dimen148
)
(C:\Users\oscar\MikTex\tex/latex/geometry\geometry.sty
Package: geometry 2020/01/02 v5.9 Page Geometry

(C:\Users\oscar\MikTex\tex/latex/graphics\keyval.sty
Package: keyval 2022/05/29 v1.15 key=value parser (DPC)
\KV@toks@=\toks17
)
(C:\Users\oscar\MikTex\tex/generic/iftex\ifvtex.sty
Package: ifvtex 2019/10/25 v1.7 ifvtex legacy package. Use iftex instead.

(C:\Users\oscar\MikTex\tex/generic/iftex\iftex.sty
Package: iftex 2024/12/12 v1.0g TeX engine tests
))
\Gm@cnth=\count283
\Gm@cntv=\count284
\c@Gm@tempcnt=\count285
\Gm@bindingoffset=\dimen149
\Gm@wd@mp=\dimen150
\Gm@odd@mp=\dimen151
\Gm@even@mp=\dimen152
\Gm@layoutwidth=\dimen153
\Gm@layoutheight=\dimen154
\Gm@layouthoffset=\dimen155
\Gm@layoutvoffset=\dimen156
\Gm@dimlist=\toks18

(C:\Users\oscar\MikTex\tex/latex/geometry\geometry.cfg))
(C:\Users\oscar\MikTex\tex/latex/amsmath\amsmath.sty
Package: amsmath 2025/07/09 v2.17z AMS math features
\@mathmargin=\skip51

For additional information on amsmath, use the `?' option.
(C:\Users\oscar\MikTex\tex/latex/amsmath\amstext.sty
Package: amstext 2024/11/17 v2.01 AMS text

(C:\Users\oscar\MikTex\tex/latex/amsmath\amsgen.sty
File: amsgen.sty 1999/11/30 v2.0 generic functions
\@emptytoks=\toks19
\ex@=\dimen157
))
(C:\Users\oscar\MikTex\tex/latex/amsmath\amsbsy.sty
Package: amsbsy 1999/11/29 v1.2d Bold Symbols
\pmbraise@=\dimen158
)
(C:\Users\oscar\MikTex\tex/latex/amsmath\amsopn.sty
Package: amsopn 2022/04/08 v2.04 operator names
)
\inf@bad=\count286
LaTeX Info: Redefining \frac on input line 233.
\uproot@=\count287
\leftroot@=\count288
LaTeX Info: Redefining \overline on input line 398.
LaTeX Info: Redefining \colon on input line 409.
\classnum@=\count289
\DOTSCASE@=\count290
LaTeX Info: Redefining \ldots on input line 495.
LaTeX Info: Redefining \dots on input line 498.
LaTeX Info: Redefining \cdots on input line 619.
\Mathstrutbox@=\box53
\strutbox@=\box54
LaTeX Info: Redefining \big on input line 721.
LaTeX Info: Redefining \Big on input line 722.
LaTeX Info: Redefining \bigg on input line 723.
LaTeX Info: Redefining \Bigg on input line 724.
\big@size=\dimen159
LaTeX Font Info:    Redeclaring font encoding OML on input line 742.
LaTeX Font Info:    Redeclaring font encoding OMS on input line 743.
\macc@depth=\count291
LaTeX Info: Redefining \bmod on input line 904.
LaTeX Info: Redefining \pmod on input line 909.
LaTeX Info: Redefining \smash on input line 939.
LaTeX Info: Redefining \relbar on input line 969.
LaTeX Info: Redefining \Relbar on input line 970.
\c@MaxMatrixCols=\count292
\dotsspace@=\muskip17
\c@parentequation=\count293
\dspbrk@lvl=\count294
\tag@help=\toks20
\row@=\count295
\column@=\count296
\maxfields@=\count297
\andhelp@=\toks21
\eqnshift@=\dimen160
\alignsep@=\dimen161
\tagshift@=\dimen162
\tagwidth@=\dimen163
\totwidth@=\dimen164
\lineht@=\dimen165
\@envbody=\toks22
\multlinegap=\skip52
\multlinetaggap=\skip53
\mathdisplay@stack=\toks23
LaTeX Info: Redefining \[ on input line 2950.
LaTeX Info: Redefining \] on input line 2951.
)
(C:\Users\oscar\MikTex\tex/latex/amsfonts\amssymb.sty
Package: amssymb 2013/01/14 v3.01 AMS font symbols

(C:\Users\oscar\MikTex\tex/latex/amsfonts\amsfonts.sty
Package: amsfonts 2013/01/14 v3.01 Basic AMSFonts support
\symAMSa=\mathgroup4
\symAMSb=\mathgroup5
LaTeX Font Info:    Redeclaring math symbol \hbar on input line 98.
LaTeX Font Info:    Overwriting math alphabet `\mathfrak' in version `bold'
(Font)                  U/euf/m/n --> U/euf/b/n on input line 106.
))
(C:\Users\oscar\MikTex\tex/latex/preprint\authblk.sty
Package: authblk 2001/02/27 1.3 (PWD)
\affilsep=\skip54
\@affilsep=\skip55
\c@Maxaffil=\count298
\c@authors=\count299
\c@affil=\count300
)
(C:\Users\oscar\MikTex\tex/latex/l3backend\l3backend-pdftex.def
File: l3backend-pdftex.def 2025-10-09 L3 backend support: PDF output (pdfTeX)
\l__color_backend_stack_int=\count301
)
(C:/workspace\projects\SwirlStringTheory\out\SST-48_Emergent_Inverse-Square_Law
_from_Hydrodynamic.aux)
\openout1 = `SST-48_Emergent_Inverse-Square_Law_from_Hydrodynamic.aux'.

LaTeX Font Info:    Checking defaults for OML/cmm/m/it on input line 5.
LaTeX Font Info:    ... okay on input line 5.
LaTeX Font Info:    Checking defaults for OMS/cmsy/m/n on input line 5.
LaTeX Font Info:    ... okay on input line 5.
LaTeX Font Info:    Checking defaults for OT1/cmr/m/n on input line 5.
LaTeX Font Info:    ... okay on input line 5.
LaTeX Font Info:    Checking defaults for T1/cmr/m/n on input line 5.
LaTeX Font Info:    ... okay on input line 5.
LaTeX Font Info:    Checking defaults for TS1/cmr/m/n on input line 5.
LaTeX Font Info:    ... okay on input line 5.
LaTeX Font Info:    Checking defaults for OMX/cmex/m/n on input line 5.
LaTeX Font Info:    ... okay on input line 5.
LaTeX Font Info:    Checking defaults for U/cmr/m/n on input line 5.
LaTeX Font Info:    ... okay on input line 5.

*geometry* driver: auto-detecting
*geometry* detected driver: pdftex
*geometry* verbose mode - [ preamble ] result:
* driver: pdftex
* paper: <default>
* layout: <same size as paper>
* layoutoffset:(h,v)=(0.0pt,0.0pt)
* modes: 
* h-part:(L,W,R)=(72.26999pt, 469.75502pt, 72.26999pt)
* v-part:(T,H,B)=(72.26999pt, 650.43001pt, 72.26999pt)
* \paperwidth=614.295pt
* \paperheight=794.96999pt
* \textwidth=469.75502pt
* \textheight=650.43001pt
* \oddsidemargin=0.0pt
* \evensidemargin=0.0pt
* \topmargin=-37.0pt
* \headheight=12.0pt
* \headsep=25.0pt
* \topskip=12.0pt
* \footskip=30.0pt
* \marginparwidth=44.0pt
* \marginparsep=10.0pt
* \columnsep=10.0pt
* \skip\footins=10.8pt plus 4.0pt minus 2.0pt
* \hoffset=0.0pt
* \voffset=0.0pt
* \mag=1000
* \@twocolumnfalse
* \@twosidefalse
* \@mparswitchfalse
* \@reversemarginfalse
* (1in=72.27pt=25.4mm, 1cm=28.453pt)

LaTeX Font Info:    Trying to load font information for U+msa on input line 15.

(C:\Users\oscar\MikTex\tex/latex/amsfonts\umsa.fd
File: umsa.fd 2013/01/14 v3.01 AMS symbols A
)
LaTeX Font Info:    Trying to load font information for U+msb on input line 15.


(C:\Users\oscar\MikTex\tex/latex/amsfonts\umsb.fd
File: umsb.fd 2013/01/14 v3.01 AMS symbols B
) [1

{C:/Users/oscar/AppData/Local/MiKTeX/fonts/map/pdftex/pdftex.map}] [2]
Overfull \hbox (196.0827pt too wide) in paragraph at lines 42--44
\OT1/cmr/m/n/12 assuming $\OML/cmm/m/it/12 H=\OT1/cmr/m/n/12 ^^C \OMS/cmsy/m/n/
12 ^^\ \OT1/cmr/m/n/12 1$ (the low-energy, weak-coupling regime):contentReferen
ce[oaicite:0]index=0:contentReference[oaicite:1]index=1.
 []

[3] [4] [5] [6] [7] [8]
Overfull \hbox (14.3534pt too wide) in paragraph at lines 114--115
\OT1/cmr/m/n/12 tions:contentReference[oaicite:10]index=10:contentReference[oai
cite:11]index=11. Nord-str^^?om's
 []


Overfull \hbox (15.39552pt too wide) in paragraph at lines 114--115
\OT1/cmr/m/n/12 ples as GR, though it ul-ti-mately fails some em-pir-i-cal test
s:contentReference[oaicite:12]index=12.
 []

[9] [10] [11] [12]
Overfull \hbox (26.08568pt too wide) in paragraph at lines 141--143
\OT1/cmr/m/n/12 clock rate dif-fer-ences:contentReference[oaicite:18]index=18:c
ontentReference[oaicite:19]index=19.
 []

[13] [14]
(C:/workspace\projects\SwirlStringTheory\out\SST-48_Emergent_Inverse-Square_Law
_from_Hydrodynamic.aux)
 ***********
LaTeX2e <2025-11-01>
L3 programming layer <2025-11-06>
 ***********
 ) 
Here is how much of TeX's memory you used:
 2455 strings out of 467871
 35697 string characters out of 5429439
 453679 words of memory out of 5000000
 31336 multiletter control sequences out of 15000+600000
 641187 words of font info for 89 fonts, out of 8000000 for 9000
 1141 hyphenation exceptions out of 8191
 57i,8n,65p,2769b,205s stack positions out of 10000i,1000n,20000p,200000b,200000s
 <C:\Users\oscar\AppData\Local\MiKTeX\fonts/pk/ljfour/jknappen/ec/dpi600\tcrm
1200.pk><C:/Users/oscar/MikTex/fonts/type1/public/amsfonts/cm/cmbx10.pfb><C:/Us
ers/oscar/MikTex/fonts/type1/public/amsfonts/cm/cmbx12.pfb><C:/Users/oscar/MikT
ex/fonts/type1/public/amsfonts/cm/cmex10.pfb><C:/Users/oscar/MikTex/fonts/type1
/public/amsfonts/cm/cmmi10.pfb><C:/Users/oscar/MikTex/fonts/type1/public/amsfon
ts/cm/cmmi12.pfb><C:/Users/oscar/MikTex/fonts/type1/public/amsfonts/cm/cmmi6.pf
b><C:/Users/oscar/MikTex/fonts/type1/public/amsfonts/cm/cmmi8.pfb><C:/Users/osc
ar/MikTex/fonts/type1/public/amsfonts/cm/cmr10.pfb><C:/Users/oscar/MikTex/fonts
/type1/public/amsfonts/cm/cmr12.pfb><C:/Users/oscar/MikTex/fonts/type1/public/a
msfonts/cm/cmr17.pfb><C:/Users/oscar/MikTex/fonts/type1/public/amsfonts/cm/cmr6
.pfb><C:/Users/oscar/MikTex/fonts/type1/public/amsfonts/cm/cmr8.pfb><C:/Users/o
scar/MikTex/fonts/type1/public/amsfonts/cm/cmsy10.pfb><C:/Users/oscar/MikTex/fo
nts/type1/public/amsfonts/cm/cmsy6.pfb><C:/Users/oscar/MikTex/fonts/type1/publi
c/amsfonts/cm/cmsy8.pfb><C:/Users/oscar/MikTex/fonts/type1/public/amsfonts/cm/c
mti10.pfb><C:/Users/oscar/MikTex/fonts/type1/public/amsfonts/cm/cmti12.pfb><C:/
Users/oscar/MikTex/fonts/type1/public/amsfonts/symbols/msam10.pfb>
Output written on C:/workspace\projects\SwirlStringTheory\out\SST-48_Emergent_I
nverse-Square_Law_from_Hydrodynamic.pdf (14 pages, 300241 bytes).
PDF statistics:
 143 PDF objects out of 1000 (max. 8388607)
 0 named destinations out of 1000 (max. 500000)
 1 words of extra memory for PDF output out of 10000 (max. 10000000)

