\BOOKMARK [0][-]{section*.2}{\376\377\000H\000e\000l\000i\000c\000i\000t\000y\000\040\000i\000n\000\040\000S\000w\000i\000r\000l\000-\000S\000t\000r\000i\000n\000g\000\040\000T\000h\000e\000o\000r\000y\000\040\000\050\000S\000S\000T\000\051\000\040\000K\000n\000o\000t\000\040\000S\000y\000s\000t\000e\000m\000s}{}% 2
\BOOKMARK [1][-]{section*.1}{\376\377\000A\000b\000s\000t\000r\000a\000c\000t}{section*.2}% 1
\BOOKMARK [1][-]{section*.3}{\376\377\000O\000b\000j\000e\000c\000t\000i\000v\000e}{section*.2}% 3
\BOOKMARK [1][-]{section*.4}{\376\377\0001\000.\000\040\000B\000a\000c\000k\000g\000r\000o\000u\000n\000d\000\040\000\050\000S\000S\000T\000\040\000f\000o\000r\000m\000\051}{section*.2}% 4
\BOOKMARK [2][-]{section*.5}{\376\377\000a\000.\000\040\000S\000w\000i\000r\000l\000\040\000v\000e\000l\000o\000c\000i\000t\000y\000\040\000a\000n\000d\000\040\000v\000o\000r\000t\000i\000c\000i\000t\000y}{section*.4}% 5
\BOOKMARK [2][-]{section*.6}{\376\377\000b\000.\000\040\000C\000i\000r\000c\000u\000l\000a\000t\000i\000o\000n\000\040\000\050\000q\000u\000a\000n\000t\000i\000z\000e\000d\000\051}{section*.4}% 6
\BOOKMARK [2][-]{section*.7}{\376\377\000c\000.\000\040\000H\000e\000l\000i\000c\000i\000t\000y\000\040\000\050\000i\000n\000v\000a\000r\000i\000a\000n\000t\000\040\000a\000b\000s\000e\000n\000t\000\040\000r\000e\000c\000o\000n\000n\000e\000c\000t\000i\000o\000n\000\051}{section*.4}% 7
\BOOKMARK [1][-]{section*.8}{\376\377\0002\000.\000\040\000D\000e\000r\000i\000v\000i\000n\000g\000\040\000t\000h\000e\000\040\000d\000e\000c\000o\000m\000p\000o\000s\000i\000t\000i\000o\000n}{section*.2}% 8
\BOOKMARK [2][-]{section*.9}{\376\377\000S\000t\000e\000p\000\040\0001\000:\000\040\000S\000p\000l\000i\000t\000\040\000b\000y\000\040\000c\000o\000m\000p\000o\000n\000e\000n\000t\000s}{section*.8}% 9
\BOOKMARK [2][-]{section*.10}{\376\377\000S\000t\000e\000p\000\040\0002\000:\000\040\000S\000e\000l\000f\000-\000h\000e\000l\000i\000c\000i\000t\000y\000\040\000o\000f\000\040\000c\000o\000m\000p\000o\000n\000e\000n\000t\000\040\000k}{section*.8}% 10
\BOOKMARK [2][-]{section*.11}{\376\377\000S\000t\000e\000p\000\040\0003\000:\000\040\000M\000u\000t\000u\000a\000l\000\040\000h\000e\000l\000i\000c\000i\000t\000y}{section*.8}% 11
\BOOKMARK [2][-]{section*.12}{\376\377\000F\000i\000n\000a\000l\000\040\000f\000o\000r\000m\000\040\000\050\000a\000l\000g\000e\000b\000r\000a\000i\000c\000\040\000a\000n\000d\000\040\000i\000n\000t\000e\000g\000r\000a\000l\000\051}{section*.8}% 12
\BOOKMARK [1][-]{section*.13}{\376\377\0003\000.\000\040\000P\000r\000a\000c\000t\000i\000c\000a\000l\000\040\000r\000e\000c\000i\000p\000e}{section*.2}% 13
\BOOKMARK [1][-]{section*.14}{\376\377\0004\000.\000\040\000E\000x\000a\000m\000p\000l\000e\000:\000\040\000T\000\050\0001\0008\000,\0002\0007\000\051}{section*.2}% 14
\BOOKMARK [1][-]{section*.15}{\376\377\0005\000.\000\040\000C\000a\000n\000o\000n\000i\000c\000a\000l\000\040\000S\000t\000a\000b\000i\000l\000i\000t\000y\000:\000\040\000H\000e\000l\000i\000c\000i\000t\000y\000-\000E\000n\000e\000r\000g\000y\000\040\000C\000o\000r\000r\000e\000s\000p\000o\000n\000d\000e\000n\000c\000e}{section*.2}% 15
\BOOKMARK [2][-]{section*.16}{\376\377\000A\000.\000\040\000E\000n\000e\000r\000g\000y\000\040\000o\000f\000\040\000a\000\040\000S\000w\000i\000r\000l\000-\000S\000t\000r\000i\000n\000g\000\040\000C\000o\000n\000f\000i\000g\000u\000r\000a\000t\000i\000o\000n}{section*.15}% 16
\BOOKMARK [3][-]{section*.17}{\376\377\000i\000.\000\040\000S\000e\000l\000f\000-\000E\000n\000e\000r\000g\000y\000\040\000E\000s\000e\000l\000f\000\050\000i\000\051}{section*.16}% 17
\BOOKMARK [3][-]{section*.18}{\376\377\000i\000i\000.\000\040\000M\000u\000t\000u\000a\000l\000\040\000E\000n\000e\000r\000g\000y\000\040\000E\000m\000u\000t\000u\000a\000l\000\050\000i\000,\000j\000\051}{section*.16}% 18
\BOOKMARK [2][-]{section*.19}{\376\377\000B\000.\000\040\000V\000a\000r\000i\000a\000t\000i\000o\000n\000a\000l\000\040\000S\000t\000a\000b\000i\000l\000i\000t\000y\000\040\000P\000r\000i\000n\000c\000i\000p\000l\000e}{section*.15}% 19
\BOOKMARK [2][-]{section*.20}{\376\377\000C\000.\000\040\000C\000a\000n\000o\000n\000i\000c\000a\000l\000\040\000I\000n\000t\000e\000r\000p\000r\000e\000t\000a\000t\000i\000o\000n\000\040\000o\000f\000\040\000H\000/\000E}{section*.15}% 20
\BOOKMARK [1][-]{section*.21}{\376\377\000L\000i\000t\000e\000r\000a\000t\000u\000r\000e\000\040\000F\000o\000u\000n\000d\000a\000t\000i\000o\000n\000s}{section*.2}% 21
\BOOKMARK [2][-]{section*.22}{\376\377\000A\000.\000\040\000H\000i\000s\000t\000o\000r\000i\000c\000a\000l\000\040\000O\000r\000i\000g\000i\000n\000s\000\040\000a\000n\000d\000\040\000C\000l\000a\000s\000s\000i\000c\000a\000l\000\040\000H\000e\000l\000i\000c\000i\000t\000y}{section*.21}% 22
\BOOKMARK [2][-]{section*.23}{\376\377\000B\000.\000\040\000K\000n\000o\000t\000\040\000T\000h\000e\000o\000r\000y\000\040\000i\000n\000\040\000F\000l\000u\000i\000d\000\040\000M\000e\000c\000h\000a\000n\000i\000c\000s}{section*.21}% 23
\BOOKMARK [2][-]{section*.24}{\376\377\000C\000.\000\040\000R\000e\000c\000o\000n\000n\000e\000c\000t\000i\000o\000n\000-\000R\000e\000s\000i\000l\000i\000e\000n\000t\000\040\000H\000e\000l\000i\000c\000i\000t\000y\000\040\000\050\000M\000o\000d\000e\000r\000n\000\040\000E\000x\000p\000e\000r\000i\000m\000e\000n\000t\000s\000\051}{section*.21}% 24
\BOOKMARK [2][-]{section*.25}{\376\377\000D\000.\000\040\000T\000o\000w\000a\000r\000d\000\040\000Q\000u\000a\000n\000t\000u\000m\000\040\000a\000n\000d\000\040\000S\000t\000r\000i\000n\000g\000-\000F\000i\000e\000l\000d\000\040\000A\000n\000a\000l\000o\000g\000i\000e\000s}{section*.21}% 25
\BOOKMARK [2][-]{section*.26}{\376\377\000E\000.\000\040\000C\000o\000m\000p\000a\000r\000a\000t\000i\000v\000e\000\040\000T\000a\000b\000l\000e\000\040\000o\000f\000\040\000H\000e\000l\000i\000c\000i\000t\000y\000\040\000F\000o\000r\000m\000s}{section*.21}% 26
\BOOKMARK [2][-]{section*.27}{\376\377\000F\000.\000\040\000S\000u\000m\000m\000a\000r\000y}{section*.21}% 27
\BOOKMARK [1][-]{section*.28}{\376\377\000S\000u\000m\000m\000a\000r\000y\000\040\000T\000a\000b\000l\000e\000\040\000\050\000S\000S\000T\000\040\000t\000e\000r\000m\000s\000\051}{section*.2}% 28
\BOOKMARK [1][-]{section*.29}{\376\377\000R\000e\000f\000e\000r\000e\000n\000c\000e\000s}{section*.2}% 29
