\BOOKMARK [1][]{section.1}{\376\377\000S\000c\000o\000p\000e\000,\000\040\000n\000o\000t\000a\000t\000i\000o\000n\000,\000\040\000a\000n\000d\000\040\000c\000l\000a\000i\000m\000\040\000t\000a\000x\000o\000n\000o\000m\000y}{}% 1
\BOOKMARK [2][]{subsection.1.1}{\376\377\000T\000e\000r\000m\000i\000n\000o\000l\000o\000g\000y}{section.1}% 2
\BOOKMARK [2][]{subsection.1.2}{\376\377\000C\000l\000a\000i\000m\000\040\000t\000a\000x\000o\000n\000o\000m\000y}{section.1}% 3
\BOOKMARK [2][]{subsection.1.3}{\376\377\000W\000h\000a\000t\000\040\000i\000s\000\040\000p\000r\000o\000v\000e\000n\000\040\000h\000e\000r\000e\000\040\000\050\000a\000n\000d\000\040\000w\000h\000a\000t\000\040\000r\000e\000m\000a\000i\000n\000s\000\040\000a\000n\000\040\000a\000s\000s\000u\000m\000p\000t\000i\000o\000n\000\051}{section.1}% 4
\BOOKMARK [3][]{section*.2}{\376\377\000P\000r\000o\000v\000e\000d\000\040\000s\000t\000a\000t\000e\000m\000e\000n\000t\000s\000\040\000\050\000c\000o\000n\000d\000i\000t\000i\000o\000n\000a\000l\000\051\000.}{subsection.1.3}% 5
\BOOKMARK [4][]{section*.3}{\376\377\000A\000s\000s\000u\000m\000p\000t\000i\000o\000n\000s\000\040\000/\000\040\000c\000a\000l\000i\000b\000r\000a\000t\000e\000d\000\040\000i\000d\000e\000n\000t\000i\000f\000i\000c\000a\000t\000i\000o\000n\000s\000\040\000\050\000n\000o\000t\000\040\000p\000r\000o\000v\000e\000n\000\040\000h\000e\000r\000e\000\051\000.}{section*.2}% 6
\BOOKMARK [1][]{section.2}{\376\377\000P\000r\000i\000m\000i\000t\000i\000v\000e\000\040\000i\000n\000p\000u\000t\000s\000\040\000a\000n\000d\000\040\000p\000a\000r\000a\000m\000e\000t\000e\000r\000\040\000l\000o\000g\000i\000c\000\040\000\050\000n\000o\000r\000m\000a\000l\000i\000z\000e\000d\000\040\000t\000r\000i\000a\000d\000\051}{}% 7
\BOOKMARK [2][]{subsection.2.1}{\376\377\000T\000h\000e\000\040\000p\000r\000i\000m\000i\000t\000i\000v\000e\000\040\000t\000r\000i\000a\000d}{section.2}% 8
\BOOKMARK [3][]{section*.4}{\376\377\000C\000a\000n\000o\000n\000i\000c\000a\000l\000\040\000n\000u\000m\000e\000r\000i\000c\000a\000l\000\040\000v\000a\000l\000u\000e\000s\000\040\000\050\000S\000S\000T\000\051\000.}{subsection.2.1}% 9
\BOOKMARK [2][]{subsection.2.2}{\376\377\000D\000e\000r\000i\000v\000e\000d\000\040\000c\000i\000r\000c\000u\000l\000a\000t\000i\000o\000n\000\040\000q\000u\000a\000n\000t\000u\000m\000\040\000\050\000r\000e\000m\000o\000v\000e\000s\000\040\000a\000n\000\040\000i\000n\000p\000u\000t\000\051}{section.2}% 10
\BOOKMARK [3][]{section*.5}{\376\377\000L\000e\000g\000a\000c\000y\000\040\000n\000o\000t\000e\000.}{subsection.2.2}% 11
\BOOKMARK [2][]{subsection.2.3}{\376\377\000A\000\040\000n\000a\000t\000u\000r\000a\000l\000\040\000d\000i\000m\000e\000n\000s\000i\000o\000n\000l\000e\000s\000s\000\040\000c\000o\000n\000s\000t\000a\000n\000t\000:\000\040\000\040\000f\000r\000o\000m\000\040\000t\000h\000e\000\040\000s\000w\000i\000r\000l\000\040\000s\000p\000e\000e\000d}{section.2}% 12
\BOOKMARK [2][]{subsection.2.4}{\376\377\000T\000w\000o\000-\000d\000e\000n\000s\000i\000t\000y\000\040\000s\000t\000r\000u\000c\000t\000u\000r\000e\000\040\000a\000n\000d\000\040\000m\000i\000c\000r\000o\000p\000h\000y\000s\000i\000c\000a\000l\000\040\000s\000t\000i\000f\000f\000n\000e\000s\000s\000\040\000s\000c\000a\000l\000e}{section.2}% 13
\BOOKMARK [1][]{section.3}{\376\377\000M\000e\000c\000h\000a\000n\000i\000c\000a\000l\000\040\000t\000h\000e\000o\000r\000y\000\040\000o\000f\000\040\000h\000e\000a\000t\000\040\000i\000n\000\040\000S\000S\000T}{}% 14
\BOOKMARK [2][]{subsection.3.1}{\376\377\000C\000l\000a\000u\000s\000i\000u\000s\000\040\000s\000t\000r\000u\000c\000t\000u\000r\000e\000\040\000a\000n\000d\000\040\000t\000h\000e\000\040\000A\000b\000e\040\023\000O\000k\000u\000y\000a\000m\000a\000\040\000m\000a\000p\000p\000i\000n\000g}{section.3}% 15
\BOOKMARK [2][]{subsection.3.2}{\376\377\000W\000o\000r\000k\040\023\000h\000e\000a\000t\000\040\000d\000e\000c\000o\000m\000p\000o\000s\000i\000t\000i\000o\000n\000\040\000f\000r\000o\000m\000\040\000s\000p\000e\000c\000t\000r\000a\000l\000\040\000d\000a\000t\000a}{section.3}% 16
\BOOKMARK [2][]{subsection.3.3}{\376\377\000S\000S\000T\000\040\000i\000n\000t\000e\000r\000p\000r\000e\000t\000a\000t\000i\000o\000n}{section.3}% 17
\BOOKMARK [2][]{subsection.3.4}{\376\377\000T\000e\000m\000p\000e\000r\000a\000t\000u\000r\000e\000\040\000a\000s\000\040\000g\000e\000o\000m\000e\000t\000r\000i\000c\000\040\000s\000t\000r\000a\000i\000n\000\040\000p\000a\000r\000a\000m\000e\000t\000e\000r}{section.3}% 18
\BOOKMARK [1][]{section.4}{\376\377\000D\000e\000r\000i\000v\000e\000d\000\040\000c\000o\000n\000s\000t\000a\000n\000t\000s\000:\000\040\000s\000t\000r\000a\000t\000e\000g\000y\000\040\000a\000n\000d\000\040\000c\000l\000o\000s\000e\000d\000\040\000c\000o\000n\000s\000i\000s\000t\000e\000n\000c\000y\000\040\000c\000h\000a\000i\000n}{}% 19
\BOOKMARK [2][]{subsection.4.1}{\376\377\000T\000h\000e\000\040\000C\000o\000u\000l\000o\000m\000b\000\040\000c\000o\000u\000p\000l\000i\000n\000g\000\040\000s\000c\000a\000l\000e\000\040\000a\000s\000\040\000a\000\040\000n\000e\000a\000r\000-\000c\000o\000r\000e\000\040\000p\000r\000e\000s\000s\000u\000r\000e\000\040\000i\000n\000v\000a\000r\000i\000a\000n\000t}{section.4}% 20
\BOOKMARK [3][]{section*.6}{\376\377\000E\000m\000p\000i\000r\000i\000c\000a\000l\000\040\000S\000I\000\040\000c\000o\000m\000p\000a\000r\000i\000s\000o\000n\000\040\000s\000c\000a\000l\000e\000.}{subsection.4.1}% 21
\BOOKMARK [4][]{section*.7}{\376\377\000S\000S\000T\000\040\000p\000r\000e\000d\000i\000c\000t\000i\000o\000n\000\040\000\050\000m\000a\000g\000n\000i\000t\000u\000d\000e\000\051\000.}{section*.6}% 22
\BOOKMARK [4][]{section*.8}{\376\377\000I\000d\000e\000n\000t\000i\000f\000i\000c\000a\000t\000i\000o\000n\000\040\000s\000t\000e\000p\000\040\000\050\000c\000o\000m\000p\000a\000r\000i\000s\000o\000n\000\040\000t\000o\000\040\000n\000a\000t\000u\000r\000e\000\051\000.}{section*.6}% 23
\BOOKMARK [4][]{section*.9}{\376\377\000N\000u\000m\000e\000r\000i\000c\000a\000l\000\040\000v\000a\000l\000u\000e\000\040\000\050\000S\000S\000T\000\040\000p\000r\000e\000d\000i\000c\000t\000i\000o\000n\000\051\000.}{section*.6}% 24
\BOOKMARK [2][]{subsection.4.2}{\376\377\000F\000a\000r\000-\000f\000i\000e\000l\000d\000\040\000m\000o\000n\000o\000p\000o\000l\000e\000\040\000f\000r\000o\000m\000\040\000E\000F\000T\000\040\000\050\000L\000a\000p\000l\000a\000c\000e\000/\000H\000e\000l\000m\000h\000o\000l\000t\000z\000\051\000\040\000a\000n\000d\000\040\000c\000o\000r\000e\000\040\000m\000a\000t\000c\000h\000i\000n\000g\000\040\000\050\000f\000i\000x\000i\000n\000g\000\040\000t\000h\000e\000\040\0004\000\051}{section.4}% 25
\BOOKMARK [3][]{section*.10}{\376\377\000A\000s\000s\000u\000m\000p\000t\000i\000o\000n\000s\000\040\000\050\000e\000x\000p\000l\000i\000c\000i\000t\000\051\000.}{subsection.4.2}% 26
\BOOKMARK [4][]{section*.11}{\376\377\000M\000e\000d\000i\000a\000t\000o\000r\000\040\000e\000q\000u\000a\000t\000i\000o\000n\000\040\000o\000u\000t\000s\000i\000d\000e\000\040\000t\000h\000e\000\040\000c\000o\000r\000e\000\040\000\050\000f\000r\000o\000m\000\040\000t\000h\000e\000\040\000q\000u\000a\000d\000r\000a\000t\000i\000c\000\040\000E\000F\000T\000\051\000.}{section*.10}% 27
\BOOKMARK [4][]{section*.12}{\376\377\000I\000s\000o\000t\000r\000o\000p\000i\000c\000\040\000m\000o\000n\000o\000p\000o\000l\000e\000\040\000t\000a\000i\000l\000\040\000\050\000u\000n\000s\000c\000r\000e\000e\000n\000e\000d\000\051\000.}{section*.10}% 28
\BOOKMARK [4][]{section*.13}{\376\377\000C\000o\000r\000e\000\040\000m\000a\000t\000c\000h\000i\000n\000g\000:\000\040\000f\000i\000x\000i\000n\000g\000\040\000p\000\040\000b\000y\000\040\000a\000\040\000m\000o\000m\000e\000n\000t\000u\000m\000-\000f\000l\000u\000x\000\040\000s\000t\000r\000e\000s\000s\000\040\000s\000c\000a\000l\000e\000.}{section*.10}% 29
\BOOKMARK [4][]{section*.14}{\376\377\000E\000f\000f\000e\000c\000t\000i\000v\000e\000\040\000e\000x\000c\000l\000u\000d\000e\000d\000\040\000v\000o\000l\000u\000m\000e\000\040\000f\000r\000o\000m\000\040\000i\000s\000o\000t\000r\000o\000p\000i\000c\000\040\000s\000t\000r\000e\000s\000s\000\040\000n\000o\000r\000m\000a\000l\000i\000z\000a\000t\000i\000o\000n\000.}{section*.10}% 30
\BOOKMARK [4][]{section*.15}{\376\377\000T\000w\000o\000-\000b\000o\000d\000y\000\040\000s\000i\000g\000n\000\040\000a\000n\000d\000\040\000m\000a\000g\000n\000i\000t\000u\000d\000e\000.}{section*.10}% 31
\BOOKMARK [4][]{section*.16}{\376\377\000S\000c\000r\000e\000e\000n\000e\000d\000\040\000\050\000Y\000u\000k\000a\000w\000a\000\051\000\040\000v\000a\000r\000i\000a\000n\000t\000.}{section*.10}% 32
\BOOKMARK [4][]{section*.17}{\376\377\000O\000r\000i\000g\000i\000n\000\040\000o\000f\000\040\000t\000h\000e\000\040\0004\000\040\000\050\000s\000u\000m\000m\000a\000r\000y\000\051\000.}{section*.10}% 33
\BOOKMARK [4][]{section*.18}{\376\377\000S\000i\000g\000n\000\040\000a\000n\000d\000\040\000`\000`\000c\000h\000a\000r\000g\000e\000'\000'\000\040\000a\000s\000s\000i\000g\000n\000m\000e\000n\000t\000.}{section*.10}% 34
\BOOKMARK [2][]{subsection.4.3}{\376\377\000P\000l\000a\000n\000c\000k\000'\000s\000\040\000c\000o\000n\000s\000t\000a\000n\000t\000\040\000a\000s\000\040\000a\000\040\000d\000e\000r\000i\000v\000e\000d\000\040\000q\000u\000a\000n\000t\000i\000t\000y\000\040\000\050\000n\000o\000\040\000p\000o\000s\000t\000u\000l\000a\000t\000e\000\051}{section.4}% 35
\BOOKMARK [3][]{section*.19}{\376\377\000N\000u\000m\000e\000r\000i\000c\000a\000l\000\040\000v\000a\000l\000u\000e\000.}{subsection.4.3}% 36
\BOOKMARK [2][]{subsection.4.4}{\376\377\000A\000c\000t\000i\000o\000n\000\040\000f\000r\000o\000m\000\040\000c\000i\000r\000c\000u\000l\000a\000t\000i\000o\000n\000:\000\040\000t\000h\000e\000\040\000s\000t\000r\000u\000c\000t\000u\000r\000a\000l\000\040\000i\000d\000e\000n\000t\000i\000t\000y}{section.4}% 37
\BOOKMARK [2][]{subsection.4.5}{\376\377\000Q\000u\000a\000d\000r\000a\000t\000i\000c\000\040\000E\000F\000T\000\040\000f\000o\000r\000\040\000t\000h\000e\000\040\000p\000r\000e\000s\000s\000u\000r\000e\000/\000f\000o\000l\000i\000a\000t\000i\000o\000n\000\040\000m\000e\000d\000i\000a\000t\000o\000r\000\040\000\050\000d\000e\000r\000i\000v\000i\000n\000g\000\040\000H\000e\000l\000m\000h\000o\000l\000t\000z\000/\000Y\000u\000k\000a\000w\000a\000\051}{section.4}% 38
\BOOKMARK [3][]{section*.20}{\376\377\000F\000i\000e\000l\000d\000\040\000c\000o\000n\000t\000e\000n\000t\000\040\000a\000n\000d\000\040\000c\000a\000l\000i\000b\000r\000a\000t\000i\000o\000n\000.}{subsection.4.5}% 39
\BOOKMARK [4][]{section*.21}{\376\377\000M\000i\000n\000i\000m\000a\000l\000\040\000q\000u\000a\000d\000r\000a\000t\000i\000c\000\040\000a\000c\000t\000i\000o\000n\000.}{section*.20}% 40
\BOOKMARK [4][]{section*.22}{\376\377\000E\000q\000u\000a\000t\000i\000o\000n\000\040\000o\000f\000\040\000m\000o\000t\000i\000o\000n\000\040\000a\000n\000d\000\040\000t\000h\000e\000\040\000s\000t\000a\000t\000i\000c\000\040\000l\000i\000m\000i\000t\000.}{section*.20}% 41
\BOOKMARK [4][]{section*.23}{\376\377\000U\000n\000s\000c\000r\000e\000e\000n\000e\000d\000\040\000l\000i\000m\000i\000t\000.}{section*.20}% 42
\BOOKMARK [4][]{section*.24}{\376\377\000W\000h\000y\000\040\000t\000h\000i\000s\000\040\000m\000a\000t\000t\000e\000r\000s\000\040\000f\000o\000r\000\040\000t\000h\000e\000\040\000`\000`\000e\000c\000h\000o\000'\000'\000\040\000c\000h\000a\000n\000n\000e\000l\000.}{section*.20}% 43
\BOOKMARK [4][]{section*.25}{\376\377\0001\0000\000-\000y\000e\000a\000r\000-\000o\000l\000d\000\040\000a\000n\000a\000l\000o\000g\000y\000\040\000\050\000b\000r\000i\000e\000f\000\051\000.}{section*.20}% 44
\BOOKMARK [1][]{section.5}{\376\377\000C\000o\000n\000s\000i\000s\000t\000e\000n\000c\000y\000\040\000a\000n\000c\000h\000o\000r\000s\000\040\000\050\000n\000u\000m\000e\000r\000i\000c\000a\000l\000\040\000c\000h\000e\000c\000k\000s\000\040\000a\000n\000d\000\040\000S\000I\000\040\000b\000o\000o\000k\000k\000e\000e\000p\000i\000n\000g\000\051}{}% 45
\BOOKMARK [2][]{subsection.5.1}{\376\377\000K\000i\000n\000e\000m\000a\000t\000i\000c\000\040\000a\000n\000d\000\040\000p\000r\000e\000s\000s\000u\000r\000e\000\040\000s\000c\000a\000l\000e\000s}{section.5}% 46
\BOOKMARK [2][]{subsection.5.2}{\376\377\000C\000l\000o\000s\000e\000d\000\040\000c\000h\000a\000i\000n\000\040\000s\000u\000m\000m\000a\000r\000y}{section.5}% 47
\BOOKMARK [2][]{subsection.5.3}{\376\377\000A\000n\000c\000h\000o\000r\000\040\000t\000a\000b\000l\000e}{section.5}% 48
\BOOKMARK [2][]{subsection.5.4}{\376\377\000H\000y\000d\000r\000o\000g\000e\000n\000\040\000g\000r\000o\000u\000n\000d\000\040\000s\000t\000a\000t\000e\000\040\000e\000n\000e\000r\000g\000y\000\040\000\050\000e\000x\000t\000e\000r\000n\000a\000l\000\040\000c\000o\000m\000p\000a\000r\000i\000s\000o\000n\000;\000\040\000n\000o\000t\000\040\000a\000n\000\040\000S\000S\000T\000\040\000i\000n\000p\000u\000t\000\051}{section.5}% 49
\BOOKMARK [3][]{section*.26}{\376\377\0001\0000\000-\000y\000e\000a\000r\000-\000o\000l\000d\000\040\000a\000n\000a\000l\000o\000g\000y\000\040\000\050\000b\000r\000i\000e\000f\000\051\000.}{subsection.5.4}% 50
\BOOKMARK [1][]{section.6}{\376\377\000P\000r\000e\000d\000i\000c\000t\000i\000o\000n\000s\000\040\000a\000n\000d\000\040\000e\000x\000p\000e\000r\000i\000m\000e\000n\000t\000a\000l\000\040\000t\000e\000s\000t\000s}{}% 51
\BOOKMARK [2][]{subsection.6.1}{\376\377\000L\000o\000w\000-\000t\000e\000m\000p\000e\000r\000a\000t\000u\000r\000e\000\040\000h\000e\000a\000t\000\040\000c\000a\000p\000a\000c\000i\000t\000y\000\040\000s\000c\000a\000l\000i\000n\000g}{section.6}% 52
\BOOKMARK [2][]{subsection.6.2}{\376\377\000A\000\040\000d\000i\000r\000e\000c\000t\000\040\000f\000a\000l\000s\000i\000f\000i\000e\000r\000\040\000o\000f\000\040\000t\000h\000e\000\040\000m\000o\000n\000o\000p\000o\000l\000e\000\040\000p\000r\000e\000s\000s\000u\000r\000e\000-\000m\000e\000d\000i\000a\000t\000o\000r\000\040\000h\000y\000p\000o\000t\000h\000e\000s\000i\000s}{section.6}% 53
\BOOKMARK [2][]{subsection.6.3}{\376\377\000A\000c\000c\000e\000l\000e\000r\000a\000t\000i\000o\000n\000-\000i\000n\000d\000u\000c\000e\000d\000\040\000e\000c\000h\000o\000\040\000c\000h\000a\000n\000n\000e\000l\000\040\000\050\000U\000n\000r\000u\000h\000-\000a\000n\000a\000l\000o\000g\000\051}{section.6}% 54
\BOOKMARK [1][]{section.7}{\376\377\000S\000p\000e\000c\000u\000l\000a\000t\000i\000v\000e\000\040\000e\000x\000t\000e\000n\000s\000i\000o\000n\000:\000\040\000G\000o\000l\000d\000e\000n\000-\000l\000a\000y\000e\000r\000\040\000s\000e\000l\000e\000c\000t\000i\000o\000n}{}% 55
\BOOKMARK [1][]{section.8}{\376\377\000D\000i\000s\000c\000u\000s\000s\000i\000o\000n\000\040\000a\000n\000d\000\040\000p\000a\000p\000e\000r\000\040\000m\000a\000p}{}% 56
\BOOKMARK [1][]{appendix.A}{\376\377\000I\000s\000o\000t\000r\000o\000p\000i\000c\000\040\000s\000t\000r\000e\000s\000s\000\040\000n\000o\000r\000m\000a\000l\000i\000z\000a\000t\000i\000o\000n\000\040\000a\000n\000d\000\040\000t\000h\000e\000\040\000f\000a\000c\000t\000o\000r\000\040\0003\000\040\000i\000n\000\040\000V\000e\000f\000f}{}% 57
\BOOKMARK [2][]{subsection.A.1}{\376\377\000P\000r\000e\000s\000s\000u\000r\000e\000\040\000a\000s\000\040\000t\000h\000e\000\040\000t\000r\000a\000c\000e\000\040\000o\000f\000\040\000t\000h\000e\000\040\000m\000o\000m\000e\000n\000t\000u\000m\000-\000f\000l\000u\000x\000\040\000t\000e\000n\000s\000o\000r}{appendix.A}% 58
\BOOKMARK [2][]{subsection.A.2}{\376\377\000W\000o\000r\000k\000\040\000o\000f\000\040\000i\000n\000s\000e\000r\000t\000i\000n\000g\000\040\000a\000n\000\040\000e\000x\000c\000l\000u\000d\000e\000d\000\040\000c\000o\000r\000e\000:\000\040\000w\000h\000y\000\040\000t\000h\000e\000\040\000t\000r\000a\000c\000e\000\040\000c\000o\000n\000t\000r\000i\000b\000u\000t\000e\000s}{appendix.A}% 59
\BOOKMARK [2][]{subsection.A.3}{\376\377\000R\000e\000s\000u\000l\000t\000:\000\040\000V\000e\000f\000f\000=\0003\000V\000c\000o\000r\000e}{appendix.A}% 60
\BOOKMARK [2][]{subsection.A.4}{\376\377\000S\000c\000o\000p\000e\000\040\000a\000n\000d\000\040\000l\000i\000m\000i\000t\000a\000t\000i\000o\000n}{appendix.A}% 61
\BOOKMARK [1][]{appendix.B}{\376\377\000M\000o\000n\000o\000p\000o\000l\000e\000\040\000s\000o\000l\000u\000t\000i\000o\000n\000\040\000f\000o\000r\000\040\000p\000:\000\040\000G\000r\000e\000e\000n\000'\000s\000\040\000f\000u\000n\000c\000t\000i\000o\000n\000\040\000d\000e\000r\000i\000v\000a\000t\000i\000o\000n\000\040\000a\000n\000d\000\040\000s\000c\000r\000e\000e\000n\000e\000d\000\040\000v\000a\000r\000i\000a\000n\000t}{}% 62
\BOOKMARK [2][]{subsection.B.1}{\376\377\000L\000a\000p\000l\000a\000c\000e\000\040\000e\000q\000u\000a\000t\000i\000o\000n\000\040\000a\000n\000d\000\040\000u\000n\000i\000q\000u\000e\000n\000e\000s\000s\000\040\000o\000f\000\040\000t\000h\000e\000\040\0001\000/\000r\000\040\000f\000a\000r\000\040\000f\000i\000e\000l\000d}{appendix.B}% 63
\BOOKMARK [2][]{subsection.B.2}{\376\377\000E\000q\000u\000i\000v\000a\000l\000e\000n\000t\000\040\000s\000o\000u\000r\000c\000e\000\040\000f\000o\000r\000m\000u\000l\000a\000t\000i\000o\000n\000\040\000w\000i\000t\000h\000\040\000a\000\040\000m\000o\000n\000o\000p\000o\000l\000e\000\040\000s\000t\000r\000e\000n\000g\000t\000h}{appendix.B}% 64
\BOOKMARK [2][]{subsection.B.3}{\376\377\000S\000c\000r\000e\000e\000n\000e\000d\000\040\000m\000e\000d\000i\000a\000t\000o\000r\000:\000\040\000Y\000u\000k\000a\000w\000a\000\040\000t\000a\000i\000l\000\040\000a\000n\000d\000\040\000a\000\040\000f\000a\000l\000s\000i\000f\000i\000a\000b\000l\000e\000\040\000l\000e\000n\000g\000t\000h\000\040\000s\000c\000a\000l\000e}{appendix.B}% 65
\BOOKMARK [3][]{section*.27}{\376\377\000F\000a\000l\000s\000i\000f\000i\000e\000r\000\040\000\050\000o\000p\000e\000r\000a\000t\000i\000o\000n\000a\000l\000\051\000.}{subsection.B.3}% 66
\BOOKMARK [1][]{appendix.C}{\376\377\000S\000t\000r\000e\000s\000s\000\040\000t\000e\000n\000s\000o\000r\000\040\000o\000f\000\040\000t\000h\000e\000\040\000m\000e\000d\000i\000a\000t\000o\000r\000\040\000f\000i\000e\000l\000d\000\040\000a\000n\000d\000\040\000f\000a\000r\000-\000f\000i\000e\000l\000d\000\040\000m\000o\000m\000e\000n\000t\000u\000m\000\040\000f\000l\000u\000x}{}% 67
\BOOKMARK [2][]{subsection.C.1}{\376\377\000S\000t\000r\000e\000s\000s\000-\000e\000n\000e\000r\000g\000y\000\040\000t\000e\000n\000s\000o\000r}{appendix.C}% 68
\BOOKMARK [2][]{subsection.C.2}{\376\377\000E\000n\000e\000r\000g\000y\000\040\000d\000e\000n\000s\000i\000t\000y\000\040\000a\000n\000d\000\040\000f\000l\000u\000x}{appendix.C}% 69
\BOOKMARK [2][]{subsection.C.3}{\376\377\000I\000m\000p\000l\000i\000c\000a\000t\000i\000o\000n\000\040\000f\000o\000r\000\040\000e\000c\000h\000o\000\040\000p\000h\000e\000n\000o\000m\000e\000n\000o\000l\000o\000g\000y}{appendix.C}% 70
