\BOOKMARK [0][-]{section*.3}{\376\377\000S\000w\000i\000r\000l\000\040\000S\000t\000r\000i\000n\000g\000\040\000T\000h\000e\000o\000r\000y\000\040\000\050\000S\000S\000T\000\051\000\040\000C\000a\000n\000o\000n\000\040\000v\0000\000.\0005\000.\0009}{}% 3
\BOOKMARK [1][-]{section*.1}{\376\377\000A\000b\000s\000t\000r\000a\000c\000t}{section*.2}% 1
\BOOKMARK [2][-]{section*.2}{\376\377\000C\000o\000r\000e\000\040\000A\000x\000i\000o\000m\000s\000\040\000\050\000S\000S\000T\000\051}{section*.1}% 2
\BOOKMARK [1][-]{section*.4}{\376\377\000P\000r\000e\000f\000a\000c\000e\000:\000\040\000R\000e\000a\000d\000e\000r\000\040\000P\000a\000t\000h\000w\000a\000y\000s}{section*.3}% 4
\BOOKMARK [1][-]{section*.5}{\376\377\000S\000e\000v\000e\000n\000f\000o\000l\000d\000\040\000G\000e\000n\000e\000s\000i\000s\000\040\000o\000f\000\040\000t\000h\000e\000\040\000S\000w\000i\000r\000l\000i\000n\000g\000\040\000C\000o\000s\000m\000o\000s}{section*.3}% 5
\BOOKMARK [2][-]{section*.6}{\376\377\000S\000t\000a\000g\000e\000\040\0001\000:\000\040\000L\000o\000g\000i\000c\000a\000l\000\040\000S\000u\000b\000s\000t\000r\000a\000t\000e\000\040\000\050\000P\000r\000e\000-\000S\000w\000i\000r\000l\000\040\000P\000o\000t\000e\000n\000t\000i\000a\000l\000\051}{section*.5}% 6
\BOOKMARK [2][-]{section*.7}{\376\377\000S\000t\000a\000g\000e\000\040\0002\000:\000\040\000B\000i\000g\000\040\000C\000o\000n\000d\000e\000n\000s\000a\000t\000i\000o\000n\000\040\000\050\000F\000i\000r\000s\000t\000\040\000M\000a\000n\000i\000f\000e\000s\000t\000a\000t\000i\000o\000n\000\051}{section*.5}% 7
\BOOKMARK [2][-]{section*.8}{\376\377\000S\000t\000a\000g\000e\000\040\0003\000:\000\040\000T\000a\000n\000g\000i\000b\000l\000e\000\040\000C\000h\000i\000r\000a\000l\000i\000t\000y\000\040\000a\000n\000d\000\040\000S\000w\000i\000r\000l\000-\000T\000i\000m\000e}{section*.5}% 8
\BOOKMARK [2][-]{section*.9}{\376\377\000S\000t\000a\000g\000e\000\040\0004\000:\000\040\000T\000o\000p\000o\000l\000o\000g\000i\000c\000a\000l\000\040\000C\000h\000a\000r\000g\000e\000s\000\040\000a\000n\000d\000\040\000P\000a\000r\000t\000i\000c\000l\000e\000\040\000S\000p\000e\000c\000t\000r\000u\000m}{section*.5}% 9
\BOOKMARK [2][-]{section*.10}{\376\377\000S\000t\000a\000g\000e\000\040\0005\000:\000\040\000E\000m\000e\000r\000g\000e\000n\000t\000\040\000I\000n\000t\000e\000r\000a\000c\000t\000i\000o\000n\000s\000\040\000\050\000G\000a\000u\000g\000e\000\040\000a\000n\000d\000\040\000F\000o\000r\000c\000e\000s\000\051}{section*.5}% 10
\BOOKMARK [2][-]{section*.11}{\376\377\000S\000t\000a\000g\000e\000\040\0006\000:\000\040\000G\000e\000o\000m\000e\000t\000r\000i\000c\000\040\000C\000l\000o\000s\000u\000r\000e\000\040\000a\000n\000d\000\040\000C\000o\000n\000s\000t\000a\000n\000t\000\040\000L\000o\000c\000k\000-\000I\000n}{section*.5}% 11
\BOOKMARK [2][-]{section*.12}{\376\377\000S\000t\000a\000g\000e\000\040\0007\000:\000\040\000R\000e\000c\000u\000r\000s\000i\000v\000e\000\040\000C\000o\000s\000m\000o\000s\000\040\000\050\000F\000r\000a\000c\000t\000a\000l\000\040\000E\000m\000e\000r\000g\000e\000n\000c\000e\000\051}{section*.5}% 12
\BOOKMARK [1][-]{section*.13}{\376\377\000C\000a\000n\000o\000n\000\040\000G\000o\000v\000e\000r\000n\000a\000n\000c\000e\000\040\000a\000n\000d\000\040\000S\000t\000a\000t\000u\000s\000\040\000T\000a\000x\000o\000n\000o\000m\000y}{section*.3}% 13
\BOOKMARK [2][-]{section*.17}{\376\377\000S\000t\000a\000t\000u\000s\000\040\000C\000l\000a\000s\000s\000e\000s}{section*.13}% 14
\BOOKMARK [2][-]{section*.18}{\376\377\000C\000a\000n\000o\000n\000i\000c\000a\000l\000i\000t\000y\000\040\000T\000e\000s\000t\000s\000\040\000\050\000a\000l\000l\000\040\000r\000e\000q\000u\000i\000r\000e\000d\000\051}{section*.13}% 15
\BOOKMARK [1][-]{section*.19}{\376\377\000C\000o\000r\000e\000\040\000A\000x\000i\000o\000m\000s\000\040\000\050\000S\000S\000T\000\051}{section*.3}% 16
\BOOKMARK [1][-]{section*.20}{\376\377\000F\000o\000r\000m\000a\000l\000\040\000S\000t\000r\000u\000c\000t\000u\000r\000e\000\040\000a\000n\000d\000\040\000C\000a\000n\000o\000n\000i\000c\000a\000l\000\040\000F\000r\000a\000m\000e\000w\000o\000r\000k}{section*.3}% 17
\BOOKMARK [1][-]{section*.21}{\376\377\000C\000a\000l\000i\000b\000r\000a\000t\000i\000o\000n\000s\000\040\000\046\000\040\000P\000r\000o\000t\000o\000c\000o\000l\000s\000\040\000\050\000E\000m\000p\000i\000r\000i\000c\000a\000l\000\051}{section*.3}% 18
\BOOKMARK [1][-]{section*.22}{\376\377\000C\000l\000a\000s\000s\000i\000c\000a\000l\000\040\000I\000n\000v\000a\000r\000i\000a\000n\000t\000s\000:\000\040\000C\000h\000r\000o\000n\000o\000s\040\023\000K\000e\000l\000v\000i\000n\000\040\000a\000n\000d\000\040\000C\000l\000o\000c\000k\040\023\000R\000a\000d\000i\000u\000s\000\040\000T\000r\000a\000n\000s\000p\000o\000r\000t}{section*.3}% 19
\BOOKMARK [1][-]{section*.23}{\376\377\000C\000l\000a\000s\000s\000i\000c\000a\000l\000\040\000I\000n\000v\000a\000r\000i\000a\000n\000t\000s\000\040\000a\000n\000d\000\040\000S\000w\000i\000r\000l\000\040\000Q\000u\000a\000n\000t\000i\000z\000a\000t\000i\000o\000n}{section*.3}% 20
\BOOKMARK [2][-]{section*.24}{\376\377\000S\000w\000i\000r\000l\000\040\000Q\000u\000a\000n\000t\000i\000z\000a\000t\000i\000o\000n\000\040\000P\000r\000i\000n\000c\000i\000p\000l\000e}{section*.23}% 21
\BOOKMARK [1][-]{section*.25}{\376\377\000C\000a\000n\000o\000n\000i\000c\000a\000l\000\040\000C\000o\000n\000s\000t\000a\000n\000t\000s\000\040\000a\000n\000d\000\040\000E\000f\000f\000e\000c\000t\000i\000v\000e\000\040\000D\000e\000n\000s\000i\000t\000i\000e\000s}{section*.3}% 22
\BOOKMARK [2][-]{section*.26}{\376\377\000S\000w\000i\000r\000l\000\040\000C\000l\000o\000c\000k\000\040\000L\000a\000w\000\040\000a\000n\000d\000\040\000P\000s\000e\000u\000d\000o\000-\000M\000e\000t\000r\000i\000c}{section*.25}% 23
\BOOKMARK [1][-]{section*.27}{\376\377\000E\000f\000f\000e\000c\000t\000i\000v\000e\000\040\000M\000e\000d\000i\000u\000m\000:\000\040\000C\000o\000a\000r\000s\000e\000-\000G\000r\000a\000i\000n\000i\000n\000g\000\040\000D\000e\000r\000i\000v\000a\000t\000i\000o\000n\000\040\000o\000f\000\040\000f}{section*.3}% 24
\BOOKMARK [1][-]{section*.28}{\376\377\000T\000h\000e\000\040\000S\000w\000i\000r\000l\040\023\000E\000l\000e\000c\000t\000r\000o\000m\000a\000g\000n\000e\000t\000i\000c\000\040\000B\000r\000i\000d\000g\000e}{section*.3}% 25
\BOOKMARK [1][-]{section*.29}{\376\377\000S\000w\000i\000r\000l\040\023\000E\000M\000\040\000E\000m\000e\000r\000g\000e\000n\000c\000e}{section*.3}% 26
\BOOKMARK [1][-]{section*.30}{\376\377\000U\000n\000i\000f\000i\000e\000d\000\040\000S\000S\000T\000\040\000L\000a\000g\000r\000a\000n\000g\000i\000a\000n}{section*.3}% 27
\BOOKMARK [1][-]{section*.31}{\376\377\000M\000a\000s\000t\000e\000r\000\040\000E\000q\000u\000a\000t\000i\000o\000n\000s\000\040\000a\000n\000d\000\040\000C\000a\000n\000o\000n\000i\000c\000a\000l\000\040\000R\000e\000l\000a\000t\000i\000o\000n\000s}{section*.3}% 28
\BOOKMARK [2][-]{section*.32}{\376\377\000S\000w\000i\000r\000l\000\040\000C\000o\000u\000l\000o\000m\000b\000\040\000P\000o\000t\000e\000n\000t\000i\000a\000l\000\040\000\050\000H\000y\000d\000r\000o\000g\000e\000n\000i\000c\000\051\000:}{section*.31}% 29
\BOOKMARK [2][-]{section*.33}{\376\377\000S\000w\000i\000r\000l\000\040\000P\000r\000e\000s\000s\000u\000r\000e\000\040\000L\000a\000w\000\040\000\050\000E\000u\000l\000e\000r\000\040\000r\000a\000d\000i\000a\000l\000\040\000b\000a\000l\000a\000n\000c\000e\000\051\000:}{section*.31}% 30
\BOOKMARK [2][-]{section*.34}{\376\377\000S\000w\000i\000r\000l\000\040\000C\000l\000o\000c\000k\000\040\000\050\000L\000o\000c\000a\000l\000\040\000T\000i\000m\000e\000\040\000D\000i\000l\000a\000t\000i\000o\000n\000\051\000:}{section*.31}% 31
\BOOKMARK [2][-]{section*.35}{\376\377\000S\000w\000i\000r\000l\000\040\000H\000a\000m\000i\000l\000t\000o\000n\000i\000a\000n\000\040\000D\000e\000n\000s\000i\000t\000y\000:}{section*.31}% 32
\BOOKMARK [2][-]{section*.36}{\376\377\000S\000w\000i\000r\000l\040\023\000G\000r\000a\000v\000i\000t\000y\000\040\000C\000o\000u\000p\000l\000i\000n\000g\000:}{section*.31}% 33
\BOOKMARK [2][-]{section*.37}{\376\377\000T\000o\000p\000o\000l\000o\000g\000y\040\023\000D\000r\000i\000v\000e\000n\000\040\000M\000a\000s\000s\000\040\000L\000a\000w\000:}{section*.31}% 34
\BOOKMARK [1][-]{section*.38}{\376\377\000M\000a\000s\000t\000e\000r\000\040\000E\000q\000u\000a\000t\000i\000o\000n\000s\000:\000\040\000H\000y\000d\000r\000o\000g\000e\000n\000\040\000S\000o\000f\000t\000-\000C\000o\000r\000e\000\040\000+\000\040\000B\000o\000h\000r\000\040\000R\000e\000c\000o\000v\000e\000r\000y}{section*.3}% 35
\BOOKMARK [1][-]{section*.39}{\376\377\000E\000m\000e\000r\000g\000e\000n\000t\000\040\000G\000a\000u\000g\000e\000\040\000F\000i\000e\000l\000d\000s\000\040\000a\000n\000d\000\040\000T\000o\000p\000o\000l\000o\000g\000y}{section*.3}% 36
\BOOKMARK [2][-]{section*.40}{\376\377\000E\000l\000e\000c\000t\000r\000o\000w\000e\000a\000k\000\040\000M\000i\000x\000i\000n\000g\000\040\000a\000n\000d\000\040\000S\000y\000m\000m\000e\000t\000r\000y\000\040\000B\000r\000e\000a\000k\000i\000n\000g}{section*.39}% 37
\BOOKMARK [1][-]{section*.41}{\376\377\000S\000w\000i\000r\000l\000\040\000P\000r\000e\000s\000s\000u\000r\000e\000\040\000L\000a\000w\000\040\000\050\000E\000u\000l\000e\000r\000\040\000C\000o\000r\000o\000l\000l\000a\000r\000y\000\051}{section*.3}% 38
\BOOKMARK [1][-]{section*.42}{\376\377\000G\000a\000u\000g\000e\000/\000E\000W\000S\000B\000\040\000S\000e\000c\000t\000o\000r\000:\000\040\000E\000m\000p\000i\000r\000i\000c\000a\000l\000-\000F\000i\000r\000s\000t\000\040\000B\000o\000x\000\040\000+\000\040\000T\000h\000e\000o\000r\000y}{section*.3}% 39
\BOOKMARK [1][-]{section*.43}{\376\377\000S\000w\000i\000r\000l\000\040\000G\000r\000a\000v\000i\000t\000a\000t\000i\000o\000n\000\040\000a\000n\000d\000\040\000t\000h\000e\000\040\000H\000y\000d\000r\000o\000g\000e\000n\000-\000G\000r\000a\000v\000i\000t\000y\000\040\000M\000e\000c\000h\000a\000n\000i\000s\000m}{section*.3}% 40
\BOOKMARK [1][-]{section*.44}{\376\377\000Q\000u\000a\000n\000t\000u\000m\000\040\000M\000e\000a\000s\000u\000r\000e\000m\000e\000n\000t\000:\000\040\000K\000e\000r\000n\000e\000l\000\040\000L\000a\000w\000\040\000+\000\040\000N\000e\000a\000r\000-\000F\000i\000e\000l\000d\000\040\000C\000o\000r\000o\000l\000l\000a\000r\000y\000\040\000+\000\040\000B\000o\000u\000n\000d\000s}{section*.3}% 41
\BOOKMARK [1][-]{section*.45}{\376\377\000H\000y\000d\000r\000o\000g\000e\000n\040\023\000G\000r\000a\000v\000i\000t\000y\000\040\000C\000o\000n\000s\000t\000r\000u\000c\000t\000i\000o\000n}{section*.3}% 42
\BOOKMARK [1][-]{section*.46}{\376\377\000W\000a\000v\000e\040\023\000P\000a\000r\000t\000i\000c\000l\000e\000\040\000D\000u\000a\000l\000i\000t\000y\000\040\000a\000n\000d\000\040\000Q\000u\000a\000n\000t\000u\000m\000\040\000M\000e\000a\000s\000u\000r\000e\000m\000e\000n\000t}{section*.3}% 43
\BOOKMARK [1][-]{section*.47}{\376\377\000C\000o\000r\000o\000l\000l\000a\000r\000y\000:\000\040\000C\000o\000h\000e\000r\000e\000n\000c\000e\000-\000M\000o\000d\000u\000l\000a\000t\000e\000d\000\040\000D\000u\000a\000l\000i\000t\000y\000\040\000E\000l\000l\000i\000p\000s\000e\000\040\000\050\000S\000S\000T\000\051}{section*.3}% 44
\BOOKMARK [2][-]{section*.51}{\376\377\000L\000a\000g\000r\000a\000n\000g\000i\000a\000n\000\040\000i\000n\000s\000e\000r\000t\000i\000o\000n\000\040\000a\000n\000d\000\040\000f\000i\000e\000l\000d\000\040\000e\000q\000u\000a\000t\000i\000o\000n\000s}{section*.47}% 45
\BOOKMARK [2][-]{section*.53}{\376\377\000C\000l\000o\000c\000k\000\040\000c\000o\000u\000p\000l\000i\000n\000g\000\040\000a\000n\000d\000\040\000l\000i\000m\000i\000t\000s}{section*.47}% 46
\BOOKMARK [2][-]{section*.56}{\376\377\000C\000a\000l\000i\000b\000r\000a\000t\000i\000o\000n\000\040\000\050\000n\000u\000m\000e\000r\000i\000c\000a\000l\000,\000\040\000v\0000\000.\0005\000.\0008\000\040\000c\000o\000n\000s\000t\000a\000n\000t\000s\000\051}{section*.47}% 47
\BOOKMARK [2][-]{section*.57}{\376\377\000N\000o\000t\000e\000s\000\040\000o\000n\000\040\000p\000r\000o\000v\000e\000n\000a\000n\000c\000e\000\040\000\050\000n\000o\000n\000-\000o\000r\000i\000g\000i\000n\000a\000l\000\040\000e\000l\000e\000m\000e\000n\000t\000s\000\051}{section*.47}% 48
\BOOKMARK [1][-]{section*.58}{\376\377\000E\000x\000a\000c\000t\000\040\000S\000S\000T\000\040\000D\000e\000f\000i\000n\000i\000t\000i\000o\000n\000\040\000o\000f\000\040\000t\000h\000e\000\040\000C\000o\000s\000m\000o\000l\000o\000g\000i\000c\000a\000l\000\040\000T\000e\000r\000m}{section*.3}% 49
\BOOKMARK [1][-]{section*.75}{\376\377\000T\000h\000r\000e\000e\000-\000S\000w\000i\000r\000l\000\040\000C\000i\000r\000c\000u\000l\000a\000t\000i\000o\000n\000\040\000L\000a\000w\000\040\000a\000n\000d\000\040\000E\000m\000e\000r\000g\000e\000n\000t\000\040\000C\000o\000s\000m\000o\000l\000o\000g\000i\000c\000a\000l\000\040\000T\000e\000r\000m}{section*.3}% 50
\BOOKMARK [1][-]{section*.81}{\376\377\000A\000p\000p\000e\000n\000d\000i\000x\000:\000\040\000D\000e\000r\000i\000v\000a\000t\000i\000o\000n\000s\000\040\000a\000n\000d\000\040\000N\000u\000m\000e\000r\000i\000c\000a\000l\000\040\000B\000e\000n\000c\000h\000m\000a\000r\000k\000s}{section*.3}% 51
\BOOKMARK [2][-]{section*.82}{\376\377\000C\000a\000u\000c\000h\000y\000\040\000I\000n\000t\000e\000g\000r\000a\000l\000\040\000a\000n\000d\000\040\000R\000e\000s\000i\000d\000u\000e\000\040\000C\000o\000m\000p\000u\000t\000a\000t\000i\000o\000n}{section*.81}% 52
\BOOKMARK [2][-]{section*.83}{\376\377\000M\000u\000l\000t\000i\000p\000o\000l\000e\000\040\000E\000x\000p\000a\000n\000s\000i\000o\000n}{section*.81}% 53
\BOOKMARK [2][-]{section*.84}{\376\377\000N\000u\000m\000e\000r\000i\000c\000a\000l\000\040\000V\000e\000r\000i\000f\000i\000c\000a\000t\000i\000o\000n}{section*.81}% 54
\BOOKMARK [2][-]{section*.85}{\376\377\000S\000w\000i\000r\000l\000-\000C\000l\000o\000c\000k\000\040\000M\000a\000p\000s\000\040\000a\000n\000d\000\040\000E\000n\000e\000r\000g\000y\000\040\000P\000r\000o\000x\000y}{section*.81}% 55
\BOOKMARK [1][-]{section*.86}{\376\377\000S\000y\000s\000t\000e\000m\000a\000t\000i\000c\000\040\000D\000i\000m\000e\000n\000s\000i\000o\000n\000a\000l\000\040\000\046\000\040\000R\000e\000c\000o\000v\000e\000r\000y\000\040\000C\000h\000e\000c\000k\000s}{section*.3}% 56
\BOOKMARK [1][-]{section*.87}{\376\377\000C\000a\000n\000o\000n\000i\000c\000a\000l\000\040\000S\000t\000a\000t\000u\000s\000\040\000a\000n\000d\000\040\000O\000u\000t\000l\000o\000o\000k}{section*.3}% 57
\BOOKMARK [1][-]{section*.88}{\376\377\000D\000e\000r\000i\000v\000a\000t\000i\000o\000n\000\040\000o\000f\000\040\000C\000h\000r\000o\000n\000o\000s\040\023\000K\000e\000l\000v\000i\000n\000\040\000I\000n\000v\000a\000r\000i\000a\000n\000t\000\040\000\050\000A\000x\000i\000o\000m\000\040\0001\000\051}{section*.3}% 58
\BOOKMARK [1][-]{section*.89}{\376\377\000S\000w\000i\000r\000l\000\040\000C\000o\000u\000l\000o\000m\000b\000\040\000P\000o\000t\000e\000n\000t\000i\000a\000l\000\040\000D\000e\000r\000i\000v\000a\000t\000i\000o\000n}{section*.3}% 59
\BOOKMARK [1][-]{section*.90}{\376\377\000E\000f\000f\000e\000c\000t\000i\000v\000e\000\040\000D\000e\000n\000s\000i\000t\000y\000\040\000f\000\040\000D\000e\000r\000i\000v\000a\000t\000i\000o\000n}{section*.3}% 60
\BOOKMARK [1][-]{section*.91}{\376\377\000E\000l\000e\000c\000t\000r\000o\000m\000a\000g\000n\000e\000t\000i\000c\000\040\000E\000m\000e\000r\000g\000e\000n\000c\000e\000\040\000v\000i\000a\000\040\000a\000\050\000x\000,\000t\000\051}{section*.3}% 61
\BOOKMARK [1][-]{section*.92}{\376\377\000T\000r\000a\000c\000e\000a\000b\000i\000l\000i\000t\000y\000\040\000a\000n\000d\000\040\000C\000o\000n\000s\000i\000s\000t\000e\000n\000c\000y\000\040\000T\000a\000b\000l\000e}{section*.3}% 62
\BOOKMARK [1][-]{section*.93}{\376\377\000G\000l\000o\000s\000s\000a\000r\000y\000\040\000o\000f\000\040\000N\000o\000t\000a\000t\000i\000o\000n\000\040\000a\000n\000d\000\040\000K\000n\000o\000t\000\040\000T\000a\000x\000o\000n\000o\000m\000y}{section*.3}% 63
\BOOKMARK [1][-]{section*.94}{\376\377\000S\000w\000i\000r\000l\000\040\000H\000a\000m\000i\000l\000t\000o\000n\000i\000a\000n\000\040\000D\000e\000n\000s\000i\000t\000y}{section*.3}% 64
\BOOKMARK [1][-]{section*.97}{\376\377\000D\000i\000m\000e\000n\000s\000i\000o\000n\000a\000l\000\040\000A\000n\000a\000l\000y\000s\000e\000s\000\040\000\046\000\040\000R\000e\000c\000o\000v\000e\000r\000y\000\040\000L\000i\000m\000i\000t\000s}{section*.3}% 65
\BOOKMARK [1][-]{section*.99}{\376\377\000D\000e\000r\000i\000v\000a\000t\000i\000o\000n\000\040\000o\000f\000\040\000f}{section*.3}% 66
\BOOKMARK [1][-]{section*.100}{\376\377\000H\000y\000d\000r\000o\000g\000e\000n\000\040\000S\000o\000f\000t\000-\000C\000o\000r\000e\000\040\000N\000u\000m\000e\000r\000i\000c\000s}{section*.3}% 67
\BOOKMARK [1][-]{section*.101}{\376\377\000P\000h\000o\000t\000o\000n\000/\000U\000n\000k\000n\000o\000t\000\040\000S\000e\000c\000t\000o\000r}{section*.3}% 68
\BOOKMARK [1][-]{section*.102}{\376\377\000S\000w\000i\000r\000l\000\040\000P\000r\000e\000s\000s\000u\000r\000e\000\040\000L\000a\000w\040\024\000G\000a\000l\000a\000x\000y\000-\000S\000c\000a\000l\000e\000\040\000I\000n\000t\000e\000g\000r\000a\000l\000s}{section*.3}% 69
\BOOKMARK [1][-]{section*.103}{\376\377\000C\000a\000l\000i\000b\000r\000a\000t\000i\000o\000n\000\040\000P\000r\000o\000t\000o\000c\000o\000l\000\040\000N\000o\000t\000e\000s}{section*.3}% 70
\BOOKMARK [1][-]{section*.104}{\376\377\000E\000x\000p\000e\000r\000i\000m\000e\000n\000t\000a\000l\000\040\000S\000t\000a\000t\000u\000s\000\040\000\046\000\040\000B\000o\000u\000n\000d\000s}{section*.3}% 71
\BOOKMARK [1][-]{section*.105}{\376\377\000N\000o\000t\000a\000t\000i\000o\000n\000,\000\040\000O\000n\000t\000o\000l\000o\000g\000y\000,\000\040\000G\000l\000o\000s\000s\000a\000r\000y}{section*.3}% 72
