This is pdfTeX, Version 3.141592653-2.6-1.40.29 (MiKTeX 26.2) (preloaded format=pdflatex 2026.3.31)  21 APR 2026 17:24
entering extended mode
 restricted \write18 enabled.
 file:line:error style messages enabled.
 %&-line parsing enabled.
**C:/workspace/projects/SwirlStringTheory/papers/SST-CANON/SST_CANON-v0.8.1.tex

(C:/workspace/projects/SwirlStringTheory/papers/SST-CANON/SST_CANON-v0.8.1.tex
LaTeX2e <2025-11-01>
L3 programming layer <2025-11-06>
(C:\Users\oscar\MikTex\tex/latex/base\article.cls
Document Class: article 2025/01/22 v1.4n Standard LaTeX document class
(C:\Users\oscar\MikTex\tex/latex/base\size11.clo
File: size11.clo 2025/01/22 v1.4n Standard LaTeX file (size option)
)
\c@part=\count275
\c@section=\count276
\c@subsection=\count277
\c@subsubsection=\count278
\c@paragraph=\count279
\c@subparagraph=\count280
\c@figure=\count281
\c@table=\count282
\abovecaptionskip=\skip49
\belowcaptionskip=\skip50
\bibindent=\dimen148
)
(C:\Users\oscar\MikTex\tex/latex/amsmath\amsmath.sty
Package: amsmath 2025/07/09 v2.17z AMS math features
\@mathmargin=\skip51

For additional information on amsmath, use the `?' option.
(C:\Users\oscar\MikTex\tex/latex/amsmath\amstext.sty
Package: amstext 2024/11/17 v2.01 AMS text

(C:\Users\oscar\MikTex\tex/latex/amsmath\amsgen.sty
File: amsgen.sty 1999/11/30 v2.0 generic functions
\@emptytoks=\toks17
\ex@=\dimen149
))
(C:\Users\oscar\MikTex\tex/latex/amsmath\amsbsy.sty
Package: amsbsy 1999/11/29 v1.2d Bold Symbols
\pmbraise@=\dimen150
)
(C:\Users\oscar\MikTex\tex/latex/amsmath\amsopn.sty
Package: amsopn 2022/04/08 v2.04 operator names
)
\inf@bad=\count283
LaTeX Info: Redefining \frac on input line 233.
\uproot@=\count284
\leftroot@=\count285
LaTeX Info: Redefining \overline on input line 398.
LaTeX Info: Redefining \colon on input line 409.
\classnum@=\count286
\DOTSCASE@=\count287
LaTeX Info: Redefining \ldots on input line 495.
LaTeX Info: Redefining \dots on input line 498.
LaTeX Info: Redefining \cdots on input line 619.
\Mathstrutbox@=\box53
\strutbox@=\box54
LaTeX Info: Redefining \big on input line 721.
LaTeX Info: Redefining \Big on input line 722.
LaTeX Info: Redefining \bigg on input line 723.
LaTeX Info: Redefining \Bigg on input line 724.
\big@size=\dimen151
LaTeX Font Info:    Redeclaring font encoding OML on input line 742.
LaTeX Font Info:    Redeclaring font encoding OMS on input line 743.
\macc@depth=\count288
LaTeX Info: Redefining \bmod on input line 904.
LaTeX Info: Redefining \pmod on input line 909.
LaTeX Info: Redefining \smash on input line 939.
LaTeX Info: Redefining \relbar on input line 969.
LaTeX Info: Redefining \Relbar on input line 970.
\c@MaxMatrixCols=\count289
\dotsspace@=\muskip17
\c@parentequation=\count290
\dspbrk@lvl=\count291
\tag@help=\toks18
\row@=\count292
\column@=\count293
\maxfields@=\count294
\andhelp@=\toks19
\eqnshift@=\dimen152
\alignsep@=\dimen153
\tagshift@=\dimen154
\tagwidth@=\dimen155
\totwidth@=\dimen156
\lineht@=\dimen157
\@envbody=\toks20
\multlinegap=\skip52
\multlinetaggap=\skip53
\mathdisplay@stack=\toks21
LaTeX Info: Redefining \[ on input line 2950.
LaTeX Info: Redefining \] on input line 2951.
)
(C:\Users\oscar\MikTex\tex/latex/amsfonts\amssymb.sty
Package: amssymb 2013/01/14 v3.01 AMS font symbols

(C:\Users\oscar\MikTex\tex/latex/amsfonts\amsfonts.sty
Package: amsfonts 2013/01/14 v3.01 Basic AMSFonts support
\symAMSa=\mathgroup4
\symAMSb=\mathgroup5
LaTeX Font Info:    Redeclaring math symbol \hbar on input line 98.
LaTeX Font Info:    Overwriting math alphabet `\mathfrak' in version `bold'
(Font)                  U/euf/m/n --> U/euf/b/n on input line 106.
))
(C:\Users\oscar\MikTex\tex/latex/tools\bm.sty
Package: bm 2025/10/21 v1.2g Bold Symbol Support (DPC/FMi)
\symboldoperators=\mathgroup6
\symboldletters=\mathgroup7
\symboldsymbols=\mathgroup8
Package bm Info: No bold for \OMX/cmex/m/n, using \pmb.
Package bm Info: No bold for \U/msa/m/n, using \pmb.
Package bm Info: No bold for \U/msb/m/n, using \pmb.
LaTeX Font Info:    Redeclaring math alphabet \mathbf on input line 149.
)
(C:\Users\oscar\MikTex\tex/latex/amscls\amsthm.sty
Package: amsthm 2020/05/29 v2.20.6
\thm@style=\toks22
\thm@bodyfont=\toks23
\thm@headfont=\toks24
\thm@notefont=\toks25
\thm@headpunct=\toks26
\thm@preskip=\skip54
\thm@postskip=\skip55
\thm@headsep=\skip56
\dth@everypar=\toks27
)
(C:\Users\oscar\MikTex\tex/latex/siunitx\siunitx.sty
Package: siunitx 2026-03-26 v3.5.1 A comprehensive (SI) units package
\l__siunitx_number_uncert_offset_int=\count295
\l__siunitx_number_exponent_fixed_int=\count296
\l__siunitx_number_min_decimal_int=\count297
\l__siunitx_number_min_integer_int=\count298
\l__siunitx_number_round_precision_int=\count299
\l__siunitx_number_lower_threshold_int=\count300
\l__siunitx_number_upper_threshold_int=\count301
\l__siunitx_number_group_first_int=\count302
\l__siunitx_number_group_size_int=\count303
\l__siunitx_number_group_min_int=\count304
\l__siunitx_number_group_minimum_int=\count305
\l__siunitx_compound_count_int=\count306

(C:\Users\oscar\MikTex\tex/latex/translations\translations.sty
Package: translations 2022/02/05 v1.12 internationalization of LaTeX2e packages
 (CN)

(C:\Users\oscar\MikTex\tex/latex/etoolbox\etoolbox.sty
Package: etoolbox 2025/10/02 v2.5m e-TeX tools for LaTeX (JAW)
\etb@tempcnta=\count307
)
(C:\Users\oscar\MikTex\tex/generic/pdftexcmds\pdftexcmds.sty
Package: pdftexcmds 2020-06-27 v0.33 Utility functions of pdfTeX for LuaTeX (HO
)

(C:\Users\oscar\MikTex\tex/generic/infwarerr\infwarerr.sty
Package: infwarerr 2019/12/03 v1.5 Providing info/warning/error messages (HO)
)
(C:\Users\oscar\MikTex\tex/generic/iftex\iftex.sty
Package: iftex 2024/12/12 v1.0g TeX engine tests
)
(C:\Users\oscar\MikTex\tex/generic/ltxcmds\ltxcmds.sty
Package: ltxcmds 2023-12-04 v1.26 LaTeX kernel commands for general use (HO)
)
Package pdftexcmds Info: \pdf@primitive is available.
Package pdftexcmds Info: \pdf@ifprimitive is available.
Package pdftexcmds Info: \pdfdraftmode found.
))
\l__siunitx_table_tmp_box=\box55
\l__siunitx_table_tmp_dim=\dimen158
\l__siunitx_table_column_width_dim=\dimen159
\l__siunitx_table_integer_box=\box56
\l__siunitx_table_decimal_box=\box57
\l__siunitx_table_uncert_box=\box58
\l__siunitx_table_before_box=\box59
\l__siunitx_table_after_box=\box60
\l__siunitx_table_before_dim=\dimen160
\l__siunitx_table_carry_dim=\dimen161
\l__siunitx_unit_tmp_int=\count308
\l__siunitx_unit_position_int=\count309
\l__siunitx_unit_total_int=\count310
\l__siunitx_sexagesimal_tmp_dim=\dimen162
\l__siunitx_sexagesimal_marker_box=\box61
\l__siunitx_sexagesimal_unit_box=\box62

(C:\Users\oscar\MikTex\tex/latex/tools\array.sty
Package: array 2025/09/25 v2.6n Tabular extension package (FMi)
\col@sep=\dimen163
\ar@mcellbox=\box63
\extrarowheight=\dimen164
\NC@list=\toks28
\extratabsurround=\skip57
\backup@length=\skip58
\ar@cellbox=\box64
))
(C:\Users\oscar\MikTex\tex/latex/geometry\geometry.sty
Package: geometry 2026/03/07 v6.0 Page Geometry

(C:\Users\oscar\MikTex\tex/latex/graphics\keyval.sty
Package: keyval 2022/05/29 v1.15 key=value parser (DPC)
\KV@toks@=\toks29
)
(C:\Users\oscar\MikTex\tex/generic/iftex\ifvtex.sty
Package: ifvtex 2019/10/25 v1.7 ifvtex legacy package. Use iftex instead.
)
\Gm@cnth=\count311
\Gm@cntv=\count312
\c@Gm@tempcnt=\count313
\Gm@bindingoffset=\dimen165
\Gm@wd@mp=\dimen166
\Gm@odd@mp=\dimen167
\Gm@even@mp=\dimen168
\Gm@layoutwidth=\dimen169
\Gm@layoutheight=\dimen170
\Gm@layouthoffset=\dimen171
\Gm@layoutvoffset=\dimen172
\Gm@dimlist=\toks30

(C:\Users\oscar\MikTex\tex/latex/geometry\geometry.cfg))
(C:\Users\oscar\MikTex\tex/latex/textpos\textpos.sty
Package: textpos 2022/07/23 v1.10.1
Package textpos Info: choosing support for LaTeX3 on input line 60.
\TP@textbox=\box65
\TP@holdbox=\box66
\TPHorizModule=\dimen173
\TPVertModule=\dimen174
\TP@margin=\dimen175
\TP@absmargin=\dimen176

Grid set 16 x 16 = 37.34424pt x 52.81541pt
\TPboxrulesize=\dimen177
\TP@ox=\dimen178
\TP@oy=\dimen179
\TP@tbargs=\toks31
TextBlockOrigin set to 0pt x 0pt
) (C:\Users\oscar\MikTex\tex/latex/base\fontenc.sty
Package: fontenc 2025/07/18 v2.1d Standard LaTeX package
)
(C:\Users\oscar\MikTex\tex/latex/base\inputenc.sty
Package: inputenc 2024/02/08 v1.3d Input encoding file
\inpenc@prehook=\toks32
\inpenc@posthook=\toks33
)
(C:\Users\oscar\MikTex\tex/latex/graphics\graphicx.sty
Package: graphicx 2024/12/31 v1.2e Enhanced LaTeX Graphics (DPC,SPQR)

(C:\Users\oscar\MikTex\tex/latex/graphics\graphics.sty
Package: graphics 2024/08/06 v1.4g Standard LaTeX Graphics (DPC,SPQR)

(C:\Users\oscar\MikTex\tex/latex/graphics\trig.sty
Package: trig 2023/12/02 v1.11 sin cos tan (DPC)
)
(C:\Users\oscar\MikTex\tex/latex/graphics-cfg\graphics.cfg
File: graphics.cfg 2016/06/04 v1.11 sample graphics configuration
)
Package graphics Info: Driver file: pdftex.def on input line 106.

(C:\Users\oscar\MikTex\tex/latex/graphics-def\pdftex.def
File: pdftex.def 2025/09/29 v1.2d Graphics/color driver for pdftex
))
\Gin@req@height=\dimen180
\Gin@req@width=\dimen181
)
(C:\Users\oscar\MikTex\tex/latex/physics\physics.sty
Package: physics 

(C:\Users\oscar\MikTex\tex/latex/l3packages/xparse\xparse.sty
(C:\Users\oscar\MikTex\tex/latex/l3kernel\expl3.sty
Package: expl3 2025-11-06 L3 programming layer (loader) 

(C:\Users\oscar\MikTex\tex/latex/l3backend\l3backend-pdftex.def
File: l3backend-pdftex.def 2025-10-09 L3 backend support: PDF output (pdfTeX)
\l__color_backend_stack_int=\count314
))
Package: xparse 2025-10-09 L3 Experimental document command parser
))
(C:\Users\oscar\MikTex\tex/latex/mathtools\mathtools.sty
Package: mathtools 2024/10/04 v1.31 mathematical typesetting tools

(C:\Users\oscar\MikTex\tex/latex/tools\calc.sty
Package: calc 2025/03/01 v4.3b Infix arithmetic (KKT,FJ)
\calc@Acount=\count315
\calc@Bcount=\count316
\calc@Adimen=\dimen182
\calc@Bdimen=\dimen183
\calc@Askip=\skip59
\calc@Bskip=\skip60
LaTeX Info: Redefining \setlength on input line 86.
LaTeX Info: Redefining \addtolength on input line 87.
\calc@Ccount=\count317
\calc@Cskip=\skip61
)
(C:\Users\oscar\MikTex\tex/latex/mathtools\mhsetup.sty
Package: mhsetup 2021/03/18 v1.4 programming setup (MH)
)
\g_MT_multlinerow_int=\count318
\l_MT_multwidth_dim=\dimen184
\origjot=\skip62
\l_MT_shortvdotswithinadjustabove_dim=\dimen185
\l_MT_shortvdotswithinadjustbelow_dim=\dimen186
\l_MT_above_intertext_sep=\dimen187
\l_MT_below_intertext_sep=\dimen188
\l_MT_above_shortintertext_sep=\dimen189
\l_MT_below_shortintertext_sep=\dimen190
\xmathstrut@box=\box67
\xmathstrut@dim=\dimen191
)
(C:\Users\oscar\MikTex\tex/latex/import\import.sty
Package: import 2020/04/01  v 6.2
)
(C:\Users\oscar\MikTex\tex/latex/subfiles\subfiles.sty
Package: subfiles 2020/11/14 v2.2 Multi-file projects (package)
)
(C:\Users\oscar\MikTex\tex/latex/lm\lmodern.sty
Package: lmodern 2015/05/01 v1.6.1 Latin Modern Fonts
LaTeX Font Info:    Overwriting symbol font `operators' in version `normal'
(Font)                  OT1/cmr/m/n --> OT1/lmr/m/n on input line 22.
LaTeX Font Info:    Overwriting symbol font `letters' in version `normal'
(Font)                  OML/cmm/m/it --> OML/lmm/m/it on input line 23.
LaTeX Font Info:    Overwriting symbol font `symbols' in version `normal'
(Font)                  OMS/cmsy/m/n --> OMS/lmsy/m/n on input line 24.
LaTeX Font Info:    Overwriting symbol font `largesymbols' in version `normal'
(Font)                  OMX/cmex/m/n --> OMX/lmex/m/n on input line 25.
LaTeX Font Info:    Overwriting symbol font `operators' in version `bold'
(Font)                  OT1/cmr/bx/n --> OT1/lmr/bx/n on input line 26.
LaTeX Font Info:    Overwriting symbol font `letters' in version `bold'
(Font)                  OML/cmm/b/it --> OML/lmm/b/it on input line 27.
LaTeX Font Info:    Overwriting symbol font `symbols' in version `bold'
(Font)                  OMS/cmsy/b/n --> OMS/lmsy/b/n on input line 28.
LaTeX Font Info:    Overwriting symbol font `largesymbols' in version `bold'
(Font)                  OMX/cmex/m/n --> OMX/lmex/m/n on input line 29.
LaTeX Font Info:    Overwriting math alphabet `\mathbf' in version `normal'
(Font)                  OT1/cmr/bx/n --> OT1/lmr/bx/n on input line 31.
LaTeX Font Info:    Overwriting math alphabet `\mathsf' in version `normal'
(Font)                  OT1/cmss/m/n --> OT1/lmss/m/n on input line 32.
LaTeX Font Info:    Overwriting math alphabet `\mathit' in version `normal'
(Font)                  OT1/cmr/m/it --> OT1/lmr/m/it on input line 33.
LaTeX Font Info:    Overwriting math alphabet `\mathtt' in version `normal'
(Font)                  OT1/cmtt/m/n --> OT1/lmtt/m/n on input line 34.
LaTeX Font Info:    Overwriting math alphabet `\mathbf' in version `bold'
(Font)                  OT1/cmr/bx/n --> OT1/lmr/bx/n on input line 35.
LaTeX Font Info:    Overwriting math alphabet `\mathsf' in version `bold'
(Font)                  OT1/cmss/bx/n --> OT1/lmss/bx/n on input line 36.
LaTeX Font Info:    Overwriting math alphabet `\mathit' in version `bold'
(Font)                  OT1/cmr/bx/it --> OT1/lmr/bx/it on input line 37.
LaTeX Font Info:    Overwriting math alphabet `\mathtt' in version `bold'
(Font)                  OT1/cmtt/m/n --> OT1/lmtt/m/n on input line 38.
)
(C:\Users\oscar\MikTex\tex/latex/booktabs\booktabs.sty
Package: booktabs 2020/01/12 v1.61803398 Publication quality tables
\heavyrulewidth=\dimen192
\lightrulewidth=\dimen193
\cmidrulewidth=\dimen194
\belowrulesep=\dimen195
\belowbottomsep=\dimen196
\aboverulesep=\dimen197
\abovetopsep=\dimen198
\cmidrulesep=\dimen199
\cmidrulekern=\dimen256
\defaultaddspace=\dimen257
\@cmidla=\count319
\@cmidlb=\count320
\@aboverulesep=\dimen258
\@belowrulesep=\dimen259
\@thisruleclass=\count321
\@lastruleclass=\count322
\@thisrulewidth=\dimen260
)
(C:\Users\oscar\MikTex\tex/latex/pgf/frontendlayer\tikz.sty
(C:\Users\oscar\MikTex\tex/latex/pgf/basiclayer\pgf.sty
(C:\Users\oscar\MikTex\tex/latex/pgf/utilities\pgfrcs.sty
(C:\Users\oscar\MikTex\tex/generic/pgf/utilities\pgfutil-common.tex
\pgfutil@everybye=\toks34
\pgfutil@tempdima=\dimen261
\pgfutil@tempdimb=\dimen262
)
(C:\Users\oscar\MikTex\tex/generic/pgf/utilities\pgfutil-latex.def
\pgfutil@abb=\box68
)
(C:\Users\oscar\MikTex\tex/generic/pgf/utilities\pgfrcs.code.tex
(C:\Users\oscar\MikTex\tex/generic/pgf\pgf.revision.tex)
Package: pgfrcs 2025-08-29 v3.1.11a (3.1.11a)
))
Package: pgf 2025-08-29 v3.1.11a (3.1.11a)

(C:\Users\oscar\MikTex\tex/latex/pgf/basiclayer\pgfcore.sty
(C:\Users\oscar\MikTex\tex/latex/pgf/systemlayer\pgfsys.sty
(C:\Users\oscar\MikTex\tex/generic/pgf/systemlayer\pgfsys.code.tex
Package: pgfsys 2025-08-29 v3.1.11a (3.1.11a)

(C:\Users\oscar\MikTex\tex/generic/pgf/utilities\pgfkeys.code.tex
\pgfkeys@pathtoks=\toks35
\pgfkeys@temptoks=\toks36

(C:\Users\oscar\MikTex\tex/generic/pgf/utilities\pgfkeyslibraryfiltered.code.te
x
\pgfkeys@tmptoks=\toks37
))
\pgf@x=\dimen263
\pgf@y=\dimen264
\pgf@xa=\dimen265
\pgf@ya=\dimen266
\pgf@xb=\dimen267
\pgf@yb=\dimen268
\pgf@xc=\dimen269
\pgf@yc=\dimen270
\pgf@xd=\dimen271
\pgf@yd=\dimen272
\w@pgf@writea=\write3
\r@pgf@reada=\read2
\c@pgf@counta=\count323
\c@pgf@countb=\count324
\c@pgf@countc=\count325
\c@pgf@countd=\count326
\t@pgf@toka=\toks38
\t@pgf@tokb=\toks39
\t@pgf@tokc=\toks40
\pgf@sys@id@count=\count327
 (C:\Users\oscar\MikTex\tex/generic/pgf/systemlayer\pgf.cfg
File: pgf.cfg 2025-08-29 v3.1.11a (3.1.11a)
)
Driver file for pgf: pgfsys-pdftex.def

(C:\Users\oscar\MikTex\tex/generic/pgf/systemlayer\pgfsys-pdftex.def
File: pgfsys-pdftex.def 2025-08-29 v3.1.11a (3.1.11a)

(C:\Users\oscar\MikTex\tex/generic/pgf/systemlayer\pgfsys-common-pdf.def
File: pgfsys-common-pdf.def 2025-08-29 v3.1.11a (3.1.11a)
)))
(C:\Users\oscar\MikTex\tex/generic/pgf/systemlayer\pgfsyssoftpath.code.tex
File: pgfsyssoftpath.code.tex 2025-08-29 v3.1.11a (3.1.11a)
\pgfsyssoftpath@smallbuffer@items=\count328
\pgfsyssoftpath@bigbuffer@items=\count329
)
(C:\Users\oscar\MikTex\tex/generic/pgf/systemlayer\pgfsysprotocol.code.tex
File: pgfsysprotocol.code.tex 2025-08-29 v3.1.11a (3.1.11a)
))
(C:\Users\oscar\MikTex\tex/latex/xcolor\xcolor.sty
Package: xcolor 2024/09/29 v3.02 LaTeX color extensions (UK)

(C:\Users\oscar\MikTex\tex/latex/graphics-cfg\color.cfg
File: color.cfg 2016/01/02 v1.6 sample color configuration
)
Package xcolor Info: Driver file: pdftex.def on input line 274.

(C:\Users\oscar\MikTex\tex/latex/graphics\mathcolor.ltx)
Package xcolor Info: Model `cmy' substituted by `cmy0' on input line 1349.
Package xcolor Info: Model `hsb' substituted by `rgb' on input line 1353.
Package xcolor Info: Model `RGB' extended on input line 1365.
Package xcolor Info: Model `HTML' substituted by `rgb' on input line 1367.
Package xcolor Info: Model `Hsb' substituted by `hsb' on input line 1368.
Package xcolor Info: Model `tHsb' substituted by `hsb' on input line 1369.
Package xcolor Info: Model `HSB' substituted by `hsb' on input line 1370.
Package xcolor Info: Model `Gray' substituted by `gray' on input line 1371.
Package xcolor Info: Model `wave' substituted by `hsb' on input line 1372.
)
(C:\Users\oscar\MikTex\tex/generic/pgf/basiclayer\pgfcore.code.tex
Package: pgfcore 2025-08-29 v3.1.11a (3.1.11a)

(C:\Users\oscar\MikTex\tex/generic/pgf/math\pgfmath.code.tex
(C:\Users\oscar\MikTex\tex/generic/pgf/math\pgfmathutil.code.tex)
(C:\Users\oscar\MikTex\tex/generic/pgf/math\pgfmathparser.code.tex
\pgfmath@dimen=\dimen273
\pgfmath@count=\count330
\pgfmath@box=\box69
\pgfmath@toks=\toks41
\pgfmath@stack@operand=\toks42
\pgfmath@stack@operation=\toks43
)
(C:\Users\oscar\MikTex\tex/generic/pgf/math\pgfmathfunctions.code.tex)
(C:\Users\oscar\MikTex\tex/generic/pgf/math\pgfmathfunctions.basic.code.tex)
(C:\Users\oscar\MikTex\tex/generic/pgf/math\pgfmathfunctions.trigonometric.code
.tex)
(C:\Users\oscar\MikTex\tex/generic/pgf/math\pgfmathfunctions.random.code.tex)
(C:\Users\oscar\MikTex\tex/generic/pgf/math\pgfmathfunctions.comparison.code.te
x) (C:\Users\oscar\MikTex\tex/generic/pgf/math\pgfmathfunctions.base.code.tex)
(C:\Users\oscar\MikTex\tex/generic/pgf/math\pgfmathfunctions.round.code.tex)
(C:\Users\oscar\MikTex\tex/generic/pgf/math\pgfmathfunctions.misc.code.tex)
(C:\Users\oscar\MikTex\tex/generic/pgf/math\pgfmathfunctions.integerarithmetics
.code.tex) (C:\Users\oscar\MikTex\tex/generic/pgf/math\pgfmathcalc.code.tex)
(C:\Users\oscar\MikTex\tex/generic/pgf/math\pgfmathfloat.code.tex
\c@pgfmathroundto@lastzeros=\count331
))
(C:\Users\oscar\MikTex\tex/generic/pgf/math\pgfint.code.tex)
(C:\Users\oscar\MikTex\tex/generic/pgf/basiclayer\pgfcorepoints.code.tex
File: pgfcorepoints.code.tex 2025-08-29 v3.1.11a (3.1.11a)
\pgf@picminx=\dimen274
\pgf@picmaxx=\dimen275
\pgf@picminy=\dimen276
\pgf@picmaxy=\dimen277
\pgf@pathminx=\dimen278
\pgf@pathmaxx=\dimen279
\pgf@pathminy=\dimen280
\pgf@pathmaxy=\dimen281
\pgf@xx=\dimen282
\pgf@xy=\dimen283
\pgf@yx=\dimen284
\pgf@yy=\dimen285
\pgf@zx=\dimen286
\pgf@zy=\dimen287
)
(C:\Users\oscar\MikTex\tex/generic/pgf/basiclayer\pgfcorepathconstruct.code.tex
File: pgfcorepathconstruct.code.tex 2025-08-29 v3.1.11a (3.1.11a)
\pgf@path@lastx=\dimen288
\pgf@path@lasty=\dimen289
) (C:\Users\oscar\MikTex\tex/generic/pgf/basiclayer\pgfcorepathusage.code.tex
File: pgfcorepathusage.code.tex 2025-08-29 v3.1.11a (3.1.11a)
\pgf@shorten@end@additional=\dimen290
\pgf@shorten@start@additional=\dimen291
)
(C:\Users\oscar\MikTex\tex/generic/pgf/basiclayer\pgfcorescopes.code.tex
File: pgfcorescopes.code.tex 2025-08-29 v3.1.11a (3.1.11a)
\pgfpic=\box70
\pgf@hbox=\box71
\pgf@layerbox@main=\box72
\pgf@picture@serial@count=\count332
)
(C:\Users\oscar\MikTex\tex/generic/pgf/basiclayer\pgfcoregraphicstate.code.tex
File: pgfcoregraphicstate.code.tex 2025-08-29 v3.1.11a (3.1.11a)
\pgflinewidth=\dimen292
)
(C:\Users\oscar\MikTex\tex/generic/pgf/basiclayer\pgfcoretransformations.code.t
ex
File: pgfcoretransformations.code.tex 2025-08-29 v3.1.11a (3.1.11a)
\pgf@pt@x=\dimen293
\pgf@pt@y=\dimen294
\pgf@pt@temp=\dimen295
) (C:\Users\oscar\MikTex\tex/generic/pgf/basiclayer\pgfcorequick.code.tex
File: pgfcorequick.code.tex 2025-08-29 v3.1.11a (3.1.11a)
)
(C:\Users\oscar\MikTex\tex/generic/pgf/basiclayer\pgfcoreobjects.code.tex
File: pgfcoreobjects.code.tex 2025-08-29 v3.1.11a (3.1.11a)
)
(C:\Users\oscar\MikTex\tex/generic/pgf/basiclayer\pgfcorepathprocessing.code.te
x
File: pgfcorepathprocessing.code.tex 2025-08-29 v3.1.11a (3.1.11a)
) (C:\Users\oscar\MikTex\tex/generic/pgf/basiclayer\pgfcorearrows.code.tex
File: pgfcorearrows.code.tex 2025-08-29 v3.1.11a (3.1.11a)
\pgfarrowsep=\dimen296
)
(C:\Users\oscar\MikTex\tex/generic/pgf/basiclayer\pgfcoreshade.code.tex
File: pgfcoreshade.code.tex 2025-08-29 v3.1.11a (3.1.11a)
\pgf@max=\dimen297
\pgf@sys@shading@range@num=\count333
\pgf@shadingcount=\count334
)
(C:\Users\oscar\MikTex\tex/generic/pgf/basiclayer\pgfcoreimage.code.tex
File: pgfcoreimage.code.tex 2025-08-29 v3.1.11a (3.1.11a)
)
(C:\Users\oscar\MikTex\tex/generic/pgf/basiclayer\pgfcoreexternal.code.tex
File: pgfcoreexternal.code.tex 2025-08-29 v3.1.11a (3.1.11a)
\pgfexternal@startupbox=\box73
)
(C:\Users\oscar\MikTex\tex/generic/pgf/basiclayer\pgfcorelayers.code.tex
File: pgfcorelayers.code.tex 2025-08-29 v3.1.11a (3.1.11a)
)
(C:\Users\oscar\MikTex\tex/generic/pgf/basiclayer\pgfcoretransparency.code.tex
File: pgfcoretransparency.code.tex 2025-08-29 v3.1.11a (3.1.11a)
) (C:\Users\oscar\MikTex\tex/generic/pgf/basiclayer\pgfcorepatterns.code.tex
File: pgfcorepatterns.code.tex 2025-08-29 v3.1.11a (3.1.11a)
)
(C:\Users\oscar\MikTex\tex/generic/pgf/basiclayer\pgfcorerdf.code.tex
File: pgfcorerdf.code.tex 2025-08-29 v3.1.11a (3.1.11a)
)))
(C:\Users\oscar\MikTex\tex/generic/pgf/modules\pgfmoduleshapes.code.tex
File: pgfmoduleshapes.code.tex 2025-08-29 v3.1.11a (3.1.11a)
\pgfnodeparttextbox=\box74
)
(C:\Users\oscar\MikTex\tex/generic/pgf/modules\pgfmoduleplot.code.tex
File: pgfmoduleplot.code.tex 2025-08-29 v3.1.11a (3.1.11a)
)
(C:\Users\oscar\MikTex\tex/latex/pgf/compatibility\pgfcomp-version-0-65.sty
Package: pgfcomp-version-0-65 2025-08-29 v3.1.11a (3.1.11a)
\pgf@nodesepstart=\dimen298
\pgf@nodesepend=\dimen299
)
(C:\Users\oscar\MikTex\tex/latex/pgf/compatibility\pgfcomp-version-1-18.sty
Package: pgfcomp-version-1-18 2025-08-29 v3.1.11a (3.1.11a)
))
(C:\Users\oscar\MikTex\tex/latex/pgf/utilities\pgffor.sty
(C:\Users\oscar\MikTex\tex/latex/pgf/utilities\pgfkeys.sty
(C:\Users\oscar\MikTex\tex/generic/pgf/utilities\pgfkeys.code.tex))
(C:\Users\oscar\MikTex\tex/latex/pgf/math\pgfmath.sty
(C:\Users\oscar\MikTex\tex/generic/pgf/math\pgfmath.code.tex))
(C:\Users\oscar\MikTex\tex/generic/pgf/utilities\pgffor.code.tex
Package: pgffor 2025-08-29 v3.1.11a (3.1.11a)
\pgffor@iter=\dimen300
\pgffor@skip=\dimen301
\pgffor@stack=\toks44
\pgffor@toks=\toks45
))
(C:\Users\oscar\MikTex\tex/generic/pgf/frontendlayer/tikz\tikz.code.tex
Package: tikz 2025-08-29 v3.1.11a (3.1.11a)

(C:\Users\oscar\MikTex\tex/generic/pgf/libraries\pgflibraryplothandlers.code.te
x
File: pgflibraryplothandlers.code.tex 2025-08-29 v3.1.11a (3.1.11a)
\pgf@plot@mark@count=\count335
\pgfplotmarksize=\dimen302
)
\tikz@lastx=\dimen303
\tikz@lasty=\dimen304
\tikz@lastxsaved=\dimen305
\tikz@lastysaved=\dimen306
\tikz@lastmovetox=\dimen307
\tikz@lastmovetoy=\dimen308
\tikzleveldistance=\dimen309
\tikzsiblingdistance=\dimen310
\tikz@figbox=\box75
\tikz@figbox@bg=\box76
\tikz@tempbox=\box77
\tikz@tempbox@bg=\box78
\tikztreelevel=\count336
\tikznumberofchildren=\count337
\tikznumberofcurrentchild=\count338
\tikz@fig@count=\count339
 (C:\Users\oscar\MikTex\tex/generic/pgf/modules\pgfmodulematrix.code.tex
File: pgfmodulematrix.code.tex 2025-08-29 v3.1.11a (3.1.11a)
\pgfmatrixcurrentrow=\count340
\pgfmatrixcurrentcolumn=\count341
\pgf@matrix@numberofcolumns=\count342
)
\tikz@expandcount=\count343

(C:\Users\oscar\MikTex\tex/generic/pgf/frontendlayer/tikz/libraries\tikzlibrary
topaths.code.tex
File: tikzlibrarytopaths.code.tex 2025-08-29 v3.1.11a (3.1.11a)
)))
(C:\Users\oscar\MikTex\tex/generic/pgf/libraries\pgflibraryarrows.meta.code.tex
File: pgflibraryarrows.meta.code.tex 2025-08-29 v3.1.11a (3.1.11a)
\pgfarrowinset=\dimen311
\pgfarrowlength=\dimen312
\pgfarrowwidth=\dimen313
\pgfarrowlinewidth=\dimen314
)
(C:\Users\oscar\MikTex\tex/generic/pgf/frontendlayer/tikz/libraries\tikzlibrary
positioning.code.tex
File: tikzlibrarypositioning.code.tex 2025-08-29 v3.1.11a (3.1.11a)
)
(C:\Users\oscar\MikTex\tex/generic/pgf/frontendlayer/tikz/libraries\tikzlibrary
calc.code.tex
File: tikzlibrarycalc.code.tex 2025-08-29 v3.1.11a (3.1.11a)
)
(C:\Users\oscar\MikTex\tex/generic/pgf/frontendlayer/tikz/libraries\tikzlibrary
fit.code.tex
File: tikzlibraryfit.code.tex 2025-08-29 v3.1.11a (3.1.11a)
)
(C:\Users\oscar\MikTex\tex/generic/pgf/frontendlayer/tikz/libraries\tikzlibrary
decorations.pathmorphing.code.tex
(C:\Users\oscar\MikTex\tex/generic/pgf/frontendlayer/tikz/libraries\tikzlibrary
decorations.code.tex
(C:\Users\oscar\MikTex\tex/generic/pgf/modules\pgfmoduledecorations.code.tex
\pgfdecoratedcompleteddistance=\dimen315
\pgfdecoratedremainingdistance=\dimen316
\pgfdecoratedinputsegmentcompleteddistance=\dimen317
\pgfdecoratedinputsegmentremainingdistance=\dimen318
\pgf@decorate@distancetomove=\dimen319
\pgf@decorate@repeatstate=\count344
\pgfdecorationsegmentamplitude=\dimen320
\pgfdecorationsegmentlength=\dimen321
)
\tikz@lib@dec@box=\box79
)
(C:\Users\oscar\MikTex\tex/generic/pgf/libraries/decorations\pgflibrarydecorati
ons.pathmorphing.code.tex)) (C:\Users\oscar\MikTex\tex/latex/float\float.sty
Package: float 2001/11/08 v1.3d Float enhancements (AL)
\c@float@type=\count345
\float@exts=\toks46
\float@box=\box80
\@float@everytoks=\toks47
\@floatcapt=\box81
)
\c@definition=\count346
\c@axiom=\count347
\c@theorem=\count348
\c@lemma=\count349
\c@remark=\count350

(C:\Users\oscar\MikTex\tex/latex/tocloft\tocloft.sty
Package: tocloft 2017/08/31 v2.3i parameterised ToC, etc., typesetting
Package tocloft Info: The document has section divisions on input line 51.
\cftparskip=\skip63
\cftbeforetoctitleskip=\skip64
\cftaftertoctitleskip=\skip65
\cftbeforepartskip=\skip66
\cftpartnumwidth=\skip67
\cftpartindent=\skip68
\cftbeforesecskip=\skip69
\cftsecindent=\skip70
\cftsecnumwidth=\skip71
\cftbeforesubsecskip=\skip72
\cftsubsecindent=\skip73
\cftsubsecnumwidth=\skip74
\cftbeforesubsubsecskip=\skip75
\cftsubsubsecindent=\skip76
\cftsubsubsecnumwidth=\skip77
\cftbeforeparaskip=\skip78
\cftparaindent=\skip79
\cftparanumwidth=\skip80
\cftbeforesubparaskip=\skip81
\cftsubparaindent=\skip82
\cftsubparanumwidth=\skip83
\cftbeforeloftitleskip=\skip84
\cftafterloftitleskip=\skip85
\cftbeforefigskip=\skip86
\cftfigindent=\skip87
\cftfignumwidth=\skip88
\c@lofdepth=\count351
\c@lotdepth=\count352
\cftbeforelottitleskip=\skip89
\cftafterlottitleskip=\skip90
\cftbeforetabskip=\skip91
\cfttabindent=\skip92
\cfttabnumwidth=\skip93
)
(C:\Users\oscar\MikTex\tex/latex/hyperref\hyperref.sty
Package: hyperref 2025-07-12 v7.01o Hypertext links for LaTeX

(C:\Users\oscar\MikTex\tex/latex/kvsetkeys\kvsetkeys.sty
Package: kvsetkeys 2022-10-05 v1.19 Key value parser (HO)
)
(C:\Users\oscar\MikTex\tex/generic/kvdefinekeys\kvdefinekeys.sty
Package: kvdefinekeys 2019-12-19 v1.6 Define keys (HO)
)
(C:\Users\oscar\MikTex\tex/generic/pdfescape\pdfescape.sty
Package: pdfescape 2019/12/09 v1.15 Implements pdfTeX's escape features (HO)
)
(C:\Users\oscar\MikTex\tex/latex/hycolor\hycolor.sty
Package: hycolor 2020-01-27 v1.10 Color options for hyperref/bookmark (HO)
)
(C:\Users\oscar\MikTex\tex/latex/hyperref\nameref.sty
Package: nameref 2025-06-21 v2.57 Cross-referencing by name of section

(C:\Users\oscar\MikTex\tex/latex/refcount\refcount.sty
Package: refcount 2019/12/15 v3.6 Data extraction from label references (HO)
)
(C:\Users\oscar\MikTex\tex/generic/gettitlestring\gettitlestring.sty
Package: gettitlestring 2019/12/15 v1.6 Cleanup title references (HO)

(C:\Users\oscar\MikTex\tex/latex/kvoptions\kvoptions.sty
Package: kvoptions 2022-06-15 v3.15 Key value format for package options (HO)
))
\c@section@level=\count353
)
(C:\Users\oscar\MikTex\tex/generic/stringenc\stringenc.sty
Package: stringenc 2019/11/29 v1.12 Convert strings between diff. encodings (HO
)
)
\@linkdim=\dimen322
\Hy@linkcounter=\count354
\Hy@pagecounter=\count355

(C:\Users\oscar\MikTex\tex/latex/hyperref\pd1enc.def
File: pd1enc.def 2025-07-12 v7.01o Hyperref: PDFDocEncoding definition (HO)
Now handling font encoding PD1 ...
... no UTF-8 mapping file for font encoding PD1
)
(C:\Users\oscar\MikTex\tex/generic/intcalc\intcalc.sty
Package: intcalc 2019/12/15 v1.3 Expandable calculations with integers (HO)
)
\Hy@SavedSpaceFactor=\count356

(C:\Users\oscar\MikTex\tex/latex/hyperref\puenc.def
File: puenc.def 2025-07-12 v7.01o Hyperref: PDF Unicode definition (HO)
Now handling font encoding PU ...
... no UTF-8 mapping file for font encoding PU
)
Package hyperref Info: Hyper figures OFF on input line 4195.
Package hyperref Info: Link nesting OFF on input line 4200.
Package hyperref Info: Hyper index ON on input line 4203.
Package hyperref Info: Plain pages OFF on input line 4210.
Package hyperref Info: Backreferencing OFF on input line 4215.
Package hyperref Info: Implicit mode ON; LaTeX internals redefined.
Package hyperref Info: Bookmarks ON on input line 4462.
\c@Hy@tempcnt=\count357

(C:\Users\oscar\MikTex\tex/latex/url\url.sty
\Urlmuskip=\muskip18
Package: url 2013/09/16  ver 3.4  Verb mode for urls, etc.
)
LaTeX Info: Redefining \url on input line 4801.
\XeTeXLinkMargin=\dimen323

(C:\Users\oscar\MikTex\tex/generic/bitset\bitset.sty
Package: bitset 2019/12/09 v1.3 Handle bit-vector datatype (HO)

(C:\Users\oscar\MikTex\tex/generic/bigintcalc\bigintcalc.sty
Package: bigintcalc 2019/12/15 v1.5 Expandable calculations on big integers (HO
)
))
\Fld@menulength=\count358
\Field@Width=\dimen324
\Fld@charsize=\dimen325
Package hyperref Info: Hyper figures OFF on input line 6078.
Package hyperref Info: Link nesting OFF on input line 6083.
Package hyperref Info: Hyper index ON on input line 6086.
Package hyperref Info: backreferencing OFF on input line 6093.
Package hyperref Info: Link coloring OFF on input line 6098.
Package hyperref Info: Link coloring with OCG OFF on input line 6103.
Package hyperref Info: PDF/A mode OFF on input line 6108.
\Hy@abspage=\count359
\c@Item=\count360
\c@Hfootnote=\count361
)
Package hyperref Info: Driver (autodetected): hpdftex.

(C:\Users\oscar\MikTex\tex/latex/hyperref\hpdftex.def
File: hpdftex.def 2025-07-12 v7.01o Hyperref driver for pdfTeX
\Fld@listcount=\count362
\c@bookmark@seq@number=\count363

(C:\Users\oscar\MikTex\tex/latex/rerunfilecheck\rerunfilecheck.sty
Package: rerunfilecheck 2025-06-21 v1.11 Rerun checks for auxiliary files (HO)

(C:\Users\oscar\MikTex\tex/generic/uniquecounter\uniquecounter.sty
Package: uniquecounter 2019/12/15 v1.4 Provide unlimited unique counter (HO)
)
Package uniquecounter Info: New unique counter `rerunfilecheck' on input line 2
84.
)
\Hy@SectionHShift=\skip94
)
Package hyperref Info: Option `colorlinks' set `true' on input line 82.
Package translations Info: No language package found. I am going to use `englis
h' as default language. on input line 104.
LaTeX Font Info:    Trying to load font information for T1+lmr on input line 10
4.

(C:\Users\oscar\MikTex\tex/latex/lm\t1lmr.fd
File: t1lmr.fd 2015/05/01 v1.6.1 Font defs for Latin Modern
) (SST_CANON-v0.8.1.aux)
\openout1 = `SST_CANON-v0.8.1.aux'.

LaTeX Font Info:    Checking defaults for OML/cmm/m/it on input line 104.
LaTeX Font Info:    ... okay on input line 104.
LaTeX Font Info:    Checking defaults for OMS/cmsy/m/n on input line 104.
LaTeX Font Info:    ... okay on input line 104.
LaTeX Font Info:    Checking defaults for OT1/cmr/m/n on input line 104.
LaTeX Font Info:    ... okay on input line 104.
LaTeX Font Info:    Checking defaults for T1/cmr/m/n on input line 104.
LaTeX Font Info:    ... okay on input line 104.
LaTeX Font Info:    Checking defaults for TS1/cmr/m/n on input line 104.
LaTeX Font Info:    ... okay on input line 104.
LaTeX Font Info:    Checking defaults for OMX/cmex/m/n on input line 104.
LaTeX Font Info:    ... okay on input line 104.
LaTeX Font Info:    Checking defaults for U/cmr/m/n on input line 104.
LaTeX Font Info:    ... okay on input line 104.
LaTeX Font Info:    Checking defaults for PD1/pdf/m/n on input line 104.
LaTeX Font Info:    ... okay on input line 104.
LaTeX Font Info:    Checking defaults for PU/pdf/m/n on input line 104.
LaTeX Font Info:    ... okay on input line 104.


Package siunitx Warning: Detected the "physics" package:
(siunitx)                omitting definition of \qty.
(siunitx)                
(siunitx)                If you want to use \qty with the siunitx definition,
(siunitx)                add 
(siunitx)                
(siunitx)                    \AtBeginDocument{\RenewCommandCopy\qty\SI}
(siunitx)                
(siunitx)                to your preamble.


(C:\Users\oscar\MikTex\tex/latex/translations/dicts\translations-basic-dictiona
ry-english.trsl
File: translations-basic-dictionary-english.trsl (english translation file `tra
nslations-basic-dictionary')
)
Package translations Info: loading dictionary `translations-basic-dictionary' f
or `english'. on input line 104.

*geometry* driver: auto-detecting
*geometry* detected driver: pdftex
*geometry* verbose mode - [ preamble ] result:
* driver: pdftex
* paper: a4paper
* layout: <same size as paper>
* layoutoffset:(h,v)=(0.0pt,0.0pt)
* modes: 
* h-part:(L,W,R)=(72.26999pt, 452.9679pt, 72.26999pt)
* v-part:(T,H,B)=(72.26999pt, 700.50687pt, 72.26999pt)
* \paperwidth=597.50787pt
* \paperheight=845.04684pt
* \textwidth=452.9679pt
* \textheight=700.50687pt
* \oddsidemargin=0.0pt
* \evensidemargin=0.0pt
* \topmargin=-37.0pt
* \headheight=12.0pt
* \headsep=25.0pt
* \topskip=11.0pt
* \footskip=30.0pt
* \marginparwidth=59.0pt
* \marginparsep=10.0pt
* \columnsep=10.0pt
* \skip\footins=10.0pt plus 4.0pt minus 2.0pt
* \hoffset=0.0pt
* \voffset=0.0pt
* \mag=1000
* \@twocolumnfalse
* \@twosidefalse
* \@mparswitchfalse
* \@reversemarginfalse
* (1in=72.27pt=25.4mm, 1cm=28.453pt)

(C:\Users\oscar\MikTex\tex/context/base/mkii\supp-pdf.mkii
[Loading MPS to PDF converter (version 2006.09.02).]
\scratchcounter=\count364
\scratchdimen=\dimen326
\scratchbox=\box82
\nofMPsegments=\count365
\nofMParguments=\count366
\everyMPshowfont=\toks48
\MPscratchCnt=\count367
\MPscratchDim=\dimen327
\MPnumerator=\count368
\makeMPintoPDFobject=\count369
\everyMPtoPDFconversion=\toks49
) (C:\Users\oscar\MikTex\tex/latex/epstopdf-pkg\epstopdf-base.sty
Package: epstopdf-base 2020-01-24 v2.11 Base part for package epstopdf
Package epstopdf-base Info: Redefining graphics rule for `.eps' on input line 4
85.

(C:\Users\oscar\MikTex\tex/latex/00miktex\epstopdf-sys.cfg
File: epstopdf-sys.cfg 2021/03/18 v2.0 Configuration of epstopdf for MiKTeX
))
Package hyperref Info: Link coloring ON on input line 104.

(SST_CANON-v0.8.1.out) (SST_CANON-v0.8.1.out)
\@outlinefile=\write4
\openout4 = `SST_CANON-v0.8.1.out'.

LaTeX Font Info:    Trying to load font information for OT1+lmr on input line 1
20.

(C:\Users\oscar\MikTex\tex/latex/lm\ot1lmr.fd
File: ot1lmr.fd 2015/05/01 v1.6.1 Font defs for Latin Modern
)
LaTeX Font Info:    Trying to load font information for OML+lmm on input line 1
20.

(C:\Users\oscar\MikTex\tex/latex/lm\omllmm.fd
File: omllmm.fd 2015/05/01 v1.6.1 Font defs for Latin Modern
)
LaTeX Font Info:    Trying to load font information for OMS+lmsy on input line 
120.

(C:\Users\oscar\MikTex\tex/latex/lm\omslmsy.fd
File: omslmsy.fd 2015/05/01 v1.6.1 Font defs for Latin Modern
)
LaTeX Font Info:    Trying to load font information for OMX+lmex on input line 
120.

(C:\Users\oscar\MikTex\tex/latex/lm\omxlmex.fd
File: omxlmex.fd 2015/05/01 v1.6.1 Font defs for Latin Modern
)
LaTeX Font Info:    External font `lmex10' loaded for size
(Font)              <14.4> on input line 120.
LaTeX Font Info:    External font `lmex10' loaded for size
(Font)              <10> on input line 120.
LaTeX Font Info:    External font `lmex10' loaded for size
(Font)              <7> on input line 120.
LaTeX Font Info:    Trying to load font information for U+msa on input line 120
.

(C:\Users\oscar\MikTex\tex/latex/amsfonts\umsa.fd
File: umsa.fd 2013/01/14 v3.01 AMS symbols A
)
LaTeX Font Info:    Trying to load font information for U+msb on input line 120
.

(C:\Users\oscar\MikTex\tex/latex/amsfonts\umsb.fd
File: umsb.fd 2013/01/14 v3.01 AMS symbols B
)
LaTeX Font Info:    External font `lmex10' loaded for size
(Font)              <5> on input line 152.

Overfull \hbox (39.83452pt too wide) in paragraph at lines 152--157
[][] 
 []

LaTeX Font Info:    External font `lmex10' loaded for size
(Font)              <9> on input line 166.
LaTeX Font Info:    External font `lmex10' loaded for size
(Font)              <6> on input line 166.
LaTeX Font Info:    Trying to load font information for T1+lmtt on input line 1
66.
(C:\Users\oscar\MikTex\tex/latex/lm\t1lmtt.fd
File: t1lmtt.fd 2015/05/01 v1.6.1 Font defs for Latin Modern
) [1

{C:/Users/oscar/AppData/Local/MiKTeX/fonts/map/pdftex/pdftex.map}{C:/Users/osca
r/MikTex/fonts/enc/dvips/lm/lm-ec.enc}] (SST_CANON-v0.8.1.toc)
\tf@toc=\write5
\openout5 = `SST_CANON-v0.8.1.toc'.

 [2]
LaTeX Font Info:    External font `lmex10' loaded for size
(Font)              <10.95> on input line 191.
LaTeX Font Info:    External font `lmex10' loaded for size
(Font)              <8> on input line 191.
 [3{C:/Users/oscar/MikTex/fonts/enc/dvips/lm/lm-mathsy.enc}{C:/Users/oscar/MikT
ex/fonts/enc/dvips/lm/lm-mathit.enc}]
LaTeX Font Info:    Trying to load font information for TS1+lmr on input line 2
39.

(C:\Users\oscar\MikTex\tex/latex/lm\ts1lmr.fd
File: ts1lmr.fd 2015/05/01 v1.6.1 Font defs for Latin Modern
) [4{C:/Users/oscar/MikTex/fonts/enc/dvips/lm/lm-rm.enc}{C:/Users/oscar/MikTex/
fonts/enc/dvips/lm/lm-ts1.enc}{C:/Users/oscar/MikTex/fonts/enc/dvips/lm/lm-math
ex.enc}] [5]

LaTeX Warning: Citation `Batchelor1967' on page 6 undefined on input line 382.


LaTeX Warning: Citation `Saffman1992' on page 6 undefined on input line 382.

[6] [7] [8] [9]

LaTeX Warning: Citation `Gibbons2002' on page 10 undefined on input line 604.


LaTeX Warning: Citation `Gibbons2002' on page 10 undefined on input line 611.


LaTeX Warning: Reference `eq:Fgr' on page 10 undefined on input line 638.

[10]

LaTeX Warning: Reference `eq:omega_spring' on page 11 undefined on input line 6
80.


LaTeX Warning: Reference `sec:delay' on page 11 undefined on input line 680.


LaTeX Warning: Reference `tab:Fmax_triple' on page 11 undefined on input line 6
84.


Underfull \hbox (badness 1009) in paragraph at lines 694--694
[]|\T1/lmr/m/n/10.95 Gravitational ceil-
 []


Underfull \hbox (badness 1248) in paragraph at lines 700--700
[]|\T1/lmr/m/n/10.95 Quarter of max. Coulomb
 []


Overfull \hbox (25.44727pt too wide) in paragraph at lines 690--708
 [][] 
 []

[11] [12]
Overfull \hbox (13.10675pt too wide) detected at line 847
[]
 []

[13] [14] [15]

LaTeX Warning: Reference `eq:Leff_canonical' on page 16 undefined on input line
 1023.

[16]

LaTeX Warning: Reference `eq:asymptotic_linear' on page 17 undefined on input l
ine 1082.


LaTeX Warning: Reference `eq:zeta3_result' on page 17 undefined on input line 1
103.


LaTeX Warning: Reference `eq:locking_relation' on page 17 undefined on input li
ne 1103.


LaTeX Warning: Reference `eq:asymptotic_linear' on page 17 undefined on input l
ine 1106.


LaTeX Warning: Reference `eq:zeta3_result' on page 17 undefined on input line 1
106.


LaTeX Warning: Reference `eq:field_model' on page 17 undefined on input line 11
18.


LaTeX Warning: Reference `eq:zeta3_result' on page 17 undefined on input line 1
128.

[17]

LaTeX Warning: Citation `Moffatt1969' on page 18 undefined on input line 1151.


LaTeX Warning: Citation `Batchelor1967' on page 18 undefined on input line 1151
.


LaTeX Warning: Reference `eq:dark_knot_taxonomy' on page 18 undefined on input 
line 1153.


LaTeX Warning: Reference `eq:dark_knot_taxonomy' on page 18 undefined on input 
line 1163.


LaTeX Warning: Reference `eq:dark_knot_taxonomy' on page 18 undefined on input 
line 1169.

[18]

LaTeX Warning: Reference `eq:rad_lagrangian' on page 19 undefined on input line
 1201.


LaTeX Warning: Reference `eq:div_free_Aeff' on page 19 undefined on input line 
1201.


LaTeX Warning: Reference `eq:vector_wave_Aeff' on page 19 undefined on input li
ne 1227.


LaTeX Warning: Reference `eq:maxwell_like_identities' on page 19 undefined on i
nput line 1227.


LaTeX Warning: Citation `Jackson1999' on page 19 undefined on input line 1227.


LaTeX Warning: Reference `eq:vector_wave_Aeff' on page 19 undefined on input li
ne 1233.


LaTeX Warning: Reference `eq:swirl_pressure_law' on page 19 undefined on input 
line 1247.

[19]

LaTeX Warning: Reference `eq:swirl_pressure_law' on page 20 undefined on input 
line 1261.


LaTeX Warning: Reference `eq:swirl_pressure_law' on page 20 undefined on input 
line 1270.


LaTeX Warning: Reference `eq:swirl_pressure_law' on page 20 undefined on input 
line 1275.


LaTeX Warning: Citation `Batchelor1967' on page 20 undefined on input line 1275
.


LaTeX Warning: Citation `Saffman1992' on page 20 undefined on input line 1275.


LaTeX Warning: Reference `eq:swirl_pressure_law' on page 20 undefined on input 
line 1279.


LaTeX Warning: Reference `sec:time' on page 20 undefined on input line 1297.


LaTeX Warning: Reference `eq:rad_lagrangian' on page 20 undefined on input line
 1297.


LaTeX Warning: Reference `eq:minimal_effective_lagrangian_bridge' on page 20 un
defined on input line 1299.

[20]

LaTeX Warning: Citation `SST_delay_basic' on page 21 undefined on input line 13
40.


LaTeX Warning: Reference `eq:delay_phase' on page 21 undefined on input line 13
50.

[21]

LaTeX Warning: Reference `eq:coulomb' on page 22 undefined on input line 1425.

[22]

LaTeX Warning: Reference `eq:lambda_sst' on page 23 undefined on input line 144
8.


LaTeX Warning: Reference `eq:softcore_potential' on page 23 undefined on input 
line 1451.

[23] [24]

LaTeX Warning: Reference `eq:coupling_bound' on page 25 undefined on input line
 1588.

[25] [26]

LaTeX Warning: Reference `sec:atomic' on page 27 undefined on input line 1670.


LaTeX Warning: Reference `sec:delay' on page 27 undefined on input line 1671.

LaTeX Font Info:    External font `lmex10' loaded for size
(Font)              <12> on input line 1683.
[27]
Overfull \hbox (50.21365pt too wide) detected at line 1815
[][][][]\OML/lmm/m/it/10.95 ;  [];  [];  [];
 []

[28] [29]

LaTeX Warning: Reference `eq:clock_foliation_vector' on page 30 undefined on in
put line 1916.


LaTeX Warning: Citation `Jacobson2008' on page 30 undefined on input line 1918.



LaTeX Warning: Citation `BlasPujolasSibiryakov2011' on page 30 undefined on inp
ut line 1918.

[30]

LaTeX Warning: Reference `eq:clock_sector_action' on page 31 undefined on input
 line 1940.


LaTeX Warning: Reference `eq:poisson_clock' on page 31 undefined on input line 
1963.


LaTeX Warning: Reference `eq:poisson_clock' on page 31 undefined on input line 
1966.


LaTeX Warning: Citation `Monitor2017' on page 31 undefined on input line 1971.


LaTeX Warning: Reference `eq:clock_sector_action' on page 31 undefined on input
 line 1978.


LaTeX Warning: Reference `eq:c13_constraint' on page 31 undefined on input line
 1979.


LaTeX Warning: Reference `sec:unification' on page 31 undefined on input line 1
987.

[31]

LaTeX Warning: Reference `eq:clock_foliation_vector' on page 32 undefined on in
put line 1992.


LaTeX Warning: Reference `eq:clock_sector_action' on page 32 undefined on input
 line 1993.


LaTeX Warning: Reference `eq:poisson_clock' on page 32 undefined on input line 
1994.


LaTeX Warning: Reference `eq:clock_foliation_vector' on page 32 undefined on in
put line 2004.


LaTeX Warning: Reference `eq:poisson_clock' on page 32 undefined on input line 
2004.


LaTeX Warning: Reference `sec:axioms' on page 32 undefined on input line 2025.


LaTeX Warning: Reference `sec:geometry' on page 32 undefined on input line 2026
.

[32]

LaTeX Warning: Reference `sec:time' on page 33 undefined on input line 2045.


LaTeX Warning: Reference `sec:delay' on page 33 undefined on input line 2055.


LaTeX Warning: Reference `sec:embridge' on page 33 undefined on input line 2077
.


LaTeX Warning: Reference `sec:time' on page 33 undefined on input line 2078.

[33]

LaTeX Warning: Reference `sec:atomic' on page 34 undefined on input line 2086.


LaTeX Warning: Reference `sec:spectroscopy' on page 34 undefined on input line 
2100.

[34]

LaTeX Warning: Reference `sec:consistency' on page 35 undefined on input line 2
164.


LaTeX Warning: Reference `sec:embridge' on page 35 undefined on input line 2174
.


LaTeX Warning: Reference `subsec:swirl_pressure_law' on page 35 undefined on in
put line 2175.


LaTeX Warning: Reference `sec:time' on page 35 undefined on input line 2176.


LaTeX Warning: Reference `eq:rt_phase_rate_equation' on page 35 undefined on in
put line 2203.


LaTeX Warning: Citation `Zurek2003' on page 35 undefined on input line 2203.

[35]
LaTeX Font Info:    Trying to load font information for U+euf on input line 221
5.
 (C:\Users\oscar\MikTex\tex/latex/amsfonts\ueuf.fd
File: ueuf.fd 2013/01/14 v3.01 Euler Fraktur
)

LaTeX Warning: Reference `eq:weak_mixing_bridge' on page 36 undefined on input 
line 2226.


LaTeX Warning: Citation `Weinberg1967' on page 36 undefined on input line 2228.



LaTeX Warning: Citation `PDG2024' on page 36 undefined on input line 2228.


LaTeX Warning: Reference `eq:weak_mixing_bridge' on page 36 undefined on input 
line 2230.


Overfull \hbox (17.81146pt too wide) in paragraph at lines 2234--2235
\T1/lmr/m/n/10.95 The present rein-te-gra-tion does \T1/lmr/m/it/10.95 not \T1/
lmr/m/n/10.95 im-port v0.5.12 cos-mogony, en-gi-neer-ing sub-sys-tems, cosmolog
ical-
 []

[36]

LaTeX Warning: Reference `sec:delay' on page 37 undefined on input line 2256.


LaTeX Warning: Reference `sec:time' on page 37 undefined on input line 2256.


LaTeX Warning: Reference `sec:unification' on page 37 undefined on input line 2
256.


Overfull \hbox (87.20459pt too wide) detected at line 2278
[]
 []


Overfull \hbox (2.79599pt too wide) in paragraph at lines 2291--2292
[]\T1/lmr/m/n/10.95 explicit topology-to-particle dic-tio-nary be-yond the best
-supported bench-mark as-sign-ments. 
 []

[37]

LaTeX Warning: Reference `subsec:swirl_pressure_law' on page 38 undefined on in
put line 2314.


LaTeX Warning: Reference `subsec:dark_knot_classification' on page 38 undefined
 on input line 2315.


Underfull \hbox (badness 3954) in paragraph at lines 2316--2317
[]|\T1/lmr/m/n/10.95 BRIDGE (Branch A clo-sure;
 []


Underfull \hbox (badness 10000) in paragraph at lines 2317--2317
[]|\T1/lmr/m/n/10.95 CANON-
 []


Underfull \hbox (badness 1762) in paragraph at lines 2317--2318
[]|\T1/lmr/m/n/10.95 CANON-BRIDGE (equa-tion /
 []


Underfull \hbox (badness 10000) in paragraph at lines 2318--2318
[]|\T1/lmr/m/n/10.95 Benchmark / re-pro-
 []


Underfull \hbox (badness 6316) in paragraph at lines 2318--2319
[]|\T1/lmr/m/n/10.95 CANON-CANDIDATE (pro-to-
 []


Underfull \hbox (badness 10000) in paragraph at lines 2319--2319
[]|\T1/lmr/m/n/10.95 Topological ref-er-ence
 []


Underfull \hbox (badness 10000) in paragraph at lines 2319--2319
[]|\T1/lmr/m/n/10.95 CANON-
 []


Overfull \hbox (1.93097pt too wide) in paragraph at lines 2319--2319
\T1/lmr/m/n/10.95 CANDIDATE| 
 []


LaTeX Warning: Reference `sec:appendix_topology_toolkit' on page 38 undefined o
n input line 2319.


Underfull \hbox (badness 10000) in paragraph at lines 2319--2320
[]|\T1/lmr/m/n/10.95 CANON-ready scope/notation
 []


Overfull \hbox (7.59703pt too wide) in paragraph at lines 2310--2322
 [][] 
 []


LaTeX Warning: Reference `tab:dark-sector-master-tracker' on page 38 undefined 
on input line 2324.


LaTeX Warning: Reference `sec:consistency' on page 38 undefined on input line 2
330.

[38]

LaTeX Warning: Reference `eq:lambda_sst' on page 39 undefined on input line 235
2.


LaTeX Warning: Reference `eq:softcore_potential' on page 39 undefined on input 
line 2352.


LaTeX Warning: Reference `eq:legacy_metric' on page 39 undefined on input line 
2353.


LaTeX Warning: Reference `eq:metric_swirlclock_bridge' on page 39 undefined on 
input line 2353.


LaTeX Warning: Reference `eq:teff_placeholder' on page 39 undefined on input li
ne 2372.


LaTeX Warning: Reference `eq:legacy_minimal_coupling' on page 39 undefined on i
nput line 2386.

[39]

LaTeX Warning: Reference `eq:calugareanu' on page 40 undefined on input line 23
97.


Overfull \hbox (24.5967pt too wide) in paragraph at lines 2397--2400
\T1/lmr/bx/n/10.95 [SPECULATIVE]\T1/lmr/m/n/10.95 : the map-ping from sign$\OT1
/lmr/m/n/10.95 (\OML/lmm/m/it/10.95 Tw\OT1/lmr/m/n/10.95 )$ \T1/lmr/m/n/10.95 o
r re-lated chi-ral-ity mea-sures to par-ti-cle/antiparticle
 []


LaTeX Warning: Reference `tab:particle_candidate_mapping' on page 40 undefined 
on input line 2405.


LaTeX Warning: Reference `tab:particle_candidate_mapping' on page 40 undefined 
on input line 2425.


LaTeX Warning: Citation `Batchelor1967' on page 40 undefined on input line 2432
.

[40]

LaTeX Warning: Reference `eq:pauli_barrier_numeric' on page 41 undefined on inp
ut line 2481.


Overfull \hbox (12.83372pt too wide) in paragraph at lines 2494--2505
 [][] 
 []

[41]

LaTeX Warning: Reference `sec:dark-canonicalization-status' on page 42 undefine
d on input line 2580.

[42] [43] [44]

LaTeX Warning: Reference `subsec:integration_knotmap' on page 45 undefined on i
nput line 2657.


LaTeX Warning: Reference `subsec:integration_pauli' on page 45 undefined on inp
ut line 2659.


LaTeX Warning: Reference `subsec:integration_benchmarks' on page 45 undefined o
n input line 2660.


LaTeX Warning: Reference `subsec:integration_gauge' on page 45 undefined on inp
ut line 2661.


LaTeX Warning: Reference `sec:time' on page 45 undefined on input line 2662.


LaTeX Warning: Reference `eq:calugareanu' on page 45 undefined on input line 27
05.


LaTeX Warning: Citation `Moffatt1969' on page 45 undefined on input line 2708.


LaTeX Warning: Citation `White1969' on page 45 undefined on input line 2708.


LaTeX Warning: Citation `Batchelor1967' on page 45 undefined on input line 2708
.

[45] [46] [47]

LaTeX Warning: Reference `subsec:spectral_locked_carriers' on page 48 undefined
 on input line 2853.

[48] [49] (SST_CANON-v0.8.1-research-track.tex

LaTeX Warning: Reference `tab:particle-candidates' on page 50 undefined on inpu
t line 53.

[50]

LaTeX Warning: Reference `tab:particle-candidates' on page 51 undefined on inpu
t line 72.


LaTeX Warning: `h' float specifier changed to `ht'.

[51]

Package hyperref Warning: Token not allowed in a PDF string (Unicode):
(hyperref)                removing `subscript' on input line 155.

[52]
Overfull \hbox (23.8226pt too wide) in paragraph at lines 180--180
[]\T1/lmr/bx/n/14.4 Dark-sector and galac-tic can-on-iza-tion ex-e-cu-tion pack
-age (v0.8.x) 
 []

[53]

LaTeX Warning: Reference `eq:exec_swirl_pressure' on page 54 undefined on input
 line 245.

[54]

LaTeX Warning: Reference `eq:exec_swirl_pressure' on page 55 undefined on input
 line 302.


Underfull \hbox (badness 10000) in paragraph at lines 318--318
[]|\T1/lmr/m/n/10.95 Equation un-der
 []


Underfull \hbox (badness 10000) in paragraph at lines 318--318
[]|\T1/lmr/m/n/10.95 Null-result
 []


Underfull \hbox (badness 10000) in paragraph at lines 318--319
[]|\T1/lmr/m/n/10.95 Expected
 []


Underfull \hbox (badness 10000) in paragraph at lines 320--320
[]|\T1/lmr/m/n/10.95 Astrophysical
 []


LaTeX Warning: Reference `eq:exec_swirl_pressure' on page 55 undefined on input
 line 320.


Underfull \hbox (badness 10000) in paragraph at lines 320--320
[]|\T1/lmr/m/n/10.95 weakens
 []


Underfull \hbox (badness 10000) in paragraph at lines 320--320
\T1/lmr/m/n/10.95 pressure-law
 []


Underfull \hbox (badness 10000) in paragraph at lines 320--320
\T1/lmr/m/n/10.95 ap-pli-ca-bil-ity
 []


Underfull \hbox (badness 10000) in paragraph at lines 320--320
[]|\T1/lmr/m/n/10.95 baryonic-
 []


Overfull \hbox (2.00931pt too wide) in paragraph at lines 320--321
[]|\T1/lmr/m/n/10.95 reconstructed
 []


Underfull \hbox (badness 10000) in paragraph at lines 320--321
\OML/lmm/m/it/10.95 dp=dr$ \T1/lmr/m/n/10.95 con-
 []


Underfull \hbox (badness 5189) in paragraph at lines 320--321
\T1/lmr/m/n/10.95 sis-tent with
 []


Underfull \hbox (badness 1769) in paragraph at lines 321--321
[]|\T1/lmr/m/n/10.95 Euler ra-dial bal-
 []


Overfull \hbox (4.74724pt too wide) in paragraph at lines 321--321
[]|\T1/lmr/m/n/10.95 viscosity/edge
 []


Underfull \hbox (badness 10000) in paragraph at lines 321--322
[]|\T1/lmr/m/n/10.95 monotone
 []


Underfull \hbox (badness 10000) in paragraph at lines 321--322
\T1/lmr/m/n/10.95 with im-
 []


Underfull \hbox (badness 10000) in paragraph at lines 322--322
[]|\T1/lmr/m/n/10.95 HV-coil/thrust-
 []


Underfull \hbox (badness 10000) in paragraph at lines 322--322
[]|\T1/lmr/m/n/10.95 circulation-
 []


Underfull \hbox (badness 10000) in paragraph at lines 322--322
\T1/lmr/m/n/10.95 pressure bridge
 []


Underfull \hbox (badness 10000) in paragraph at lines 322--322
[]|\T1/lmr/m/n/10.95 kills
 []


Underfull \hbox (badness 10000) in paragraph at lines 322--322
\T1/lmr/m/n/10.95 quantized-
 []


Underfull \hbox (badness 10000) in paragraph at lines 322--322
[]|\T1/lmr/m/n/10.95 EM/thermal
 []


Underfull \hbox (badness 10000) in paragraph at lines 322--323
[]|\T1/lmr/m/n/10.95 response
 []


Overfull \hbox (5.39417pt too wide) in paragraph at lines 323--323
[]|\T1/lmr/m/n/10.95 Optical/torsional
 []


Underfull \hbox (badness 1430) in paragraph at lines 323--323
[]|\T1/lmr/m/n/10.95 swirl-clock bridge
 []


Underfull \hbox (badness 10000) in paragraph at lines 323--323
[]|\T1/lmr/m/n/10.95 weakens
 []


Underfull \hbox (badness 10000) in paragraph at lines 323--323
[]|\T1/lmr/m/n/10.95 detector
 []


Overfull \hbox (0.73106pt too wide) in paragraph at lines 323--324
[]|\T1/lmr/m/n/10.95 phase/timing
 []


Underfull \hbox (badness 10000) in paragraph at lines 323--324
\T1/lmr/m/n/10.95 shift with
 []


Underfull \hbox (badness 10000) in paragraph at lines 323--324
\T1/lmr/m/n/10.95 con-trolled
 []


Underfull \hbox (badness 10000) in paragraph at lines 324--324
[]|\T1/lmr/m/n/10.95 taxonomy con-
 []


Underfull \hbox (badness 10000) in paragraph at lines 324--324
[]|\T1/lmr/m/n/10.95 kills clas-si-fier
 []


Underfull \hbox (badness 10000) in paragraph at lines 324--324
[]|\T1/lmr/m/n/10.95 mislabelled
 []


Underfull \hbox (badness 10000) in paragraph at lines 324--324
\T1/lmr/m/n/10.95 topol-ogy
 []


Underfull \hbox (badness 10000) in paragraph at lines 324--325
[]|\T1/lmr/m/n/10.95 class score
 []


Underfull \hbox (badness 10000) in paragraph at lines 324--325
\T1/lmr/m/n/10.95 de-creases
 []


Underfull \hbox (badness 10000) in paragraph at lines 324--325
\T1/lmr/m/n/10.95 un-der con-
 []


Underfull \hbox (badness 10000) in paragraph at lines 324--325
\T1/lmr/m/n/10.95 tra-dic-tory
 []

[55]) [56] (SST-CANON-v0.8.1-Appendix.tex

LaTeX Warning: Reference `eq:explicit_kernel' on page 57 undefined on input lin
e 43.


LaTeX Warning: Reference `eq:explicit_kernel' on page 57 undefined on input lin
e 45.


LaTeX Warning: Reference `eq:proton_phi_benchmark' on page 57 undefined on inpu
t line 80.


LaTeX Warning: Reference `eq:neutron_phi_benchmark' on page 57 undefined on inp
ut line 80.

[57]

LaTeX Warning: Reference `eq:continuity_bridge_appendix' on page 58 undefined o
n input line 147.


LaTeX Warning: Reference `eq:quantum_potential_appendix' on page 58 undefined o
n input line 147.


LaTeX Warning: Reference `eq:schrodinger_bridge_appendix' on page 58 undefined 
on input line 147.


LaTeX Warning: Citation `Schrodinger1926' on page 58 undefined on input line 14
7.


LaTeX Warning: Citation `Madelung1927' on page 58 undefined on input line 147.

[58]

LaTeX Warning: Reference `sec:atomic' on page 59 undefined on input line 163.


LaTeX Warning: Reference `eq:swirl_pressure_law' on page 59 undefined on input 
line 203.

[59]

LaTeX Warning: Reference `eq:appendix_dark_accel' on page 60 undefined on input
 line 222.


LaTeX Warning: Reference `eq:appendix_dark_accel_v2r' on page 60 undefined on i
nput line 222.


LaTeX Warning: Reference `eq:galactic_velocity_ansatz' on page 60 undefined on 
input line 245.


LaTeX Warning: Reference `eq:dark_knot_taxonomy' on page 60 undefined on input 
line 248.

) [60] [61] [62] (SST_CANON-v0.8.1.aux)
 ***********
LaTeX2e <2025-11-01>
L3 programming layer <2025-11-06>
 ***********


LaTeX Warning: There were undefined references.

Package rerunfilecheck Info: File `SST_CANON-v0.8.1.out' has not changed.
(rerunfilecheck)             Checksum: 42A1633711743C80A165F1B57ECFD629;45181.
 ) 
Here is how much of TeX's memory you used:
 28864 strings out of 467872
 580719 string characters out of 5429454
 938598 words of memory out of 5000000
 56602 multiletter control sequences out of 15000+600000
 741180 words of font info for 145 fonts, out of 8000000 for 9000
 1141 hyphenation exceptions out of 8191
 84i,18n,104p,1075b,1156s stack positions out of 10000i,1000n,20000p,200000b,200000s
<C:/Users/oscar/MikTex/fonts/type1/public/amsfonts/euler/eufm10.pfb><C:/Users
/oscar/MikTex/fonts/type1/public/lm/lmbx10.pfb><C:/Users/oscar/MikTex/fonts/typ
e1/public/lm/lmbx12.pfb><C:/Users/oscar/MikTex/fonts/type1/public/lm/lmbx6.pfb>
<C:/Users/oscar/MikTex/fonts/type1/public/lm/lmex10.pfb><C:/Users/oscar/MikTex/
fonts/type1/public/lm/lmmi10.pfb><C:/Users/oscar/MikTex/fonts/type1/public/lm/l
mmi12.pfb><C:/Users/oscar/MikTex/fonts/type1/public/lm/lmmi6.pfb><C:/Users/osca
r/MikTex/fonts/type1/public/lm/lmmi8.pfb><C:/Users/oscar/MikTex/fonts/type1/pub
lic/lm/lmr10.pfb><C:/Users/oscar/MikTex/fonts/type1/public/lm/lmr12.pfb><C:/Use
rs/oscar/MikTex/fonts/type1/public/lm/lmr6.pfb><C:/Users/oscar/MikTex/fonts/typ
e1/public/lm/lmr8.pfb><C:/Users/oscar/MikTex/fonts/type1/public/lm/lmr9.pfb><C:
/Users/oscar/MikTex/fonts/type1/public/lm/lmri10.pfb><C:/Users/oscar/MikTex/fon
ts/type1/public/lm/lmsy10.pfb><C:/Users/oscar/MikTex/fonts/type1/public/lm/lmsy
6.pfb><C:/Users/oscar/MikTex/fonts/type1/public/lm/lmsy8.pfb><C:/Users/oscar/Mi
kTex/fonts/type1/public/lm/lmtt10.pfb><C:/Users/oscar/MikTex/fonts/type1/public
/lm/lmtt9.pfb><C:/Users/oscar/MikTex/fonts/type1/public/amsfonts/symbols/msam10
.pfb><C:/Users/oscar/MikTex/fonts/type1/public/amsfonts/symbols/msam7.pfb><C:/U
sers/oscar/MikTex/fonts/type1/public/amsfonts/symbols/msbm10.pfb>
Output written on C:\workspace\projects\SwirlStringTheory\papers\SST-CANON\$out
\SST_CANON-v0.8.1.pdf (62 pages, 691409 bytes).
PDF statistics:
 1208 PDF objects out of 1440 (max. 8388607)
 627 named destinations out of 1000 (max. 500000)
 205 words of extra memory for PDF output out of 10000 (max. 10000000)

