\BOOKMARK [0][-]{chapter.1}{\376\377\000S\000S\000T\000-\0001\0005\000\040\040\024\000\040\000C\000i\000r\000c\000u\000l\000a\000t\000i\000o\000n\000-\000l\000o\000o\000p\000\040\000t\000h\000e\000r\000m\000o\000d\000y\000n\000a\000m\000i\000c\000s}{}% 1
\BOOKMARK [1][-]{section.1.1}{\376\377\000I\000n\000t\000r\000o\000d\000u\000c\000t\000i\000o\000n}{chapter.1}% 2
\BOOKMARK [1][-]{section.1.2}{\376\377\000V\000o\000r\000t\000e\000x\000-\000l\000o\000o\000p\000\040\000g\000a\000s\000\040\000a\000n\000d\000\040\000k\000i\000n\000e\000t\000i\000c\000\040\000t\000h\000e\000o\000r\000y}{chapter.1}% 3
\BOOKMARK [2][-]{subsection.1.2.1}{\376\377\000V\000o\000r\000t\000e\000x\000-\000l\000o\000o\000p\000\040\000k\000i\000n\000e\000m\000a\000t\000i\000c\000s\000\040\000a\000n\000d\000\040\000e\000f\000f\000e\000c\000t\000i\000v\000e\000\040\000m\000a\000s\000s}{section.1.2}% 4
\BOOKMARK [2][-]{subsection.1.2.2}{\376\377\000P\000h\000a\000s\000e\000\040\000s\000p\000a\000c\000e\000\040\000a\000n\000d\000\040\000H\000a\000m\000i\000l\000t\000o\000n\000i\000a\000n}{section.1.2}% 5
\BOOKMARK [2][-]{subsection.1.2.3}{\376\377\000C\000a\000n\000o\000n\000i\000c\000a\000l\000\040\000e\000n\000s\000e\000m\000b\000l\000e\000\040\000a\000n\000d\000\040\000p\000a\000r\000t\000i\000t\000i\000o\000n\000\040\000f\000u\000n\000c\000t\000i\000o\000n}{section.1.2}% 6
\BOOKMARK [2][-]{subsection.1.2.4}{\376\377\000I\000d\000e\000a\000l\000-\000g\000a\000s\000\040\000e\000q\000u\000a\000t\000i\000o\000n\000\040\000o\000f\000\040\000s\000t\000a\000t\000e}{section.1.2}% 7
\BOOKMARK [2][-]{subsection.1.2.5}{\376\377\000I\000s\000o\000t\000r\000o\000p\000i\000c\000\040\000m\000o\000m\000e\000n\000t\000u\000m\000\040\000f\000l\000u\000x\000\040\000a\000n\000d\000\040\000P\000\040\000=\000\040\000\040\000m\000i\000k\000t\000e\000x\000-\000e\000p\000s\000t\000o\000p\000d\000f\0001\0003\000u}{section.1.2}% 8
\BOOKMARK [1][-]{section.1.3}{\376\377\000M\000e\000c\000h\000a\000n\000i\000c\000a\000l\000l\000y\000\040\000a\000l\000l\000o\000w\000e\000d\000\040\000m\000o\000d\000e\000\040\000s\000e\000t\000\040\000a\000n\000d\000\040\000t\000h\000e\000\040\000c\000l\000a\000s\000s\000i\000c\000a\000l\000\040\000u\000l\000t\000r\000a\000v\000i\000o\000l\000e\000t\000\040\000p\000r\000o\000b\000l\000e\000m}{chapter.1}% 9
\BOOKMARK [2][-]{subsection.1.3.1}{\376\377\000M\000a\000x\000i\000m\000a\000l\000\040\000r\000o\000t\000a\000t\000i\000o\000n\000a\000l\000\040\000f\000r\000e\000q\000u\000e\000n\000c\000y\000\040\000f\000r\000o\000m\000\040\000c\000o\000r\000e\000\040\000s\000i\000z\000e\000\040\000a\000n\000d\000\040\000t\000a\000n\000g\000e\000n\000t\000i\000a\000l\000\040\000s\000p\000e\000e\000d}{section.1.3}% 10
\BOOKMARK [2][-]{subsection.1.3.2}{\376\377\000M\000e\000c\000h\000a\000n\000i\000c\000a\000l\000l\000y\000\040\000r\000e\000a\000l\000i\000z\000a\000b\000l\000e\000\040\000f\000i\000e\000l\000d\000\040\000m\000o\000d\000e\000s}{section.1.3}% 11
\BOOKMARK [2][-]{subsection.1.3.3}{\376\377\000M\000o\000d\000i\000f\000i\000e\000d\000\040\000R\000a\000y\000l\000e\000i\000g\000h\040\023\000J\000e\000a\000n\000s\000\040\000s\000p\000e\000c\000t\000r\000u\000m\000\040\000a\000n\000d\000\040\000f\000i\000n\000i\000t\000e\000n\000e\000s\000s\000\040\000o\000f\000\040\000e\000n\000e\000r\000g\000y}{section.1.3}% 12
\BOOKMARK [2][-]{subsection.1.3.4}{\376\377\000M\000a\000x\000w\000e\000l\000l\000'\000s\000\040\000e\000q\000u\000a\000t\000i\000o\000n\000s\000\040\000a\000n\000d\000\040\000t\000h\000e\000\040\000r\000o\000l\000e\000\040\000o\000f\000\040\000t\000h\000e\000\040\000s\000u\000b\000s\000t\000r\000a\000t\000e}{section.1.3}% 13
\BOOKMARK [1][-]{section.1.4}{\376\377\000M\000i\000c\000r\000o\000p\000h\000y\000s\000i\000c\000a\000l\000\040\000s\000c\000a\000l\000e\000\040\000a\000n\000d\000\040\000n\000u\000m\000e\000r\000i\000c\000a\000l\000\040\000e\000s\000t\000i\000m\000a\000t\000e\000s}{chapter.1}% 14
\BOOKMARK [2][-]{subsection.1.4.1}{\376\377\000K\000i\000n\000e\000m\000a\000t\000i\000c\000\040\000u\000p\000p\000e\000r\000\040\000b\000o\000u\000n\000d\000\040\000o\000n\000\040\000a\000n\000g\000u\000l\000a\000r\000\040\000f\000r\000e\000q\000u\000e\000n\000c\000y}{section.1.4}% 15
\BOOKMARK [2][-]{subsection.1.4.2}{\376\377\000R\000a\000y\000l\000e\000i\000g\000h\040\023\000J\000e\000a\000n\000s\000\040\000e\000n\000e\000r\000g\000y\000\040\000d\000e\000n\000s\000i\000t\000y\000\040\000w\000i\000t\000h\000\040\000a\000\040\000m\000e\000c\000h\000a\000n\000i\000c\000a\000l\000\040\000c\000u\000t\000o\000f\000f}{section.1.4}% 16
\BOOKMARK [2][-]{subsection.1.4.3}{\376\377\000N\000u\000m\000e\000r\000i\000c\000a\000l\000\040\000s\000c\000a\000l\000e\000s\000\040\000a\000n\000d\000\040\000r\000e\000l\000a\000t\000i\000o\000n\000\040\000t\000o\000\040\000a\000\040\000k\000i\000n\000e\000m\000a\000t\000i\000c\000\040\000r\000e\000f\000e\000r\000e\000n\000c\000e\000\040\000f\000r\000e\000q\000u\000e\000n\000c\000y}{section.1.4}% 17
\BOOKMARK [2][-]{subsection.1.4.4}{\376\377\000C\000o\000m\000p\000a\000r\000i\000s\000o\000n\000\040\000w\000i\000t\000h\000\040\000P\000l\000a\000n\000c\000k\000'\000s\000\040\000l\000a\000w\000\040\000a\000n\000d\000\040\000o\000b\000s\000e\000r\000v\000a\000t\000i\000o\000n\000a\000l\000\040\000c\000o\000n\000s\000t\000r\000a\000i\000n\000t\000s}{section.1.4}% 18
\BOOKMARK [1][-]{section.1.5}{\376\377\000D\000i\000s\000c\000u\000s\000s\000i\000o\000n\000\040\000a\000n\000d\000\040\000c\000o\000n\000c\000l\000u\000s\000i\000o\000n\000s}{chapter.1}% 19
\BOOKMARK [2][-]{subsection.1.5.1}{\376\377\000S\000u\000m\000m\000a\000r\000y\000\040\000o\000f\000\040\000r\000e\000s\000u\000l\000t\000s}{section.1.5}% 20
\BOOKMARK [2][-]{subsection.1.5.2}{\376\377\000R\000e\000l\000a\000t\000i\000o\000n\000\040\000t\000o\000\040\000c\000l\000a\000s\000s\000i\000c\000a\000l\000\040\000a\000n\000d\000\040\000q\000u\000a\000n\000t\000u\000m\000\040\000d\000e\000s\000c\000r\000i\000p\000t\000i\000o\000n\000s\000\040\000o\000f\000\040\000r\000a\000d\000i\000a\000t\000i\000o\000n}{section.1.5}% 21
\BOOKMARK [2][-]{subsection.1.5.3}{\376\377\000C\000o\000n\000c\000e\000p\000t\000u\000a\000l\000\040\000a\000n\000d\000\040\000p\000e\000d\000a\000g\000o\000g\000i\000c\000a\000l\000\040\000i\000m\000p\000l\000i\000c\000a\000t\000i\000o\000n\000s}{section.1.5}% 22
\BOOKMARK [2][-]{subsection.1.5.4}{\376\377\000P\000o\000s\000s\000i\000b\000l\000e\000\040\000e\000x\000t\000e\000n\000s\000i\000o\000n\000s\000\040\000a\000n\000d\000\040\000f\000u\000t\000u\000r\000e\000\040\000w\000o\000r\000k}{section.1.5}% 23
\BOOKMARK [2][-]{subsection.1.5.5}{\376\377\000F\000i\000n\000a\000l\000\040\000r\000e\000m\000a\000r\000k\000s}{section.1.5}% 24
\BOOKMARK [1][-]{section.Alph0.1}{\376\377\000T\000h\000i\000n\000\040\000v\000o\000r\000t\000e\000x\000-\000r\000i\000n\000g\000\040\000f\000o\000r\000m\000u\000l\000a\000s}{chapter.1}% 25
\BOOKMARK [2][-]{subsection.Alph0.1.1}{\376\377\000I\000m\000p\000u\000l\000s\000e}{section.Alph0.1}% 26
\BOOKMARK [2][-]{subsection.Alph0.1.2}{\376\377\000K\000i\000n\000e\000t\000i\000c\000\040\000e\000n\000e\000r\000g\000y}{section.Alph0.1}% 27
\BOOKMARK [2][-]{subsection.Alph0.1.3}{\376\377\000T\000r\000a\000n\000s\000l\000a\000t\000i\000o\000n\000a\000l\000\040\000s\000p\000e\000e\000d}{section.Alph0.1}% 28
\BOOKMARK [2][-]{subsection.Alph0.1.4}{\376\377\000E\000f\000f\000e\000c\000t\000i\000v\000e\000\040\000m\000a\000s\000s}{section.Alph0.1}% 29
\BOOKMARK [1][-]{section.Alph0.2}{\376\377\000P\000r\000e\000s\000s\000u\000r\000e\000\040\000a\000n\000d\000\040\000e\000n\000e\000r\000g\000y\000\040\000d\000e\000n\000s\000i\000t\000y\000\040\000i\000n\000\040\000d\000\040\000d\000i\000m\000e\000n\000s\000i\000o\000n\000s}{chapter.1}% 30
\BOOKMARK [2][-]{subsection.Alph0.2.1}{\376\377\000E\000n\000e\000r\000g\000y\000\040\000d\000e\000n\000s\000i\000t\000y}{section.Alph0.2}% 31
\BOOKMARK [2][-]{subsection.Alph0.2.2}{\376\377\000P\000r\000e\000s\000s\000u\000r\000e\000\040\000a\000s\000\040\000m\000o\000m\000e\000n\000t\000u\000m\000\040\000f\000l\000u\000x}{section.Alph0.2}% 32
\BOOKMARK [2][-]{subsection.Alph0.2.3}{\376\377\000I\000s\000o\000t\000r\000o\000p\000i\000c\000\040\000a\000n\000g\000u\000l\000a\000r\000\040\000a\000v\000e\000r\000a\000g\000e}{section.Alph0.2}% 33
\BOOKMARK [0][-]{appendix.A}{\376\377\000S\000S\000T\000-\0002\0004\000\040\040\024\000\040\000T\000h\000e\000r\000m\000o\000d\000y\000n\000a\000m\000i\000c\000s\000\040\000f\000r\000a\000m\000e\000w\000o\000r\000k}{}% 34
\BOOKMARK [1][-]{section.A.1}{\376\377\000I\000n\000t\000r\000o\000d\000u\000c\000t\000i\000o\000n\000:\000\040\000T\000h\000e\000\040\000H\000y\000d\000r\000o\000d\000y\000n\000a\000m\000i\000c\000\040\000N\000e\000c\000e\000s\000s\000i\000t\000y}{appendix.A}% 35
\BOOKMARK [2][-]{subsection.A.1.1}{\376\377\000O\000n\000t\000o\000l\000o\000g\000i\000c\000a\000l\000\040\000D\000i\000v\000e\000r\000g\000e\000n\000c\000e\000\040\000i\000n\000\040\000M\000o\000d\000e\000r\000n\000\040\000P\000h\000y\000s\000i\000c\000s}{section.A.1}% 36
\BOOKMARK [2][-]{subsection.A.1.2}{\376\377\000T\000h\000e\000\040\000T\000h\000e\000r\000m\000o\000d\000y\000n\000a\000m\000i\000c\000\040\000H\000y\000p\000o\000t\000h\000e\000s\000i\000s}{section.A.1}% 37
\BOOKMARK [2][-]{subsection.A.1.3}{\376\377\000O\000b\000j\000e\000c\000t\000i\000v\000e\000s\000\040\000o\000f\000\040\000t\000h\000i\000s\000\040\000F\000r\000a\000m\000e\000w\000o\000r\000k}{section.A.1}% 38
\BOOKMARK [1][-]{section.A.2}{\376\377\000T\000h\000e\000\040\000H\000y\000d\000r\000o\000d\000y\000n\000a\000m\000i\000c\000\040\000S\000u\000b\000s\000t\000r\000a\000t\000e\000:\000\040\000A\000x\000i\000o\000m\000s\000\040\000a\000n\000d\000\040\000C\000o\000n\000s\000t\000a\000n\000t\000s}{appendix.A}% 39
\BOOKMARK [2][-]{subsection.A.2.1}{\376\377\000T\000h\000e\000\040\000P\000r\000i\000m\000i\000t\000i\000v\000e\000\040\000T\000r\000i\000a\000d}{section.A.2}% 40
\BOOKMARK [2][-]{subsection.A.2.2}{\376\377\000T\000h\000e\000\040\000M\000a\000s\000s\000\040\000K\000e\000r\000n\000e\000l\000\040\000a\000s\000\040\000E\000q\000u\000a\000t\000i\000o\000n\000\040\000o\000f\000\040\000S\000t\000a\000t\000e}{section.A.2}% 41
\BOOKMARK [2][-]{subsection.A.2.3}{\376\377\000T\000h\000e\000\040\000S\000w\000i\000r\000l\000\040\000C\000l\000o\000c\000k}{section.A.2}% 42
\BOOKMARK [1][-]{section.A.3}{\376\377\000T\000h\000e\000\040\000Q\000u\000a\000n\000t\000u\000m\040\023\000T\000h\000e\000r\000m\000o\000d\000y\000n\000a\000m\000i\000c\000\040\000I\000s\000o\000m\000o\000r\000p\000h\000i\000s\000m\000\040\000\050\000A\000b\000e\040\023\000O\000k\000u\000y\000a\000m\000a\000\051}{appendix.A}% 43
\BOOKMARK [2][-]{subsection.A.3.1}{\376\377\000P\000a\000r\000t\000i\000c\000l\000e\000\040\000i\000n\000\040\000a\000\040\000B\000o\000x\000\040\000v\000s\000.\000\040\000V\000o\000r\000t\000e\000x\000\040\000i\000n\000\040\000a\000\040\000C\000o\000r\000e}{section.A.3}% 44
\BOOKMARK [2][-]{subsection.A.3.2}{\376\377\000M\000a\000p\000p\000i\000n\000g\000\040\000o\000f\000\040\000V\000a\000r\000i\000a\000b\000l\000e\000s}{section.A.3}% 45
\BOOKMARK [2][-]{subsection.A.3.3}{\376\377\000F\000i\000r\000s\000t\000\040\000a\000n\000d\000\040\000S\000e\000c\000o\000n\000d\000\040\000L\000a\000w\000s}{section.A.3}% 46
\BOOKMARK [2][-]{subsection.A.3.4}{\376\377\000S\000u\000m\000m\000a\000r\000y\000\040\000c\000o\000m\000p\000a\000r\000i\000s\000o\000n\000:\000\040\000A\000b\000e\040\023\000O\000k\000u\000y\000a\000m\000a\000\040\000v\000s\000.\000\040\000S\000S\000T}{section.A.3}% 47
\BOOKMARK [1][-]{section.A.4}{\376\377\000E\000n\000t\000r\000o\000p\000y\000\040\000v\000e\000r\000s\000u\000s\000\040\000G\000e\000o\000m\000e\000t\000r\000i\000c\000\040\000S\000w\000e\000l\000l\000i\000n\000g\000\040\000i\000n\000\040\000t\000h\000e\000\040\000S\000w\000i\000r\000l\000\040\000C\000o\000n\000d\000e\000n\000s\000a\000t\000e}{appendix.A}% 48
\BOOKMARK [2][-]{subsection.A.4.1}{\376\377\000A\000b\000e\040\023\000O\000k\000u\000y\000a\000m\000a\000\040\000d\000e\000c\000o\000m\000p\000o\000s\000i\000t\000i\000o\000n\000\040\000a\000n\000d\000\040\000t\000h\000e\000\040\000S\000S\000T\000\040\000f\000i\000r\000s\000t\000\040\000l\000a\000w}{section.A.4}% 49
\BOOKMARK [2][-]{subsection.A.4.2}{\376\377\000T\000e\000m\000p\000e\000r\000a\000t\000u\000r\000e\000\040\000a\000s\000\040\000s\000w\000e\000l\000l\000i\000n\000g\000;\000\040\000e\000n\000t\000r\000o\000p\000y\000\040\000a\000s\000\040\000c\000o\000m\000p\000l\000e\000x\000i\000t\000y}{section.A.4}% 50
\BOOKMARK [2][-]{subsection.A.4.3}{\376\377\000T\000h\000e\000r\000m\000o\000d\000y\000n\000a\000m\000i\000c\000\040\000a\000p\000p\000l\000i\000c\000a\000t\000i\000o\000n\000\040\000I\000:\000\040\000n\000u\000c\000l\000e\000a\000r\000\040\000e\000n\000t\000r\000o\000p\000y\000\040\000m\000o\000d\000u\000l\000a\000t\000i\000o\000n}{section.A.4}% 51
\BOOKMARK [2][-]{subsection.A.4.4}{\376\377\000T\000h\000e\000r\000m\000o\000d\000y\000n\000a\000m\000i\000c\000\040\000a\000p\000p\000l\000i\000c\000a\000t\000i\000o\000n\000\040\000I\000I\000:\000\040\000c\000o\000s\000m\000o\000l\000o\000g\000i\000c\000a\000l\000\040\000b\000a\000c\000k\000r\000e\000a\000c\000t\000i\000o\000n}{section.A.4}% 52
\BOOKMARK [1][-]{section.A.5}{\376\377\000M\000u\000l\000t\000i\000-\000S\000c\000a\000l\000e\000\040\000T\000h\000e\000r\000m\000o\000d\000y\000n\000a\000m\000i\000c\000s\000\040\000o\000f\000\040\000t\000h\000e\000\040\000S\000w\000i\000r\000l\000\040\000C\000o\000n\000d\000e\000n\000s\000a\000t\000e}{appendix.A}% 53
\BOOKMARK [2][-]{subsection.A.5.1}{\376\377\000T\000h\000e\000\040\000S\000w\000i\000r\000l\000\040\000S\000t\000r\000i\000n\000g\000\040\000a\000s\000\040\000T\000h\000e\000r\000m\000o\000d\000y\000n\000a\000m\000i\000c\000\040\000S\000y\000s\000t\000e\000m}{section.A.5}% 54
\BOOKMARK [2][-]{subsection.A.5.2}{\376\377\000S\000S\000T\000\040\000W\000o\000r\000k\000:\000\040\000C\000o\000r\000e\000\040\000D\000e\000f\000o\000r\000m\000a\000t\000i\000o\000n}{section.A.5}% 55
\BOOKMARK [2][-]{subsection.A.5.3}{\376\377\000S\000S\000T\000\040\000H\000e\000a\000t\000:\000\040\000K\000e\000l\000v\000i\000n\000\040\000M\000o\000d\000e\000\040\000E\000x\000c\000i\000t\000a\000t\000i\000o\000n}{section.A.5}% 56
\BOOKMARK [2][-]{subsection.A.5.4}{\376\377\000A\000d\000i\000a\000b\000a\000t\000i\000c\000\040\000v\000s\000.\000\040\000I\000s\000o\000t\000h\000e\000r\000m\000a\000l\000\040\000S\000w\000e\000l\000l\000i\000n\000g}{section.A.5}% 57
\BOOKMARK [1][-]{section.A.6}{\376\377\000A\000p\000p\000l\000i\000c\000a\000t\000i\000o\000n\000\040\000I\000:\000\040\000T\000h\000e\000r\000m\000o\000d\000y\000n\000a\000m\000i\000c\000\040\000O\000r\000i\000g\000i\000n\000\040\000o\000f\000\040\000H\000y\000d\000r\000o\000g\000e\000n\000\040\000S\000t\000r\000u\000c\000t\000u\000r\000e}{appendix.A}% 58
\BOOKMARK [2][-]{subsection.A.6.1}{\376\377\000T\000w\000o\000-\000S\000c\000a\000l\000e\000\040\000G\000e\000o\000m\000e\000t\000r\000y\000:\000\040\000r\000c\000a\0000}{section.A.6}% 59
\BOOKMARK [2][-]{subsection.A.6.2}{\376\377\000H\000y\000d\000r\000o\000g\000e\000n\000\040\000F\000o\000r\000m\000a\000t\000i\000o\000n\000\040\000a\000s\000\040\000a\000n\000\040\000I\000s\000o\000t\000h\000e\000r\000m\000a\000l\000\040\000E\000x\000p\000a\000n\000s\000i\000o\000n}{section.A.6}% 60
\BOOKMARK [2][-]{subsection.A.6.3}{\376\377\000C\000l\000o\000c\000k\000\040\000R\000a\000t\000e\000\040\000D\000i\000f\000f\000e\000r\000e\000n\000c\000e\000:\000\040\000C\000o\000l\000d\000\040\000v\000s\000.\000\040\000H\000o\000t\000\040\000S\000t\000a\000t\000e\000s}{section.A.6}% 61
\BOOKMARK [2][-]{subsection.A.6.4}{\376\377\000H\000y\000d\000r\000o\000g\000e\000n\000\040\000a\000s\000\040\000T\000h\000e\000r\000m\000o\000d\000y\000n\000a\000m\000i\000c\000\040\000B\000o\000u\000n\000d\000a\000r\000y\000\040\000B\000a\000l\000a\000n\000c\000e}{section.A.6}% 62
\BOOKMARK [1][-]{section.A.7}{\376\377\000A\000p\000p\000l\000i\000c\000a\000t\000i\000o\000n\000\040\000I\000I\000:\000\040\000T\000h\000e\000r\000m\000o\000d\000y\000n\000a\000m\000i\000c\000s\000\040\000o\000f\000\040\000t\000h\000e\000\040\000G\000o\000l\000d\000e\000n\000\040\000L\000a\000y\000e\000r}{appendix.A}% 63
\BOOKMARK [2][-]{subsection.A.7.1}{\376\377\000T\000h\000e\000\040\000G\000o\000l\000d\000e\000n\000\040\000R\000a\000t\000i\000o\000\040\000a\000s\000\040\000C\000r\000i\000t\000i\000c\000a\000l\000\040\000T\000h\000e\000r\000m\000o\000d\000y\000n\000a\000m\000i\000c\000\040\000E\000x\000p\000o\000n\000e\000n\000t}{section.A.7}% 64
\BOOKMARK [2][-]{subsection.A.7.2}{\376\377\000G\000o\000l\000d\000e\000n\000\040\000P\000o\000t\000e\000n\000t\000i\000a\000l\000\040\000a\000n\000d\000\040\000L\000o\000g\000-\000P\000e\000r\000i\000o\000d\000i\000c\000\040\000S\000t\000r\000u\000c\000t\000u\000r\000e}{section.A.7}% 65
\BOOKMARK [2][-]{subsection.A.7.3}{\376\377\000F\000r\000a\000c\000t\000a\000l\000\040\000H\000e\000a\000t\000\040\000C\000a\000p\000a\000c\000i\000t\000y}{section.A.7}% 66
\BOOKMARK [1][-]{section.A.8}{\376\377\000A\000p\000p\000l\000i\000c\000a\000t\000i\000o\000n\000\040\000I\000I\000I\000:\000\040\000T\000h\000e\000\040\000U\000n\000r\000u\000h\000\040\000E\000c\000h\000o\000\040\000a\000s\000\040\000T\000h\000e\000r\000m\000o\000d\000y\000n\000a\000m\000i\000c\000\040\000R\000e\000s\000p\000o\000n\000s\000e}{appendix.A}% 67
\BOOKMARK [2][-]{subsection.A.8.1}{\376\377\000T\000w\000o\000-\000V\000a\000c\000u\000u\000m\000\040\000S\000S\000T\000\040\000I\000n\000t\000e\000r\000p\000r\000e\000t\000a\000t\000i\000o\000n}{section.A.8}% 68
\BOOKMARK [2][-]{subsection.A.8.2}{\376\377\000T\000w\000o\000-\000S\000t\000a\000g\000e\000\040\000T\000h\000e\000r\000m\000o\000d\000y\000n\000a\000m\000i\000c\000\040\000P\000u\000l\000s\000e}{section.A.8}% 69
\BOOKMARK [2][-]{subsection.A.8.3}{\376\377\000T\000h\000e\000r\000m\000o\000d\000y\000n\000a\000m\000i\000c\000\040\000E\000x\000p\000l\000a\000n\000a\000t\000i\000o\000n}{section.A.8}% 70
\BOOKMARK [1][-]{section.A.9}{\376\377\000A\000p\000p\000l\000i\000c\000a\000t\000i\000o\000n\000\040\000I\000V\000:\000\040\000P\000a\000r\000t\000i\000t\000i\000o\000n\000\040\000F\000u\000n\000c\000t\000i\000o\000n\000\040\000a\000n\000d\000\040\000M\000u\000l\000t\000i\000-\000S\000c\000a\000l\000e\000\040\000H\000e\000a\000t\000\040\000C\000a\000p\000a\000c\000i\000t\000y}{appendix.A}% 71
\BOOKMARK [2][-]{subsection.A.9.1}{\376\377\000G\000o\000l\000d\000e\000n\000\040\000L\000a\000d\000d\000e\000r\000\040\000S\000p\000e\000c\000t\000r\000u\000m}{section.A.9}% 72
\BOOKMARK [2][-]{subsection.A.9.2}{\376\377\000N\000u\000m\000e\000r\000i\000c\000a\000l\000\040\000B\000e\000h\000a\000v\000i\000o\000r}{section.A.9}% 73
\BOOKMARK [2][-]{subsection.A.9.3}{\376\377\000P\000h\000y\000s\000i\000c\000a\000l\000\040\000I\000n\000t\000e\000r\000p\000r\000e\000t\000a\000t\000i\000o\000n}{section.A.9}% 74
\BOOKMARK [1][-]{section.A.10}{\376\377\000O\000u\000t\000l\000o\000o\000k}{appendix.A}% 75
\BOOKMARK [1][-]{section.A.11}{\376\377\000C\000o\000n\000c\000l\000u\000s\000i\000o\000n\000s}{appendix.A}% 76
\BOOKMARK [0][-]{appendix.A}{\376\377\000S\000S\000T\000-\0005\0003\000\040\040\024\000\040\000T\000h\000e\000r\000m\000o\000d\000y\000n\000a\000m\000i\000c\000\040\000o\000r\000i\000g\000i\000n\000\040\000o\000f\000\040\000q\000u\000a\000n\000t\000i\000z\000a\000t\000i\000o\000n}{}% 77
\BOOKMARK [1][-]{section.A.1}{\376\377\000S\000c\000o\000p\000e\000,\000\040\000n\000o\000t\000a\000t\000i\000o\000n\000,\000\040\000a\000n\000d\000\040\000c\000l\000a\000i\000m\000\040\000t\000a\000x\000o\000n\000o\000m\000y}{appendix.A}% 78
\BOOKMARK [2][-]{subsection.A.1.1}{\376\377\000T\000e\000r\000m\000i\000n\000o\000l\000o\000g\000y}{section.A.1}% 79
\BOOKMARK [2][-]{subsection.A.1.2}{\376\377\000C\000l\000a\000i\000m\000\040\000t\000a\000x\000o\000n\000o\000m\000y}{section.A.1}% 80
\BOOKMARK [2][-]{subsection.A.1.3}{\376\377\000W\000h\000a\000t\000\040\000i\000s\000\040\000p\000r\000o\000v\000e\000n\000\040\000h\000e\000r\000e\000\040\000\050\000a\000n\000d\000\040\000w\000h\000a\000t\000\040\000r\000e\000m\000a\000i\000n\000s\000\040\000a\000n\000\040\000a\000s\000s\000u\000m\000p\000t\000i\000o\000n\000\051}{section.A.1}% 81
\BOOKMARK [1][-]{section.A.2}{\376\377\000P\000r\000i\000m\000i\000t\000i\000v\000e\000\040\000i\000n\000p\000u\000t\000s\000\040\000a\000n\000d\000\040\000p\000a\000r\000a\000m\000e\000t\000e\000r\000\040\000l\000o\000g\000i\000c\000\040\000\050\000n\000o\000r\000m\000a\000l\000i\000z\000e\000d\000\040\000t\000r\000i\000a\000d\000\051}{appendix.A}% 82
\BOOKMARK [2][-]{subsection.A.2.1}{\376\377\000T\000h\000e\000\040\000p\000r\000i\000m\000i\000t\000i\000v\000e\000\040\000t\000r\000i\000a\000d}{section.A.2}% 83
\BOOKMARK [2][-]{subsection.A.2.2}{\376\377\000D\000e\000r\000i\000v\000e\000d\000\040\000c\000i\000r\000c\000u\000l\000a\000t\000i\000o\000n\000\040\000q\000u\000a\000n\000t\000u\000m\000\040\000\050\000r\000e\000m\000o\000v\000e\000s\000\040\000a\000n\000\040\000i\000n\000p\000u\000t\000\051}{section.A.2}% 84
\BOOKMARK [2][-]{subsection.A.2.3}{\376\377\000A\000\040\000n\000a\000t\000u\000r\000a\000l\000\040\000d\000i\000m\000e\000n\000s\000i\000o\000n\000l\000e\000s\000s\000\040\000c\000o\000n\000s\000t\000a\000n\000t\000:\000\040\000\040\000f\000r\000o\000m\000\040\000t\000h\000e\000\040\000s\000w\000i\000r\000l\000\040\000s\000p\000e\000e\000d}{section.A.2}% 85
\BOOKMARK [2][-]{subsection.A.2.4}{\376\377\000T\000w\000o\000-\000d\000e\000n\000s\000i\000t\000y\000\040\000s\000t\000r\000u\000c\000t\000u\000r\000e\000\040\000a\000n\000d\000\040\000m\000i\000c\000r\000o\000p\000h\000y\000s\000i\000c\000a\000l\000\040\000s\000t\000i\000f\000f\000n\000e\000s\000s\000\040\000s\000c\000a\000l\000e}{section.A.2}% 86
\BOOKMARK [1][-]{section.A.3}{\376\377\000M\000e\000c\000h\000a\000n\000i\000c\000a\000l\000\040\000t\000h\000e\000o\000r\000y\000\040\000o\000f\000\040\000h\000e\000a\000t\000\040\000i\000n\000\040\000S\000S\000T}{appendix.A}% 87
\BOOKMARK [2][-]{subsection.A.3.1}{\376\377\000C\000l\000a\000u\000s\000i\000u\000s\000\040\000s\000t\000r\000u\000c\000t\000u\000r\000e\000\040\000a\000n\000d\000\040\000t\000h\000e\000\040\000A\000b\000e\040\023\000O\000k\000u\000y\000a\000m\000a\000\040\000m\000a\000p\000p\000i\000n\000g}{section.A.3}% 88
\BOOKMARK [2][-]{subsection.A.3.2}{\376\377\000W\000o\000r\000k\040\023\000h\000e\000a\000t\000\040\000d\000e\000c\000o\000m\000p\000o\000s\000i\000t\000i\000o\000n\000\040\000f\000r\000o\000m\000\040\000s\000p\000e\000c\000t\000r\000a\000l\000\040\000d\000a\000t\000a}{section.A.3}% 89
\BOOKMARK [2][-]{subsection.A.3.3}{\376\377\000S\000S\000T\000\040\000i\000n\000t\000e\000r\000p\000r\000e\000t\000a\000t\000i\000o\000n}{section.A.3}% 90
\BOOKMARK [2][-]{subsection.A.3.4}{\376\377\000T\000e\000m\000p\000e\000r\000a\000t\000u\000r\000e\000\040\000a\000s\000\040\000g\000e\000o\000m\000e\000t\000r\000i\000c\000\040\000s\000t\000r\000a\000i\000n\000\040\000p\000a\000r\000a\000m\000e\000t\000e\000r}{section.A.3}% 91
\BOOKMARK [1][-]{section.A.4}{\376\377\000D\000e\000r\000i\000v\000e\000d\000\040\000c\000o\000n\000s\000t\000a\000n\000t\000s\000:\000\040\000s\000t\000r\000a\000t\000e\000g\000y\000\040\000a\000n\000d\000\040\000c\000l\000o\000s\000e\000d\000\040\000c\000o\000n\000s\000i\000s\000t\000e\000n\000c\000y\000\040\000c\000h\000a\000i\000n}{appendix.A}% 92
\BOOKMARK [2][-]{subsection.A.4.1}{\376\377\000T\000h\000e\000\040\000C\000o\000u\000l\000o\000m\000b\000\040\000c\000o\000u\000p\000l\000i\000n\000g\000\040\000s\000c\000a\000l\000e\000\040\000a\000s\000\040\000a\000\040\000n\000e\000a\000r\000-\000c\000o\000r\000e\000\040\000p\000r\000e\000s\000s\000u\000r\000e\000\040\000i\000n\000v\000a\000r\000i\000a\000n\000t}{section.A.4}% 93
\BOOKMARK [2][-]{subsection.A.4.2}{\376\377\000F\000a\000r\000-\000f\000i\000e\000l\000d\000\040\000m\000o\000n\000o\000p\000o\000l\000e\000\040\000f\000r\000o\000m\000\040\000E\000F\000T\000\040\000\050\000L\000a\000p\000l\000a\000c\000e\000/\000H\000e\000l\000m\000h\000o\000l\000t\000z\000\051\000\040\000a\000n\000d\000\040\000c\000o\000r\000e\000\040\000m\000a\000t\000c\000h\000i\000n\000g\000\040\000\050\000f\000i\000x\000i\000n\000g\000\040\000t\000h\000e\000\040\0004\000\051}{section.A.4}% 94
\BOOKMARK [2][-]{subsection.A.4.3}{\376\377\000P\000l\000a\000n\000c\000k\000'\000s\000\040\000c\000o\000n\000s\000t\000a\000n\000t\000\040\000a\000s\000\040\000a\000\040\000d\000e\000r\000i\000v\000e\000d\000\040\000q\000u\000a\000n\000t\000i\000t\000y\000\040\000\050\000n\000o\000\040\000p\000o\000s\000t\000u\000l\000a\000t\000e\000\051}{section.A.4}% 95
\BOOKMARK [2][-]{subsection.A.4.4}{\376\377\000A\000c\000t\000i\000o\000n\000\040\000f\000r\000o\000m\000\040\000c\000i\000r\000c\000u\000l\000a\000t\000i\000o\000n\000:\000\040\000t\000h\000e\000\040\000s\000t\000r\000u\000c\000t\000u\000r\000a\000l\000\040\000i\000d\000e\000n\000t\000i\000t\000y}{section.A.4}% 96
\BOOKMARK [2][-]{subsection.A.4.5}{\376\377\000Q\000u\000a\000d\000r\000a\000t\000i\000c\000\040\000E\000F\000T\000\040\000f\000o\000r\000\040\000t\000h\000e\000\040\000p\000r\000e\000s\000s\000u\000r\000e\000/\000f\000o\000l\000i\000a\000t\000i\000o\000n\000\040\000m\000e\000d\000i\000a\000t\000o\000r\000\040\000\050\000d\000e\000r\000i\000v\000i\000n\000g\000\040\000H\000e\000l\000m\000h\000o\000l\000t\000z\000/\000Y\000u\000k\000a\000w\000a\000\051}{section.A.4}% 97
\BOOKMARK [1][-]{section.A.5}{\376\377\000C\000o\000n\000s\000i\000s\000t\000e\000n\000c\000y\000\040\000a\000n\000c\000h\000o\000r\000s\000\040\000\050\000n\000u\000m\000e\000r\000i\000c\000a\000l\000\040\000c\000h\000e\000c\000k\000s\000\040\000a\000n\000d\000\040\000S\000I\000\040\000b\000o\000o\000k\000k\000e\000e\000p\000i\000n\000g\000\051}{appendix.A}% 98
\BOOKMARK [2][-]{subsection.A.5.1}{\376\377\000K\000i\000n\000e\000m\000a\000t\000i\000c\000\040\000a\000n\000d\000\040\000p\000r\000e\000s\000s\000u\000r\000e\000\040\000s\000c\000a\000l\000e\000s}{section.A.5}% 99
\BOOKMARK [2][-]{subsection.A.5.2}{\376\377\000C\000l\000o\000s\000e\000d\000\040\000c\000h\000a\000i\000n\000\040\000s\000u\000m\000m\000a\000r\000y}{section.A.5}% 100
\BOOKMARK [2][-]{subsection.A.5.3}{\376\377\000A\000n\000c\000h\000o\000r\000\040\000t\000a\000b\000l\000e}{section.A.5}% 101
\BOOKMARK [2][-]{subsection.A.5.4}{\376\377\000H\000y\000d\000r\000o\000g\000e\000n\000\040\000g\000r\000o\000u\000n\000d\000\040\000s\000t\000a\000t\000e\000\040\000e\000n\000e\000r\000g\000y\000\040\000\050\000e\000x\000t\000e\000r\000n\000a\000l\000\040\000c\000o\000m\000p\000a\000r\000i\000s\000o\000n\000;\000\040\000n\000o\000t\000\040\000a\000n\000\040\000S\000S\000T\000\040\000i\000n\000p\000u\000t\000\051}{section.A.5}% 102
\BOOKMARK [1][-]{section.A.6}{\376\377\000P\000r\000e\000d\000i\000c\000t\000i\000o\000n\000s\000\040\000a\000n\000d\000\040\000e\000x\000p\000e\000r\000i\000m\000e\000n\000t\000a\000l\000\040\000t\000e\000s\000t\000s}{appendix.A}% 103
\BOOKMARK [2][-]{subsection.A.6.1}{\376\377\000L\000o\000w\000-\000t\000e\000m\000p\000e\000r\000a\000t\000u\000r\000e\000\040\000h\000e\000a\000t\000\040\000c\000a\000p\000a\000c\000i\000t\000y\000\040\000s\000c\000a\000l\000i\000n\000g}{section.A.6}% 104
\BOOKMARK [2][-]{subsection.A.6.2}{\376\377\000A\000\040\000d\000i\000r\000e\000c\000t\000\040\000f\000a\000l\000s\000i\000f\000i\000e\000r\000\040\000o\000f\000\040\000t\000h\000e\000\040\000m\000o\000n\000o\000p\000o\000l\000e\000\040\000p\000r\000e\000s\000s\000u\000r\000e\000-\000m\000e\000d\000i\000a\000t\000o\000r\000\040\000h\000y\000p\000o\000t\000h\000e\000s\000i\000s}{section.A.6}% 105
\BOOKMARK [2][-]{subsection.A.6.3}{\376\377\000A\000c\000c\000e\000l\000e\000r\000a\000t\000i\000o\000n\000-\000i\000n\000d\000u\000c\000e\000d\000\040\000e\000c\000h\000o\000\040\000c\000h\000a\000n\000n\000e\000l\000\040\000\050\000U\000n\000r\000u\000h\000-\000a\000n\000a\000l\000o\000g\000\051}{section.A.6}% 106
\BOOKMARK [1][-]{section.A.7}{\376\377\000S\000p\000e\000c\000u\000l\000a\000t\000i\000v\000e\000\040\000e\000x\000t\000e\000n\000s\000i\000o\000n\000:\000\040\000G\000o\000l\000d\000e\000n\000-\000l\000a\000y\000e\000r\000\040\000s\000e\000l\000e\000c\000t\000i\000o\000n}{appendix.A}% 107
\BOOKMARK [1][-]{section.A.8}{\376\377\000D\000i\000s\000c\000u\000s\000s\000i\000o\000n\000\040\000a\000n\000d\000\040\000p\000a\000p\000e\000r\000\040\000m\000a\000p}{appendix.A}% 108
\BOOKMARK [1][-]{section.Alph0.1}{\376\377\000I\000s\000o\000t\000r\000o\000p\000i\000c\000\040\000s\000t\000r\000e\000s\000s\000\040\000n\000o\000r\000m\000a\000l\000i\000z\000a\000t\000i\000o\000n\000\040\000a\000n\000d\000\040\000t\000h\000e\000\040\000f\000a\000c\000t\000o\000r\000\040\0003\000\040\000i\000n\000\040\000V\000e\000f\000f}{appendix.A}% 109
\BOOKMARK [2][-]{subsection.Alph0.1.1}{\376\377\000P\000r\000e\000s\000s\000u\000r\000e\000\040\000a\000s\000\040\000t\000h\000e\000\040\000t\000r\000a\000c\000e\000\040\000o\000f\000\040\000t\000h\000e\000\040\000m\000o\000m\000e\000n\000t\000u\000m\000-\000f\000l\000u\000x\000\040\000t\000e\000n\000s\000o\000r}{section.Alph0.1}% 110
\BOOKMARK [2][-]{subsection.Alph0.1.2}{\376\377\000W\000o\000r\000k\000\040\000o\000f\000\040\000i\000n\000s\000e\000r\000t\000i\000n\000g\000\040\000a\000n\000\040\000e\000x\000c\000l\000u\000d\000e\000d\000\040\000c\000o\000r\000e\000:\000\040\000w\000h\000y\000\040\000t\000h\000e\000\040\000t\000r\000a\000c\000e\000\040\000c\000o\000n\000t\000r\000i\000b\000u\000t\000e\000s}{section.Alph0.1}% 111
\BOOKMARK [2][-]{subsection.Alph0.1.3}{\376\377\000R\000e\000s\000u\000l\000t\000:\000\040\000V\000e\000f\000f\000=\0003\000V\000c\000o\000r\000e}{section.Alph0.1}% 112
\BOOKMARK [2][-]{subsection.Alph0.1.4}{\376\377\000S\000c\000o\000p\000e\000\040\000a\000n\000d\000\040\000l\000i\000m\000i\000t\000a\000t\000i\000o\000n}{section.Alph0.1}% 113
\BOOKMARK [1][-]{section.Alph0.2}{\376\377\000M\000o\000n\000o\000p\000o\000l\000e\000\040\000s\000o\000l\000u\000t\000i\000o\000n\000\040\000f\000o\000r\000\040\000p\000:\000\040\000G\000r\000e\000e\000n\000'\000s\000\040\000f\000u\000n\000c\000t\000i\000o\000n\000\040\000d\000e\000r\000i\000v\000a\000t\000i\000o\000n\000\040\000a\000n\000d\000\040\000s\000c\000r\000e\000e\000n\000e\000d\000\040\000v\000a\000r\000i\000a\000n\000t}{appendix.A}% 114
\BOOKMARK [2][-]{subsection.Alph0.2.1}{\376\377\000L\000a\000p\000l\000a\000c\000e\000\040\000e\000q\000u\000a\000t\000i\000o\000n\000\040\000a\000n\000d\000\040\000u\000n\000i\000q\000u\000e\000n\000e\000s\000s\000\040\000o\000f\000\040\000t\000h\000e\000\040\0001\000/\000r\000\040\000f\000a\000r\000\040\000f\000i\000e\000l\000d}{section.Alph0.2}% 115
\BOOKMARK [2][-]{subsection.Alph0.2.2}{\376\377\000E\000q\000u\000i\000v\000a\000l\000e\000n\000t\000\040\000s\000o\000u\000r\000c\000e\000\040\000f\000o\000r\000m\000u\000l\000a\000t\000i\000o\000n\000\040\000w\000i\000t\000h\000\040\000a\000\040\000m\000o\000n\000o\000p\000o\000l\000e\000\040\000s\000t\000r\000e\000n\000g\000t\000h}{section.Alph0.2}% 116
\BOOKMARK [2][-]{subsection.Alph0.2.3}{\376\377\000S\000c\000r\000e\000e\000n\000e\000d\000\040\000m\000e\000d\000i\000a\000t\000o\000r\000:\000\040\000Y\000u\000k\000a\000w\000a\000\040\000t\000a\000i\000l\000\040\000a\000n\000d\000\040\000a\000\040\000f\000a\000l\000s\000i\000f\000i\000a\000b\000l\000e\000\040\000l\000e\000n\000g\000t\000h\000\040\000s\000c\000a\000l\000e}{section.Alph0.2}% 117
\BOOKMARK [1][-]{section.Alph0.3}{\376\377\000S\000t\000r\000e\000s\000s\000\040\000t\000e\000n\000s\000o\000r\000\040\000o\000f\000\040\000t\000h\000e\000\040\000m\000e\000d\000i\000a\000t\000o\000r\000\040\000f\000i\000e\000l\000d\000\040\000a\000n\000d\000\040\000f\000a\000r\000-\000f\000i\000e\000l\000d\000\040\000m\000o\000m\000e\000n\000t\000u\000m\000\040\000f\000l\000u\000x}{appendix.A}% 118
\BOOKMARK [2][-]{subsection.Alph0.3.1}{\376\377\000S\000t\000r\000e\000s\000s\000-\000e\000n\000e\000r\000g\000y\000\040\000t\000e\000n\000s\000o\000r}{section.Alph0.3}% 119
\BOOKMARK [2][-]{subsection.Alph0.3.2}{\376\377\000E\000n\000e\000r\000g\000y\000\040\000d\000e\000n\000s\000i\000t\000y\000\040\000a\000n\000d\000\040\000f\000l\000u\000x}{section.Alph0.3}% 120
\BOOKMARK [2][-]{subsection.Alph0.3.3}{\376\377\000I\000m\000p\000l\000i\000c\000a\000t\000i\000o\000n\000\040\000f\000o\000r\000\040\000e\000c\000h\000o\000\040\000p\000h\000e\000n\000o\000m\000e\000n\000o\000l\000o\000g\000y}{section.Alph0.3}% 121
