This is pdfTeX, Version 3.141592653-2.6-1.40.28 (MiKTeX 25.12) (preloaded format=pdflatex 2026.1.10)  17 JAN 2026 12:25
entering extended mode
 restricted \write18 enabled.
 %&-line parsing enabled.
**./SST-02_Knot_Classified.tex
(SST-02_Knot_Classified.tex
LaTeX2e <2025-11-01>
L3 programming layer <2025-11-06>
(C:\Users\oscar\MikTex\tex/latex/base\article.cls
Document Class: article 2025/01/22 v1.4n Standard LaTeX document class
(C:\Users\oscar\MikTex\tex/latex/base\size11.clo
File: size11.clo 2025/01/22 v1.4n Standard LaTeX file (size option)
)
\c@part=\count275
\c@section=\count276
\c@subsection=\count277
\c@subsubsection=\count278
\c@paragraph=\count279
\c@subparagraph=\count280
\c@figure=\count281
\c@table=\count282
\abovecaptionskip=\skip49
\belowcaptionskip=\skip50
\bibindent=\dimen148
)
(C:\Users\oscar\MikTex\tex/latex/amsmath\amsmath.sty
Package: amsmath 2025/07/09 v2.17z AMS math features
\@mathmargin=\skip51

For additional information on amsmath, use the `?' option.
(C:\Users\oscar\MikTex\tex/latex/amsmath\amstext.sty
Package: amstext 2024/11/17 v2.01 AMS text

(C:\Users\oscar\MikTex\tex/latex/amsmath\amsgen.sty
File: amsgen.sty 1999/11/30 v2.0 generic functions
\@emptytoks=\toks17
\ex@=\dimen149
))
(C:\Users\oscar\MikTex\tex/latex/amsmath\amsbsy.sty
Package: amsbsy 1999/11/29 v1.2d Bold Symbols
\pmbraise@=\dimen150
)
(C:\Users\oscar\MikTex\tex/latex/amsmath\amsopn.sty
Package: amsopn 2022/04/08 v2.04 operator names
)
\inf@bad=\count283
LaTeX Info: Redefining \frac on input line 233.
\uproot@=\count284
\leftroot@=\count285
LaTeX Info: Redefining \overline on input line 398.
LaTeX Info: Redefining \colon on input line 409.
\classnum@=\count286
\DOTSCASE@=\count287
LaTeX Info: Redefining \ldots on input line 495.
LaTeX Info: Redefining \dots on input line 498.
LaTeX Info: Redefining \cdots on input line 619.
\Mathstrutbox@=\box53
\strutbox@=\box54
LaTeX Info: Redefining \big on input line 721.
LaTeX Info: Redefining \Big on input line 722.
LaTeX Info: Redefining \bigg on input line 723.
LaTeX Info: Redefining \Bigg on input line 724.
\big@size=\dimen151
LaTeX Font Info:    Redeclaring font encoding OML on input line 742.
LaTeX Font Info:    Redeclaring font encoding OMS on input line 743.
\macc@depth=\count288
LaTeX Info: Redefining \bmod on input line 904.
LaTeX Info: Redefining \pmod on input line 909.
LaTeX Info: Redefining \smash on input line 939.
LaTeX Info: Redefining \relbar on input line 969.
LaTeX Info: Redefining \Relbar on input line 970.
\c@MaxMatrixCols=\count289
\dotsspace@=\muskip17
\c@parentequation=\count290
\dspbrk@lvl=\count291
\tag@help=\toks18
\row@=\count292
\column@=\count293
\maxfields@=\count294
\andhelp@=\toks19
\eqnshift@=\dimen152
\alignsep@=\dimen153
\tagshift@=\dimen154
\tagwidth@=\dimen155
\totwidth@=\dimen156
\lineht@=\dimen157
\@envbody=\toks20
\multlinegap=\skip52
\multlinetaggap=\skip53
\mathdisplay@stack=\toks21
LaTeX Info: Redefining \[ on input line 2950.
LaTeX Info: Redefining \] on input line 2951.
)
(C:\Users\oscar\MikTex\tex/latex/l3backend\l3backend-pdftex.def
File: l3backend-pdftex.def 2025-10-09 L3 backend support: PDF output (pdfTeX)
\l__color_backend_stack_int=\count295
)
(C:\workspace\projects\SwirlStringTheory\SST-02_Knot_Classified\$outDir\SST-02_
Knot_Classified.aux)
\openout1 = `SST-02_Knot_Classified.aux'.

LaTeX Font Info:    Checking defaults for OML/cmm/m/it on input line 11.
LaTeX Font Info:    ... okay on input line 11.
LaTeX Font Info:    Checking defaults for OMS/cmsy/m/n on input line 11.
LaTeX Font Info:    ... okay on input line 11.
LaTeX Font Info:    Checking defaults for OT1/cmr/m/n on input line 11.
LaTeX Font Info:    ... okay on input line 11.
LaTeX Font Info:    Checking defaults for T1/cmr/m/n on input line 11.
LaTeX Font Info:    ... okay on input line 11.
LaTeX Font Info:    Checking defaults for TS1/cmr/m/n on input line 11.
LaTeX Font Info:    ... okay on input line 11.
LaTeX Font Info:    Checking defaults for OMX/cmex/m/n on input line 11.
LaTeX Font Info:    ... okay on input line 11.
LaTeX Font Info:    Checking defaults for U/cmr/m/n on input line 11.
LaTeX Font Info:    ... okay on input line 11.


LaTeX Warning: Citation `Iskandarani2025Canon' on page 1 undefined on input lin
e 15.


LaTeX Warning: Citation `Iskandarani2025Lagrangian' on page 1 undefined on inpu
t line 15.


Overfull \hbox (5.30006pt too wide) in paragraph at lines 24--24
[]\OT1/cmr/bx/n/12 Leptons: Torus Knots and Am-phichi-ral Hy-per-bolic Knots 
 []


LaTeX Warning: Citation `Iskandarani2025Canon' on page 1 undefined on input lin
e 33.


LaTeX Warning: Citation `KnotAtlas' on page 1 undefined on input line 33.


LaTeX Warning: Citation `Iskandarani2025Mass' on page 1 undefined on input line
 33.


Overfull \hbox (5.41031pt too wide) in paragraph at lines 36--37
 \OT1/cmr/bx/n/10.95 Neu-tral lep-tons ($\OML/cmm/m/it/10.95 ^^W[]; ^^W[]; ^^W[
]$\OT1/cmr/bx/n/10.95 ).[] \OT1/cmr/m/n/10.95 Elec-tri-cally neu-tral, weakly i
n-ter-act-ing states
 []


LaTeX Warning: Citation `KnotAtlas' on page 1 undefined on input line 42.


LaTeX Warning: Citation `Iskandarani2025Helicity' on page 1 undefined on input 
line 42.

[1

{C:/Users/oscar/AppData/Local/MiKTeX/fonts/map/pdftex/pdftex.map}]

LaTeX Warning: Citation `Iskandarani2025Helicity' on page 2 undefined on input 
line 46.


LaTeX Warning: Citation `Iskandarani2025Helicity' on page 2 undefined on input 
line 49.


LaTeX Warning: Citation `Iskandarani2025Helicity' on page 2 undefined on input 
line 55.


LaTeX Warning: Citation `Iskandarani2025Mass' on page 2 undefined on input line
 59.


LaTeX Warning: Citation `Iskandarani2025Mass' on page 2 undefined on input line
 59.


LaTeX Warning: Citation `Iskandarani2025Mass' on page 2 undefined on input line
 62.


LaTeX Warning: Citation `KnotAtlas' on page 2 undefined on input line 62.


LaTeX Warning: Citation `Iskandarani2025Canon' on page 2 undefined on input lin
e 67.

[2]

LaTeX Warning: Citation `Iskandarani2025Lagrangian' on page 3 undefined on inpu
t line 70.


LaTeX Warning: Citation `Iskandarani2025Lagrangian' on page 3 undefined on inpu
t line 73.


LaTeX Warning: Citation `KnotAtlas' on page 3 undefined on input line 76.


LaTeX Warning: Citation `KnotAtlas' on page 3 undefined on input line 84.


LaTeX Warning: Citation `Iskandarani2025Canon' on page 3 undefined on input lin
e 88.


LaTeX Warning: Citation `Iskandarani2025Helicity' on page 3 undefined on input 
line 88.


LaTeX Warning: Citation `Iskandarani2025Mass' on page 3 undefined on input line
 88.

No file SST-02_Knot_Classified.bbl.
[3]
(C:\workspace\projects\SwirlStringTheory\SST-02_Knot_Classified\$outDir\SST-02_
Knot_Classified.aux)
 ***********
LaTeX2e <2025-11-01>
L3 programming layer <2025-11-06>
 ***********


LaTeX Warning: There were undefined references.

 ) 
Here is how much of TeX's memory you used:
 1183 strings out of 467871
 18196 string characters out of 5429439
 441736 words of memory out of 5000000
 30113 multiletter control sequences out of 15000+600000
 633339 words of font info for 59 fonts, out of 8000000 for 9000
 1141 hyphenation exceptions out of 8191
 56i,5n,65p,635b,134s stack positions out of 10000i,1000n,20000p,200000b,200000s
 <C:\Users\oscar\AppData\Local\MiKTeX\fonts/pk/ljfour/jknappen/ec/dpi600\tcrm
1095.pk><C:/Users/oscar/MikTex/fonts/type1/public/amsfonts/cm/cmbx10.pfb><C:/Us
ers/oscar/MikTex/fonts/type1/public/amsfonts/cm/cmbx12.pfb><C:/Users/oscar/MikT
ex/fonts/type1/public/amsfonts/cm/cmmi10.pfb><C:/Users/oscar/MikTex/fonts/type1
/public/amsfonts/cm/cmmi8.pfb><C:/Users/oscar/MikTex/fonts/type1/public/amsfont
s/cm/cmr10.pfb><C:/Users/oscar/MikTex/fonts/type1/public/amsfonts/cm/cmr6.pfb><
C:/Users/oscar/MikTex/fonts/type1/public/amsfonts/cm/cmr8.pfb><C:/Users/oscar/M
ikTex/fonts/type1/public/amsfonts/cm/cmsy10.pfb><C:/Users/oscar/MikTex/fonts/ty
pe1/public/amsfonts/cm/cmsy8.pfb><C:/Users/oscar/MikTex/fonts/type1/public/amsf
onts/cm/cmti10.pfb>
Output written on C:\workspace\projects\SwirlStringTheory\SST-02_Knot_Classifie
d\$outDir\SST-02_Knot_Classified.pdf (3 pages, 138183 bytes).
PDF statistics:
 67 PDF objects out of 1000 (max. 8388607)
 0 named destinations out of 1000 (max. 500000)
 1 words of extra memory for PDF output out of 10000 (max. 10000000)

