This is pdfTeX, Version 3.141592653-2.6-1.40.28 (MiKTeX 25.12) (preloaded format=pdflatex 2026.1.10)  17 JAN 2026 12:28
entering extended mode
 restricted \write18 enabled.
 %&-line parsing enabled.
**./SST-00_Lagrangian.tex
(SST-00_Lagrangian.tex
LaTeX2e <2025-11-01>
L3 programming layer <2025-11-06>
(svjour3.cls
Document Class: svjour3 2010/03/15 Springer Journal Class
(C:\Users\oscar\MikTex\tex/latex/base\article.cls
Document Class: article 2025/01/22 v1.4n Standard LaTeX document class
(C:\Users\oscar\MikTex\tex/latex/base\size11.clo
File: size11.clo 2025/01/22 v1.4n Standard LaTeX file (size option)
)
\c@part=\count275
\c@section=\count276
\c@subsection=\count277
\c@subsubsection=\count278
\c@paragraph=\count279
\c@subparagraph=\count280
\c@figure=\count281
\c@table=\count282
\abovecaptionskip=\skip49
\belowcaptionskip=\skip50
\bibindent=\dimen148
)
(C:\Users\oscar\MikTex\tex/latex/amsfonts\amssymb.sty
Package: amssymb 2013/01/14 v3.01 AMS font symbols

(C:\Users\oscar\MikTex\tex/latex/amsfonts\amsfonts.sty
Package: amsfonts 2013/01/14 v3.01 Basic AMSFonts support
\@emptytoks=\toks17
\symAMSa=\mathgroup4
\symAMSb=\mathgroup5
LaTeX Font Info:    Redeclaring math symbol \hbar on input line 98.
LaTeX Font Info:    Overwriting math alphabet `\mathfrak' in version `bold'
(Font)                  U/euf/m/n --> U/euf/b/n on input line 106.
))
(C:\Users\oscar\MikTex\tex/latex/amsmath\amsmath.sty
Package: amsmath 2025/07/09 v2.17z AMS math features
\@mathmargin=\skip51

For additional information on amsmath, use the `?' option.
(C:\Users\oscar\MikTex\tex/latex/amsmath\amstext.sty
Package: amstext 2024/11/17 v2.01 AMS text

(C:\Users\oscar\MikTex\tex/latex/amsmath\amsgen.sty
File: amsgen.sty 1999/11/30 v2.0 generic functions
\@emptytoks=\toks18
\ex@=\dimen149
))
(C:\Users\oscar\MikTex\tex/latex/amsmath\amsbsy.sty
Package: amsbsy 1999/11/29 v1.2d Bold Symbols
\pmbraise@=\dimen150
)
(C:\Users\oscar\MikTex\tex/latex/amsmath\amsopn.sty
Package: amsopn 2022/04/08 v2.04 operator names
)
\inf@bad=\count283
LaTeX Info: Redefining \frac on input line 233.
\uproot@=\count284
\leftroot@=\count285
LaTeX Info: Redefining \overline on input line 398.
LaTeX Info: Redefining \colon on input line 409.
\classnum@=\count286
\DOTSCASE@=\count287
LaTeX Info: Redefining \ldots on input line 495.
LaTeX Info: Redefining \dots on input line 498.
LaTeX Info: Redefining \cdots on input line 619.
\Mathstrutbox@=\box53
\strutbox@=\box54
LaTeX Info: Redefining \big on input line 721.
LaTeX Info: Redefining \Big on input line 722.
LaTeX Info: Redefining \bigg on input line 723.
LaTeX Info: Redefining \Bigg on input line 724.
\big@size=\dimen151
LaTeX Font Info:    Redeclaring font encoding OML on input line 742.
LaTeX Font Info:    Redeclaring font encoding OMS on input line 743.
\macc@depth=\count288
LaTeX Info: Redefining \bmod on input line 904.
LaTeX Info: Redefining \pmod on input line 909.
LaTeX Info: Redefining \smash on input line 939.
LaTeX Info: Redefining \relbar on input line 969.
LaTeX Info: Redefining \Relbar on input line 970.
\c@MaxMatrixCols=\count289
\dotsspace@=\muskip17
\c@parentequation=\count290
\dspbrk@lvl=\count291
\tag@help=\toks19
\row@=\count292
\column@=\count293
\maxfields@=\count294
\andhelp@=\toks20
\eqnshift@=\dimen152
\alignsep@=\dimen153
\tagshift@=\dimen154
\tagwidth@=\dimen155
\totwidth@=\dimen156
\lineht@=\dimen157
\@envbody=\toks21
\multlinegap=\skip52
\multlinetaggap=\skip53
\mathdisplay@stack=\toks22
LaTeX Info: Redefining \[ on input line 2950.
LaTeX Info: Redefining \] on input line 2951.
)
(C:\Users\oscar\MikTex\tex/latex/graphics\graphicx.sty
Package: graphicx 2024/12/31 v1.2e Enhanced LaTeX Graphics (DPC,SPQR)

(C:\Users\oscar\MikTex\tex/latex/graphics\keyval.sty
Package: keyval 2022/05/29 v1.15 key=value parser (DPC)
\KV@toks@=\toks23
)
(C:\Users\oscar\MikTex\tex/latex/graphics\graphics.sty
Package: graphics 2024/08/06 v1.4g Standard LaTeX Graphics (DPC,SPQR)

(C:\Users\oscar\MikTex\tex/latex/graphics\trig.sty
Package: trig 2023/12/02 v1.11 sin cos tan (DPC)
)
(C:\Users\oscar\MikTex\tex/latex/graphics-cfg\graphics.cfg
File: graphics.cfg 2016/06/04 v1.11 sample graphics configuration
)
Package graphics Info: Driver file: pdftex.def on input line 106.

(C:\Users\oscar\MikTex\tex/latex/graphics-def\pdftex.def
File: pdftex.def 2025/09/29 v1.2d Graphics/color driver for pdftex
))
\Gin@req@height=\dimen158
\Gin@req@width=\dimen159
)
(C:\Users\oscar\MikTex\tex/latex/float\float.sty
Package: float 2001/11/08 v1.3d Float enhancements (AL)
\c@float@type=\count295
\float@exts=\toks24
\float@box=\box55
\@float@everytoks=\toks25
\@floatcapt=\box56
)
(C:\Users\oscar\MikTex\tex/latex/hyperref\hyperref.sty
Package: hyperref 2025-07-12 v7.01o Hypertext links for LaTeX

(C:\Users\oscar\MikTex\tex/generic/iftex\iftex.sty
Package: iftex 2024/12/12 v1.0g TeX engine tests
)
(C:\Users\oscar\MikTex\tex/latex/kvsetkeys\kvsetkeys.sty
Package: kvsetkeys 2022-10-05 v1.19 Key value parser (HO)
)
(C:\Users\oscar\MikTex\tex/generic/kvdefinekeys\kvdefinekeys.sty
Package: kvdefinekeys 2019-12-19 v1.6 Define keys (HO)
)
(C:\Users\oscar\MikTex\tex/generic/pdfescape\pdfescape.sty
Package: pdfescape 2019/12/09 v1.15 Implements pdfTeX's escape features (HO)

(C:\Users\oscar\MikTex\tex/generic/ltxcmds\ltxcmds.sty
Package: ltxcmds 2023-12-04 v1.26 LaTeX kernel commands for general use (HO)
)
(C:\Users\oscar\MikTex\tex/generic/pdftexcmds\pdftexcmds.sty
Package: pdftexcmds 2020-06-27 v0.33 Utility functions of pdfTeX for LuaTeX (HO
)

(C:\Users\oscar\MikTex\tex/generic/infwarerr\infwarerr.sty
Package: infwarerr 2019/12/03 v1.5 Providing info/warning/error messages (HO)
)
Package pdftexcmds Info: \pdf@primitive is available.
Package pdftexcmds Info: \pdf@ifprimitive is available.
Package pdftexcmds Info: \pdfdraftmode found.
))
(C:\Users\oscar\MikTex\tex/latex/hycolor\hycolor.sty
Package: hycolor 2020-01-27 v1.10 Color options for hyperref/bookmark (HO)
)
(C:\Users\oscar\MikTex\tex/latex/hyperref\nameref.sty
Package: nameref 2025-06-21 v2.57 Cross-referencing by name of section

(C:\Users\oscar\MikTex\tex/latex/refcount\refcount.sty
Package: refcount 2019/12/15 v3.6 Data extraction from label references (HO)
)
(C:\Users\oscar\MikTex\tex/generic/gettitlestring\gettitlestring.sty
Package: gettitlestring 2019/12/15 v1.6 Cleanup title references (HO)

(C:\Users\oscar\MikTex\tex/latex/kvoptions\kvoptions.sty
Package: kvoptions 2022-06-15 v3.15 Key value format for package options (HO)
))
\c@section@level=\count296
)
(C:\Users\oscar\MikTex\tex/latex/etoolbox\etoolbox.sty
Package: etoolbox 2025/10/02 v2.5m e-TeX tools for LaTeX (JAW)
\etb@tempcnta=\count297
)
(C:\Users\oscar\MikTex\tex/generic/stringenc\stringenc.sty
Package: stringenc 2019/11/29 v1.12 Convert strings between diff. encodings (HO
)
)
\@linkdim=\dimen160
\Hy@linkcounter=\count298
\Hy@pagecounter=\count299

(C:\Users\oscar\MikTex\tex/latex/hyperref\pd1enc.def
File: pd1enc.def 2025-07-12 v7.01o Hyperref: PDFDocEncoding definition (HO)
Now handling font encoding PD1 ...
... no UTF-8 mapping file for font encoding PD1
)
(C:\Users\oscar\MikTex\tex/generic/intcalc\intcalc.sty
Package: intcalc 2019/12/15 v1.3 Expandable calculations with integers (HO)
)
\Hy@SavedSpaceFactor=\count300

(C:\Users\oscar\MikTex\tex/latex/hyperref\puenc.def
File: puenc.def 2025-07-12 v7.01o Hyperref: PDF Unicode definition (HO)
Now handling font encoding PU ...
... no UTF-8 mapping file for font encoding PU
)
Package hyperref Info: Hyper figures OFF on input line 4195.
Package hyperref Info: Link nesting OFF on input line 4200.
Package hyperref Info: Hyper index ON on input line 4203.
Package hyperref Info: Plain pages OFF on input line 4210.
Package hyperref Info: Backreferencing OFF on input line 4215.
Package hyperref Info: Implicit mode ON; LaTeX internals redefined.
Package hyperref Info: Bookmarks ON on input line 4462.
\c@Hy@tempcnt=\count301

(C:\Users\oscar\MikTex\tex/latex/url\url.sty
\Urlmuskip=\muskip18
Package: url 2013/09/16  ver 3.4  Verb mode for urls, etc.
)
LaTeX Info: Redefining \url on input line 4801.
\XeTeXLinkMargin=\dimen161

(C:\Users\oscar\MikTex\tex/generic/bitset\bitset.sty
Package: bitset 2019/12/09 v1.3 Handle bit-vector datatype (HO)

(C:\Users\oscar\MikTex\tex/generic/bigintcalc\bigintcalc.sty
Package: bigintcalc 2019/12/15 v1.5 Expandable calculations on big integers (HO
)
))
\Fld@menulength=\count302
\Field@Width=\dimen162
\Fld@charsize=\dimen163
Package hyperref Info: Hyper figures OFF on input line 6078.
Package hyperref Info: Link nesting OFF on input line 6083.
Package hyperref Info: Hyper index ON on input line 6086.
Package hyperref Info: backreferencing OFF on input line 6093.
Package hyperref Info: Link coloring OFF on input line 6098.
Package hyperref Info: Link coloring with OCG OFF on input line 6103.
Package hyperref Info: PDF/A mode OFF on input line 6108.
\Hy@abspage=\count303
\c@Item=\count304
\c@Hfootnote=\count305
)
Package hyperref Info: Driver (autodetected): hpdftex.

(C:\Users\oscar\MikTex\tex/latex/hyperref\hpdftex.def
File: hpdftex.def 2025-07-12 v7.01o Hyperref driver for pdfTeX
\Fld@listcount=\count306
\c@bookmark@seq@number=\count307

(C:\Users\oscar\MikTex\tex/latex/rerunfilecheck\rerunfilecheck.sty
Package: rerunfilecheck 2025-06-21 v1.11 Rerun checks for auxiliary files (HO)

(C:\Users\oscar\MikTex\tex/generic/uniquecounter\uniquecounter.sty
Package: uniquecounter 2019/12/15 v1.4 Provide unlimited unique counter (HO)
)
Package uniquecounter Info: New unique counter `rerunfilecheck' on input line 2
84.
)
\Hy@SectionHShift=\skip54
))
(C:\Users\oscar\MikTex\tex/latex/cite\cite.sty
LaTeX Info: Redefining \cite on input line 302.
LaTeX Info: Redefining \nocite on input line 332.
Package: cite 2015/02/27  v 5.5
)
(C:\Users\oscar\MikTex\tex/latex/microtype\microtype.sty
Package: microtype 2025/07/09 v3.2b Micro-typographical refinements (RS)
\MT@toks=\toks26
\MT@tempbox=\box57
\MT@count=\count308
LaTeX Info: Redefining \noprotrusionifhmode on input line 1087.
LaTeX Info: Redefining \leftprotrusion on input line 1088.
\MT@prot@toks=\toks27
LaTeX Info: Redefining \rightprotrusion on input line 1107.
LaTeX Info: Redefining \textls on input line 1449.
\MT@outer@kern=\dimen164
LaTeX Info: Redefining \microtypecontext on input line 2053.
LaTeX Info: Redefining \textmicrotypecontext on input line 2070.
\MT@listname@count=\count309

(C:\Users\oscar\MikTex\tex/latex/microtype\microtype-pdftex.def
File: microtype-pdftex.def 2025/07/09 v3.2b Definitions specific to pdftex (RS)

LaTeX Info: Redefining \lsstyle on input line 944.
LaTeX Info: Redefining \lslig on input line 944.
\MT@outer@space=\skip55
)
Package microtype Info: Loading configuration file microtype.cfg.

(C:\Users\oscar\MikTex\tex/latex/microtype\microtype.cfg
File: microtype.cfg 2025/07/09 v3.2b microtype main configuration file (RS)
)
LaTeX Info: Redefining \microtypesetup on input line 3065.
)
(C:\Users\oscar\MikTex\tex/latex/booktabs\booktabs.sty
Package: booktabs 2020/01/12 v1.61803398 Publication quality tables
\heavyrulewidth=\dimen165
\lightrulewidth=\dimen166
\cmidrulewidth=\dimen167
\belowrulesep=\dimen168
\belowbottomsep=\dimen169
\aboverulesep=\dimen170
\abovetopsep=\dimen171
\cmidrulesep=\dimen172
\cmidrulekern=\dimen173
\defaultaddspace=\dimen174
\@cmidla=\count310
\@cmidlb=\count311
\@aboverulesep=\dimen175
\@belowrulesep=\dimen176
\@thisruleclass=\count312
\@lastruleclass=\count313
\@thisrulewidth=\dimen177
)
(C:\Users\oscar\MikTex\tex/latex/bookmark\bookmark.sty
Package: bookmark 2023-12-10 v1.31 PDF bookmarks (HO)

(C:\Users\oscar\MikTex\tex/latex/bookmark\bkm-pdftex.def
File: bkm-pdftex.def 2023-12-10 v1.31 bookmark driver for pdfTeX and luaTeX (HO
)
\BKM@id=\count314
))
(C:\Users\oscar\MikTex\tex/latex/xcolor\xcolor.sty
Package: xcolor 2024/09/29 v3.02 LaTeX color extensions (UK)

(C:\Users\oscar\MikTex\tex/latex/graphics-cfg\color.cfg
File: color.cfg 2016/01/02 v1.6 sample color configuration
)
Package xcolor Info: Driver file: pdftex.def on input line 274.

(C:\Users\oscar\MikTex\tex/latex/graphics\mathcolor.ltx)
Package xcolor Info: Model `cmy' substituted by `cmy0' on input line 1349.
Package xcolor Info: Model `hsb' substituted by `rgb' on input line 1353.
Package xcolor Info: Model `RGB' extended on input line 1365.
Package xcolor Info: Model `HTML' substituted by `rgb' on input line 1367.
Package xcolor Info: Model `Hsb' substituted by `hsb' on input line 1368.
Package xcolor Info: Model `tHsb' substituted by `hsb' on input line 1369.
Package xcolor Info: Model `HSB' substituted by `hsb' on input line 1370.
Package xcolor Info: Model `Gray' substituted by `gray' on input line 1371.
Package xcolor Info: Model `wave' substituted by `hsb' on input line 1372.
)
(C:\Users\oscar\MikTex\tex/latex/tcolorbox\tcolorbox.sty
Package: tcolorbox 2025/09/09 version 6.8.0 text color boxes

(C:\Users\oscar\MikTex\tex/latex/pgf/frontendlayer\tikz.sty
(C:\Users\oscar\MikTex\tex/latex/pgf/basiclayer\pgf.sty
(C:\Users\oscar\MikTex\tex/latex/pgf/utilities\pgfrcs.sty
(C:\Users\oscar\MikTex\tex/generic/pgf/utilities\pgfutil-common.tex
\pgfutil@everybye=\toks28
\pgfutil@tempdima=\dimen178
\pgfutil@tempdimb=\dimen179
)
(C:\Users\oscar\MikTex\tex/generic/pgf/utilities\pgfutil-latex.def
\pgfutil@abb=\box58
)
(C:\Users\oscar\MikTex\tex/generic/pgf/utilities\pgfrcs.code.tex
(C:\Users\oscar\MikTex\tex/generic/pgf\pgf.revision.tex)
Package: pgfrcs 2025-08-29 v3.1.11a (3.1.11a)
))
Package: pgf 2025-08-29 v3.1.11a (3.1.11a)

(C:\Users\oscar\MikTex\tex/latex/pgf/basiclayer\pgfcore.sty
(C:\Users\oscar\MikTex\tex/latex/pgf/systemlayer\pgfsys.sty
(C:\Users\oscar\MikTex\tex/generic/pgf/systemlayer\pgfsys.code.tex
Package: pgfsys 2025-08-29 v3.1.11a (3.1.11a)

(C:\Users\oscar\MikTex\tex/generic/pgf/utilities\pgfkeys.code.tex
\pgfkeys@pathtoks=\toks29
\pgfkeys@temptoks=\toks30

(C:\Users\oscar\MikTex\tex/generic/pgf/utilities\pgfkeyslibraryfiltered.code.te
x
\pgfkeys@tmptoks=\toks31
))
\pgf@x=\dimen180
\pgf@y=\dimen181
\pgf@xa=\dimen182
\pgf@ya=\dimen183
\pgf@xb=\dimen184
\pgf@yb=\dimen185
\pgf@xc=\dimen186
\pgf@yc=\dimen187
\pgf@xd=\dimen188
\pgf@yd=\dimen189
\w@pgf@writea=\write3
\r@pgf@reada=\read2
\c@pgf@counta=\count315
\c@pgf@countb=\count316
\c@pgf@countc=\count317
\c@pgf@countd=\count318
\t@pgf@toka=\toks32
\t@pgf@tokb=\toks33
\t@pgf@tokc=\toks34
\pgf@sys@id@count=\count319
 (C:\Users\oscar\MikTex\tex/generic/pgf/systemlayer\pgf.cfg
File: pgf.cfg 2025-08-29 v3.1.11a (3.1.11a)
)
Driver file for pgf: pgfsys-pdftex.def

(C:\Users\oscar\MikTex\tex/generic/pgf/systemlayer\pgfsys-pdftex.def
File: pgfsys-pdftex.def 2025-08-29 v3.1.11a (3.1.11a)

(C:\Users\oscar\MikTex\tex/generic/pgf/systemlayer\pgfsys-common-pdf.def
File: pgfsys-common-pdf.def 2025-08-29 v3.1.11a (3.1.11a)
)))
(C:\Users\oscar\MikTex\tex/generic/pgf/systemlayer\pgfsyssoftpath.code.tex
File: pgfsyssoftpath.code.tex 2025-08-29 v3.1.11a (3.1.11a)
\pgfsyssoftpath@smallbuffer@items=\count320
\pgfsyssoftpath@bigbuffer@items=\count321
)
(C:\Users\oscar\MikTex\tex/generic/pgf/systemlayer\pgfsysprotocol.code.tex
File: pgfsysprotocol.code.tex 2025-08-29 v3.1.11a (3.1.11a)
))
(C:\Users\oscar\MikTex\tex/generic/pgf/basiclayer\pgfcore.code.tex
Package: pgfcore 2025-08-29 v3.1.11a (3.1.11a)

(C:\Users\oscar\MikTex\tex/generic/pgf/math\pgfmath.code.tex
(C:\Users\oscar\MikTex\tex/generic/pgf/math\pgfmathutil.code.tex)
(C:\Users\oscar\MikTex\tex/generic/pgf/math\pgfmathparser.code.tex
\pgfmath@dimen=\dimen190
\pgfmath@count=\count322
\pgfmath@box=\box59
\pgfmath@toks=\toks35
\pgfmath@stack@operand=\toks36
\pgfmath@stack@operation=\toks37
)
(C:\Users\oscar\MikTex\tex/generic/pgf/math\pgfmathfunctions.code.tex)
(C:\Users\oscar\MikTex\tex/generic/pgf/math\pgfmathfunctions.basic.code.tex)
(C:\Users\oscar\MikTex\tex/generic/pgf/math\pgfmathfunctions.trigonometric.code
.tex)
(C:\Users\oscar\MikTex\tex/generic/pgf/math\pgfmathfunctions.random.code.tex)
(C:\Users\oscar\MikTex\tex/generic/pgf/math\pgfmathfunctions.comparison.code.te
x) (C:\Users\oscar\MikTex\tex/generic/pgf/math\pgfmathfunctions.base.code.tex)
(C:\Users\oscar\MikTex\tex/generic/pgf/math\pgfmathfunctions.round.code.tex)
(C:\Users\oscar\MikTex\tex/generic/pgf/math\pgfmathfunctions.misc.code.tex)
(C:\Users\oscar\MikTex\tex/generic/pgf/math\pgfmathfunctions.integerarithmetics
.code.tex) (C:\Users\oscar\MikTex\tex/generic/pgf/math\pgfmathcalc.code.tex)
(C:\Users\oscar\MikTex\tex/generic/pgf/math\pgfmathfloat.code.tex
\c@pgfmathroundto@lastzeros=\count323
))
(C:\Users\oscar\MikTex\tex/generic/pgf/math\pgfint.code.tex)
(C:\Users\oscar\MikTex\tex/generic/pgf/basiclayer\pgfcorepoints.code.tex
File: pgfcorepoints.code.tex 2025-08-29 v3.1.11a (3.1.11a)
\pgf@picminx=\dimen191
\pgf@picmaxx=\dimen192
\pgf@picminy=\dimen193
\pgf@picmaxy=\dimen194
\pgf@pathminx=\dimen195
\pgf@pathmaxx=\dimen196
\pgf@pathminy=\dimen197
\pgf@pathmaxy=\dimen198
\pgf@xx=\dimen199
\pgf@xy=\dimen256
\pgf@yx=\dimen257
\pgf@yy=\dimen258
\pgf@zx=\dimen259
\pgf@zy=\dimen260
)
(C:\Users\oscar\MikTex\tex/generic/pgf/basiclayer\pgfcorepathconstruct.code.tex
File: pgfcorepathconstruct.code.tex 2025-08-29 v3.1.11a (3.1.11a)
\pgf@path@lastx=\dimen261
\pgf@path@lasty=\dimen262
) (C:\Users\oscar\MikTex\tex/generic/pgf/basiclayer\pgfcorepathusage.code.tex
File: pgfcorepathusage.code.tex 2025-08-29 v3.1.11a (3.1.11a)
\pgf@shorten@end@additional=\dimen263
\pgf@shorten@start@additional=\dimen264
)
(C:\Users\oscar\MikTex\tex/generic/pgf/basiclayer\pgfcorescopes.code.tex
File: pgfcorescopes.code.tex 2025-08-29 v3.1.11a (3.1.11a)
\pgfpic=\box60
\pgf@hbox=\box61
\pgf@layerbox@main=\box62
\pgf@picture@serial@count=\count324
)
(C:\Users\oscar\MikTex\tex/generic/pgf/basiclayer\pgfcoregraphicstate.code.tex
File: pgfcoregraphicstate.code.tex 2025-08-29 v3.1.11a (3.1.11a)
\pgflinewidth=\dimen265
)
(C:\Users\oscar\MikTex\tex/generic/pgf/basiclayer\pgfcoretransformations.code.t
ex
File: pgfcoretransformations.code.tex 2025-08-29 v3.1.11a (3.1.11a)
\pgf@pt@x=\dimen266
\pgf@pt@y=\dimen267
\pgf@pt@temp=\dimen268
) (C:\Users\oscar\MikTex\tex/generic/pgf/basiclayer\pgfcorequick.code.tex
File: pgfcorequick.code.tex 2025-08-29 v3.1.11a (3.1.11a)
)
(C:\Users\oscar\MikTex\tex/generic/pgf/basiclayer\pgfcoreobjects.code.tex
File: pgfcoreobjects.code.tex 2025-08-29 v3.1.11a (3.1.11a)
)
(C:\Users\oscar\MikTex\tex/generic/pgf/basiclayer\pgfcorepathprocessing.code.te
x
File: pgfcorepathprocessing.code.tex 2025-08-29 v3.1.11a (3.1.11a)
) (C:\Users\oscar\MikTex\tex/generic/pgf/basiclayer\pgfcorearrows.code.tex
File: pgfcorearrows.code.tex 2025-08-29 v3.1.11a (3.1.11a)
\pgfarrowsep=\dimen269
)
(C:\Users\oscar\MikTex\tex/generic/pgf/basiclayer\pgfcoreshade.code.tex
File: pgfcoreshade.code.tex 2025-08-29 v3.1.11a (3.1.11a)
\pgf@max=\dimen270
\pgf@sys@shading@range@num=\count325
\pgf@shadingcount=\count326
)
(C:\Users\oscar\MikTex\tex/generic/pgf/basiclayer\pgfcoreimage.code.tex
File: pgfcoreimage.code.tex 2025-08-29 v3.1.11a (3.1.11a)
)
(C:\Users\oscar\MikTex\tex/generic/pgf/basiclayer\pgfcoreexternal.code.tex
File: pgfcoreexternal.code.tex 2025-08-29 v3.1.11a (3.1.11a)
\pgfexternal@startupbox=\box63
)
(C:\Users\oscar\MikTex\tex/generic/pgf/basiclayer\pgfcorelayers.code.tex
File: pgfcorelayers.code.tex 2025-08-29 v3.1.11a (3.1.11a)
)
(C:\Users\oscar\MikTex\tex/generic/pgf/basiclayer\pgfcoretransparency.code.tex
File: pgfcoretransparency.code.tex 2025-08-29 v3.1.11a (3.1.11a)
) (C:\Users\oscar\MikTex\tex/generic/pgf/basiclayer\pgfcorepatterns.code.tex
File: pgfcorepatterns.code.tex 2025-08-29 v3.1.11a (3.1.11a)
)
(C:\Users\oscar\MikTex\tex/generic/pgf/basiclayer\pgfcorerdf.code.tex
File: pgfcorerdf.code.tex 2025-08-29 v3.1.11a (3.1.11a)
)))
(C:\Users\oscar\MikTex\tex/generic/pgf/modules\pgfmoduleshapes.code.tex
File: pgfmoduleshapes.code.tex 2025-08-29 v3.1.11a (3.1.11a)
\pgfnodeparttextbox=\box64
)
(C:\Users\oscar\MikTex\tex/generic/pgf/modules\pgfmoduleplot.code.tex
File: pgfmoduleplot.code.tex 2025-08-29 v3.1.11a (3.1.11a)
)
(C:\Users\oscar\MikTex\tex/latex/pgf/compatibility\pgfcomp-version-0-65.sty
Package: pgfcomp-version-0-65 2025-08-29 v3.1.11a (3.1.11a)
\pgf@nodesepstart=\dimen271
\pgf@nodesepend=\dimen272
)
(C:\Users\oscar\MikTex\tex/latex/pgf/compatibility\pgfcomp-version-1-18.sty
Package: pgfcomp-version-1-18 2025-08-29 v3.1.11a (3.1.11a)
))
(C:\Users\oscar\MikTex\tex/latex/pgf/utilities\pgffor.sty
(C:\Users\oscar\MikTex\tex/latex/pgf/utilities\pgfkeys.sty
(C:\Users\oscar\MikTex\tex/generic/pgf/utilities\pgfkeys.code.tex))
(C:\Users\oscar\MikTex\tex/latex/pgf/math\pgfmath.sty
(C:\Users\oscar\MikTex\tex/generic/pgf/math\pgfmath.code.tex))
(C:\Users\oscar\MikTex\tex/generic/pgf/utilities\pgffor.code.tex
Package: pgffor 2025-08-29 v3.1.11a (3.1.11a)
\pgffor@iter=\dimen273
\pgffor@skip=\dimen274
\pgffor@stack=\toks38
\pgffor@toks=\toks39
))
(C:\Users\oscar\MikTex\tex/generic/pgf/frontendlayer/tikz\tikz.code.tex
Package: tikz 2025-08-29 v3.1.11a (3.1.11a)

(C:\Users\oscar\MikTex\tex/generic/pgf/libraries\pgflibraryplothandlers.code.te
x
File: pgflibraryplothandlers.code.tex 2025-08-29 v3.1.11a (3.1.11a)
\pgf@plot@mark@count=\count327
\pgfplotmarksize=\dimen275
)
\tikz@lastx=\dimen276
\tikz@lasty=\dimen277
\tikz@lastxsaved=\dimen278
\tikz@lastysaved=\dimen279
\tikz@lastmovetox=\dimen280
\tikz@lastmovetoy=\dimen281
\tikzleveldistance=\dimen282
\tikzsiblingdistance=\dimen283
\tikz@figbox=\box65
\tikz@figbox@bg=\box66
\tikz@tempbox=\box67
\tikz@tempbox@bg=\box68
\tikztreelevel=\count328
\tikznumberofchildren=\count329
\tikznumberofcurrentchild=\count330
\tikz@fig@count=\count331
 (C:\Users\oscar\MikTex\tex/generic/pgf/modules\pgfmodulematrix.code.tex
File: pgfmodulematrix.code.tex 2025-08-29 v3.1.11a (3.1.11a)
\pgfmatrixcurrentrow=\count332
\pgfmatrixcurrentcolumn=\count333
\pgf@matrix@numberofcolumns=\count334
)
\tikz@expandcount=\count335

(C:\Users\oscar\MikTex\tex/generic/pgf/frontendlayer/tikz/libraries\tikzlibrary
topaths.code.tex
File: tikzlibrarytopaths.code.tex 2025-08-29 v3.1.11a (3.1.11a)
))) (C:\Users\oscar\MikTex\tex/latex/tools\verbatim.sty
Package: verbatim 2024-01-22 v1.5x LaTeX2e package for verbatim enhancements
\every@verbatim=\toks40
\verbatim@line=\toks41
\verbatim@in@stream=\read3
)
(C:\Users\oscar\MikTex\tex/latex/environ\environ.sty
Package: environ 2014/05/04 v0.3 A new way to define environments

(C:\Users\oscar\MikTex\tex/latex/trimspaces\trimspaces.sty
Package: trimspaces 2009/09/17 v1.1 Trim spaces around a token list
))
\tcb@titlebox=\box69
\tcb@upperbox=\box70
\tcb@lowerbox=\box71
\tcb@phantombox=\box72
\c@tcbbreakpart=\count336
\c@tcblayer=\count337
\c@tcolorbox@number=\count338
\l__tcobox_tmpa_box=\box73
\l__tcobox_tmpa_dim=\dimen284
\tcb@temp=\box74
\tcb@temp=\box75
\tcb@temp=\box76
\tcb@temp=\box77
)
(C:\Users\oscar\MikTex\tex/latex/enumitem\enumitem.sty
Package: enumitem 2025/02/06 v3.11 Customized lists
\labelindent=\skip56
\enit@outerparindent=\dimen285
\enit@toks=\toks42
\enit@inbox=\box78
\enit@count@id=\count339
\enitdp@description=\count340
)
(C:\Users\oscar\MikTex\tex/latex/physics\physics.sty
Package: physics 

(C:\Users\oscar\MikTex\tex/latex/l3packages/xparse\xparse.sty
(C:\Users\oscar\MikTex\tex/latex/l3kernel\expl3.sty
Package: expl3 2025-11-06 L3 programming layer (loader) 

(C:\Users\oscar\MikTex\tex/latex/l3backend\l3backend-pdftex.def
File: l3backend-pdftex.def 2025-10-09 L3 backend support: PDF output (pdfTeX)
\l__color_backend_stack_int=\count341
))
Package: xparse 2025-10-09 L3 Experimental document command parser
))
(C:\Users\oscar\MikTex\tex/latex/fancyhdr\fancyhdr.sty
Package: fancyhdr 2025/02/07 v5.2 Extensive control of page headers and footers

\f@nch@headwidth=\skip57
\f@nch@offset@elh=\skip58
\f@nch@offset@erh=\skip59
\f@nch@offset@olh=\skip60
\f@nch@offset@orh=\skip61
\f@nch@offset@elf=\skip62
\f@nch@offset@erf=\skip63
\f@nch@offset@olf=\skip64
\f@nch@offset@orf=\skip65
\f@nch@height=\skip66
\f@nch@footalignment=\skip67
\f@nch@widthL=\skip68
\f@nch@widthC=\skip69
\f@nch@widthR=\skip70
\@temptokenb=\toks43
)
(C:\Users\oscar\MikTex\tex/latex/tools\bm.sty
Package: bm 2025/10/21 v1.2g Bold Symbol Support (DPC/FMi)
\symboldoperators=\mathgroup6
\symboldletters=\mathgroup7
\symboldsymbols=\mathgroup8
Package bm Info: No bold for \OMX/cmex/m/n, using \pmb.
Package bm Info: No bold for \U/msa/m/n, using \pmb.
Package bm Info: No bold for \U/msb/m/n, using \pmb.
LaTeX Font Info:    Redeclaring math alphabet \mathbf on input line 149.
)
(C:\Users\oscar\MikTex\tex/latex/spath3\tikzlibraryknots.code.tex
(C:\Users\oscar\MikTex\tex/latex/spath3\spath3.sty
Package: spath3 2024/05/31 v2.8 Functions for manipulating PGF soft paths
\g__spath_output_int=\count342
\l__spath_tmpa_dim=\dimen286
\l__spath_tmpb_dim=\dimen287
\l__spath_tmpa_int=\count343
\l__spath_tmpb_int=\count344
\l__spath_move_x_dim=\dimen288
\l__spath_move_y_dim=\dimen289
\l__spath_rectx_dim=\dimen290
\l__spath_recty_dim=\dimen291
\g__spath_anon_int=\count345
)
(C:\Users\oscar\MikTex\tex/generic/pgf/frontendlayer/tikz/libraries\tikzlibrary
intersections.code.tex
(C:\Users\oscar\MikTex\tex/generic/pgf/libraries\pgflibraryintersections.code.t
ex (C:\Users\oscar\MikTex\tex/generic/pgf/libraries\pgflibraryfpu.code.tex)
\pgf@intersect@solutions=\count346
))
(C:\Users\oscar\MikTex\tex/latex/spath3\tikzlibraryspath3.code.tex
\l__tikzspath_tmpa_int=\count347
)
\l__knot_tmpa_int=\count348
\l__knot_strands_int=\count349
\g__knot_intersections_int=\count350
\g__knot_filaments_int=\count351
\l__knot_component_start_int=\count352
\l__knot_tmpa_dim=\dimen292
\l__knot_tmpb_dim=\dimen293
\l__knot_tolerance_dim=\dimen294
\l__knot_redraw_tolerance_dim=\dimen295
\l__knot_clip_bg_radius_dim=\dimen296
\l__knot_clip_draw_radius_dim=\dimen297
)
(C:\Users\oscar\MikTex\tex/generic/pgf/frontendlayer/tikz/libraries\tikzlibrary
decorations.pathreplacing.code.tex
(C:\Users\oscar\MikTex\tex/generic/pgf/frontendlayer/tikz/libraries\tikzlibrary
decorations.code.tex
(C:\Users\oscar\MikTex\tex/generic/pgf/modules\pgfmoduledecorations.code.tex
\pgfdecoratedcompleteddistance=\dimen298
\pgfdecoratedremainingdistance=\dimen299
\pgfdecoratedinputsegmentcompleteddistance=\dimen300
\pgfdecoratedinputsegmentremainingdistance=\dimen301
\pgf@decorate@distancetomove=\dimen302
\pgf@decorate@repeatstate=\count353
\pgfdecorationsegmentamplitude=\dimen303
\pgfdecorationsegmentlength=\dimen304
)
\tikz@lib@dec@box=\box79
)
(C:\Users\oscar\MikTex\tex/generic/pgf/libraries/decorations\pgflibrarydecorati
ons.pathreplacing.code.tex))
(C:\Users\oscar\MikTex\tex/generic/pgf/frontendlayer/tikz/libraries\tikzlibrary
3d.code.tex
File: tikzlibrary3d.code.tex 2025-08-29 v3.1.11a (3.1.11a)
)
(C:\Users\oscar\MikTex\tex/generic/pgf/frontendlayer/tikz/libraries\tikzlibrary
calc.code.tex
File: tikzlibrarycalc.code.tex 2025-08-29 v3.1.11a (3.1.11a)
)
(C:\Users\oscar\MikTex\tex/generic/pgf/libraries\pgflibraryarrows.meta.code.tex
File: pgflibraryarrows.meta.code.tex 2025-08-29 v3.1.11a (3.1.11a)
\pgfarrowinset=\dimen305
\pgfarrowlength=\dimen306
\pgfarrowwidth=\dimen307
\pgfarrowlinewidth=\dimen308
)
(C:\Users\oscar\MikTex\tex/generic/pgf/frontendlayer/tikz/libraries\tikzlibrary
positioning.code.tex
File: tikzlibrarypositioning.code.tex 2025-08-29 v3.1.11a (3.1.11a)
)
(C:\Users\oscar\MikTex\tex/generic/pgf/frontendlayer/tikz/libraries\tikzlibrary
decorations.pathmorphing.code.tex
(C:\Users\oscar\MikTex\tex/generic/pgf/libraries/decorations\pgflibrarydecorati
ons.pathmorphing.code.tex))
(C:\Users\oscar\MikTex\tex/latex/pgfplots\pgfplots.sty
(C:\Users\oscar\MikTex\tex/generic/pgfplots\pgfplots.revision.tex)
Package: pgfplots 2021/05/15 v1.18.1 Data Visualization (1.18.1)

(C:\Users\oscar\MikTex\tex/generic/pgfplots\pgfplots.code.tex
(C:\Users\oscar\MikTex\tex/generic/pgfplots\pgfplotscore.code.tex
\t@pgfplots@toka=\toks44
\t@pgfplots@tokb=\toks45
\t@pgfplots@tokc=\toks46
\pgfplots@tmpa=\dimen309
\c@pgfplots@coordindex=\count354
\c@pgfplots@scanlineindex=\count355

(C:\Users\oscar\MikTex\tex/generic/pgfplots/sys\pgfplotssysgeneric.code.tex))
(C:\Users\oscar\MikTex\tex/generic/pgfplots/libs\pgfplotslibrary.code.tex)
(C:\Users\oscar\MikTex\tex/generic/pgfplots/oldpgfcompatib\pgfplotsoldpgfsupp_l
oader.code.tex
Package pgfplots: loading complementary utilities for your pgf version...
\t@pgf@toka=\toks47
\t@pgf@tokb=\toks48
\t@pgf@tokc=\toks49

(C:\Users\oscar\MikTex\tex/generic/pgfplots/oldpgfcompatib\pgfplotsoldpgfsupp_p
gfutil-common-lists.tex))
(C:\Users\oscar\MikTex\tex/generic/pgfplots/util\pgfplotsutil.code.tex
(C:\Users\oscar\MikTex\tex/generic/pgfplots/liststructure\pgfplotsliststructure
.code.tex)
(C:\Users\oscar\MikTex\tex/generic/pgfplots/liststructure\pgfplotsliststructure
ext.code.tex)
(C:\Users\oscar\MikTex\tex/generic/pgfplots/liststructure\pgfplotsarray.code.te
x
\c@pgfplotsarray@tmp=\count356
)
(C:\Users\oscar\MikTex\tex/generic/pgfplots/liststructure\pgfplotsmatrix.code.t
ex)
(C:\Users\oscar\MikTex\tex/generic/pgfplots/numtable\pgfplotstableshared.code.t
ex
\c@pgfplotstable@counta=\count357
\t@pgfplotstable@a=\toks50
)
(C:\Users\oscar\MikTex\tex/generic/pgfplots/liststructure\pgfplotsdeque.code.te
x) (C:\Users\oscar\MikTex\tex/generic/pgfplots/util\pgfplotsbinary.code.tex
(C:\Users\oscar\MikTex\tex/generic/pgfplots/util\pgfplotsbinary.data.code.tex))
(C:\Users\oscar\MikTex\tex/generic/pgfplots/util\pgfplotsutil.verb.code.tex)
(C:\Users\oscar\MikTex\tex/generic/pgfplots/libs\pgflibrarypgfplots.surfshading
.code.tex
\c@pgfplotslibrarysurf@no=\count358

(C:\Users\oscar\MikTex\tex/generic/pgfplots/sys\pgflibrarypgfplots.surfshading.
pgfsys-pdftex.def)))
(C:\Users\oscar\MikTex\tex/generic/pgfplots/util\pgfplotscolormap.code.tex
(C:\Users\oscar\MikTex\tex/generic/pgfplots/util\pgfplotscolor.code.tex))
(C:\Users\oscar\MikTex\tex/generic/pgfplots\pgfplotsstackedplots.code.tex)
(C:\Users\oscar\MikTex\tex/generic/pgfplots\pgfplotsplothandlers.code.tex
(C:\Users\oscar\MikTex\tex/generic/pgfplots\pgfplotsmeshplothandler.code.tex
(C:\Users\oscar\MikTex\tex/generic/pgfplots\pgfplotsmeshplotimage.code.tex)))
(C:\Users\oscar\MikTex\tex/generic/pgfplots\pgfplots.scaling.code.tex)
(C:\Users\oscar\MikTex\tex/generic/pgfplots\pgfplotscoordprocessing.code.tex)
(C:\Users\oscar\MikTex\tex/generic/pgfplots\pgfplots.errorbars.code.tex)
(C:\Users\oscar\MikTex\tex/generic/pgfplots\pgfplots.markers.code.tex)
(C:\Users\oscar\MikTex\tex/generic/pgfplots\pgfplotsticks.code.tex)
(C:\Users\oscar\MikTex\tex/generic/pgfplots\pgfplots.paths.code.tex)
(C:\Users\oscar\MikTex\tex/generic/pgfplots/libs\tikzlibrarypgfplots.contourlua
.code.tex)
\pgfplots@numplots=\count359
\pgfplots@xmin@reg=\dimen310
\pgfplots@xmax@reg=\dimen311
\pgfplots@ymin@reg=\dimen312
\pgfplots@ymax@reg=\dimen313
\pgfplots@zmin@reg=\dimen314
\pgfplots@zmax@reg=\dimen315
)
(C:\Users\oscar\MikTex\tex/generic/pgf/frontendlayer/tikz/libraries\tikzlibrary
plotmarks.code.tex
File: tikzlibraryplotmarks.code.tex 2025-08-29 v3.1.11a (3.1.11a)

(C:\Users\oscar\MikTex\tex/generic/pgf/libraries\pgflibraryplotmarks.code.tex
File: pgflibraryplotmarks.code.tex 2025-08-29 v3.1.11a (3.1.11a)
))) (C:\Users\oscar\MikTex\tex/latex/lm\lmodern.sty
Package: lmodern 2015/05/01 v1.6.1 Latin Modern Fonts
LaTeX Font Info:    Overwriting symbol font `operators' in version `normal'
(Font)                  OT1/cmr/m/n --> OT1/lmr/m/n on input line 22.
LaTeX Font Info:    Overwriting symbol font `letters' in version `normal'
(Font)                  OML/cmm/m/it --> OML/lmm/m/it on input line 23.
LaTeX Font Info:    Overwriting symbol font `symbols' in version `normal'
(Font)                  OMS/cmsy/m/n --> OMS/lmsy/m/n on input line 24.
LaTeX Font Info:    Overwriting symbol font `largesymbols' in version `normal'
(Font)                  OMX/cmex/m/n --> OMX/lmex/m/n on input line 25.
LaTeX Font Info:    Overwriting symbol font `operators' in version `bold'
(Font)                  OT1/cmr/bx/n --> OT1/lmr/bx/n on input line 26.
LaTeX Font Info:    Overwriting symbol font `letters' in version `bold'
(Font)                  OML/cmm/b/it --> OML/lmm/b/it on input line 27.
LaTeX Font Info:    Overwriting symbol font `symbols' in version `bold'
(Font)                  OMS/cmsy/b/n --> OMS/lmsy/b/n on input line 28.
LaTeX Font Info:    Overwriting symbol font `largesymbols' in version `bold'
(Font)                  OMX/cmex/m/n --> OMX/lmex/m/n on input line 29.
LaTeX Font Info:    Overwriting math alphabet `\mathbf' in version `normal'
(Font)                  OT1/cmr/bx/n --> OT1/lmr/bx/n on input line 31.
LaTeX Font Info:    Overwriting math alphabet `\mathsf' in version `normal'
(Font)                  OT1/cmss/m/n --> OT1/lmss/m/n on input line 32.
LaTeX Font Info:    Overwriting math alphabet `\mathit' in version `normal'
(Font)                  OT1/cmr/m/it --> OT1/lmr/m/it on input line 33.
LaTeX Font Info:    Overwriting math alphabet `\mathtt' in version `normal'
(Font)                  OT1/cmtt/m/n --> OT1/lmtt/m/n on input line 34.
LaTeX Font Info:    Overwriting math alphabet `\mathbf' in version `bold'
(Font)                  OT1/cmr/bx/n --> OT1/lmr/bx/n on input line 35.
LaTeX Font Info:    Overwriting math alphabet `\mathsf' in version `bold'
(Font)                  OT1/cmss/bx/n --> OT1/lmss/bx/n on input line 36.
LaTeX Font Info:    Overwriting math alphabet `\mathit' in version `bold'
(Font)                  OT1/cmr/bx/it --> OT1/lmr/bx/it on input line 37.
LaTeX Font Info:    Overwriting math alphabet `\mathtt' in version `bold'
(Font)                  OT1/cmtt/m/n --> OT1/lmtt/m/n on input line 38.
)
(C:\Users\oscar\MikTex\tex/latex/siunitx\siunitx.sty
Package: siunitx 2025-07-09 v3.4.14 A comprehensive (SI) units package
\l__siunitx_number_uncert_offset_int=\count360
\l__siunitx_number_exponent_fixed_int=\count361
\l__siunitx_number_min_decimal_int=\count362
\l__siunitx_number_min_integer_int=\count363
\l__siunitx_number_round_precision_int=\count364
\l__siunitx_number_lower_threshold_int=\count365
\l__siunitx_number_upper_threshold_int=\count366
\l__siunitx_number_group_first_int=\count367
\l__siunitx_number_group_size_int=\count368
\l__siunitx_number_group_minimum_int=\count369
\l__siunitx_angle_tmp_dim=\dimen316
\l__siunitx_angle_marker_box=\box80
\l__siunitx_angle_unit_box=\box81
\l__siunitx_compound_count_int=\count370

(C:\Users\oscar\MikTex\tex/latex/translations\translations.sty
Package: translations 2022/02/05 v1.12 internationalization of LaTeX2e packages
 (CN)
)
\l__siunitx_table_tmp_box=\box82
\l__siunitx_table_tmp_dim=\dimen317
\l__siunitx_table_column_width_dim=\dimen318
\l__siunitx_table_integer_box=\box83
\l__siunitx_table_decimal_box=\box84
\l__siunitx_table_uncert_box=\box85
\l__siunitx_table_before_box=\box86
\l__siunitx_table_after_box=\box87
\l__siunitx_table_before_dim=\dimen319
\l__siunitx_table_carry_dim=\dimen320
\l__siunitx_unit_tmp_int=\count371
\l__siunitx_unit_position_int=\count372
\l__siunitx_unit_total_int=\count373

(C:\Users\oscar\MikTex\tex/latex/tools\array.sty
Package: array 2025/09/25 v2.6n Tabular extension package (FMi)
\col@sep=\dimen321
\ar@mcellbox=\box88
\extrarowheight=\dimen322
\NC@list=\toks51
\extratabsurround=\skip71
\backup@length=\skip72
\ar@cellbox=\box89
))

Package siunitx Info: Option "detect-all" has been deprecated in this release.
(siunitx)             
(siunitx)             Use "mode = match, propagate-math-font = true,
(siunitx)             reset-math-version = false, reset-text-family = false,
(siunitx)             reset-text-series = false, reset-text-shape = false,
(siunitx)             text-family-to-math = true, text-series-to-math = true"
(siunitx)             as a replacement.


(C:\Users\oscar\MikTex\tex/latex/mathtools\mathtools.sty
Package: mathtools 2024/10/04 v1.31 mathematical typesetting tools

(C:\Users\oscar\MikTex\tex/latex/tools\calc.sty
Package: calc 2025/03/01 v4.3b Infix arithmetic (KKT,FJ)
\calc@Acount=\count374
\calc@Bcount=\count375
\calc@Adimen=\dimen323
\calc@Bdimen=\dimen324
\calc@Askip=\skip73
\calc@Bskip=\skip74
LaTeX Info: Redefining \setlength on input line 86.
LaTeX Info: Redefining \addtolength on input line 87.
\calc@Ccount=\count376
\calc@Cskip=\skip75
)
(C:\Users\oscar\MikTex\tex/latex/mathtools\mhsetup.sty
Package: mhsetup 2021/03/18 v1.4 programming setup (MH)
)
\g_MT_multlinerow_int=\count377
\l_MT_multwidth_dim=\dimen325
\origjot=\skip76
\l_MT_shortvdotswithinadjustabove_dim=\dimen326
\l_MT_shortvdotswithinadjustbelow_dim=\dimen327
\l_MT_above_intertext_sep=\dimen328
\l_MT_below_intertext_sep=\dimen329
\l_MT_above_shortintertext_sep=\dimen330
\l_MT_below_shortintertext_sep=\dimen331
\xmathstrut@box=\box90
\xmathstrut@dim=\dimen332
)
(C:\Users\oscar\MikTex\tex/latex/ulem\ulem.sty
\UL@box=\box91
\UL@hyphenbox=\box92
\UL@skip=\skip77
\UL@hook=\toks52
\UL@height=\dimen333
\UL@pe=\count378
\UL@pixel=\dimen334
\ULC@box=\box93
Package: ulem 2019/11/18
\ULdepth=\dimen335
)
(C:\Users\oscar\MikTex\tex/latex/base\inputenc.sty
Package: inputenc 2024/02/08 v1.3d Input encoding file
\inpenc@prehook=\toks53
\inpenc@posthook=\toks54
)
(C:\Users\oscar\MikTex\tex/latex/base\fontenc.sty
Package: fontenc 2025/07/18 v2.1d Standard LaTeX package
LaTeX Font Info:    Trying to load font information for T1+lmr on input line 11
6.

(C:\Users\oscar\MikTex\tex/latex/lm\t1lmr.fd
File: t1lmr.fd 2015/05/01 v1.6.1 Font defs for Latin Modern
))
(C:\Users\oscar\MikTex\tex/latex/tools\longtable.sty
Package: longtable 2025-10-13 v4.24 Multi-page Table package (DPC)
\LTleft=\skip78
\LTright=\skip79
\LTpre=\skip80
\LTpost=\skip81
\LTchunksize=\count379
\LTcapwidth=\dimen336
\LT@head=\box94
\LT@firsthead=\box95
\LT@foot=\box96
\LT@lastfoot=\box97
\LT@gbox=\box98
\LT@cols=\count380
\LT@rows=\count381
\c@LT@tables=\count382
\c@LT@chunks=\count383
\LT@p@ftn=\toks55
)

! LaTeX Error: Option clash for package url.

See the LaTeX manual or LaTeX Companion for explanation.
Type  H <return>  for immediate help.
 ...                                              
                                                  
l.60 
     
The package url has already been loaded with options:
  []
There has now been an attempt to load it with options
  [hyphens]
Adding the global options:
  ,hyphens
to your \documentclass declaration may fix this.
Try typing  <return>  to proceed.

\c@identity=\count384
Package translations Info: No language package found. I am going to use `englis
h' as default language. on input line 130.

(C:\workspace\projects\SwirlStringTheory\SST-00_Lagrangian\$outDir\SST-00_Lagra
ngian.aux)
\openout1 = `SST-00_Lagrangian.aux'.

LaTeX Font Info:    Checking defaults for OML/cmm/m/it on input line 130.
LaTeX Font Info:    ... okay on input line 130.
LaTeX Font Info:    Checking defaults for OMS/cmsy/m/n on input line 130.
LaTeX Font Info:    ... okay on input line 130.
LaTeX Font Info:    Checking defaults for OT1/cmr/m/n on input line 130.
LaTeX Font Info:    ... okay on input line 130.
LaTeX Font Info:    Checking defaults for T1/cmr/m/n on input line 130.
LaTeX Font Info:    ... okay on input line 130.
LaTeX Font Info:    Checking defaults for TS1/cmr/m/n on input line 130.
LaTeX Font Info:    ... okay on input line 130.
LaTeX Font Info:    Checking defaults for OMX/cmex/m/n on input line 130.
LaTeX Font Info:    ... okay on input line 130.
LaTeX Font Info:    Checking defaults for U/cmr/m/n on input line 130.
LaTeX Font Info:    ... okay on input line 130.
LaTeX Font Info:    Checking defaults for PD1/pdf/m/n on input line 130.
LaTeX Font Info:    ... okay on input line 130.
LaTeX Font Info:    Checking defaults for PU/pdf/m/n on input line 130.
LaTeX Font Info:    ... okay on input line 130.
 (C:\Users\oscar\MikTex\tex/context/base/mkii\supp-pdf.mkii
[Loading MPS to PDF converter (version 2006.09.02).]
\scratchcounter=\count385
\scratchdimen=\dimen337
\scratchbox=\box99
\nofMPsegments=\count386
\nofMParguments=\count387
\everyMPshowfont=\toks56
\MPscratchCnt=\count388
\MPscratchDim=\dimen338
\MPnumerator=\count389
\makeMPintoPDFobject=\count390
\everyMPtoPDFconversion=\toks57
) (C:\Users\oscar\MikTex\tex/latex/epstopdf-pkg\epstopdf-base.sty
Package: epstopdf-base 2020-01-24 v2.11 Base part for package epstopdf
Package epstopdf-base Info: Redefining graphics rule for `.eps' on input line 4
85.

(C:\Users\oscar\MikTex\tex/latex/00miktex\epstopdf-sys.cfg
File: epstopdf-sys.cfg 2021/03/18 v2.0 Configuration of epstopdf for MiKTeX
))
Package hyperref Info: Link coloring OFF on input line 130.
LaTeX Info: Redefining \microtypecontext on input line 130.
Package microtype Info: Applying patch `item' on input line 130.
Package microtype Info: Applying patch `toc' on input line 130.
Package microtype Info: Applying patch `eqnum' on input line 130.
Package microtype Info: Applying patch `footnote' on input line 130.
Package microtype Info: Applying patch `verbatim' on input line 130.
LaTeX Info: Redefining \microtypesetup on input line 130.
Package microtype Info: Generating PDF output.
Package microtype Info: Character protrusion enabled (level 2).
Package microtype Info: Using default protrusion set `alltext'.
Package microtype Info: Automatic font expansion enabled (level 2),
(microtype)             stretch: 20, shrink: 20, step: 1, non-selected.
Package microtype Info: Using default expansion set `alltext-nott'.
Package microtype Info: Patching command `\showhyphens'.
Package microtype Info: No adjustment of tracking.
Package microtype Info: No adjustment of interword spacing.
Package microtype Info: No adjustment of character kerning.

(C:\Users\oscar\MikTex\tex/latex/microtype\mt-cmr.cfg
File: mt-cmr.cfg 2013/05/19 v2.2 microtype config. file: Computer Modern Roman 
(RS)
)
Package pgfplots notification 'compat/show suggested version=true': document ha
s been generated with the most recent feature set (\pgfplotsset{compat=1.18}).


Package siunitx Warning: Detected the "physics" package:
(siunitx)                omitting definition of \qty.
(siunitx)                
(siunitx)                If you want to use \qty with the siunitx definition,
(siunitx)                add 
(siunitx)                
(siunitx)                    \AtBeginDocument{\RenewCommandCopy\qty\SI}
(siunitx)                
(siunitx)                to your preamble.


(C:\Users\oscar\MikTex\tex/latex/translations/dicts\translations-basic-dictiona
ry-english.trsl
File: translations-basic-dictionary-english.trsl (english translation file `tra
nslations-basic-dictionary')
)
Package translations Info: loading dictionary `translations-basic-dictionary' f
or `english'. on input line 130.
LaTeX Font Info:    Trying to load font information for OT1+lmr on input line 1
44.
 (C:\Users\oscar\MikTex\tex/latex/lm\ot1lmr.fd
File: ot1lmr.fd 2015/05/01 v1.6.1 Font defs for Latin Modern
)
LaTeX Font Info:    Trying to load font information for OML+lmm on input line 1
44.

(C:\Users\oscar\MikTex\tex/latex/lm\omllmm.fd
File: omllmm.fd 2015/05/01 v1.6.1 Font defs for Latin Modern
)
LaTeX Font Info:    Trying to load font information for OMS+lmsy on input line 
144.

(C:\Users\oscar\MikTex\tex/latex/lm\omslmsy.fd
File: omslmsy.fd 2015/05/01 v1.6.1 Font defs for Latin Modern
)
LaTeX Font Info:    Trying to load font information for OMX+lmex on input line 
144.

(C:\Users\oscar\MikTex\tex/latex/lm\omxlmex.fd
File: omxlmex.fd 2015/05/01 v1.6.1 Font defs for Latin Modern
)
LaTeX Font Info:    External font `lmex10' loaded for size
(Font)              <12> on input line 144.
LaTeX Font Info:    External font `lmex10' loaded for size
(Font)              <8> on input line 144.
LaTeX Font Info:    External font `lmex10' loaded for size
(Font)              <6> on input line 144.
LaTeX Font Info:    Trying to load font information for U+msa on input line 144
.

(C:\Users\oscar\MikTex\tex/latex/amsfonts\umsa.fd
File: umsa.fd 2013/01/14 v3.01 AMS symbols A
)
(C:\Users\oscar\MikTex\tex/latex/microtype\mt-msa.cfg
File: mt-msa.cfg 2006/02/04 v1.1 microtype config. file: AMS symbols (a) (RS)
)
LaTeX Font Info:    Trying to load font information for U+msb on input line 144
.

(C:\Users\oscar\MikTex\tex/latex/amsfonts\umsb.fd
File: umsb.fd 2013/01/14 v3.01 AMS symbols B
)
(C:\Users\oscar\MikTex\tex/latex/microtype\mt-msb.cfg
File: mt-msb.cfg 2005/06/01 v1.0 microtype config. file: AMS symbols (b) (RS)
)
LaTeX Font Info:    External font `lmex10' loaded for size
(Font)              <10.95> on input line 158.
 [1

{C:/Users/oscar/AppData/Local/MiKTeX/fonts/map/pdftex/pdftex.map}{C:/Users/osca
r/MikTex/fonts/enc/dvips/lm/lm-ec.enc}{C:/Users/oscar/MikTex/fonts/enc/dvips/lm
/lm-mathit.enc}{C:/Users/oscar/MikTex/fonts/enc/dvips/lm/lm-rm.enc}]
LaTeX Font Info:    Trying to load font information for TS1+lmr on input line 1
78.

(C:\Users\oscar\MikTex\tex/latex/lm\ts1lmr.fd
File: ts1lmr.fd 2015/05/01 v1.6.1 Font defs for Latin Modern
) [2{C:/Users/oscar/MikTex/fonts/enc/dvips/lm/lm-mathsy.enc}{C:/Users/oscar/Mik
Tex/fonts/enc/dvips/lm/lm-mathex.enc}{C:/Users/oscar/MikTex/fonts/enc/dvips/lm/
lm-ts1.enc}]
Overfull \hbox (5.29588pt too wide) in paragraph at lines 225--226
 []\T1/lmr/bx/n/10.95 (-20) Dimensional as-sign-ments (nat-u-ral units $\U/msb/
m/n/10.95 ~ \OT1/lmr/m/n/10.95 (-20) = \OML/lmm/m/it/10.95 c \OT1/lmr/m/n/10.95
 (-20) = 1$\T1/lmr/bx/n/10.95 (-20) ).[] $\OT1/lmr/m/n/10.95 (-20) [\OMS/lmsy/m
/n/10.95 W[]\OT1/lmr/m/n/10.95 (-20) ] = 1\OML/lmm/m/it/10.95 ;  \OT1/lmr/m/n/1
0.95 (-20) [\OMS/lmsy/m/n/10.95 W[]\OT1/lmr/m/n/10.95 (-20) ] =
 []

[3] [4]

LaTeX Warning: `!h' float specifier changed to `!ht'.

[5] [6]
Overfull \hbox (0.29855pt too wide) detected at line 394
\OT1/lmr/m/n/10.95 ^^D[] = ^^D[](\OML/lmm/m/it/10.95 m; n; s; k\OT1/lmr/m/n/10.
95 ;  \OML/lmm/m/it/10.95 '\OT1/lmr/m/n/10.95 )\OML/lmm/m/it/10.95 ;  [][]
 []

[7] [8]
Overfull \hbox (5.1316pt too wide) in paragraph at lines 512--513
 []\T1/lmr/bx/n/10.95 (-20) Numerical eval-u-a-tion (Canon con-stants). \T1/lmr
/m/n/10.95 (-20) With $\OML/lmm/m/it/10.95 v[] \OT1/lmr/m/n/10.95 (-20) = 1\OML
/lmm/m/it/10.95 :\OT1/lmr/m/n/10.95 (-20) 093 845 63e6 m\OML/lmm/m/it/10.95 =\O
T1/lmr/m/n/10.95 (-20) s$
 []


Overfull \hbox (11.6326pt too wide) detected at line 520
\OML/lmm/m/it/10.95 ^^L[] \OT1/lmr/m/n/10.95 = [] \OML/lmm/m/it/10.95 ^^X[] \OT
1/lmr/m/n/10.95 = \OML/lmm/m/it/10.95 '[] \OMS/lmsy/m/n/10.95 ^^Y \OT1/lmr/m/n/
10.95 0\OML/lmm/m/it/10.95 :\OT1/lmr/m/n/10.95 618033988749895\OML/lmm/m/it/10.
95 ;  v[] \OT1/lmr/m/n/10.95 = [] \OMS/lmsy/m/n/10.95 ^^Y \OT1/lmr/m/n/10.95 6\
OML/lmm/m/it/10.95 :\OT1/lmr/m/n/10.95 760 337 778e5 m\OML/lmm/m/it/10.95 =\OT1
/lmr/m/n/10.95 s\OML/lmm/m/it/10.95 ;
 []


Overfull \hbox (8.97166pt too wide) in paragraph at lines 527--528
 []\T1/lmr/bx/n/10.95 (-20) On the $\OT1/lmr/m/n/10.95 (-20) 3\OML/lmm/m/it/10.
95 =\OT1/lmr/m/n/10.95 (-20) 2$ \T1/lmr/bx/n/10.95 (-20) ex-po-nent. \T1/lmr/m/
n/10.95 (-20) The fac-tor $[]$ in $\OML/lmm/m/it/10.95 ^^X[]$ \T1/lmr/m/n/10.95
 (-20) mir-rors fa-mil-iar spec-tral/dispersion
 []

[9]

Package hyperref Warning: Token not allowed in a PDF string (Unicode):
(hyperref)                removing `subscript' on input line 541.


Package hyperref Warning: Token not allowed in a PDF string (Unicode):
(hyperref)                removing `subscript' on input line 541.


Package hyperref Warning: Token not allowed in a PDF string (Unicode):
(hyperref)                removing `superscript' on input line 541.

[10] [11] [12] [13]
Overfull \hbox (14.6353pt too wide) in paragraph at lines 756--757
[]\T1/lmr/m/it/10.95 (-20) Gauge-helicity con-ser-va-tion: \T1/lmr/m/n/10.95 (-
20) changes $\OT1/lmr/m/n/10.95 (-20) ^^A\OML/lmm/m/it/10.95 Q[] \OMS/lmsy/m/n/
10.95 2 \U/msb/m/n/10.95 Z$ \T1/lmr/m/n/10.95 (-20) re-quire nonzero $[] []\OT1
/lmr/m/n/10.95 (-20) (\OMS/lmsy/m/n/10.95 W[]\OT1/lmr/m/n/10.95 (-20) )$\T1/lmr
/m/n/10.95 (-20) ,
 []

[14] [15] [16]
LaTeX Font Info:    Trying to load font information for T1+lmtt on input line 8
12.
 (C:\Users\oscar\MikTex\tex/latex/lm\t1lmtt.fd
File: t1lmtt.fd 2015/05/01 v1.6.1 Font defs for Latin Modern
)
Package microtype Info: Loading generic protrusion settings for font family
(microtype)             `lmtt' (encoding: T1).
(microtype)             For optimal results, create family-specific settings.
(microtype)             See the microtype manual for details.
 [17]
LaTeX Font Info:    Trying to load font information for U+euf on input line 839
.

(C:\Users\oscar\MikTex\tex/latex/amsfonts\ueuf.fd
File: ueuf.fd 2013/01/14 v3.01 Euler Fraktur
)
(C:\Users\oscar\MikTex\tex/latex/microtype\mt-euf.cfg
File: mt-euf.cfg 2006/07/03 v1.1 microtype config. file: AMS Euler Fraktur (RS)

) [18] [19]
Overfull \hbox (34.69904pt too wide) in paragraph at lines 901--918
 [] 
 []


Underfull \hbox (badness 2617) in paragraph at lines 941--945
\T1/lmr/m/n/10.95 (+20) protected triv-ial or-ders and clas-si-fy-ing grav-i-ta
-tional anoma-lies
 []


Underfull \hbox (badness 2384) in paragraph at lines 941--945
\T1/lmr/m/n/10.95 (+20) through topo-log-i-cal or-ders, Phys. Rev. D \T1/lmr/bx
/n/10.95 (+20) 88\T1/lmr/m/n/10.95 (+20) , 045013 (2013).
 []

[20]
Underfull \hbox (badness 10000) in paragraph at lines 947--951
[]\T1/lmr/m/n/10.95 (+20) Ted Ja-cob-son and David Mat-tingly, Grav-ity with a 
dy-
 []


Underfull \hbox (badness 4899) in paragraph at lines 947--951
\T1/lmr/m/n/10.95 (+20) nam-i-cal pre-ferred frame, Phys. Rev. D \T1/lmr/bx/n/1
0.95 (+20) 64\T1/lmr/m/n/10.95 (+20) , 024028 (2001).
 []


Underfull \hbox (badness 3482) in paragraph at lines 953--957
[]\T1/lmr/m/n/10.95 (+20) T. Baker, E. Bellini, P. G. Fer-reira, M. La-gos, J. 
Noller,
 []


Underfull \hbox (badness 10000) in paragraph at lines 959--963
[]\T1/lmr/m/n/10.95 (+20) Paolo Crem-inelli and Fil-ippo Vernizzi, Dark En-ergy
 af-ter
 []


Underfull \hbox (badness 3168) in paragraph at lines 959--963
\T1/lmr/m/n/10.95 (+20) GW170817 and GRB170817A, Phys. Rev. Lett. \T1/lmr/bx/n/
10.95 (+20) 119\T1/lmr/m/n/10.95 (+20) , 251302
 []


Underfull \hbox (badness 1168) in paragraph at lines 1001--1005
[]\T1/lmr/m/n/10.95 (+20) Don Col-la-day and V. Alan Kost-elecký, Lorentz-viola
ting ex-ten-
 []


Underfull \hbox (badness 1097) in paragraph at lines 1001--1005
\T1/lmr/m/n/10.95 (+20) sion of the stan-dard model, Phys. Rev. D \T1/lmr/bx/n/
10.95 (+20) 58\T1/lmr/m/n/10.95 (+20) , 116002 (1998).
 []

[21]
LaTeX Font Info:    External font `lmex10' loaded for size
(Font)              <14.4> on input line 1097.
LaTeX Font Info:    External font `lmex10' loaded for size
(Font)              <10> on input line 1097.
LaTeX Font Info:    External font `lmex10' loaded for size
(Font)              <7> on input line 1097.
 [22]
Overfull \hbox (221.27673pt too wide) detected at line 1155
\OT1/lmr/bx/n/10.95 v[] \OT1/lmr/m/n/10.95 = \OML/lmm/m/it/10.95 C[] \OT1/lmr/m
/n/10.95 = 1\OML/lmm/m/it/10.95 :\OT1/lmr/m/n/10.95 09384563 \OMS/lmsy/m/n/10.9
5 ^^B \OT1/lmr/m/n/10.95 10[] []\OML/lmm/m/it/10.95 ;  [] \OT1/lmr/m/n/10.95 =
 7\OML/lmm/m/it/10.95 :\OT1/lmr/m/n/10.95 2973525643 \OMS/lmsy/m/n/10.95 ^^B \O
T1/lmr/m/n/10.95 10[]\OML/lmm/m/it/10.95 ;  ^^Q \OT1/lmr/m/n/10.95 = 1\OML/lmm/
m/it/10.95 ;  ^^X \OT1/lmr/m/n/10.95 = 3[] \OMS/lmsy/m/n/10.95 ' \OT1/lmr/m/n/1
0.95 0\OML/lmm/m/it/10.95 :\OT1/lmr/m/n/10.95 50713\OML/lmm/m/it/10.95 ;  [] \O
T1/lmr/m/n/10.95 = \OML/lmm/m/it/10.95 '[] \OMS/lmsy/m/n/10.95 ' \OT1/lmr/m/n/1
0.95 0\OML/lmm/m/it/10.95 :\OT1/lmr/m/n/10.95 23607\OML/lmm/m/it/10.95 ;
 []

[23] [24] [25] [26] [27] [28] [29]
Overfull \hbox (135.66312pt too wide) detected at line 1457
\OT1/lmr/bx/n/10.95 v \OT1/lmr/m/n/10.95 = \OT1/lmr/bx/n/10.95 v[] []\OML/lmm/m
/it/10.95 ;  \OML/cmm/b/it/10.95 ! \OT1/lmr/m/n/10.95 = \OMS/lmsy/m/n/10.95 r ^
^B \OT1/lmr/bx/n/10.95 v\OML/lmm/m/it/10.95 ;  r \OT1/lmr/m/n/10.95 = \OMS/lmsy
/m/n/10.95 k\OT1/lmr/bx/n/10.95 x \OMS/lmsy/m/n/10.95 ^^@ \OT1/lmr/bx/n/10.95 x
[]\OMS/lmsy/m/n/10.95 k\OML/lmm/m/it/10.95 :
 []

[30] [31]
Overfull \hbox (6.45087pt too wide) in paragraph at lines 1501--1501
[][]\T1/lmr/bx/n/12 (-20) F.2: Lep-ton gen-er-a-tion & ro-pe-length (tre-foil^^
Ucinquefoil^^Useptfoil) 
 []


Overfull \hbox (5.84407pt too wide) detected at line 1507
\OML/lmm/m/it/10.95 e[] \OMS/lmsy/m/n/10.95 $ \OT1/lmr/m/n/10.95 3[] :  (\OML/l
mm/m/it/10.95 b; g; n\OT1/lmr/m/n/10.95 ) = (2\OML/lmm/m/it/10.95 ; \OT1/lmr/m/
n/10.95 1\OML/lmm/m/it/10.95 ; \OT1/lmr/m/n/10.95 1)\OML/lmm/m/it/10.95 ;  ^^V[
] \OMS/lmsy/m/n/10.95 $ \OT1/lmr/m/n/10.95 5[] :  (5\OML/lmm/m/it/10.95 ; \OT1/
lmr/m/n/10.95 2\OML/lmm/m/it/10.95 ; \OT1/lmr/m/n/10.95 1)\OML/lmm/m/it/10.95 ;
  ^^\[] \OMS/lmsy/m/n/10.95 $ \OT1/lmr/m/n/10.95 7[] :  (7\OML/lmm/m/it/10.95 ;
 \OT1/lmr/m/n/10.95 3\OML/lmm/m/it/10.95 ; \OT1/lmr/m/n/10.95 1)\OML/lmm/m/it/1
0.95 :
 []

LaTeX Font Info:    External font `lmex10' loaded for size
(Font)              <9> on input line 1509.
[32] [33]

! LaTeX Error: File `images/elements_error_by_Z_canonical' not found.

See the LaTeX manual or LaTeX Companion for explanation.
Type  H <return>  for immediate help.
 ...                                              
                                                  
l.1569 ...h]{images/elements_error_by_Z_canonical}
                                                  
I could not locate the file with any of these extensions:
.pdf,.png,.jpg,.mps,.jpeg,.jbig2,.jb2,.PDF,.PNG,.JPG,.JPEG,.JBIG2,.JB2,.eps
Try typing  <return>  to proceed.
If that doesn't work, type  X <return>  to quit.

[34]
Overfull \hbox (452.41768pt too wide) in alignment at lines 1607--1612
 [] [] [] [] [] [] [] [] [] 
 []


Overfull \hbox (452.41768pt too wide) in alignment at lines 1612--1616
 [] [] [] [] [] [] [] [] [] 
 []


Overfull \hbox (452.41768pt too wide) in alignment at lines 1616--1618
 [] [] [] [] [] [] [] [] [] 
 []


! LaTeX Error: Unicode character Î¼ (U+03BC)
               not set up for use with LaTeX.

See the LaTeX manual or LaTeX Companion for explanation.
Type  H <return>  for immediate help.
 ...                                              
                                                  
l.1620 ....000593 & Lepton-band & 0 & Lepton (e/Î¼
                                                  /Ï band) & Torus family; ...

You may provide a definition with
\DeclareUnicodeCharacter 


! LaTeX Error: Unicode character Ï (U+03C4)
               not set up for use with LaTeX.

See the LaTeX manual or LaTeX Companion for explanation.
Type  H <return>  for immediate help.
 ...                                              
                                                  
l.1620 ...0593 & Lepton-band & 0 & Lepton (e/Î¼/Ï
                                                   band) & Torus family; sma...

You may provide a definition with
\DeclareUnicodeCharacter 


! LaTeX Error: Unicode character Î¼ (U+03BC)
               not set up for use with LaTeX.

See the LaTeX manual or LaTeX Companion for explanation.
Type  H <return>  for immediate help.
 ...                                              
                                                  
l.1621 ....032246 & Lepton-band & 0 & Lepton (e/Î¼
                                                  /Ï band) & Torus family; ...

You may provide a definition with
\DeclareUnicodeCharacter 


! LaTeX Error: Unicode character Ï (U+03C4)
               not set up for use with LaTeX.

See the LaTeX manual or LaTeX Companion for explanation.
Type  H <return>  for immediate help.
 ...                                              
                                                  
l.1621 ...2246 & Lepton-band & 0 & Lepton (e/Î¼/Ï
                                                   band) & Torus family; sma...

You may provide a definition with
\DeclareUnicodeCharacter 


! LaTeX Error: Unicode character Î¼ (U+03BC)
               not set up for use with LaTeX.

See the LaTeX manual or LaTeX Companion for explanation.
Type  H <return>  for immediate help.
 ...                                              
                                                  
l.1622 ....000678 & Lepton-band & 0 & Lepton (e/Î¼
                                                  /Ï band) & Torus family; ...

You may provide a definition with
\DeclareUnicodeCharacter 


! LaTeX Error: Unicode character Ï (U+03C4)
               not set up for use with LaTeX.

See the LaTeX manual or LaTeX Companion for explanation.
Type  H <return>  for immediate help.
 ...                                              
                                                  
l.1622 ...0678 & Lepton-band & 0 & Lepton (e/Î¼/Ï
                                                   band) & Torus family; sma...

You may provide a definition with
\DeclareUnicodeCharacter 


! LaTeX Error: Unicode character Î¼ (U+03BC)
               not set up for use with LaTeX.

See the LaTeX manual or LaTeX Companion for explanation.
Type  H <return>  for immediate help.
 ...                                              
                                                  
l.1627 ....001132 & Lepton-band & 0 & Lepton (e/Î¼
                                                  /Ï band) & Torus family; ...

You may provide a definition with
\DeclareUnicodeCharacter 


! LaTeX Error: Unicode character Ï (U+03C4)
               not set up for use with LaTeX.

See the LaTeX manual or LaTeX Companion for explanation.
Type  H <return>  for immediate help.
 ...                                              
                                                  
l.1627 ...1132 & Lepton-band & 0 & Lepton (e/Î¼/Ï
                                                   band) & Torus family; sma...

You may provide a definition with
\DeclareUnicodeCharacter 


Underfull \hbox (badness 1917) in paragraph at lines 1628--1629
[]|\T1/lmr/m/n/10.95 (+20) Strong chi-ral-ity; vol-ume needed for
 []


! LaTeX Error: Unicode character Î¼ (U+03BC)
               not set up for use with LaTeX.

See the LaTeX manual or LaTeX Companion for explanation.
Type  H <return>  for immediate help.
 ...                                              
                                                  
l.1629 ....000197 & Lepton-band & 0 & Lepton (e/Î¼
                                                  /Ï band) & Torus family; ...

You may provide a definition with
\DeclareUnicodeCharacter 


! LaTeX Error: Unicode character Ï (U+03C4)
               not set up for use with LaTeX.

See the LaTeX manual or LaTeX Companion for explanation.
Type  H <return>  for immediate help.
 ...                                              
                                                  
l.1629 ...0197 & Lepton-band & 0 & Lepton (e/Î¼/Ï
                                                   band) & Torus family; sma...

You may provide a definition with
\DeclareUnicodeCharacter 


! LaTeX Error: Unicode character Î¼ (U+03BC)
               not set up for use with LaTeX.

See the LaTeX manual or LaTeX Companion for explanation.
Type  H <return>  for immediate help.
 ...                                              
                                                  
l.1639 ....001796 & Lepton-band & 0 & Lepton (e/Î¼
                                                  /Ï band) & Torus family; ...

You may provide a definition with
\DeclareUnicodeCharacter 


! LaTeX Error: Unicode character Ï (U+03C4)
               not set up for use with LaTeX.

See the LaTeX manual or LaTeX Companion for explanation.
Type  H <return>  for immediate help.
 ...                                              
                                                  
l.1639 ...1796 & Lepton-band & 0 & Lepton (e/Î¼/Ï
                                                   band) & Torus family; sma...

You may provide a definition with
\DeclareUnicodeCharacter 


Underfull \hbox (badness 1917) in paragraph at lines 1640--1641
[]|\T1/lmr/m/n/10.95 (+20) Strong chi-ral-ity; vol-ume needed for
 []


Underfull \hbox (badness 1917) in paragraph at lines 1642--1643
[]|\T1/lmr/m/n/10.95 (+20) Strong chi-ral-ity; vol-ume needed for
 []


Underfull \hbox (badness 1917) in paragraph at lines 1648--1649
[]|\T1/lmr/m/n/10.95 (+20) Strong chi-ral-ity; vol-ume needed for
 []


Underfull \hbox (badness 1917) in paragraph at lines 1649--1650
[]|\T1/lmr/m/n/10.95 (+20) Strong chi-ral-ity; vol-ume needed for
 []


Underfull \hbox (badness 1917) in paragraph at lines 1655--1656
[]|\T1/lmr/m/n/10.95 (+20) Strong chi-ral-ity; vol-ume needed for
 []


Underfull \hbox (badness 1917) in paragraph at lines 1660--1661
[]|\T1/lmr/m/n/10.95 (+20) Strong chi-ral-ity; vol-ume needed for
 []


Underfull \hbox (badness 1917) in paragraph at lines 1663--1664
[]|\T1/lmr/m/n/10.95 (+20) Strong chi-ral-ity; vol-ume needed for
 []


Underfull \hbox (badness 1917) in paragraph at lines 1671--1672
[]|\T1/lmr/m/n/10.95 (+20) Strong chi-ral-ity; vol-ume needed for
 []


Underfull \hbox (badness 1917) in paragraph at lines 1677--1678
[]|\T1/lmr/m/n/10.95 (+20) Strong chi-ral-ity; vol-ume needed for
 []


Underfull \hbox (badness 1917) in paragraph at lines 1681--1682
[]|\T1/lmr/m/n/10.95 (+20) Strong chi-ral-ity; vol-ume needed for
 []


Underfull \hbox (badness 1917) in paragraph at lines 1684--1685
[]|\T1/lmr/m/n/10.95 (+20) Strong chi-ral-ity; vol-ume needed for
 []


Underfull \hbox (badness 1917) in paragraph at lines 1687--1688
[]|\T1/lmr/m/n/10.95 (+20) Strong chi-ral-ity; vol-ume needed for
 []


Underfull \hbox (badness 1917) in paragraph at lines 1688--1689
[]|\T1/lmr/m/n/10.95 (+20) Strong chi-ral-ity; vol-ume needed for
 []


Overfull \hbox (452.41768pt too wide) in alignment at lines 1618--1691
 [] [] [] [] [] [] [] [] [] 
 []

ignored error: Infinite glue shrinkage found in box being split [35]
ignored error: Infinite glue shrinkage found in box being split [36]
ignored error: Infinite glue shrinkage found in box being split [37]
! Missing $ inserted.
<inserted text> 
                $
l.1697     SST_
               Mathematical_Proof_Python.zip contains the full implementatio...
I've inserted a begin-math/end-math symbol since I think
you left one out. Proceed, with fingers crossed.

! Missing $ inserted.
<inserted text> 
                $
l.1698     \begin{flushleft}
                            \small
I've inserted a begin-math/end-math symbol since I think
you left one out. Proceed, with fingers crossed.

! Missing \endgroup inserted.
<inserted text> 
                \endgroup 
l.1698     \begin{flushleft}
                            \small
I've inserted something that you may have forgotten.
(See the <inserted text> above.)
With luck, this will get me unwedged. But if you
really didn't forget anything, try typing `2' now; then
my insertion and my current dilemma will both disappear.


Overfull \hbox (246.02611pt too wide) in paragraph at lines 1694--1698
\T1/lmr/m/n/10.95 (-20) fixed $\OML/lmm/m/it/10.95 a[]$ \T1/lmr/m/n/10.95 (-20)
 bands and canon-i-cal knot iden-ti-ties. SST$[]\OML/lmm/m/it/10.95 athematical
[]roof[]ython:zipcontainsthefullimplementationandrawresults:$ 
 []


! LaTeX Error: \begin{document} ended by \end{flushleft}.

See the LaTeX manual or LaTeX Companion for explanation.
Type  H <return>  for immediate help.
 ...                                              
                                                  
l.1702     \end{flushleft}
                          
Your command was ignored.
Type  I <command> <return>  to replace it with another command,
or  <return>  to continue without it.

! Extra \endgroup.
\end  ...end#1\endcsname \@checkend {#1}\endgroup 
                                                  \UseHook {env/#1/after}\if...
l.1702     \end{flushleft}
                          
Things are pretty mixed up, but I think the worst is over.

[38]
Overfull \hbox (43.96545pt too wide) detected at line 1780
\OML/lmm/m/it/10 ^^W[] \OMS/lmsy/m/n/10 $ []\OT1/lmr/m/n/10 2[]\OML/lmm/m/it/10
 ;  ^^W[] \OMS/lmsy/m/n/10 $ \OT1/lmr/m/n/10 12\OML/lmm/m/it/10 a[];  ^^W[] \OM
S/lmsy/m/n/10 $ []
 []

[39] [40]
(C:\workspace\projects\SwirlStringTheory\SST-00_Lagrangian\$outDir\SST-00_Lagra
ngian.aux)
 ***********
LaTeX2e <2025-11-01>
L3 programming layer <2025-11-06>
 ***********
 ) 
Here is how much of TeX's memory you used:
 44626 strings out of 467871
 1052236 string characters out of 5429439
 1570902 words of memory out of 5000000
 72205 multiletter control sequences out of 15000+600000
 773052 words of font info for 347 fonts, out of 8000000 for 9000
 1141 hyphenation exceptions out of 8191
 98i,16n,108p,1175b,1195s stack positions out of 10000i,1000n,20000p,200000b,200000s

pdfTeX warning (dest): name{Hfootnote.1} has been referenced but does not exist
, replaced by a fixed one

<C:/Users/oscar/MikTex/fonts/type1/public/amsfonts/cm/cmmib10.pfb><C:/Users/osc
ar/MikTex/fonts/type1/public/amsfonts/euler/eufm10.pfb><C:/Users/oscar/MikTex/f
onts/type1/public/lm/lmbx10.pfb><C:/Users/oscar/MikTex/fonts/type1/public/lm/lm
bx12.pfb><C:/Users/oscar/MikTex/fonts/type1/public/lm/lmbx8.pfb><C:/Users/oscar
/MikTex/fonts/type1/public/lm/lmex10.pfb><C:/Users/oscar/MikTex/fonts/type1/pub
lic/lm/lmmi10.pfb><C:/Users/oscar/MikTex/fonts/type1/public/lm/lmmi12.pfb><C:/U
sers/oscar/MikTex/fonts/type1/public/lm/lmmi5.pfb><C:/Users/oscar/MikTex/fonts/
type1/public/lm/lmmi6.pfb><C:/Users/oscar/MikTex/fonts/type1/public/lm/lmmi7.pf
b><C:/Users/oscar/MikTex/fonts/type1/public/lm/lmmi8.pfb><C:/Users/oscar/MikTex
/fonts/type1/public/lm/lmmi9.pfb><C:/Users/oscar/MikTex/fonts/type1/public/lm/l
mmib10.pfb><C:/Users/oscar/MikTex/fonts/type1/public/lm/lmr10.pfb><C:/Users/osc
ar/MikTex/fonts/type1/public/lm/lmr12.pfb><C:/Users/oscar/MikTex/fonts/type1/pu
blic/lm/lmr17.pfb><C:/Users/oscar/MikTex/fonts/type1/public/lm/lmr6.pfb><C:/Use
rs/oscar/MikTex/fonts/type1/public/lm/lmr7.pfb><C:/Users/oscar/MikTex/fonts/typ
e1/public/lm/lmr8.pfb><C:/Users/oscar/MikTex/fonts/type1/public/lm/lmr9.pfb><C:
/Users/oscar/MikTex/fonts/type1/public/lm/lmri10.pfb><C:/Users/oscar/MikTex/fon
ts/type1/public/lm/lmsy10.pfb><C:/Users/oscar/MikTex/fonts/type1/public/lm/lmsy
6.pfb><C:/Users/oscar/MikTex/fonts/type1/public/lm/lmsy7.pfb><C:/Users/oscar/Mi
kTex/fonts/type1/public/lm/lmsy8.pfb><C:/Users/oscar/MikTex/fonts/type1/public/
lm/lmtt10.pfb><C:/Users/oscar/MikTex/fonts/type1/public/amsfonts/symbols/msam10
.pfb><C:/Users/oscar/MikTex/fonts/type1/public/amsfonts/symbols/msam7.pfb><C:/U
sers/oscar/MikTex/fonts/type1/public/amsfonts/symbols/msbm10.pfb>
Output written on C:\workspace\projects\SwirlStringTheory\SST-00_Lagrangian\$ou
tDir\SST-00_Lagrangian.pdf (40 pages, 698827 bytes).
PDF statistics:
 813 PDF objects out of 1000 (max. 8388607)
 250 named destinations out of 1000 (max. 500000)
 81661 words of extra memory for PDF output out of 89155 (max. 10000000)

