\BOOKMARK [0][-]{section*.2}{\376\377\000O\000n\000\040\000a\000\040\000V\000o\000r\000t\000e\000x\000-\000B\000a\000s\000e\000d\000\040\000L\000a\000g\000r\000a\000n\000g\000i\000a\000n\000\040\000U\000n\000i\000f\000i\000c\000a\000t\000i\000o\000n\000\040\000o\000f\000\040\000G\000r\000a\000v\000i\000t\000y\000\040\000a\000n\000d\000\040\000E\000l\000e\000c\000t\000r\000o\000m\000a\000g\000n\000e\000t\000i\000s\000m\000:\000\040\000F\000r\000o\000m\000\040\000K\000n\000o\000t\000t\000e\000d\000\040\000\306\000t\000h\000e\000r\000\040\000V\000o\000r\000t\000i\000c\000i\000t\000y\000\040\000t\000o\000\040\000S\000t\000a\000n\000d\000a\000r\000d\000\040\000M\000o\000d\000e\000l\000\040\000R\000e\000c\000o\000n\000s\000t\000r\000u\000c\000t\000i\000o\000n\000\040\000u\000s\000i\000n\000g\000\040\000S\000w\000i\000r\000l\000c\000l\000o\000c\000k\000\040\000D\000y\000n\000a\000m\000i\000c\000s\000,\000\040\000T\000o\000p\000o\000l\000o\000g\000i\000c\000a\000l\000\040\000C\000h\000a\000r\000g\000e\000,\000\040\000a\000n\000d\000\040\000E\000m\000e\000r\000g\000e\000n\000t\000\040\000M\000a\000s\000s\000.\000\040}{}% 2
\BOOKMARK [1][-]{section*.1}{\376\377\000A\000b\000s\000t\000r\000a\000c\000t}{section*.2}% 1
\BOOKMARK [1][-]{section.1}{\376\377\000I\000n\000t\000r\000o\000d\000u\000c\000t\000i\000o\000n}{section*.2}% 3
\BOOKMARK [1][-]{section.2}{\376\377\000S\000w\000i\000r\000l\000c\000l\000o\000c\000k\000-\000I\000n\000d\000u\000c\000e\000d\000\040\000T\000i\000m\000e\000\040\000A\000s\000y\000m\000m\000e\000t\000r\000y\000\040\000i\000n\000\040\000C\000h\000i\000r\000a\000l\000\040\000V\000o\000r\000t\000e\000x\000\040\000K\000n\000o\000t\000s}{section*.2}% 4
\BOOKMARK [2][-]{subsection.2.1}{\376\377\000T\000i\000m\000e\000\040\000R\000e\000v\000e\000r\000s\000a\000l\000\040\000a\000n\000d\000\040\000C\000h\000i\000r\000a\000l\000i\000t\000y}{section.2}% 5
\BOOKMARK [2][-]{subsection.2.2}{\376\377\000K\000a\000o\000n\000\040\000O\000s\000c\000i\000l\000l\000a\000t\000i\000o\000n\000s\000\040\000a\000s\000\040\000S\000w\000i\000r\000l\000c\000l\000o\000c\000k\000\040\000P\000h\000a\000s\000e\000\040\000S\000h\000i\000f\000t\000s}{section.2}% 6
\BOOKMARK [2][-]{subsection.2.3}{\376\377\000I\000m\000p\000l\000i\000c\000a\000t\000i\000o\000n\000s\000\040\000f\000o\000r\000\040\000M\000a\000t\000t\000e\000r\000-\000A\000n\000t\000i\000m\000a\000t\000t\000e\000r\000\040\000A\000s\000y\000m\000m\000e\000t\000r\000y}{section.2}% 7
\BOOKMARK [1][-]{section.3}{\376\377\000S\000w\000i\000r\000l\000c\000l\000o\000c\000k\000\040\000P\000h\000a\000s\000e\000\040\000I\000n\000t\000e\000r\000f\000e\000r\000e\000n\000c\000e\000\040\000a\000s\000\040\000t\000h\000e\000\040\000O\000r\000i\000g\000i\000n\000\040\000o\000f\000\040\000N\000e\000u\000t\000r\000i\000n\000o\000\040\000O\000s\000c\000i\000l\000l\000a\000t\000i\000o\000n\000s\000\040\000a\000n\000d\000\040\000T\000-\000V\000i\000o\000l\000a\000t\000i\000o\000n}{section*.2}% 8
\BOOKMARK [2][-]{subsection.3.1}{\376\377\000I\000n\000t\000r\000o\000d\000u\000c\000t\000i\000o\000n}{section.3}% 9
\BOOKMARK [2][-]{subsection.3.2}{\376\377\000S\000w\000i\000r\000l\000c\000l\000o\000c\000k\000\040\000D\000y\000n\000a\000m\000i\000c\000s\000\040\000i\000n\000\040\000C\000h\000i\000r\000a\000l\000\040\000V\000o\000r\000t\000i\000c\000e\000s}{section.3}% 10
\BOOKMARK [2][-]{subsection.3.3}{\376\377\000S\000w\000i\000r\000l\000c\000l\000o\000c\000k\000-\000B\000a\000s\000e\000d\000\040\000N\000e\000u\000t\000r\000i\000n\000o\000\040\000O\000s\000c\000i\000l\000l\000a\000t\000i\000o\000n\000s}{section.3}% 11
\BOOKMARK [2][-]{subsection.3.4}{\376\377\000D\000e\000r\000i\000v\000a\000t\000i\000o\000n\000\040\000o\000f\000\040\000t\000h\000e\000\040\000S\000w\000i\000r\000l\000c\000l\000o\000c\000k\000\040\000P\000h\000a\000s\000e\000\040\000L\000a\000g}{section.3}% 12
\BOOKMARK [2][-]{subsection.3.5}{\376\377\000G\000e\000o\000m\000e\000t\000r\000i\000c\000\040\000O\000r\000i\000g\000i\000n\000\040\000o\000f\000\040\000T\000-\000V\000i\000o\000l\000a\000t\000i\000o\000n}{section.3}% 13
\BOOKMARK [2][-]{subsection.3.6}{\376\377\000S\000u\000m\000m\000a\000r\000y}{section.3}% 14
\BOOKMARK [1][-]{section.4}{\376\377\000T\000o\000p\000o\000l\000o\000g\000i\000c\000a\000l\000\040\000O\000r\000i\000g\000i\000n\000\040\000o\000f\000\040\000C\000h\000a\000r\000g\000e\000\040\000a\000n\000d\000\040\000S\000p\000i\000n\000\040\000i\000n\000\040\000t\000h\000e\000\040\000V\000o\000r\000t\000e\000x\000\040\000\306\000t\000h\000e\000r\000\040\000M\000o\000d\000e\000l\000\040\000\050\000V\000A\000M\000\051}{section*.2}% 15
\BOOKMARK [2][-]{subsection.4.1}{\376\377\000C\000h\000a\000r\000g\000e\000\040\000a\000s\000\040\000H\000e\000l\000i\000c\000i\000t\000y\000\040\000i\000n\000\040\000K\000n\000o\000t\000t\000e\000d\000\040\000V\000o\000r\000t\000e\000x\000\040\000S\000t\000r\000u\000c\000t\000u\000r\000e\000s}{section.4}% 16
\BOOKMARK [2][-]{subsection.4.2}{\376\377\000S\000p\000i\000n\000\040\000a\000s\000\040\000T\000o\000p\000o\000l\000o\000g\000i\000c\000a\000l\000\040\000C\000i\000r\000c\000u\000l\000a\000t\000i\000o\000n\000\040\000\050\000T\000o\000r\000u\000s\000\040\000K\000n\000o\000t\000\040\000C\000l\000a\000s\000s\000\040\000\040\000T\000p\000,\000q\000\040\000\051}{section.4}% 17
\BOOKMARK [1][-]{section.5}{\376\377\000E\000m\000e\000r\000g\000e\000n\000c\000e\000\040\000o\000f\000\040\000G\000r\000a\000v\000i\000t\000y\000\040\000a\000n\000d\000\040\000E\000l\000e\000c\000t\000r\000o\000m\000a\000g\000n\000e\000t\000i\000s\000m\000\040\000f\000r\000o\000m\000\040\000V\000o\000r\000t\000i\000c\000i\000t\000y\000\040\000F\000i\000e\000l\000d\000s\000\040\000i\000n\000\040\000t\000h\000e\000\040\000\306\000t\000h\000e\000r}{section*.2}% 18
\BOOKMARK [2][-]{subsection.5.1}{\376\377\000G\000r\000a\000v\000i\000t\000a\000t\000i\000o\000n\000a\000l\000\040\000E\000f\000f\000e\000c\000t\000s\000\040\000a\000s\000\040\000S\000w\000i\000r\000l\000\040\000P\000r\000e\000s\000s\000u\000r\000e\000\040\000G\000r\000a\000d\000i\000e\000n\000t\000s}{section.5}% 19
\BOOKMARK [2][-]{subsection.5.2}{\376\377\000E\000l\000e\000c\000t\000r\000o\000m\000a\000g\000n\000e\000t\000i\000s\000m\000\040\000a\000s\000\040\000V\000o\000r\000t\000e\000x\000\040\000C\000h\000i\000r\000a\000l\000i\000t\000y\000\040\000a\000n\000d\000\040\000B\000i\000o\000t\040\023\000S\000a\000v\000a\000r\000t\000\040\000S\000t\000r\000u\000c\000t\000u\000r\000e}{section.5}% 20
\BOOKMARK [2][-]{subsection.5.3}{\376\377\000U\000n\000i\000f\000i\000e\000d\000\040\000I\000n\000t\000e\000r\000p\000r\000e\000t\000a\000t\000i\000o\000n}{section.5}% 21
\BOOKMARK [1][-]{section.6}{\376\377\000U\000n\000i\000f\000i\000e\000d\000\040\000V\000o\000r\000t\000i\000c\000i\000t\000y\000\040\000L\000a\000g\000r\000a\000n\000g\000i\000a\000n\000\040\000f\000o\000r\000\040\000G\000r\000a\000v\000i\000t\000y\000\040\000a\000n\000d\000\040\000E\000l\000e\000c\000t\000r\000o\000m\000a\000g\000n\000e\000t\000i\000s\000m}{section*.2}% 22
\BOOKMARK [2][-]{subsection.6.1}{\376\377\000U\000n\000i\000f\000i\000e\000d\000\040\000L\000a\000g\000r\000a\000n\000g\000i\000a\000n\000\040\000D\000e\000n\000s\000i\000t\000y}{section.6}% 23
\BOOKMARK [2][-]{subsection.6.2}{\376\377\000E\000u\000l\000e\000r\040\023\000L\000a\000g\000r\000a\000n\000g\000e\000\040\000E\000q\000u\000a\000t\000i\000o\000n\000s}{section.6}% 24
\BOOKMARK [2][-]{subsection.6.3}{\376\377\000U\000n\000i\000f\000i\000c\000a\000t\000i\000o\000n\000\040\000S\000u\000m\000m\000a\000r\000y\000\040\000T\000a\000b\000l\000e}{section.6}% 25
\BOOKMARK [1][-]{section.7}{\376\377\000U\000n\000i\000f\000y\000i\000n\000g\000\040\000G\000r\000a\000v\000i\000t\000y\000\040\000a\000n\000d\000\040\000E\000l\000e\000c\000t\000r\000o\000m\000a\000g\000n\000e\000t\000i\000s\000m\000\040\000i\000n\000\040\000t\000h\000e\000\040\000V\000o\000r\000t\000e\000x\000\040\000\306\000t\000h\000e\000r\000\040\000M\000o\000d\000e\000l}{section*.2}% 26
\BOOKMARK [1][-]{section.8}{\376\377\000H\000a\000m\000i\000l\000t\000o\000n\000i\000a\000n\000\040\000S\000t\000r\000u\000c\000t\000u\000r\000e\000\040\000o\000f\000\040\000V\000A\000M\000\040\000a\000n\000d\000\040\000I\000t\000s\000\040\000C\000o\000n\000n\000e\000c\000t\000i\000o\000n\000\040\000t\000o\000\040\000M\000a\000s\000s}{section*.2}% 27
\BOOKMARK [2][-]{subsection.8.1}{\376\377\000H\000a\000m\000i\000l\000t\000o\000n\000i\000a\000n\000\040\000F\000o\000r\000m\000u\000l\000a\000t\000i\000o\000n\000\040\000o\000f\000\040\000V\000A\000M\000\040\000a\000n\000d\000\040\000C\000o\000n\000n\000e\000c\000t\000i\000o\000n\000\040\000t\000o\000\040\000t\000h\000e\000\040\000M\000a\000s\000t\000e\000r\000\040\000F\000o\000r\000m\000u\000l\000a}{section.8}% 28
\BOOKMARK [1][-]{section.9}{\376\377\000E\000m\000e\000r\000g\000e\000n\000t\000\040\000P\000h\000a\000s\000e\000\040\000M\000e\000c\000h\000a\000n\000i\000c\000s}{section*.2}% 29
\BOOKMARK [2][-]{subsection.9.1}{\376\377\000H\000a\000m\000i\000l\000t\000o\000n\000i\000a\000n\000\040\000D\000e\000r\000i\000v\000a\000t\000i\000o\000n\000\040\000f\000r\000o\000m\000\040\000V\000A\000M\000\040\000L\000a\000g\000r\000a\000n\000g\000i\000a\000n}{section.9}% 30
\BOOKMARK [2][-]{subsection.9.2}{\376\377\000\040\000H\000a\000m\000i\000l\000t\000o\000n\040\023\000J\000a\000c\000o\000b\000i\000\040\000F\000o\000r\000m\000u\000l\000a\000t\000i\000o\000n\000\040\000i\000n\000\040\000V\000A\000M}{section.9}% 31
\BOOKMARK [1][-]{equation.50}{\376\377\000W\000a\000v\000e\040\023\000V\000o\000r\000t\000e\000x\000\040\000D\000u\000a\000l\000i\000t\000y\000\040\000a\000n\000d\000\040\000S\000w\000i\000r\000l\000\040\000M\000o\000m\000e\000n\000t\000u\000m\000\040\000C\000o\000n\000s\000e\000r\000v\000a\000t\000i\000o\000n}{section*.2}% 32
\BOOKMARK [1][-]{section.10}{\376\377\000D\000o\000u\000b\000l\000e\000-\000S\000l\000i\000t\000\040\000I\000n\000t\000e\000r\000f\000e\000r\000e\000n\000c\000e\000\040\000i\000n\000\040\000t\000h\000e\000\040\000V\000o\000r\000t\000e\000x\000\040\000\306\000t\000h\000e\000r\000\040\000M\000o\000d\000e\000l}{section*.2}% 33
\BOOKMARK [1][-]{section.11}{\376\377\000T\000e\000m\000p\000o\000r\000a\000l\000\040\000O\000n\000t\000o\000l\000o\000g\000y\000\040\000a\000n\000d\000\040\000P\000h\000a\000s\000e\000\040\000S\000t\000r\000u\000c\000t\000u\000r\000e\000\040\000i\000n\000\040\000V\000A\000M}{section*.2}% 34
\BOOKMARK [1][-]{section.12}{\376\377\000C\000o\000n\000c\000l\000u\000s\000i\000o\000n\000\040\000a\000n\000d\000\040\000D\000i\000s\000c\000u\000s\000s\000i\000o\000n}{section*.2}% 35
\BOOKMARK [1][-]{section.13}{\376\377\000P\000h\000o\000t\000o\000n\000\040\000a\000s\000\040\000a\000\040\000D\000i\000p\000o\000l\000e\000\040\000V\000o\000r\000t\000e\000x\000\040\000R\000i\000n\000g\000\040\000i\000n\000\040\000t\000h\000e\000\040\000\306\000t\000h\000e\000r}{section*.2}% 36
\BOOKMARK [2][-]{subsection.13.1}{\376\377\000T\000o\000p\000o\000l\000o\000g\000i\000c\000a\000l\000\040\000S\000t\000r\000u\000c\000t\000u\000r\000e\000\040\000a\000n\000d\000\040\000S\000e\000l\000f\000-\000P\000r\000o\000p\000u\000l\000s\000i\000o\000n}{section.13}% 37
\BOOKMARK [2][-]{subsection.13.2}{\376\377\000P\000h\000o\000t\000o\000n\000\040\000a\000s\000\040\000a\000\040\000T\000o\000r\000o\000i\000d\000a\000l\000\040\000V\000o\000r\000t\000e\000x\000\040\000R\000i\000n\000g}{section.13}% 38
\BOOKMARK [2][-]{subsection.13.3}{\376\377\000F\000i\000e\000l\000d\000-\000T\000h\000e\000o\000r\000e\000t\000i\000c\000\040\000C\000o\000r\000r\000e\000s\000p\000o\000n\000d\000e\000n\000c\000e\000\040\000t\000o\000\040\000E\000l\000e\000c\000t\000r\000o\000m\000a\000g\000n\000e\000t\000i\000s\000m}{section.13}% 39
\BOOKMARK [2][-]{subsection.13.4}{\376\377\000S\000p\000i\000n\000\040\000a\000n\000d\000\040\000P\000o\000l\000a\000r\000i\000z\000a\000t\000i\000o\000n}{section.13}% 40
\BOOKMARK [2][-]{subsection.13.5}{\376\377\000S\000u\000m\000m\000a\000r\000y}{section.13}% 41
\BOOKMARK [2][-]{subsection.13.6}{\376\377\000B\000e\000n\000c\000h\000m\000a\000r\000k\000\040\000S\000u\000m\000m\000a\000r\000y\000\040\000T\000a\000b\000l\000e}{section.13}% 42
\BOOKMARK [2][-]{subsection.13.7}{\376\377\000C\000o\000n\000c\000l\000u\000s\000i\000o\000n}{section.13}% 43
\BOOKMARK [1][-]{section.14}{\376\377\000B\000e\000n\000c\000h\000m\000a\000r\000k\000\040\0001\000:\000\040\000D\000e\000r\000i\000v\000i\000n\000g\000\040\000C\000o\000u\000l\000o\000m\000b\000'\000s\000\040\000L\000a\000w\000\040\000f\000r\000o\000m\000\040\000a\000\040\000V\000A\000M\000\040\000V\000o\000r\000t\000e\000x\000\040\000K\000n\000o\000t}{section*.2}% 44
\BOOKMARK [1][-]{section.15}{\376\377\000B\000e\000n\000c\000h\000m\000a\000r\000k\000\040\0002\000:\000\040\000M\000a\000g\000n\000e\000t\000i\000c\000\040\000F\000i\000e\000l\000d\000\040\000A\000n\000a\000l\000o\000g\000y\000\040\000o\000f\000\040\000V\000o\000r\000t\000e\000x\000\040\000R\000i\000n\000g\000s}{section*.2}% 45
\BOOKMARK [2][-]{subsection.15.1}{\376\377\000B\000i\000o\000t\040\023\000S\000a\000v\000a\000r\000t\000\040\000F\000i\000e\000l\000d\000\040\000f\000r\000o\000m\000\040\000a\000\040\000V\000o\000r\000t\000e\000x\000\040\000R\000i\000n\000g}{section.15}% 46
\BOOKMARK [2][-]{subsection.15.2}{\376\377\000C\000o\000m\000p\000a\000r\000i\000s\000o\000n\000\040\000w\000i\000t\000h\000\040\000M\000a\000g\000n\000e\000t\000i\000c\000\040\000D\000i\000p\000o\000l\000e\000\040\000F\000i\000e\000l\000d}{section.15}% 47
\BOOKMARK [2][-]{subsection.15.3}{\376\377\000V\000o\000r\000t\000i\000c\000i\000t\000y\000\040\000a\000n\000d\000\040\000H\000e\000l\000i\000c\000i\000t\000y\000\040\000S\000t\000r\000u\000c\000t\000u\000r\000e}{section.15}% 48
\BOOKMARK [2][-]{subsection.15.4}{\376\377\000C\000o\000n\000c\000l\000u\000s\000i\000o\000n}{section.15}% 49
\BOOKMARK [1][-]{section.16}{\376\377\000B\000e\000n\000c\000h\000m\000a\000r\000k\000\040\0003\000:\000\040\000I\000n\000t\000e\000g\000r\000a\000t\000e\000d\000\040\000C\000i\000r\000c\000u\000l\000a\000t\000i\000o\000n\000,\000\040\000E\000n\000e\000r\000g\000y\000,\000\040\000a\000n\000d\000\040\000H\000e\000l\000i\000c\000i\000t\000y}{section*.2}% 50
\BOOKMARK [2][-]{subsection.16.1}{\376\377\000C\000i\000r\000c\000u\000l\000a\000t\000i\000o\000n}{section.16}% 51
\BOOKMARK [2][-]{subsection.16.2}{\376\377\000S\000w\000i\000r\000l\000\040\000E\000n\000e\000r\000g\000y}{section.16}% 52
\BOOKMARK [2][-]{subsection.16.3}{\376\377\000H\000e\000l\000i\000c\000i\000t\000y}{section.16}% 53
\BOOKMARK [2][-]{subsection.16.4}{\376\377\000M\000a\000s\000s\000\040\000E\000v\000a\000l\000u\000a\000t\000i\000o\000n\000\040\000v\000i\000a\000\040\000V\000A\000M\000\040\000M\000a\000s\000t\000e\000r\000\040\000F\000o\000r\000m\000u\000l\000a}{section.16}% 54
\BOOKMARK [2][-]{subsection.16.5}{\376\377\000P\000h\000y\000s\000i\000c\000a\000l\000\040\000I\000n\000t\000e\000r\000p\000r\000e\000t\000a\000t\000i\000o\000n}{section.16}% 55
\BOOKMARK [2][-]{subsection.16.6}{\376\377\000C\000o\000n\000c\000l\000u\000s\000i\000o\000n}{section.16}% 56
\BOOKMARK [1][-]{section.17}{\376\377\000B\000e\000n\000c\000h\000m\000a\000r\000k\000\040\0004\000:\000\040\000T\000r\000e\000f\000o\000i\000l\000\040\000K\000n\000o\000t\000\040\000a\000s\000\040\000a\000\040\000S\000p\000i\000n\000-\0001\000/\0002\000\040\000P\000a\000r\000t\000i\000c\000l\000e}{section*.2}% 57
\BOOKMARK [2][-]{subsection.17.1}{\376\377\000P\000a\000r\000a\000m\000e\000t\000r\000i\000c\000\040\000S\000t\000r\000u\000c\000t\000u\000r\000e\000\040\000o\000f\000\040\000t\000h\000e\000\040\000T\000r\000e\000f\000o\000i\000l}{section.17}% 58
\BOOKMARK [2][-]{subsection.17.2}{\376\377\000S\000p\000i\000n\000o\000r\000\040\000B\000e\000h\000a\000v\000i\000o\000r\000\040\000f\000r\000o\000m\000\040\000K\000n\000o\000t\000\040\000T\000o\000p\000o\000l\000o\000g\000y}{section.17}% 59
\BOOKMARK [2][-]{subsection.17.3}{\376\377\000C\000h\000a\000r\000g\000e\000\040\000a\000n\000d\000\040\000C\000h\000i\000r\000a\000l\000i\000t\000y}{section.17}% 60
\BOOKMARK [2][-]{subsection.17.4}{\376\377\000M\000a\000s\000s\000\040\000E\000v\000a\000l\000u\000a\000t\000i\000o\000n\000\040\000v\000i\000a\000\040\000V\000A\000M\000\040\000M\000a\000s\000t\000e\000r\000\040\000F\000o\000r\000m\000u\000l\000a}{section.17}% 61
\BOOKMARK [2][-]{subsection.17.5}{\376\377\000C\000o\000n\000c\000l\000u\000s\000i\000o\000n}{section.17}% 62
\BOOKMARK [1][-]{section.18}{\376\377\000B\000e\000n\000c\000h\000m\000a\000r\000k\000\040\0005\040\023\0006\000:\000\040\000P\000r\000o\000t\000o\000n\000\040\000a\000n\000d\000\040\000N\000e\000u\000t\000r\000o\000n\000\040\000a\000s\000\040\000C\000o\000m\000p\000o\000s\000i\000t\000e\000\040\000V\000o\000r\000t\000e\000x\000\040\000S\000t\000r\000u\000c\000t\000u\000r\000e\000s}{section*.2}% 63
\BOOKMARK [2][-]{subsection.18.1}{\376\377\000P\000r\000o\000t\000o\000n\000:\000\040\000L\000i\000n\000k\000e\000d\000\040\000u\000u\000d\000\040\000C\000o\000n\000f\000i\000g\000u\000r\000a\000t\000i\000o\000n}{section.18}% 64
\BOOKMARK [2][-]{subsection.18.2}{\376\377\000N\000e\000u\000t\000r\000o\000n\000:\000\040\000L\000i\000n\000k\000e\000d\000\040\000u\000d\000d\000\040\000C\000o\000n\000f\000i\000g\000u\000r\000a\000t\000i\000o\000n}{section.18}% 65
\BOOKMARK [2][-]{subsection.18.3}{\376\377\000U\000n\000i\000f\000i\000e\000d\000\040\000M\000a\000s\000s\000\040\000E\000v\000a\000l\000u\000a\000t\000i\000o\000n\000\040\000v\000i\000a\000\040\000V\000A\000M\000\040\000M\000a\000s\000t\000e\000r\000\040\000F\000o\000r\000m\000u\000l\000a}{section.18}% 66
\BOOKMARK [2][-]{subsection.18.4}{\376\377\000C\000o\000n\000c\000l\000u\000s\000i\000o\000n}{section.18}% 67
\BOOKMARK [1][-]{section.19}{\376\377\000B\000e\000n\000c\000h\000m\000a\000r\000k\000\040\0006\000:\000\040\000N\000e\000u\000t\000r\000o\000n\000\040\000a\000s\000\040\000a\000\040\000C\000o\000m\000p\000o\000s\000i\000t\000e\000\040\000V\000o\000r\000t\000e\000x\000\040\000S\000t\000r\000u\000c\000t\000u\000r\000e}{section*.2}% 68
\BOOKMARK [2][-]{subsection.19.1}{\376\377\000T\000o\000p\000o\000l\000o\000g\000i\000c\000a\000l\000\040\000I\000n\000t\000e\000r\000p\000r\000e\000t\000a\000t\000i\000o\000n}{section.19}% 69
\BOOKMARK [2][-]{subsection.19.2}{\376\377\000M\000a\000s\000s\000\040\000E\000v\000a\000l\000u\000a\000t\000i\000o\000n\000\040\000f\000r\000o\000m\000\040\000t\000h\000e\000\040\000V\000A\000M\000\040\000M\000a\000s\000t\000e\000r\000\040\000F\000o\000r\000m\000u\000l\000a}{section.19}% 70
\BOOKMARK [2][-]{subsection.19.3}{\376\377\000N\000e\000u\000t\000r\000o\000n\000\040\000D\000e\000c\000a\000y\000\040\000M\000e\000c\000h\000a\000n\000i\000s\000m\000\040\000\050\000B\000e\000t\000a\000\040\000D\000e\000c\000a\000y\000\051}{section.19}% 71
\BOOKMARK [2][-]{subsection.19.4}{\376\377\000C\000o\000n\000c\000l\000u\000s\000i\000o\000n}{section.19}% 72
\BOOKMARK [1][-]{section.20}{\376\377\000B\000e\000n\000c\000h\000m\000a\000r\000k\000\040\0007\000:\000\040\000N\000e\000u\000t\000r\000i\000n\000o\000\040\000a\000s\000\040\000a\000\040\000H\000o\000p\000f\000i\000o\000n\000\040\000D\000o\000u\000b\000l\000e\000t\000\040\000V\000o\000r\000t\000e\000x\000\040\000M\000o\000d\000e}{section*.2}% 73
\BOOKMARK [2][-]{subsection.20.1}{\376\377\000T\000o\000p\000o\000l\000o\000g\000i\000c\000a\000l\000\040\000P\000r\000o\000p\000e\000r\000t\000i\000e\000s}{section.20}% 74
\BOOKMARK [2][-]{subsection.20.2}{\376\377\000N\000e\000u\000t\000r\000i\000n\000o\040\023\000A\000n\000t\000i\000n\000e\000u\000t\000r\000i\000n\000o\000\040\000D\000i\000s\000t\000i\000n\000c\000t\000i\000o\000n}{section.20}% 75
\BOOKMARK [2][-]{subsection.20.3}{\376\377\000I\000n\000t\000e\000r\000a\000c\000t\000i\000o\000n\000\040\000P\000r\000o\000p\000e\000r\000t\000i\000e\000s}{section.20}% 76
\BOOKMARK [2][-]{subsection.20.4}{\376\377\000M\000a\000s\000s\000\040\000E\000v\000a\000l\000u\000a\000t\000i\000o\000n\000\040\000v\000i\000a\000\040\000V\000A\000M\000\040\000M\000a\000s\000t\000e\000r\000\040\000F\000o\000r\000m\000u\000l\000a}{section.20}% 77
\BOOKMARK [2][-]{subsection.20.5}{\376\377\000C\000o\000n\000c\000l\000u\000s\000i\000o\000n}{section.20}% 78
\BOOKMARK [1][-]{section.21}{\376\377\000B\000e\000n\000c\000h\000m\000a\000r\000k\000\040\0008\000:\000\040\000P\000l\000a\000n\000c\000k\000-\000S\000c\000a\000l\000e\000\040\000V\000o\000r\000t\000e\000x\000\040\000a\000n\000d\000\040\000M\000a\000x\000i\000m\000u\000m\000\040\000F\000o\000r\000c\000e\000\040\000L\000i\000m\000i\000t}{section*.2}% 79
\BOOKMARK [2][-]{subsection.21.1}{\376\377\000C\000o\000r\000e\000\040\000P\000a\000r\000a\000m\000e\000t\000e\000r\000s}{section.21}% 80
\BOOKMARK [2][-]{subsection.21.2}{\376\377\000C\000o\000m\000p\000a\000r\000i\000s\000o\000n\000\040\000w\000i\000t\000h\000\040\000D\000e\000f\000i\000n\000e\000d\000\040\000M\000a\000x\000i\000m\000u\000m\000\040\000F\000o\000r\000c\000e}{section.21}% 81
\BOOKMARK [2][-]{subsection.21.3}{\376\377\000I\000n\000t\000e\000r\000p\000r\000e\000t\000a\000t\000i\000o\000n}{section.21}% 82
\BOOKMARK [2][-]{subsection.21.4}{\376\377\000C\000o\000n\000c\000l\000u\000s\000i\000o\000n}{section.21}% 83
\BOOKMARK [1][-]{section.22}{\376\377\000B\000e\000n\000c\000h\000m\000a\000r\000k\000\040\0009\000:\000\040\000V\000o\000r\000t\000i\000c\000i\000t\000y\000-\000I\000n\000d\000u\000c\000e\000d\000\040\000G\000r\000a\000v\000i\000t\000y\000\040\000v\000s\000\040\000G\000e\000n\000e\000r\000a\000l\000\040\000R\000e\000l\000a\000t\000i\000v\000i\000t\000y}{section*.2}% 84
\BOOKMARK [2][-]{subsection.22.1}{\376\377\000V\000A\000M\000\040\000S\000w\000i\000r\000l\000\040\000P\000o\000t\000e\000n\000t\000i\000a\000l}{section.22}% 85
\BOOKMARK [2][-]{subsection.22.2}{\376\377\000C\000o\000m\000p\000a\000r\000i\000s\000o\000n\000\040\000w\000i\000t\000h\000\040\000G\000e\000n\000e\000r\000a\000l\000\040\000R\000e\000l\000a\000t\000i\000v\000i\000t\000y}{section.22}% 86
\BOOKMARK [2][-]{subsection.22.3}{\376\377\000P\000h\000y\000s\000i\000c\000a\000l\000\040\000C\000o\000n\000s\000e\000q\000u\000e\000n\000c\000e\000s}{section.22}% 87
\BOOKMARK [2][-]{subsection.22.4}{\376\377\000C\000o\000n\000c\000l\000u\000s\000i\000o\000n}{section.22}% 88
\BOOKMARK [1][-]{section.23}{\376\377\000B\000e\000n\000c\000h\000m\000a\000r\000k\000\040\0001\0000\000:\000\040\000V\000o\000r\000t\000e\000x\000-\000B\000a\000s\000e\000d\000\040\000L\000a\000g\000r\000a\000n\000g\000i\000a\000n\000\040\000a\000n\000d\000\040\000S\000t\000a\000n\000d\000a\000r\000d\000\040\000M\000o\000d\000e\000l\000\040\000M\000a\000p\000p\000i\000n\000g}{section*.2}% 89
\BOOKMARK [2][-]{subsection.23.1}{\376\377\000T\000o\000p\000o\000l\000o\000g\000i\000c\000a\000l\000\040\000C\000l\000a\000s\000s\000i\000f\000i\000c\000a\000t\000i\000o\000n\000\040\000o\000f\000\040\000S\000M\000\040\000P\000a\000r\000t\000i\000c\000l\000e\000s}{section.23}% 90
\BOOKMARK [2][-]{subsection.23.2}{\376\377\000L\000a\000g\000r\000a\000n\000g\000i\000a\000n\000\040\000S\000t\000r\000u\000c\000t\000u\000r\000e\000\040\000i\000n\000\040\000V\000A\000M}{section.23}% 91
\BOOKMARK [2][-]{subsection.23.3}{\376\377\000T\000o\000p\000o\000l\000o\000g\000i\000c\000a\000l\000\040\000I\000n\000v\000a\000r\000i\000a\000n\000t\000s\000\040\000a\000s\000\040\000C\000h\000a\000r\000g\000e\000s}{section.23}% 92
\BOOKMARK [2][-]{subsection.23.4}{\376\377\000I\000m\000p\000l\000i\000c\000a\000t\000i\000o\000n\000s\000\040\000f\000o\000r\000\040\000S\000y\000m\000m\000e\000t\000r\000y\000\040\000B\000r\000e\000a\000k\000i\000n\000g}{section.23}% 93
\BOOKMARK [2][-]{subsection.23.5}{\376\377\000C\000o\000n\000c\000l\000u\000s\000i\000o\000n}{section.23}% 94
\BOOKMARK [1][-]{section*.3}{\376\377\000R\000e\000f\000e\000r\000e\000n\000c\000e\000s}{section*.2}% 95
