\BOOKMARK [1][-]{section.1}{\376\377\000C\000h\000i\000r\000a\000l\000\040\000S\000w\000i\000r\000l\000i\000n\000g\000\040\000K\000n\000o\000t\000s\000\040\000a\000n\000d\000\040\000C\000e\000n\000t\000r\000a\000l\000\040\000H\000o\000l\000e\000s}{}% 1
\BOOKMARK [1][-]{section.2}{\376\377\000C\000a\000u\000c\000h\000y\000\040\000I\000n\000t\000e\000g\000r\000a\000l\000\040\000a\000n\000d\000\040\000C\000i\000r\000c\000u\000l\000a\000t\000i\000o\000n\000\040\000Q\000u\000a\000n\000t\000i\000z\000a\000t\000i\000o\000n}{}% 2
\BOOKMARK [1][-]{section.3}{\376\377\000C\000o\000m\000p\000o\000s\000i\000t\000e\000\040\000B\000a\000r\000y\000o\000n\000\040\000T\000u\000b\000e\000s}{}% 3
\BOOKMARK [1][-]{section.4}{\376\377\000M\000e\000c\000h\000a\000n\000i\000s\000m\000:\000\040\000S\000h\000a\000r\000e\000d\000\040\000C\000e\000n\000t\000r\000a\000l\000\040\000A\000x\000i\000s\000\040\000\050\000S\000h\000o\000r\000t\000-\000R\000a\000n\000g\000e\000\040\000C\000o\000u\000p\000l\000i\000n\000g\000\051}{}% 4
\BOOKMARK [1][-]{section.5}{\376\377\000C\000a\000n\000o\000n\000i\000c\000a\000l\000\040\000r\000e\000i\000n\000t\000e\000r\000p\000r\000e\000t\000a\000t\000i\000o\000n\000:\000\040\000s\000o\000u\000r\000c\000e\000\040\000v\000s\000\040\000f\000i\000e\000l\000d}{}% 5
\BOOKMARK [2][-]{subsection.5.1}{\376\377\000E\000l\000e\000c\000t\000r\000o\000m\000o\000t\000i\000v\000e\000\040\000R\000e\000s\000p\000o\000n\000s\000e\000\040\000t\000o\000\040\000S\000w\000i\000r\000l\000\040\000G\000r\000a\000v\000i\000t\000y}{section.5}% 6
\BOOKMARK [1][-]{section.6}{\376\377\000E\000x\000p\000e\000r\000i\000m\000e\000n\000t\000a\000l\000\040\000R\000e\000a\000l\000i\000z\000a\000t\000i\000o\000n\000\040\000o\000f\000\040\000S\000w\000i\000r\000l\000-\000I\000n\000d\000u\000c\000e\000d\000\040\000E\000l\000e\000c\000t\000r\000o\000m\000o\000t\000i\000v\000e\000\040\000I\000m\000p\000u\000l\000s\000e\000s\000\040}{}% 7
\BOOKMARK [2][-]{subsection.6.1}{\376\377\000P\000r\000e\000d\000i\000c\000t\000i\000o\000n}{section.6}% 8
\BOOKMARK [2][-]{subsection.6.2}{\376\377\000C\000o\000n\000d\000e\000n\000s\000e\000d\000-\000M\000a\000t\000t\000e\000r\000\040\000I\000m\000p\000l\000e\000m\000e\000n\000t\000a\000t\000i\000o\000n}{section.6}% 9
\BOOKMARK [2][-]{subsection.6.3}{\376\377\000P\000r\000o\000t\000o\000c\000o\000l\000\040\000a\000n\000d\000\040\000S\000t\000a\000t\000i\000s\000t\000i\000c\000s}{section.6}% 10
\BOOKMARK [2][-]{subsection.6.4}{\376\377\000H\000y\000d\000r\000o\000g\000e\000n\000i\000c\000\040\000a\000n\000d\000\040\000A\000t\000o\000m\000i\000c\000\040\000S\000y\000s\000t\000e\000m\000s}{section.6}% 11
\BOOKMARK [2][-]{subsection.6.5}{\376\377\000F\000a\000l\000s\000i\000f\000i\000a\000b\000i\000l\000i\000t\000y\000\040\000C\000r\000i\000t\000e\000r\000i\000a}{section.6}% 12
\BOOKMARK [1][-]{section.7}{\376\377\000G\000a\000l\000a\000c\000t\000i\000c\000\040\000R\000o\000t\000a\000t\000i\000o\000n\000\040\000a\000n\000d\000\040\000D\000a\000r\000k\000\040\000M\000a\000t\000t\000e\000r\000\040\000A\000n\000a\000l\000o\000g\000u\000e}{}% 13
\BOOKMARK [1][-]{section.8}{\376\377\000E\000n\000t\000r\000o\000p\000i\000c\000\040\000E\000m\000b\000e\000d\000d\000i\000n\000g\000\040\000o\000f\000\040\000S\000w\000i\000r\000l\040\023\000S\000t\000r\000i\000n\000g\000\040\000T\000h\000e\000o\000r\000y}{}% 14
\BOOKMARK [2][-]{subsection.8.1}{\376\377\000S\000w\000i\000r\000l\000\040\000E\000n\000t\000r\000o\000p\000y\000\040\000a\000s\000\040\000I\000n\000f\000o\000r\000m\000a\000t\000i\000o\000n\000a\000l\000\040\000F\000i\000e\000l\000d}{section.8}% 15
\BOOKMARK [2][-]{subsection.8.2}{\376\377\000E\000n\000t\000r\000o\000p\000i\000c\000\040\000F\000o\000r\000c\000e\000\040\000f\000r\000o\000m\000\040\000S\000w\000i\000r\000l\000\040\000G\000r\000a\000d\000i\000e\000n\000t\000s}{section.8}% 16
\BOOKMARK [2][-]{subsection.8.3}{\376\377\000M\000a\000s\000s\000\040\000a\000s\000\040\000T\000o\000p\000o\000l\000o\000g\000i\000c\000a\000l\000\040\000I\000n\000f\000o\000r\000m\000a\000t\000i\000o\000n}{section.8}% 17
\BOOKMARK [2][-]{subsection.8.4}{\376\377\000T\000i\000m\000e\000\040\000D\000i\000l\000a\000t\000i\000o\000n\000\040\000a\000s\000\040\000a\000n\000\040\000E\000n\000t\000r\000o\000p\000i\000c\000\040\000C\000l\000o\000c\000k}{section.8}% 18
\BOOKMARK [2][-]{subsection.8.5}{\376\377\000R\000/\000T\000\040\000P\000h\000a\000s\000e\000\040\000T\000r\000a\000n\000s\000i\000t\000i\000o\000n\000\040\000a\000n\000d\000\040\000I\000n\000f\000o\000r\000m\000a\000t\000i\000o\000n\000\040\000L\000o\000c\000a\000l\000i\000z\000a\000t\000i\000o\000n}{section.8}% 19
\BOOKMARK [2][-]{subsection.8.6}{\376\377\000S\000u\000m\000m\000a\000r\000y\000\040\000o\000f\000\040\000M\000a\000p\000p\000i\000n\000g}{section.8}% 20
\BOOKMARK [1][-]{section.9}{\376\377\000L\000a\000g\000r\000a\000n\000g\000i\000a\000n\000\040\000a\000n\000d\000\040\000A\000c\000t\000i\000o\000n\000\040\000F\000o\000r\000m\000u\000l\000a\000t\000i\000o\000n}{}% 21
\BOOKMARK [1][-]{section.10}{\376\377\000L\000e\000g\000a\000c\000y\000\040\000F\000o\000u\000n\000d\000a\000t\000i\000o\000n\000s\000\040\000a\000n\000d\000\040\000R\000o\000s\000e\000t\000t\000a\000\040\000T\000r\000a\000n\000s\000l\000a\000t\000i\000o\000n}{}% 22
\BOOKMARK [2][-]{subsection.10.1}{\376\377\000Q\000u\000a\000n\000t\000i\000z\000e\000d\000\040\000C\000i\000r\000c\000u\000l\000a\000t\000i\000o\000n\000\040\000a\000n\000d\000\040\000M\000a\000s\000s\000\040\000F\000o\000r\000m\000u\000l\000a}{section.10}% 23
\BOOKMARK [2][-]{subsection.10.2}{\376\377\000L\000a\000g\000r\000a\000n\000g\000i\000a\000n\000\040\000a\000n\000d\000\040\000F\000i\000e\000l\000d\000\040\000F\000o\000r\000m\000a\000l\000i\000s\000m}{section.10}% 24
\BOOKMARK [2][-]{subsection.10.3}{\376\377\000N\000o\000t\000a\000t\000i\000o\000n\000\040\000F\000i\000d\000e\000l\000i\000t\000y\000\040\000v\000i\000a\000\040\000R\000o\000s\000e\000t\000t\000a\000\040\000M\000a\000p}{section.10}% 25
\BOOKMARK [1][-]{section.11}{\376\377\000C\000o\000n\000c\000l\000u\000s\000i\000o\000n}{}% 26
\BOOKMARK [1][-]{appendix.A}{\376\377\000C\000a\000n\000o\000n\000i\000c\000a\000l\000\040\000D\000e\000r\000i\000v\000a\000t\000i\000o\000n\000\040\000o\000f\000\040\000t\000h\000e\000\040\000E\000M\040\023\000S\000w\000i\000r\000l\000\040\000C\000o\000u\000p\000l\000i\000n\000g\000\040\000\050\000S\000u\000m\000m\000a\000r\000y\000\040\000f\000r\000o\000m\000\040\000C\000a\000n\000o\000n\000\051}{}% 27
\BOOKMARK [1][-]{appendix.B}{\376\377\000R\000o\000t\000a\000t\000i\000n\000g\000\040\000F\000r\000a\000m\000e\000\040\000a\000n\000d\000\040\000F\000l\000u\000x\000\040\000Q\000u\000a\000n\000t\000i\000z\000a\000t\000i\000o\000n}{}% 28
