\BOOKMARK [0][-]{section*.2}{\376\377\000S\000w\000i\000r\000l\040\023\000S\000t\000r\000i\000n\000g\000\040\000T\000h\000e\000o\000r\000y\000:\000\040\000A\000\040\000C\000a\000n\000o\000n\000i\000c\000a\000l\000\040\000F\000l\000u\000i\000d\000\040\000R\000e\000f\000o\000r\000m\000u\000l\000a\000t\000i\000o\000n\000\040\000o\000f\000\040\000R\000e\000l\000a\000t\000i\000v\000i\000t\000y\000\040\000a\000n\000d\000\040\000Q\000u\000a\000n\000t\000u\000m\000\040\000S\000t\000r\000u\000c\000t\000u\000r\000e}{}% 2
\BOOKMARK [1][-]{section*.1}{\376\377\000A\000b\000s\000t\000r\000a\000c\000t}{section*.2}% 1
\BOOKMARK [1][-]{section*.3}{\376\377\000I\000n\000t\000r\000o\000d\000u\000c\000t\000i\000o\000n}{section*.2}% 3
\BOOKMARK [2][-]{section*.4}{\376\377\000M\000o\000t\000i\000v\000a\000t\000i\000o\000n\000:\000\040\000R\000e\000c\000a\000s\000t\000i\000n\000g\000\040\000t\000h\000e\000\040\000G\000R\040\023\000Q\000M\000\040\000M\000i\000s\000m\000a\000t\000c\000h}{section*.3}% 4
\BOOKMARK [2][-]{section*.5}{\376\377\000H\000i\000s\000t\000o\000r\000i\000c\000a\000l\000\040\000L\000i\000n\000e\000a\000g\000e\000:\000\040\000F\000r\000o\000m\000\040\000V\000o\000r\000t\000e\000x\000\040\000A\000t\000o\000m\000s\000\040\000t\000o\000\040\000A\000n\000a\000l\000o\000g\000u\000e\000\040\000G\000r\000a\000v\000i\000t\000y}{section*.3}% 5
\BOOKMARK [2][-]{section*.6}{\376\377\000S\000S\000T\000\040\000P\000r\000o\000p\000o\000s\000i\000t\000i\000o\000n\000:\000\040\000A\000\040\000T\000o\000p\000o\000l\000o\000g\000i\000c\000a\000l\000\040\000F\000l\000u\000i\000d\000\040\000S\000u\000b\000s\000t\000r\000a\000t\000e\000\040\000f\000o\000r\000\040\000P\000a\000r\000t\000i\000c\000l\000e\000s\000\040\000a\000n\000d\000\040\000I\000n\000t\000e\000r\000a\000c\000t\000i\000o\000n\000s}{section*.3}% 6
\BOOKMARK [2][-]{section*.7}{\376\377\000R\000e\000l\000a\000t\000i\000o\000n\000\040\000t\000o\000\040\000E\000m\000e\000r\000g\000e\000n\000t\000-\000G\000r\000a\000v\000i\000t\000y\000\040\000P\000r\000o\000g\000r\000a\000m\000s}{section*.3}% 7
\BOOKMARK [1][-]{section*.8}{\376\377\000C\000o\000r\000e\000\040\000P\000o\000s\000t\000u\000l\000a\000t\000e\000s\000\040\000o\000f\000\040\000S\000w\000i\000r\000l\040\023\000S\000t\000r\000i\000n\000g\000\040\000T\000h\000e\000o\000r\000y}{section*.2}% 8
\BOOKMARK [2][-]{section*.9}{\376\377\000A\000x\000i\000o\000m\000s\000\040\000f\000r\000o\000m\000\040\000t\000h\000e\000\040\000C\000a\000n\000o\000n\000\040\000v\0000\000.\0005}{section*.8}% 9
\BOOKMARK [1][-]{section*.10}{\376\377\000L\000a\000g\000r\000a\000n\000g\000i\000a\000n\000\040\000a\000n\000d\000\040\000F\000i\000e\000l\000d\000-\000T\000h\000e\000o\000r\000e\000t\000i\000c\000\040\000F\000r\000a\000m\000e\000w\000o\000r\000k}{section*.2}% 10
\BOOKMARK [2][-]{section*.11}{\376\377\000P\000r\000e\000f\000e\000r\000r\000e\000d\000\040\000f\000o\000l\000i\000a\000t\000i\000o\000n\000\040\000v\000i\000a\000\040\000c\000l\000o\000c\000k\000\040\000f\000i\000e\000l\000d\000,\000\040\000p\000r\000o\000j\000e\000c\000t\000o\000r\000s\000,\000\040\000a\000n\000d\000\040\000K\000h\000r\000o\000n\000o\000n\000\040\000s\000e\000c\000t\000o\000r}{section*.10}% 11
\BOOKMARK [2][-]{section*.12}{\376\377\000T\000w\000o\000-\000f\000o\000r\000m\000\040\000v\000o\000r\000t\000i\000c\000i\000t\000y\000,\000\040\000n\000o\000n\000-\000A\000b\000e\000l\000i\000a\000n\000\040\000s\000w\000i\000r\000l\000\040\000c\000o\000n\000n\000e\000c\000t\000i\000o\000n\000,\000\040\000a\000n\000d\000\040\000e\000m\000e\000r\000g\000e\000n\000t\000\040\000g\000a\000u\000g\000e\000\040\000s\000t\000r\000u\000c\000t\000u\000r\000e}{section*.10}% 12
\BOOKMARK [2][-]{section*.13}{\376\377\000C\000a\000n\000o\000n\000i\000c\000a\000l\000\040\000L\000a\000g\000r\000a\000n\000g\000i\000a\000n\000\040\000f\000o\000r\000m\000a\000l\000i\000s\000m}{section*.10}% 13
\BOOKMARK [2][-]{section*.14}{\376\377\000S\000u\000m\000m\000a\000r\000y\000\040\000o\000f\000\040\000t\000h\000e\000\040\000C\000a\000n\000o\000n\000i\000c\000a\000l\000\040\000L\000a\000g\000r\000a\000n\000g\000i\000a\000n\000\040\000\050\000s\000e\000e\000\040\000A\000p\000p\000e\000n\000d\000i\000x\000\040\000A\000\051}{section*.10}% 14
\BOOKMARK [2][-]{section*.15}{\376\377\000C\000l\000o\000c\000k\000-\000R\000e\000s\000c\000a\000l\000e\000d\000\040\000S\000c\000h\000r\000\366\000d\000i\000n\000g\000e\000r\000\040\000E\000v\000o\000l\000u\000t\000i\000o\000n}{section*.10}% 15
\BOOKMARK [2][-]{section*.16}{\376\377\000M\000a\000s\000s\000\040\000v\000i\000a\000\040\000a\000\040\000s\000o\000l\000i\000t\000o\000n\000i\000c\000\040\000k\000n\000o\000t\000\040\000e\000n\000e\000r\000g\000y\000\040\000f\000u\000n\000c\000t\000i\000o\000n\000a\000l}{section*.10}% 16
\BOOKMARK [1][-]{section*.18}{\376\377\000I\000n\000t\000e\000r\000n\000a\000l\000\040\000G\000a\000u\000g\000e\000\040\000S\000y\000m\000m\000e\000t\000r\000y\000\040\000i\000n\000\040\000S\000S\000T\000:\000\040\000S\000U\000\050\0003\000\051\000\327\000S\000U\000\050\0002\000\051\000\327\000U\000\050\0001\000\051}{section*.2}% 17
\BOOKMARK [1][-]{section*.28}{\376\377\000S\000w\000i\000r\000l\040\023\000B\000r\000a\000i\000d\000\040\000C\000o\000r\000r\000e\000s\000p\000o\000n\000d\000e\000n\000c\000e\000\040\000a\000n\000d\000\040\000E\000n\000e\000r\000g\000y\000\040\000F\000u\000n\000c\000t\000i\000o\000n\000a\000l}{section*.2}% 18
\BOOKMARK [2][-]{section*.30}{\376\377\000T\000r\000e\000f\000o\000i\000l\000\040\000a\000s\000\040\000a\000\040\000b\000r\000a\000i\000d\000e\000d\000\040\000s\000w\000i\000r\000l\000\040\000l\000o\000o\000p}{section*.28}% 19
\BOOKMARK [2][-]{section*.31}{\376\377\000S\000w\000i\000r\000l\040\023\000b\000r\000a\000i\000d\000\040\000e\000n\000e\000r\000g\000y\000\040\000f\000u\000n\000c\000t\000i\000o\000n\000a\000l}{section*.28}% 20
\BOOKMARK [2][-]{section*.33}{\376\377\000T\000o\000p\000o\000l\000o\000g\000i\000c\000a\000l\000\040\000q\000u\000a\000n\000t\000i\000z\000a\000t\000i\000o\000n\000\040\000a\000n\000d\000\040\000s\000w\000i\000r\000l\000\040\000c\000h\000a\000r\000g\000e}{section*.28}% 21
\BOOKMARK [2][-]{section*.34}{\376\377\000C\000o\000n\000n\000e\000c\000t\000i\000o\000n\000\040\000t\000o\000\040\000C\000h\000e\000r\000n\040\023\000S\000i\000m\000o\000n\000s\000\040\000f\000i\000e\000l\000d\000\040\000t\000h\000e\000o\000r\000y}{section*.28}% 22
\BOOKMARK [1][-]{section*.35}{\376\377\000L\000o\000c\000a\000l\000\040\000S\000w\000i\000r\000l\000\040\000S\000t\000r\000e\000s\000s\000\040\000a\000n\000d\000\040\000L\000a\000b\000\040\000T\000r\000a\000c\000t\000i\000o\000n}{section*.2}% 23
\BOOKMARK [1][-]{section*.36}{\376\377\000E\000m\000e\000r\000g\000e\000n\000t\000\040\000G\000r\000a\000v\000i\000t\000y\000\040\000a\000n\000d\000\040\000T\000i\000m\000e\000\040\000D\000i\000l\000a\000t\000i\000o\000n}{section*.2}% 24
\BOOKMARK [2][-]{section*.37}{\376\377\000S\000w\000i\000r\000l\000-\000I\000n\000d\000u\000c\000e\000d\000\040\000P\000r\000e\000s\000s\000u\000r\000e\000\040\000G\000r\000a\000d\000i\000e\000n\000t\000s\000\040\000a\000s\000\040\000G\000r\000a\000v\000i\000t\000a\000t\000i\000o\000n\000a\000l\000\040\000A\000t\000t\000r\000a\000c\000t\000i\000o\000n}{section*.36}% 25
\BOOKMARK [2][-]{section*.38}{\376\377\000D\000e\000r\000i\000v\000a\000t\000i\000o\000n\000\040\000o\000f\000\040\000M\000a\000t\000c\000h\000i\000n\000g\000\040\000N\000e\000w\000t\000o\000n\000'\000s\000\040\000C\000o\000n\000s\000t\000a\000n\000t}{section*.36}% 26
\BOOKMARK [2][-]{section*.39}{\376\377\000C\000o\000m\000p\000o\000s\000i\000t\000e\000\040\000B\000a\000r\000y\000o\000n\000s\000\040\000a\000s\000\040\000M\000e\000r\000g\000e\000d\000\040\000V\000o\000r\000t\000e\000x\000\040\000T\000u\000b\000e\000s}{section*.36}% 27
\BOOKMARK [2][-]{section*.40}{\376\377\000S\000w\000i\000r\000l\000\040\000C\000l\000o\000c\000k\000\040\000E\000f\000f\000e\000c\000t\000s\000\040\000E\000x\000p\000l\000a\000i\000n\000\040\000G\000r\000a\000v\000i\000t\000a\000t\000i\000o\000n\000a\000l\000\040\000R\000e\000d\000s\000h\000i\000f\000t}{section*.36}% 28
\BOOKMARK [1][-]{section*.41}{\376\377\000C\000o\000s\000m\000o\000l\000o\000g\000i\000c\000a\000l\000\040\000B\000r\000a\000n\000c\000h\000:\000\040\000d\000e\000\040\000S\000i\000t\000t\000e\000r\000\040\000B\000a\000c\000k\000g\000r\000o\000u\000n\000d\000\040\000i\000n\000\040\000S\000w\000i\000r\000l\040\023\000S\000t\000r\000i\000n\000g\000\040\000T\000h\000e\000o\000r\000y}{section*.2}% 29
\BOOKMARK [2][-]{section*.42}{\376\377\000F\000r\000o\000m\000\040\000L\000o\000c\000a\000l\000\040\000S\000w\000i\000r\000l\000\040\000W\000e\000l\000l\000s\000\040\000t\000o\000\040\000G\000l\000o\000b\000a\000l\000\040\000E\000x\000p\000a\000n\000s\000i\000o\000n}{section*.41}% 30
\BOOKMARK [2][-]{section*.43}{\376\377\000C\000a\000n\000o\000n\000i\000c\000a\000l\000\040\000I\000d\000e\000n\000t\000i\000f\000i\000c\000a\000t\000i\000o\000n\000\040\000w\000i\000t\000h\000\040\000t\000h\000e\000\040\000C\000o\000s\000m\000o\000l\000o\000g\000i\000c\000a\000l\000\040\000C\000o\000n\000s\000t\000a\000n\000t}{section*.41}% 31
\BOOKMARK [2][-]{section*.44}{\376\377\000N\000u\000m\000e\000r\000i\000c\000a\000l\000\040\000E\000v\000a\000l\000u\000a\000t\000i\000o\000n}{section*.41}% 32
\BOOKMARK [2][-]{section*.45}{\376\377\000U\000n\000i\000f\000i\000e\000d\000\040\000I\000n\000t\000e\000r\000p\000r\000e\000t\000a\000t\000i\000o\000n\000\040\000w\000i\000t\000h\000\040\000t\000h\000e\000\040\000H\000y\000d\000r\000o\000g\000e\000n\040\023\000G\000r\000a\000v\000i\000t\000y\000\040\000M\000e\000c\000h\000a\000n\000i\000s\000m}{section*.41}% 33
\BOOKMARK [2][-]{section*.46}{\376\377\000P\000h\000y\000s\000i\000c\000a\000l\000\040\000P\000i\000c\000t\000u\000r\000e\000\040\000a\000n\000d\000\040\000T\000e\000s\000t\000a\000b\000l\000e\000\040\000C\000o\000n\000s\000e\000q\000u\000e\000n\000c\000e\000s}{section*.41}% 34
\BOOKMARK [1][-]{section*.47}{\376\377\000E\000l\000e\000c\000t\000r\000o\000m\000a\000g\000n\000e\000t\000i\000c\000\040\000E\000m\000e\000r\000g\000e\000n\000c\000e\000:\000\040\000M\000o\000d\000i\000f\000i\000e\000d\000\040\000F\000a\000r\000a\000d\000a\000y\000\040\000L\000a\000w}{section*.2}% 35
\BOOKMARK [2][-]{section*.48}{\376\377\000S\000w\000i\000r\000l\000\040\000S\000t\000r\000i\000n\000g\000\040\000N\000u\000c\000l\000e\000a\000t\000i\000o\000n\000/\000A\000n\000n\000i\000h\000i\000l\000a\000t\000i\000o\000n\000\040\000P\000r\000o\000d\000u\000c\000e\000s\000\040\000E\000M\000\040\000I\000m\000p\000u\000l\000s\000e\000s}{section*.47}% 36
\BOOKMARK [2][-]{section*.49}{\376\377\000C\000o\000u\000p\000l\000i\000n\000g\000\040\000v\000i\000a\000\040\000I\000n\000d\000u\000c\000e\000d\000\040\000E\000l\000e\000c\000t\000r\000i\000c\000\040\000F\000i\000e\000l\000d}{section*.47}% 37
\BOOKMARK [2][-]{section*.50}{\376\377\000I\000d\000e\000n\000t\000i\000f\000i\000c\000a\000t\000i\000o\000n\000\040\000w\000i\000t\000h\000\040\000F\000l\000u\000x\000\040\000Q\000u\000a\000n\000t\000u\000m}{section*.47}% 38
\BOOKMARK [2][-]{section*.51}{\376\377\000E\000x\000p\000e\000r\000i\000m\000e\000n\000t\000a\000l\000\040\000P\000r\000e\000d\000i\000c\000t\000i\000o\000n\000s}{section*.47}% 39
\BOOKMARK [1][-]{section*.52}{\376\377\000S\000p\000e\000c\000t\000r\000a\000l\000\040\000T\000h\000e\000r\000m\000o\000d\000y\000n\000a\000m\000i\000c\000s\000\040\000o\000f\000\040\000S\000w\000i\000r\000l\000\040\000E\000x\000c\000i\000t\000a\000t\000i\000o\000n\000s}{section*.2}% 40
\BOOKMARK [2][-]{section*.53}{\376\377\000P\000h\000o\000t\000o\000e\000l\000e\000c\000t\000r\000i\000c\000\040\000M\000a\000p\000p\000i\000n\000g\000\040\000i\000n\000\040\000S\000S\000T\000\040\000U\000n\000i\000t\000s}{section*.52}% 41
\BOOKMARK [1][-]{section*.54}{\376\377\000C\000h\000i\000r\000a\000l\000i\000t\000y\000\040\000a\000n\000d\000\040\000Q\000u\000a\000n\000t\000u\000m\000\040\000M\000e\000a\000s\000u\000r\000e\000m\000e\000n\000t\000\040\000D\000y\000n\000a\000m\000i\000c\000s\000\040\000\050\000R\041\224\000T\000\051}{section*.2}% 42
\BOOKMARK [2][-]{section*.55}{\376\377\000I\000n\000t\000e\000r\000p\000r\000e\000t\000a\000t\000i\000o\000n\000\040\000o\000f\000\040\000A\000t\000t\000o\000s\000e\000c\000o\000n\000d\000\040\000C\000h\000i\000r\000a\000l\000\040\000D\000e\000l\000a\000y\000s\000\040\000i\000n\000\040\000S\000S\000T}{section*.54}% 43
\BOOKMARK [2][-]{section*.56}{\376\377\000E\000n\000a\000n\000t\000i\000o\000m\000e\000r\000s\000\040\000E\000x\000h\000i\000b\000i\000t\000\040\000O\000r\000i\000e\000n\000t\000a\000t\000i\000o\000n\000-\000D\000e\000p\000e\000n\000d\000e\000n\000t\000\040\000S\000w\000i\000r\000l\000\040\000C\000l\000o\000c\000k\000s}{section*.54}% 44
\BOOKMARK [2][-]{section*.57}{\376\377\000D\000e\000l\000a\000y\000\040\000S\000i\000g\000n\000\040\000F\000l\000i\000p\000s\000\040\000w\000i\000t\000h\000\040\000M\000o\000l\000e\000c\000u\000l\000a\000r\000\040\000H\000a\000n\000d\000e\000d\000n\000e\000s\000s}{section*.54}% 45
\BOOKMARK [2][-]{section*.58}{\376\377\000R\000T\000\040\000P\000h\000a\000s\000e\000\040\000T\000r\000a\000n\000s\000i\000t\000i\000o\000n\000s\000\040\000a\000s\000\040\000M\000e\000a\000s\000u\000r\000e\000m\000e\000n\000t}{section*.54}% 46
\BOOKMARK [1][-]{section*.59}{\376\377\000C\000a\000n\000o\000n\000i\000c\000a\000l\000\040\000Q\000u\000a\000n\000t\000i\000z\000a\000t\000i\000o\000n\000\040\000a\000n\000d\000\040\000T\000o\000p\000o\000l\000o\000g\000i\000c\000a\000l\000\040\000S\000p\000e\000c\000t\000r\000u\000m}{section*.2}% 47
\BOOKMARK [2][-]{section*.60}{\376\377\000S\000S\000T\000\040\000A\000s\000s\000i\000g\000n\000s\000\040\000Q\000u\000a\000n\000t\000u\000m\000\040\000N\000u\000m\000b\000e\000r\000s\000\040\000v\000i\000a\000\040\000K\000n\000o\000t\000-\000T\000h\000e\000o\000r\000y\000\040\000I\000n\000v\000a\000r\000i\000a\000n\000t\000s}{section*.59}% 48
\BOOKMARK [2][-]{section*.61}{\376\377\000S\000o\000l\000i\000t\000o\000n\000-\000B\000a\000s\000e\000d\000\040\000M\000a\000s\000s\000\040\000Q\000u\000a\000n\000t\000i\000z\000a\000t\000i\000o\000n\000\040\000R\000e\000d\000u\000c\000e\000s\000\040\000Y\000u\000k\000a\000w\000a\000\040\000F\000r\000e\000e\000d\000o\000m}{section*.59}% 49
\BOOKMARK [2][-]{section*.62}{\376\377\000E\000l\000e\000c\000t\000r\000o\000w\000e\000a\000k\000\040\000P\000a\000r\000a\000m\000e\000t\000e\000r\000s\000\040\000a\000s\000\040\000M\000e\000d\000i\000u\000m\000\040\000S\000t\000i\000f\000f\000n\000e\000s\000s\000\040\000R\000a\000t\000i\000o\000s}{section*.59}% 50
\BOOKMARK [2][-]{section*.63}{\376\377\000K\000n\000o\000t\000\040\000T\000a\000x\000o\000n\000o\000m\000y\000:\000\040\000V\000i\000s\000u\000a\000l\000\040\000T\000a\000b\000l\000e\000\040\000o\000f\000\040\000P\000a\000r\000t\000i\000c\000l\000e\000\040\000K\000n\000o\000t\000\040\000M\000a\000p\000p\000i\000n\000g\000s}{section*.59}% 51
\BOOKMARK [1][-]{section*.64}{\376\377\000R\000e\000a\000l\000-\000T\000i\000m\000e\000\040\000T\000u\000n\000n\000e\000l\000i\000n\000g\000\040\000a\000n\000d\000\040\000t\000h\000e\000\040\000K\000a\000p\000p\000a\000\040\000E\000v\000e\000n\000t}{section*.2}% 52
\BOOKMARK [1][-]{section*.65}{\376\377\000E\000x\000p\000e\000r\000i\000m\000e\000n\000t\000a\000l\000\040\000I\000m\000p\000l\000i\000c\000a\000t\000i\000o\000n\000s\000\040\000\046\000\040\000F\000a\000l\000s\000i\000f\000i\000a\000b\000i\000l\000i\000t\000y}{section*.2}% 53
\BOOKMARK [2][-]{section*.66}{\376\377\000I\000d\000e\000n\000t\000i\000f\000i\000c\000a\000t\000i\000o\000n\000\040\000f\000r\000o\000m\000\040\000S\000l\000o\000w\000\040\000a\000n\000d\000\040\000N\000o\000n\000-\000U\000n\000i\000f\000o\000r\000m\000\040\000S\000a\000m\000p\000l\000e\000s}{section*.65}% 54
\BOOKMARK [2][-]{section*.67}{\376\377\000K\000e\000y\000\040\000F\000a\000l\000s\000i\000f\000i\000a\000b\000l\000e\000\040\000P\000r\000e\000d\000i\000c\000t\000i\000o\000n\000s}{section*.65}% 55
\BOOKMARK [2][-]{section*.68}{\376\377\000S\000u\000g\000g\000e\000s\000t\000e\000d\000\040\000P\000l\000a\000t\000f\000o\000r\000m\000s\000:\000\040\000B\000E\000C\000s\000,\000\040\000S\000u\000p\000e\000r\000c\000o\000n\000d\000u\000c\000t\000o\000r\000s\000,\000\040\000C\000h\000i\000r\000a\000l\000\040\000M\000o\000l\000e\000c\000u\000l\000e\000s}{section*.65}% 56
\BOOKMARK [1][-]{section*.69}{\376\377\000E\000x\000p\000e\000r\000i\000m\000e\000n\000t\000a\000l\000\040\000T\000e\000s\000t\000a\000b\000i\000l\000i\000t\000y\000\040\000a\000n\000d\000\040\000F\000a\000l\000s\000i\000f\000i\000a\000b\000l\000e\000\040\000S\000e\000t\000u\000p\000s}{section*.2}% 57
\BOOKMARK [2][-]{section*.70}{\376\377\000S\000w\000i\000r\000l\000-\000C\000l\000o\000c\000k\000\040\000D\000i\000l\000a\000t\000i\000o\000n\000\040\000u\000n\000d\000e\000r\000\040\000C\000h\000i\000r\000a\000l\000\040\000D\000r\000i\000v\000i\000n\000g}{section*.69}% 58
\BOOKMARK [2][-]{section*.71}{\376\377\000R\000T\000\040\000T\000r\000a\000n\000s\000i\000t\000i\000o\000n\000\040\000M\000a\000p\000\040\000i\000n\000\040\000K\000n\000o\000t\000t\000e\000d\000\040\000C\000o\000i\000l\000s}{section*.69}% 59
\BOOKMARK [2][-]{section*.72}{\376\377\000S\000w\000i\000r\000l\000-\000P\000r\000e\000s\000s\000u\000r\000e\000\040\000F\000o\000r\000c\000e\000\040\000P\000r\000o\000x\000y}{section*.69}% 60
\BOOKMARK [2][-]{section*.74}{\376\377\000S\000w\000i\000r\000l\000-\000C\000l\000o\000c\000k\000\040\000T\000i\000m\000e\000\040\000D\000i\000l\000a\000t\000i\000o\000n\000\040\000u\000n\000d\000e\000r\000\040\000C\000h\000i\000r\000a\000l\000\040\000D\000r\000i\000v\000i\000n\000g}{section*.69}% 61
\BOOKMARK [2][-]{section*.75}{\376\377\000Q\000u\000a\000n\000t\000i\000z\000e\000d\000\040\000E\000M\000\040\000I\000m\000p\000u\000l\000s\000e\000\040\000f\000r\000o\000m\000\040\000S\000w\000i\000r\000l\000\040\000R\000e\000c\000o\000n\000n\000e\000c\000t\000i\000o\000n}{section*.69}% 62
\BOOKMARK [2][-]{section*.76}{\376\377\000S\000w\000i\000r\000l\000-\000P\000r\000e\000s\000s\000u\000r\000e\000\040\000G\000r\000a\000v\000i\000t\000y\000\040\000P\000r\000o\000x\000y}{section*.69}% 63
\BOOKMARK [2][-]{section*.77}{\376\377\000G\000W\000\040\000S\000e\000c\000t\000o\000r\000\040\000S\000a\000n\000i\000t\000y\000\040\000C\000h\000e\000c\000k\000\040\000\050\000P\000r\000o\000p\000a\000g\000a\000t\000i\000o\000n\000\040\000S\000p\000e\000e\000d\000\051}{section*.69}% 64
\BOOKMARK [1][-]{section*.78}{\376\377\000R\000u\000n\000n\000i\000n\000g\000\040\000C\000o\000u\000p\000l\000i\000n\000g\000s\000\040\000a\000n\000d\000\040\000T\000o\000p\000o\000l\000o\000g\000i\000c\000a\000l\000\040\000b\000e\000t\000a\000-\000F\000u\000n\000c\000t\000i\000o\000n\000s}{section*.2}% 65
\BOOKMARK [1][-]{section*.79}{\376\377\000C\000a\000n\000o\000n\000i\000c\000a\000l\000\040\000Q\000u\000a\000n\000t\000i\000z\000a\000t\000i\000o\000n\000\040\000o\000f\000\040\000v\000s\000w\000i\000r\000l\000\040\000a\000n\000d\000\040\000D\000i\000r\000e\000c\000t\000o\000r\000s}{section*.2}% 66
\BOOKMARK [1][-]{section*.82}{\376\377\000M\000a\000s\000s\000\040\000G\000e\000n\000e\000r\000a\000t\000i\000o\000n\000:\000\040\000S\000c\000a\000l\000a\000r\000\040\000C\000o\000n\000d\000e\000n\000s\000a\000t\000e\000\040\000v\000s\000.\000\040\000T\000o\000p\000o\000l\000o\000g\000i\000c\000a\000l\000\040\000T\000e\000n\000s\000i\000o\000n}{section*.2}% 67
\BOOKMARK [2][-]{section*.83}{\376\377\000S\000c\000a\000l\000a\000r\000\040\000S\000w\000i\000r\000l\000\040\000C\000o\000n\000d\000e\000n\000s\000a\000t\000e\000\040\000\050\000H\000i\000g\000g\000s\000-\000a\000n\000a\000l\000o\000g\000u\000e\000\051}{section*.82}% 68
\BOOKMARK [2][-]{section*.84}{\376\377\000T\000o\000p\000o\000l\000o\000g\000i\000c\000a\000l\000\040\000T\000e\000n\000s\000i\000o\000n\000\040\000M\000e\000c\000h\000a\000n\000i\000s\000m}{section*.82}% 69
\BOOKMARK [1][-]{section*.85}{\376\377\000C\000h\000a\000r\000g\000e\000\040\000a\000n\000d\000\040\000Q\000u\000a\000n\000t\000u\000m\000\040\000N\000u\000m\000b\000e\000r\000s\000\040\000f\000r\000o\000m\000\040\000K\000n\000o\000t\000\040\000D\000a\000t\000a\000:\000\040\000B\000e\000n\000c\000h\000m\000a\000r\000k\000\040\000T\000a\000b\000l\000e}{section*.2}% 70
\BOOKMARK [1][-]{section*.87}{\376\377\000G\000r\000a\000v\000i\000t\000a\000t\000i\000o\000n\000a\000l\000\040\000W\000a\000v\000e\000s\000\040\000a\000n\000d\000\040\000L\000o\000r\000e\000n\000t\000z\000-\000B\000r\000e\000a\000k\000i\000n\000g\000\040\000B\000o\000u\000n\000d\000s}{section*.2}% 71
\BOOKMARK [1][-]{section*.88}{\376\377\000C\000o\000s\000m\000o\000l\000o\000g\000i\000c\000a\000l\000\040\000E\000m\000b\000e\000d\000d\000i\000n\000g\000:\000\040\000D\000a\000r\000k\000\040\000M\000a\000t\000t\000e\000r\000\040\000a\000n\000d\000\040\000D\000a\000r\000k\000\040\000E\000n\000e\000r\000g\000y}{section*.2}% 72
\BOOKMARK [2][-]{section*.89}{\376\377\000S\000w\000i\000r\000l\000-\000F\000o\000a\000m\000\040\000D\000a\000r\000k\000\040\000M\000a\000t\000t\000e\000r}{section*.88}% 73
\BOOKMARK [2][-]{section*.90}{\376\377\000N\000e\000t\000w\000o\000r\000k\000-\000T\000e\000n\000s\000i\000o\000n\000\040\000D\000a\000r\000k\000\040\000E\000n\000e\000r\000g\000y}{section*.88}% 74
\BOOKMARK [1][-]{section*.91}{\376\377\000C\000o\000s\000m\000o\000l\000o\000g\000y\000:\000\040\000B\000a\000r\000y\000o\000g\000e\000n\000e\000s\000i\000s\000\040\000a\000n\000d\000\040\000D\000a\000r\000k\000\040\000S\000e\000c\000t\000o\000r\000\040\000i\000n\000\040\000S\000S\000T}{section*.2}% 75
\BOOKMARK [2][-]{section*.92}{\376\377\000C\000h\000i\000r\000a\000l\000\040\000S\000w\000i\000r\000l\000\040\000C\000o\000n\000d\000e\000n\000s\000a\000t\000i\000o\000n\000\040\000a\000n\000d\000\040\000B\000a\000r\000y\000o\000g\000e\000n\000e\000s\000i\000s}{section*.91}% 76
\BOOKMARK [2][-]{section*.93}{\376\377\000D\000a\000r\000k\000\040\000M\000a\000t\000t\000e\000r\000\040\000a\000s\000\040\000S\000w\000i\000r\000l\000\040\000F\000o\000a\000m}{section*.91}% 77
\BOOKMARK [2][-]{section*.94}{\376\377\000D\000a\000r\000k\000\040\000E\000n\000e\000r\000g\000y\000\040\000a\000s\000\040\000N\000e\000t\000w\000o\000r\000k\000\040\000T\000e\000n\000s\000i\000o\000n}{section*.91}% 78
\BOOKMARK [1][-]{section*.95}{\376\377\000M\000e\000t\000a\000-\000T\000o\000p\000o\000l\000o\000g\000y\000\040\000a\000n\000d\000\040\000C\000o\000s\000m\000o\000g\000e\000n\000e\000t\000i\000c\000\040\000H\000i\000e\000r\000a\000r\000c\000h\000y\000\040\000i\000n\000\040\000S\000S\000T}{section*.2}% 79
\BOOKMARK [2][-]{section*.96}{\376\377\000S\000w\000i\000r\000l\000\040\000G\000e\000n\000e\000s\000i\000s\000\040\000a\000n\000d\000\040\000K\000n\000o\000t\000\040\000N\000u\000c\000l\000e\000a\000t\000i\000o\000n}{section*.95}% 80
\BOOKMARK [2][-]{section*.98}{\376\377\000G\000o\000l\000d\000e\000n\000-\000R\000a\000t\000i\000o\000\040\000M\000a\000s\000s\000\040\000L\000a\000d\000d\000e\000r}{section*.95}% 81
\BOOKMARK [2][-]{section*.99}{\376\377\000H\000i\000e\000r\000a\000r\000c\000h\000y\000\040\000f\000r\000o\000m\000\040\000C\000o\000n\000t\000a\000c\000t\000\040\000a\000n\000d\000\040\000H\000e\000l\000i\000c\000i\000t\000y\000\040\000C\000o\000r\000r\000e\000c\000t\000i\000o\000n}{section*.95}% 82
\BOOKMARK [2][-]{section*.100}{\376\377\000I\000n\000t\000e\000r\000p\000r\000e\000t\000a\000t\000i\000o\000n\000\040\000a\000n\000d\000\040\000C\000o\000s\000m\000o\000l\000o\000g\000i\000c\000a\000l\000\040\000I\000m\000p\000l\000i\000c\000a\000t\000i\000o\000n\000s}{section*.95}% 83
\BOOKMARK [1][-]{section*.101}{\376\377\000N\000u\000m\000e\000r\000i\000c\000a\000l\000\040\000P\000r\000o\000g\000r\000a\000m\000:\000\040\000S\000w\000i\000r\000l\040\023\000K\000n\000o\000t\000\040\000D\000y\000n\000a\000m\000i\000c\000s\000\040\000a\000n\000d\000\040\000E\000M\000\040\000C\000o\000u\000p\000l\000i\000n\000g}{section*.2}% 84
\BOOKMARK [1][-]{section*.104}{\376\377\000C\000o\000m\000p\000a\000r\000a\000t\000i\000v\000e\000\040\000P\000o\000s\000i\000t\000i\000o\000n\000i\000n\000g}{section*.2}% 85
\BOOKMARK [1][-]{section*.105}{\376\377\000C\000o\000m\000p\000a\000r\000i\000s\000o\000n\000\040\000w\000i\000t\000h\000\040\000E\000x\000i\000s\000t\000i\000n\000g\000\040\000F\000r\000a\000m\000e\000w\000o\000r\000k\000s}{section*.2}% 86
\BOOKMARK [2][-]{section*.107}{\376\377\000S\000S\000T\000\040\000v\000s\000.\000\040\000G\000e\000n\000e\000r\000a\000l\000\040\000R\000e\000l\000a\000t\000i\000v\000i\000t\000y\000:\000\040\000R\000e\000f\000o\000r\000m\000u\000l\000a\000t\000e\000s\000\040\000G\000r\000a\000v\000i\000t\000y\000\040\000v\000i\000a\000\040\000S\000w\000i\000r\000l\000-\000M\000e\000d\000i\000a\000t\000e\000d\000\040\000D\000y\000n\000a\000m\000i\000c\000s}{section*.105}% 87
\BOOKMARK [2][-]{section*.108}{\376\377\000S\000S\000T\000\040\000v\000s\000.\000\040\000S\000t\000a\000n\000d\000a\000r\000d\000\040\000M\000o\000d\000e\000l\000:\000\040\000T\000o\000p\000o\000l\000o\000g\000i\000c\000a\000l\000\040\000M\000a\000s\000s\000\040\000S\000p\000e\000c\000t\000r\000u\000m\000,\000\040\000E\000m\000e\000r\000g\000e\000n\000t\000\040\000G\000a\000u\000g\000e\000\040\000S\000t\000r\000u\000c\000t\000u\000r\000e}{section*.105}% 88
\BOOKMARK [2][-]{section*.109}{\376\377\000A\000n\000a\000l\000o\000g\000y\000\040\000w\000i\000t\000h\000\040\000H\000y\000d\000r\000o\000d\000y\000n\000a\000m\000i\000c\000\040\000Q\000u\000a\000n\000t\000u\000m\000\040\000A\000n\000a\000l\000o\000g\000u\000e\000s}{section*.105}% 89
\BOOKMARK [2][-]{section*.110}{\376\377\000C\000o\000n\000n\000e\000c\000t\000i\000o\000n\000s\000\040\000t\000o\000\040\000E\000m\000e\000r\000g\000e\000n\000t\000\040\000G\000r\000a\000v\000i\000t\000y\000\040\000\050\000V\000e\000r\000l\000i\000n\000d\000e\000\051\000,\000\040\000S\000k\000y\000r\000m\000i\000o\000n\000\040\000M\000o\000d\000e\000l\000s\000,\000\040\000L\000E\000T}{section*.105}% 90
\BOOKMARK [1][-]{section*.111}{\376\377\000C\000o\000n\000c\000l\000u\000s\000i\000o\000n\000\040\000\046\000\040\000O\000u\000t\000l\000o\000o\000k}{section*.2}% 91
\BOOKMARK [2][-]{section*.112}{\376\377\000P\000r\000o\000p\000o\000s\000e\000s\000\040\000T\000e\000s\000t\000a\000b\000l\000e\000\040\000D\000y\000n\000a\000m\000i\000c\000s\000\040\000B\000e\000y\000o\000n\000d\000\040\000S\000t\000a\000n\000d\000a\000r\000d\000\040\000Q\000F\000T}{section*.111}% 92
\BOOKMARK [2][-]{section*.113}{\376\377\000P\000o\000s\000i\000t\000i\000o\000n\000i\000n\000g\000\040\000S\000S\000T\000\040\000W\000i\000t\000h\000i\000n\000\040\000t\000h\000e\000\040\000T\000h\000e\000o\000r\000e\000t\000i\000c\000a\000l\000\040\000L\000a\000n\000d\000s\000c\000a\000p\000e}{section*.111}% 93
\BOOKMARK [2][-]{section*.114}{\376\377\000F\000u\000t\000u\000r\000e\000\040\000W\000o\000r\000k}{section*.111}% 94
\BOOKMARK [1][-]{section*.115}{\376\377\000R\000e\000f\000e\000r\000e\000n\000c\000e\000s}{section*.2}% 95
\BOOKMARK [1][-]{section*.116}{\376\377\000F\000u\000l\000l\000\040\000C\000a\000n\000o\000n\000i\000c\000a\000l\000\040\000L\000a\000g\000r\000a\000n\000g\000i\000a\000n\000\040\000f\000o\000r\000\040\000S\000S\000T}{section*.2}% 96
\BOOKMARK [1][-]{section*.124}{\376\377\000E\000l\000e\000c\000t\000r\000o\000w\000e\000a\000k\000\040\000m\000i\000x\000i\000n\000g\000\040\000a\000n\000d\000\040\000c\000h\000a\000r\000g\000e\000\040\000o\000p\000e\000r\000a\000t\000o\000r}{section*.2}% 97
\BOOKMARK [1][-]{section*.125}{\376\377\000A\000n\000o\000m\000a\000l\000y\000\040\000c\000o\000n\000s\000t\000r\000a\000i\000n\000t\000s\000\040\000a\000n\000d\000\040\000h\000y\000p\000e\000r\000c\000h\000a\000r\000g\000e\000\040\000c\000a\000l\000i\000b\000r\000a\000t\000i\000o\000n}{section*.2}% 98
\BOOKMARK [1][-]{section*.126}{\376\377\000R\000e\000p\000r\000e\000s\000e\000n\000t\000a\000t\000i\000v\000e\000\040\000k\000n\000o\000t\041\222\000r\000e\000p\000\040\000a\000s\000s\000i\000g\000n\000m\000e\000n\000t\000s}{section*.2}% 99
\BOOKMARK [1][-]{section*.127}{\376\377\000S\000w\000i\000r\000l\000\040\000C\000u\000s\000h\000i\000o\000n\000\040\000S\000t\000a\000b\000i\000l\000i\000t\000y\000\040\000a\000n\000d\000\040\000L\000e\000i\000d\000e\000n\000f\000r\000o\000s\000t\000\040\000A\000n\000a\000l\000o\000g\000y}{section*.2}% 100
\BOOKMARK [2][-]{section*.128}{\376\377\000E\000m\000p\000i\000r\000i\000c\000a\000l\000\040\000L\000e\000i\000d\000e\000n\000f\000r\000o\000s\000t\000\040\000S\000c\000a\000l\000i\000n\000g}{section*.127}% 101
\BOOKMARK [2][-]{section*.129}{\376\377\000S\000S\000T\000\040\000T\000r\000a\000n\000s\000l\000a\000t\000i\000o\000n\000:\000\040\000P\000r\000e\000s\000s\000u\000r\000e\040\023\000F\000i\000l\000m\000\040\000C\000r\000i\000t\000e\000r\000i\000o\000n}{section*.127}% 102
\BOOKMARK [2][-]{section*.130}{\376\377\000N\000u\000m\000e\000r\000i\000c\000a\000l\000\040\000C\000o\000n\000s\000i\000s\000t\000e\000n\000c\000y}{section*.127}% 103
\BOOKMARK [2][-]{section*.131}{\376\377\000I\000n\000t\000e\000r\000p\000r\000e\000t\000a\000t\000i\000o\000n\000\040\000a\000n\000d\000\040\000A\000n\000a\000l\000o\000g\000y}{section*.127}% 104
\BOOKMARK [1][-]{section*.132}{\376\377\000I\000d\000e\000n\000t\000i\000f\000i\000c\000a\000t\000i\000o\000n\000\040\000w\000i\000t\000h\000\040\000S\000l\000o\000w\000\040\000a\000n\000d\000\040\000N\000o\000n\000-\000U\000n\000i\000f\000o\000r\000m\000\040\000S\000a\000m\000p\000l\000i\000n\000g\000\040\000\050\000L\000F\000T\040\023\000D\000A\000E\000\040\000F\000o\000r\000m\000\051}{section*.2}% 105
\BOOKMARK [1][-]{section*.132}{\376\377\000I\000d\000e\000n\000t\000i\000f\000i\000c\000a\000t\000i\000o\000n\000\040\000w\000i\000t\000h\000\040\000S\000l\000o\000w\000\040\000a\000n\000d\000\040\000N\000o\000n\000-\000U\000n\000i\000f\000o\000r\000m\000\040\000S\000a\000m\000p\000l\000i\000n\000g\000\040\000\050\000L\000F\000T\040\023\000D\000A\000E\000\040\000F\000o\000r\000m\000\051}{section*.2}% 106
\BOOKMARK [1][-]{section*.133}{\376\377\000K\000a\000p\000p\000a\000-\000E\000v\000e\000n\000t\000\040\000D\000w\000e\000l\000l\000-\000T\000i\000m\000e\000\040\000E\000x\000p\000e\000r\000i\000m\000e\000n\000t\000\040\000\050\000L\000a\000r\000m\000o\000r\000-\000C\000l\000o\000c\000k\000\040\000P\000r\000o\000t\000o\000c\000o\000l\000\051}{section*.2}% 107
\BOOKMARK [1][-]{section*.138}{\376\377\000V\000a\000r\000i\000a\000t\000i\000o\000n\000a\000l\000\040\000D\000e\000r\000i\000v\000a\000t\000i\000o\000n\000\040\000o\000f\000\040\000t\000h\000e\000\040\000C\000l\000o\000c\000k\040\023\000R\000e\000s\000c\000a\000l\000e\000d\000\040\000S\000c\000h\000r\000\366\000d\000i\000n\000g\000e\000r\000\040\000E\000q\000u\000a\000t\000i\000o\000n}{section*.2}% 108
\BOOKMARK [1][-]{section*.143}{\376\377\000S\000p\000e\000c\000t\000r\000a\000l\000\040\000T\000h\000e\000r\000m\000o\000d\000y\000n\000a\000m\000i\000c\000s\000:\000\040\000D\000e\000n\000s\000i\000t\000y\000\040\000o\000f\000\040\000S\000t\000a\000t\000e\000s\000\040\000a\000n\000d\000\040\000C\000o\000r\000e\000\040\000R\000e\000g\000u\000l\000a\000r\000i\000z\000a\000t\000i\000o\000n}{section*.2}% 109
\BOOKMARK [1][-]{section*.150}{\376\377\000P\000h\000o\000t\000o\000e\000l\000e\000c\000t\000r\000i\000c\000\040\000M\000a\000p\000p\000i\000n\000g\000\040\000i\000n\000\040\000S\000S\000T\000\040\000U\000n\000i\000t\000s\000:\000\040\000G\000e\000o\000m\000e\000t\000r\000y\000\040\000a\000n\000d\000\040\000U\000n\000i\000t\000s}{section*.2}% 110
\BOOKMARK [1][-]{section*.155}{\376\377\000D\000e\000r\000i\000v\000a\000t\000i\000o\000n\000\040\000o\000f\000\040\000t\000h\000e\000\040\000L\000o\000c\000a\000l\000\040\000S\000w\000i\000r\000l\000\040\000S\000t\000r\000e\000s\000s\000\040\000T\000e\000n\000s\000o\000r}{section*.2}% 111
\BOOKMARK [1][-]{section*.161}{\376\377\000B\000e\000n\000c\000h\000m\000a\000r\000k\000\040\000K\000n\000o\000t\040\023\000R\000e\000p\000r\000e\000s\000e\000n\000t\000a\000t\000i\000o\000n\000\040\000T\000a\000b\000l\000e}{section*.2}% 112
\BOOKMARK [1][-]{section*.162}{\376\377\000S\000w\000i\000r\000l\040\023\000E\000l\000e\000c\000t\000r\000o\000m\000a\000g\000n\000e\000t\000i\000c\000\040\000U\000n\000i\000t\000\040\000B\000r\000i\000d\000g\000e\000\040\000T\000a\000b\000l\000e}{section*.2}% 113
