\BOOKMARK [0][-]{section*.2}{\376\377\000S\000w\000i\000r\000l\000\040\000C\000l\000o\000c\000k\000s\000\040\000a\000n\000d\000\040\000V\000o\000r\000t\000i\000c\000i\000t\000y\000-\000I\000n\000d\000u\000c\000e\000d\000\040\000G\000r\000a\000v\000i\000t\000y\000[\0000\000.\0002\0005\000e\000m\000]\000\040\000R\000e\000f\000o\000r\000m\000u\000l\000a\000t\000i\000n\000g\000\040\000R\000e\000l\000a\000t\000i\000v\000i\000t\000y\000\040\000i\000n\000\040\000a\000\040\000S\000t\000r\000u\000c\000t\000u\000r\000e\000d\000\040\000\306\000t\000h\000e\000r}{}% 2
\BOOKMARK [1][-]{section*.1}{\376\377\000A\000b\000s\000t\000r\000a\000c\000t}{section*.2}% 1
\BOOKMARK [1][-]{section.1}{\376\377\000L\000a\000y\000e\000r\000e\000d\000\040\000T\000i\000m\000e\000\040\000D\000i\000l\000a\000t\000i\000o\000n\000\040\000f\000r\000o\000m\000\040\000S\000w\000i\000r\000l\000\040\000D\000y\000n\000a\000m\000i\000c\000s}{section*.2}% 3
\BOOKMARK [2][-]{subsection.1.1}{\376\377\000D\000e\000r\000i\000v\000a\000t\000i\000o\000n\000\040\000f\000r\000o\000m\000\040\000v\000o\000r\000t\000e\000x\000\040\000h\000y\000d\000r\000o\000d\000y\000n\000a\000m\000i\000c\000s}{section.1}% 4
\BOOKMARK [2][-]{subsection.1.2}{\376\377\000G\000R\000\040\000v\000s\000\040\000V\000A\000M\000:\000\040\000T\000e\000m\000p\000o\000r\000a\000l\000\040\000F\000l\000o\000w\000\040\000a\000n\000d\000\040\000C\000a\000u\000s\000a\000l\000i\000t\000y}{section.1}% 5
\BOOKMARK [2][-]{subsection.1.3}{\376\377\000P\000r\000a\000c\000t\000i\000c\000a\000l\000\040\000i\000m\000p\000l\000i\000c\000a\000t\000i\000o\000n\000s\000\040\000a\000n\000d\000\040\000e\000x\000p\000e\000r\000i\000m\000e\000n\000t\000a\000l\000\040\000t\000e\000s\000t\000a\000b\000i\000l\000i\000t\000y}{section.1}% 6
\BOOKMARK [1][-]{section.2}{\376\377\000E\000n\000t\000r\000o\000p\000y\000\040\000a\000n\000d\000\040\000Q\000u\000a\000n\000t\000u\000m\000\040\000E\000f\000f\000e\000c\000t\000s\000\040\000i\000n\000\040\000t\000h\000e\000\040\000V\000o\000r\000t\000e\000x\000\040\000\306\000t\000h\000e\000r\000\040\000M\000o\000d\000e\000l}{section*.2}% 7
\BOOKMARK [2][-]{subsection.2.1}{\376\377\000E\000n\000t\000r\000o\000p\000y\000\040\000a\000s\000\040\000v\000o\000r\000t\000i\000c\000i\000t\000y\000\040\000d\000i\000s\000t\000r\000i\000b\000u\000t\000i\000o\000n}{section.2}% 8
\BOOKMARK [2][-]{subsection.2.2}{\376\377\000Q\000u\000a\000n\000t\000u\000m\000\040\000b\000e\000h\000a\000v\000i\000o\000r\000\040\000f\000r\000o\000m\000\040\000k\000n\000o\000t\000t\000e\000d\000\040\000v\000o\000r\000t\000e\000x\000\040\000s\000t\000r\000u\000c\000t\000u\000r\000e\000s}{section.2}% 9
\BOOKMARK [2][-]{subsection.2.3}{\376\377\000V\000A\000M\000\040\000i\000n\000t\000e\000r\000p\000r\000e\000t\000a\000t\000i\000o\000n\000\040\000o\000f\000\040\000q\000u\000a\000n\000t\000i\000z\000a\000t\000i\000o\000n\000\040\000a\000n\000d\000\040\000d\000u\000a\000l\000i\000t\000y}{section.2}% 10
\BOOKMARK [2][-]{subsection.2.4}{\376\377\000S\000u\000m\000m\000a\000r\000y}{section.2}% 11
\BOOKMARK [1][-]{section.3}{\376\377\000T\000i\000m\000e\000\040\000M\000o\000d\000u\000l\000a\000t\000i\000o\000n\000\040\000b\000y\000\040\000R\000o\000t\000a\000t\000i\000o\000n\000\040\000o\000f\000\040\000V\000o\000r\000t\000e\000x\000\040\000N\000o\000d\000e\000s}{section*.2}% 12
\BOOKMARK [2][-]{subsection.3.1}{\376\377\000H\000e\000u\000r\000i\000s\000t\000i\000c\000\040\000a\000n\000d\000\040\000E\000n\000e\000r\000g\000e\000t\000i\000c\000\040\000D\000e\000r\000i\000v\000a\000t\000i\000o\000n}{section.3}% 13
\BOOKMARK [2][-]{subsection.3.2}{\376\377\000T\000o\000p\000o\000l\000o\000g\000i\000c\000a\000l\000\040\000a\000n\000d\000\040\000P\000h\000y\000s\000i\000c\000a\000l\000\040\000J\000u\000s\000t\000i\000f\000i\000c\000a\000t\000i\000o\000n}{section.3}% 14
\BOOKMARK [1][-]{section.4}{\376\377\000P\000r\000o\000p\000e\000r\000\040\000T\000i\000m\000e\000\040\000f\000o\000r\000\040\000a\000\040\000R\000o\000t\000a\000t\000i\000n\000g\000\040\000O\000b\000s\000e\000r\000v\000e\000r\000\040\000i\000n\000\040\000\306\000t\000h\000e\000r\000\040\000F\000l\000o\000w}{section*.2}% 15
\BOOKMARK [2][-]{subsection.4.1}{\376\377\000G\000R\000\040\000P\000r\000o\000p\000e\000r\000\040\000T\000i\000m\000e\000\040\000i\000n\000\040\000R\000o\000t\000a\000t\000i\000n\000g\000\040\000F\000r\000a\000m\000e\000s}{section.4}% 16
\BOOKMARK [2][-]{subsection.4.2}{\376\377\000\306\000t\000h\000e\000r\000-\000B\000a\000s\000e\000d\000\040\000A\000n\000a\000l\000o\000g\000y\000:\000\040\000V\000e\000l\000o\000c\000i\000t\000y\000-\000D\000e\000r\000i\000v\000e\000d\000\040\000T\000i\000m\000e\000\040\000M\000o\000d\000u\000l\000a\000t\000i\000o\000n}{section.4}% 17
\BOOKMARK [2][-]{subsection.4.3}{\376\377\000P\000h\000y\000s\000i\000c\000a\000l\000\040\000I\000n\000t\000e\000r\000p\000r\000e\000t\000a\000t\000i\000o\000n\000\040\000a\000n\000d\000\040\000T\000e\000m\000p\000o\000r\000a\000l\000\040\000C\000o\000n\000s\000i\000s\000t\000e\000n\000c\000y}{section.4}% 18
\BOOKMARK [1][-]{section.5}{\376\377\000K\000e\000r\000r\000-\000l\000i\000k\000e\000\040\000T\000i\000m\000e\000\040\000A\000d\000j\000u\000s\000t\000m\000e\000n\000t\000\040\000B\000a\000s\000e\000d\000\040\000o\000n\000\040\000V\000o\000r\000t\000i\000c\000i\000t\000y\000\040\000a\000n\000d\000\040\000C\000i\000r\000c\000u\000l\000a\000t\000i\000o\000n}{section*.2}% 19
\BOOKMARK [2][-]{subsection.5.1}{\376\377\000G\000e\000n\000e\000r\000a\000l\000\040\000R\000e\000l\000a\000t\000i\000v\000i\000s\000t\000i\000c\000\040\000K\000e\000r\000r\000\040\000R\000e\000d\000s\000h\000i\000f\000t\000\040\000S\000t\000r\000u\000c\000t\000u\000r\000e}{section.5}% 20
\BOOKMARK [2][-]{subsection.5.2}{\376\377\000V\000A\000M\000\040\000A\000n\000a\000l\000o\000g\000y\000\040\000v\000i\000a\000\040\000V\000o\000r\000t\000i\000c\000i\000t\000y\000\040\000a\000n\000d\000\040\000C\000i\000r\000c\000u\000l\000a\000t\000i\000o\000n}{section.5}% 21
\BOOKMARK [1][-]{section.6}{\376\377\000U\000n\000i\000f\000i\000e\000d\000\040\000F\000r\000a\000m\000e\000w\000o\000r\000k\000\040\000a\000n\000d\000\040\000S\000y\000n\000t\000h\000e\000s\000i\000s\000\040\000o\000f\000\040\000T\000i\000m\000e\000\040\000D\000i\000l\000a\000t\000i\000o\000n\000\040\000i\000n\000\040\000V\000A\000M}{section*.2}% 22
\BOOKMARK [2][-]{subsection.6.1}{\376\377\000H\000i\000e\000r\000a\000r\000c\000h\000i\000c\000a\000l\000\040\000S\000t\000r\000u\000c\000t\000u\000r\000e\000\040\000o\000f\000\040\000T\000i\000m\000e\000\040\000D\000i\000l\000a\000t\000i\000o\000n\000\040\000M\000e\000c\000h\000a\000n\000i\000s\000m\000s}{section.6}% 23
\BOOKMARK [2][-]{subsection.6.2}{\376\377\000T\000i\000m\000e\000\040\000a\000s\000\040\000a\000\040\000V\000o\000r\000t\000i\000c\000i\000t\000y\000-\000D\000e\000r\000i\000v\000e\000d\000\040\000O\000b\000s\000e\000r\000v\000a\000b\000l\000e}{section.6}% 24
\BOOKMARK [2][-]{subsection.6.3}{\376\377\000E\000x\000p\000e\000r\000i\000m\000e\000n\000t\000a\000l\000\040\000I\000m\000p\000l\000i\000c\000a\000t\000i\000o\000n\000s\000\040\000a\000n\000d\000\040\000P\000r\000o\000s\000p\000e\000c\000t\000s}{section.6}% 25
\BOOKMARK [2][-]{subsection.6.4}{\376\377\000C\000o\000n\000c\000e\000p\000t\000u\000a\000l\000\040\000C\000h\000a\000l\000l\000e\000n\000g\000e\000s\000\040\000a\000n\000d\000\040\000R\000e\000c\000e\000p\000t\000i\000o\000n}{section.6}% 26
\BOOKMARK [2][-]{subsection.6.5}{\376\377\000P\000a\000t\000h\000s\000\040\000t\000o\000\040\000S\000c\000i\000e\000n\000t\000i\000f\000i\000c\000\040\000R\000i\000g\000o\000r\000\040\000a\000n\000d\000\040\000A\000c\000c\000e\000p\000t\000a\000n\000c\000e}{section.6}% 27
\BOOKMARK [2][-]{subsection.6.6}{\376\377\000C\000o\000n\000c\000l\000u\000d\000i\000n\000g\000\040\000P\000e\000r\000s\000p\000e\000c\000t\000i\000v\000e}{section.6}% 28
\BOOKMARK [1][-]{section.7}{\376\377\000A\000p\000p\000l\000i\000c\000a\000t\000i\000o\000n\000s\000\040\000o\000f\000\040\000V\000A\000M\000\040\000t\000o\000\040\000Q\000u\000a\000n\000t\000u\000m\000\040\000a\000n\000d\000\040\000N\000u\000c\000l\000e\000a\000r\000\040\000P\000r\000o\000c\000e\000s\000s\000e\000s}{section*.2}% 29
\BOOKMARK [1][-]{section.8}{\376\377\000E\000m\000e\000r\000g\000e\000n\000t\000\040\000B\000o\000h\000r\000\040\000R\000a\000d\000i\000u\000s\000\040\000f\000r\000o\000m\000\040\000V\000o\000r\000t\000e\000x\000\040\000S\000w\000i\000r\000l\000\040\000P\000r\000e\000s\000s\000u\000r\000e}{section*.2}% 30
\BOOKMARK [1][-]{section.9}{\376\377\000V\000A\000M\000\040\000V\000o\000r\000t\000i\000c\000i\000t\000y\000\040\000S\000c\000a\000t\000t\000e\000r\000i\000n\000g\000\040\000F\000r\000a\000m\000e\000w\000o\000r\000k\000\040\000\050\000i\000n\000s\000p\000i\000r\000e\000d\000\040\000b\000y\000\040\000e\000l\000a\000s\000t\000i\000c\000\040\000t\000h\000e\000o\000r\000y\000\051}{section*.2}% 31
\BOOKMARK [2][-]{subsection.9.1}{\376\377\000G\000o\000v\000e\000r\000n\000i\000n\000g\000\040\000e\000q\000u\000a\000t\000i\000o\000n\000s\000\040\000o\000f\000\040\000V\000A\000M\000\040\000V\000o\000r\000t\000i\000c\000i\000t\000y\000\040\000d\000y\000n\000a\000m\000i\000c\000s}{section.9}% 32
\BOOKMARK [2][-]{subsection.9.2}{\376\377\000V\000o\000r\000t\000e\000x\000\040\000f\000i\000l\000a\000m\000e\000n\000t\000\040\000i\000n\000t\000e\000r\000a\000c\000t\000i\000o\000n}{section.9}% 33
\BOOKMARK [2][-]{subsection.9.3}{\376\377\000T\000h\000e\000r\000m\000o\000d\000y\000n\000a\000m\000i\000c\000\040\000\046\000\040\000q\000u\000a\000n\000t\000u\000m\000\040\000b\000e\000h\000a\000v\000i\000o\000r\000\040\000o\000f\000\040\000v\000o\000r\000t\000i\000c\000i\000t\000y\000\040\000f\000l\000u\000c\000t\000u\000a\000t\000i\000o\000n\000s}{section.9}% 34
\BOOKMARK [2][-]{subsection.9.4}{\376\377\000V\000A\000M\000\040\000s\000c\000a\000t\000t\000e\000r\000i\000n\000g\000\040\000t\000h\000e\000o\000r\000y\000\040\000f\000o\000r\000\040\000v\000o\000r\000t\000e\000x\000\040\000n\000o\000d\000e\000s}{section.9}% 35
\BOOKMARK [2][-]{subsection.9.5}{\376\377\000\306\000t\000h\000e\000r\000\040\000s\000t\000r\000e\000s\000s\000\040\000t\000e\000n\000s\000o\000r\000\040\000a\000n\000d\000\040\000e\000n\000e\000r\000g\000y\000\040\000f\000l\000u\000x}{section.9}% 36
\BOOKMARK [2][-]{subsection.9.6}{\376\377\000T\000i\000m\000e\000\040\000d\000i\000l\000a\000t\000i\000o\000n\000\040\000a\000n\000d\000\040\000n\000o\000d\000a\000l\000\040\000s\000c\000a\000t\000t\000e\000r\000i\000n\000g}{section.9}% 37
\BOOKMARK [2][-]{subsection.9.7}{\376\377\000S\000u\000m\000m\000a\000r\000y\000\040\000o\000f\000\040\000V\000A\000M\000-\000i\000n\000s\000p\000i\000r\000e\000d\000\040\000s\000c\000a\000t\000t\000e\000r\000i\000n\000g\000\040\000s\000t\000r\000u\000c\000t\000u\000r\000e\000s}{section.9}% 38
\BOOKMARK [1][-]{section.10}{\376\377\000R\000e\000f\000i\000n\000e\000d\000\040\000E\000x\000p\000e\000r\000i\000m\000e\000n\000t\000a\000l\000\040\000P\000r\000o\000p\000o\000s\000a\000l\000s\000\040\000C\000a\000t\000e\000g\000o\000r\000i\000z\000e\000d\000\040\000b\000y\000\040\000V\000A\000M\000\040\000T\000i\000m\000e\000\040\000M\000o\000d\000e\000s}{section*.2}% 39
\BOOKMARK [1][-]{section.11}{\376\377\000V\000A\000M\000\040\000v\000e\000r\000s\000u\000s\000\040\000G\000R\000:\000\040\000C\000o\000r\000r\000e\000s\000p\000o\000n\000d\000i\000n\000g\000\040\000P\000r\000e\000d\000i\000c\000t\000i\000o\000n\000s}{section*.2}% 40
\BOOKMARK [1][-]{section.12}{\376\377\000D\000e\000r\000i\000v\000a\000t\000i\000o\000n\000\040\000o\000f\000\040\000t\000h\000e\000\040\000T\000i\000m\000e\000\040\000D\000i\000l\000a\000t\000i\000o\000n\000\040\000F\000o\000r\000m\000u\000l\000a\000\040\000w\000i\000t\000h\000i\000n\000\040\000V\000A\000M}{section*.2}% 41
\BOOKMARK [2][-]{subsection.12.1}{\376\377\000U\000n\000i\000f\000i\000e\000d\000\040\000T\000i\000m\000e\000\040\000D\000i\000l\000a\000t\000i\000o\000n\000\040\000i\000n\000\040\000V\000A\000M}{section.12}% 42
\BOOKMARK [2][-]{subsection.12.2}{\376\377\000D\000e\000c\000o\000m\000p\000o\000s\000i\000t\000i\000o\000n\000\040\000i\000n\000\040\000S\000t\000a\000n\000d\000a\000r\000d\000\040\000C\000o\000o\000r\000d\000i\000n\000a\000t\000e\000\040\000T\000i\000m\000e}{section.12}% 43
\BOOKMARK [2][-]{subsection.12.3}{\376\377\000E\000x\000p\000a\000n\000d\000e\000d\000\040\000D\000e\000r\000i\000v\000a\000t\000i\000o\000n\000:\000\040\000R\000o\000t\000a\000t\000i\000o\000n\000a\000l\000\040\000E\000n\000e\000r\000g\000y\000\040\000a\000s\000\040\000T\000i\000m\000e\000\040\000D\000e\000l\000a\000y\000\040\000S\000o\000u\000r\000c\000e}{section.12}% 44
\BOOKMARK [3][-]{subsubsection.12.3.1}{\376\377\000E\000n\000e\000r\000g\000e\000t\000i\000c\000\040\000D\000e\000r\000i\000v\000a\000t\000i\000o\000n}{subsection.12.3}% 45
\BOOKMARK [3][-]{subsubsection.12.3.2}{\376\377\000H\000y\000d\000r\000o\000d\000y\000n\000a\000m\000i\000c\000\040\000D\000e\000r\000i\000v\000a\000t\000i\000o\000n\000:\000\040\000B\000e\000r\000n\000o\000u\000l\000l\000i\000\040\000P\000r\000e\000s\000s\000u\000r\000e\000\040\000D\000e\000f\000i\000c\000i\000t}{subsection.12.3}% 46
\BOOKMARK [3][-]{subsubsection.12.3.3}{\376\377\000I\000n\000t\000e\000r\000p\000r\000e\000t\000a\000t\000i\000o\000n\000\040\000A\000c\000r\000o\000s\000s\000\040\000D\000o\000m\000a\000i\000n\000s}{subsection.12.3}% 47
\BOOKMARK [2][-]{subsection.12.4}{\376\377\000H\000y\000b\000r\000i\000d\000i\000z\000a\000t\000i\000o\000n\000\040\000o\000f\000\040\000G\000r\000a\000v\000i\000t\000a\000t\000i\000o\000n\000a\000l\000\040\000C\000o\000u\000p\000l\000i\000n\000g}{section.12}% 48
\BOOKMARK [2][-]{subsection.12.5}{\376\377\000E\000f\000f\000e\000c\000t\000i\000v\000e\000\040\000V\000A\000M\000\040\000M\000a\000s\000s}{section.12}% 49
\BOOKMARK [2][-]{subsection.12.6}{\376\377\000C\000o\000n\000s\000t\000a\000n\000t\000s\000\040\000a\000n\000d\000\040\000V\000a\000r\000i\000a\000b\000l\000e\000s}{section.12}% 50
\BOOKMARK [1][-]{section.13}{\376\377\000A\000p\000p\000e\000n\000d\000i\000x\000:\000\040\000D\000e\000r\000i\000v\000a\000t\000i\000o\000n\000\040\000o\000f\000\040\000F\000u\000n\000d\000a\000m\000e\000n\000t\000a\000l\000\040\000C\000o\000n\000s\000t\000a\000n\000t\000s\000\040\000f\000r\000o\000m\000\040\000V\000o\000r\000t\000e\000x\000\040\000D\000y\000n\000a\000m\000i\000c\000s}{section*.2}% 51
\BOOKMARK [2][-]{subsection.13.1}{\376\377\000V\000o\000r\000t\000i\000c\000i\000t\000y\000-\000B\000a\000s\000e\000d\000\040\000R\000e\000f\000o\000r\000m\000u\000l\000a\000t\000i\000o\000n\000\040\000o\000f\000\040\000G\000e\000n\000e\000r\000a\000l\000\040\000R\000e\000l\000a\000t\000i\000v\000i\000t\000y\000\040\000L\000a\000w\000s\000\040\000i\000n\000\040\000a\000\040\0003\000D\000\040\000A\000b\000s\000o\000l\000u\000t\000e\000\040\000T\000i\000m\000e\000\040\000F\000r\000a\000m\000e\000w\000o\000r\000k}{section.13}% 52
\BOOKMARK [2][-]{subsection.13.2}{\376\377\000M\000o\000t\000i\000o\000n\000\040\000i\000n\000\040\000V\000A\000M\000:\000\040\000R\000e\000p\000l\000a\000c\000i\000n\000g\000\040\000G\000e\000o\000d\000e\000s\000i\000c\000s\000\040\000w\000i\000t\000h\000\040\000V\000o\000r\000t\000e\000x\000\040\000S\000t\000r\000e\000a\000m\000l\000i\000n\000e\000s}{section.13}% 53
\BOOKMARK [2][-]{subsection.13.3}{\376\377\000R\000e\000p\000l\000a\000c\000i\000n\000g\000\040\000G\000r\000a\000v\000i\000t\000a\000t\000i\000o\000n\000a\000l\000\040\000T\000i\000m\000e\000\040\000D\000i\000l\000a\000t\000i\000o\000n\000\040\000w\000i\000t\000h\000\040\000V\000o\000r\000t\000i\000c\000i\000t\000y\000\040\000E\000f\000f\000e\000c\000t\000s}{section.13}% 54
\BOOKMARK [1][-]{section.14}{\376\377\000T\000e\000s\000t\000i\000n\000g\000\040\000U\000n\000i\000v\000e\000r\000s\000a\000l\000i\000t\000y\000\040\000o\000f\000\040\000t\000h\000e\000\040\000P\000r\000o\000p\000o\000s\000e\000d\000\040\000T\000a\000n\000g\000e\000n\000t\000i\000a\000l\000\040\000V\000o\000r\000t\000e\000x\000-\000C\000o\000r\000e\000\040\000V\000e\000l\000o\000c\000i\000t\000y}{section*.2}% 55
\BOOKMARK [1][-]{section.15}{\376\377\000E\000x\000p\000e\000r\000i\000m\000e\000n\000t\000a\000l\000\040\000P\000r\000o\000p\000o\000s\000a\000l\000:\000\040\000G\000r\000a\000v\000i\000t\000a\000t\000i\000o\000n\000a\000l\000\040\000M\000o\000d\000u\000l\000a\000t\000i\000o\000n\000\040\000v\000i\000a\000\040\000R\000e\000s\000o\000n\000a\000n\000t\000\040\000V\000o\000r\000t\000e\000x\000\040\000S\000t\000r\000u\000c\000t\000u\000r\000e\000s\000\040\000i\000n\000\040\000\306\000t\000h\000e\000r}{section*.2}% 56
\BOOKMARK [1][-]{section.16}{\376\377\000T\000e\000m\000p\000o\000r\000a\000l\000\040\000C\000o\000n\000s\000t\000r\000u\000c\000t\000s\000\040\000i\000n\000\040\000t\000h\000e\000\040\000V\000o\000r\000t\000e\000x\000\040\000\306\000t\000h\000e\000r\000\040\000M\000o\000d\000e\000l\000\040\000\050\000V\000A\000M\000\051}{section*.2}% 57
\BOOKMARK [2][-]{subsection.16.1}{\376\377\000H\000i\000e\000r\000a\000r\000c\000h\000i\000c\000a\000l\000\040\000T\000e\000m\000p\000o\000r\000a\000l\000\040\000O\000n\000t\000o\000l\000o\000g\000y}{section.16}% 58
\BOOKMARK [2][-]{subsection.16.2}{\376\377\000M\000a\000t\000h\000e\000m\000a\000t\000i\000c\000a\000l\000\040\000D\000e\000f\000i\000n\000i\000t\000i\000o\000n\000s}{section.16}% 59
\BOOKMARK [2][-]{subsection.16.3}{\376\377\000I\000n\000t\000e\000r\000p\000r\000e\000t\000a\000t\000i\000o\000n\000\040\000o\000f\000\040\000T\000e\000m\000p\000o\000r\000a\000l\000\040\000C\000o\000n\000s\000t\000r\000u\000c\000t\000s}{section.16}% 60
\BOOKMARK [2][-]{subsection.16.4}{\376\377\000P\000r\000a\000c\000t\000i\000c\000a\000l\000\040\000a\000n\000d\000\040\000E\000x\000p\000e\000r\000i\000m\000e\000n\000t\000a\000l\000\040\000R\000e\000l\000e\000v\000a\000n\000c\000e}{section.16}% 61
\BOOKMARK [1][-]{section.17}{\376\377\000T\000e\000m\000p\000o\000r\000a\000l\000-\000T\000o\000p\000o\000l\000o\000g\000i\000c\000a\000l\000\040\000D\000y\000n\000a\000m\000i\000c\000s\000\040\000i\000n\000\040\000t\000h\000e\000\040\000V\000o\000r\000t\000e\000x\000\040\000\306\000t\000h\000e\000r\000\040\000M\000o\000d\000e\000l}{section*.2}% 62
\BOOKMARK [1][-]{section.18}{\376\377\000L\000o\000r\000e\000n\000t\000z\000\040\000R\000e\000c\000o\000v\000e\000r\000y\000\040\000T\000h\000e\000o\000r\000e\000m\000\040\000i\000n\000\040\000t\000h\000e\000\040\000V\000o\000r\000t\000e\000x\000\040\000\306\000t\000h\000e\000r\000\040\000M\000o\000d\000e\000l}{section*.2}% 63
\BOOKMARK [2][-]{subsection.18.1}{\376\377\000C\000o\000r\000e\000\040\000P\000o\000s\000t\000u\000l\000a\000t\000e\000s\000\040\000o\000f\000\040\000t\000h\000e\000\040\000V\000o\000r\000t\000e\000x\000\040\000\306\000t\000h\000e\000r\000\040\000M\000o\000d\000e\000l\000\040\000\050\000V\000A\000M\000\051}{section.18}% 64
\BOOKMARK [2][-]{subsection.18.2}{\376\377\000L\000e\000m\000m\000a\000s}{section.18}% 65
\BOOKMARK [2][-]{subsection.18.3}{\376\377\000T\000h\000e\000o\000r\000e\000m\000\040\000\050\000L\000o\000r\000e\000n\000t\000z\000\040\000R\000e\000c\000o\000v\000e\000r\000y\000\040\000T\000h\000e\000o\000r\000e\000m\000\051}{section.18}% 66
\BOOKMARK [2][-]{subsection.18.4}{\376\377\000C\000o\000n\000c\000l\000u\000s\000i\000o\000n\000\040\000a\000n\000d\000\040\000D\000i\000s\000c\000u\000s\000s\000i\000o\000n}{section.18}% 67
\BOOKMARK [1][-]{section.19}{\376\377\000D\000e\000r\000i\000v\000a\000t\000i\000o\000n\000\040\000o\000f\000\040\000t\000h\000e\000\040\000v\000o\000r\000t\000i\000c\000i\000t\000y\000-\000b\000a\000s\000e\000d\000\040\000g\000r\000a\000v\000i\000t\000a\000t\000i\000o\000n\000a\000l\000\040\000f\000i\000e\000l\000d}{section*.2}% 68
\BOOKMARK [1][-]{section.20}{\376\377\000N\000e\000w\000t\000o\000n\000i\000a\000n\000\040\000l\000i\000m\000i\000t\000\040\000a\000n\000d\000\040\000t\000i\000m\000e\000\040\000d\000i\000l\000a\000t\000i\000o\000n\000\040\000v\000a\000l\000i\000d\000a\000t\000i\000o\000n}{section*.2}% 69
\BOOKMARK [2][-]{subsection.20.1}{\376\377\000L\000a\000r\000g\000e\000\040\000d\000i\000s\000t\000a\000n\000c\000e\000\040\000v\000o\000r\000t\000i\000c\000i\000t\000y\000\040\000p\000o\000t\000e\000n\000t\000i\000a\000l}{section.20}% 70
\BOOKMARK [2][-]{subsection.20.2}{\376\377\000T\000i\000m\000e\000\040\000d\000i\000l\000a\000t\000i\000o\000n\000\040\000i\000n\000\040\000t\000h\000e\000\040\000w\000e\000a\000k\000\040\000f\000i\000e\000l\000d\000\040\000l\000i\000m\000i\000t}{section.20}% 71
\BOOKMARK [2][-]{subsection.20.3}{\376\377\000E\000x\000a\000m\000p\000l\000e\000:\000\040\000E\000a\000r\000t\000h\000\040\000a\000s\000\040\000a\000\040\000v\000o\000r\000t\000e\000x\000\040\000m\000a\000s\000s}{section.20}% 72
\BOOKMARK [1][-]{section.21}{\376\377\000V\000a\000l\000i\000d\000a\000t\000i\000o\000n\000\040\000w\000i\000t\000h\000\040\000t\000h\000e\000\040\000H\000a\000f\000e\000l\000e\040\023\000K\000e\000a\000t\000i\000n\000g\000\040\000c\000l\000o\000c\000k\000\040\000e\000x\000p\000e\000r\000i\000m\000e\000n\000t}{section*.2}% 73
\BOOKMARK [2][-]{subsection.21.1}{\376\377\000E\000x\000p\000e\000r\000i\000m\000e\000n\000t\000\040\000s\000u\000m\000m\000a\000r\000y}{section.21}% 74
\BOOKMARK [2][-]{subsection.21.2}{\376\377\000I\000n\000t\000e\000r\000p\000r\000e\000t\000a\000t\000i\000o\000n\000\040\000w\000i\000t\000h\000i\000n\000\040\000t\000h\000e\000\040\000V\000o\000r\000t\000e\000x\000\040\000\306\000t\000h\000e\000r\000\040\000M\000o\000d\000e\000l}{section.21}% 75
\BOOKMARK [2][-]{subsection.21.3}{\376\377\000N\000u\000m\000e\000r\000i\000c\000a\000l\000\040\000a\000g\000r\000e\000e\000m\000e\000n\000t}{section.21}% 76
\BOOKMARK [1][-]{section.22}{\376\377\000D\000y\000n\000a\000m\000i\000c\000s\000\040\000o\000f\000\040\000v\000o\000r\000t\000e\000x\000\040\000c\000i\000r\000c\000u\000l\000a\000t\000i\000o\000n\000\040\000a\000n\000d\000\040\000q\000u\000a\000n\000t\000i\000z\000a\000t\000i\000o\000n}{section*.2}% 77
\BOOKMARK [2][-]{subsection.22.1}{\376\377\000K\000e\000l\000v\000i\000n\000'\000s\000\040\000c\000i\000r\000c\000u\000l\000a\000t\000i\000o\000n\000\040\000t\000h\000e\000o\000r\000e\000m}{section.22}% 78
\BOOKMARK [2][-]{subsection.22.2}{\376\377\000C\000i\000r\000c\000u\000l\000a\000t\000i\000o\000n\000\040\000a\000r\000o\000u\000n\000d\000\040\000t\000h\000e\000\040\000v\000o\000r\000t\000e\000x\000\040\000c\000o\000r\000e}{section.22}% 79
\BOOKMARK [2][-]{subsection.22.3}{\376\377\000Q\000u\000a\000n\000t\000i\000z\000a\000t\000i\000o\000n\000\040\000o\000f\000\040\000c\000i\000r\000c\000u\000l\000a\000t\000i\000o\000n}{section.22}% 80
\BOOKMARK [2][-]{subsection.22.4}{\376\377\000P\000h\000y\000s\000i\000c\000a\000l\000\040\000i\000n\000t\000e\000r\000p\000r\000e\000t\000a\000t\000i\000o\000n}{section.22}% 81
\BOOKMARK [1][-]{section.23}{\376\377\000T\000i\000m\000e\000\040\000d\000i\000l\000a\000t\000i\000o\000n\000\040\000f\000r\000o\000m\000\040\000v\000o\000r\000t\000e\000x\000\040\000e\000n\000e\000r\000g\000y\000\040\000a\000n\000d\000\040\000p\000r\000e\000s\000s\000u\000r\000e\000\040\000g\000r\000a\000d\000i\000e\000n\000t\000s}{section*.2}% 82
\BOOKMARK [2][-]{subsection.23.1}{\376\377\000F\000o\000r\000m\000u\000l\000a\000:\000\040\000c\000l\000o\000c\000k\000\040\000d\000e\000l\000a\000y\000\040\000d\000u\000e\000\040\000t\000o\000\040\000r\000o\000t\000a\000t\000i\000o\000n\000a\000l\000\040\000e\000n\000e\000r\000g\000y}{section.23}% 83
\BOOKMARK [2][-]{subsection.23.2}{\376\377\000A\000l\000t\000e\000r\000n\000a\000t\000i\000v\000e\000\040\000d\000e\000r\000i\000v\000a\000t\000i\000o\000n\000\040\000v\000i\000a\000\040\000p\000r\000e\000s\000s\000u\000r\000e\000\040\000d\000i\000f\000f\000e\000r\000e\000n\000c\000e\000\040\000\050\000B\000e\000r\000n\000o\000u\000l\000l\000i\000\040\000a\000p\000p\000r\000o\000x\000i\000m\000a\000t\000i\000o\000n\000\051}{section.23}% 84
\BOOKMARK [2][-]{subsection.23.3}{\376\377\000P\000h\000y\000s\000i\000c\000a\000l\000\040\000i\000n\000t\000e\000r\000p\000r\000e\000t\000a\000t\000i\000o\000n}{section.23}% 85
\BOOKMARK [1][-]{section.24}{\376\377\000P\000a\000r\000a\000m\000e\000t\000e\000r\000\040\000t\000u\000n\000i\000n\000g\000\040\000a\000n\000d\000\040\000l\000i\000m\000i\000t\000\040\000b\000e\000h\000a\000v\000i\000o\000r}{section*.2}% 86
\BOOKMARK [2][-]{subsection.24.1}{\376\377\000D\000e\000r\000i\000v\000a\000t\000i\000o\000n\000\040\000o\000f\000\040\000G\000s\000w\000i\000r\000l\000\040\000f\000r\000o\000m\000\040\000v\000o\000r\000t\000e\000x\000\040\000p\000a\000r\000a\000m\000e\000t\000e\000r\000s}{section.24}% 87
\BOOKMARK [2][-]{subsection.24.2}{\376\377\000L\000i\000m\000i\000t\000\040\000r\000\040\000:\000\040\000c\000l\000a\000s\000s\000i\000c\000a\000l\000\040\000g\000r\000a\000v\000i\000t\000y}{section.24}% 88
\BOOKMARK [2][-]{subsection.24.3}{\376\377\000R\000e\000l\000a\000t\000i\000o\000n\000s\000h\000i\000p\000\040\000b\000e\000t\000w\000e\000e\000n\000\040\000M\000e\000f\000f\000\040\000a\000n\000d\000\040\000o\000b\000s\000e\000r\000v\000e\000d\000\040\000m\000a\000s\000s}{section.24}% 89
\BOOKMARK [2][-]{subsection.24.4}{\376\377\000C\000o\000n\000c\000l\000u\000s\000i\000o\000n}{section.24}% 90
\BOOKMARK [1][-]{section.25}{\376\377\000F\000u\000n\000d\000a\000m\000e\000n\000t\000a\000l\000s\000\040\000o\000f\000\040\000v\000e\000l\000o\000c\000i\000t\000y\000\040\000f\000i\000e\000l\000d\000s\000\040\000a\000n\000d\000\040\000e\000n\000e\000r\000g\000i\000e\000s\000\040\000i\000n\000\040\000a\000\040\000v\000o\000r\000t\000e\000x\000\040\000s\000y\000s\000t\000e\000m\000.}{section*.2}% 91
\BOOKMARK [2][-]{subsection.25.1}{\376\377\000I\000n\000t\000r\000o\000d\000u\000c\000t\000i\000o\000n}{section.25}% 92
\BOOKMARK [2][-]{subsection.25.2}{\376\377\000F\000o\000u\000n\000d\000a\000t\000i\000o\000n\000s\000:\000\040\000V\000e\000l\000o\000c\000i\000t\000y\000\040\000F\000i\000e\000l\000d\000s\000\040\000a\000n\000d\000\040\000T\000o\000t\000a\000l\000\040\000\050\000S\000e\000l\000f\000-\000\040\000+\000\040\000T\000r\000a\000n\000s\000v\000e\000r\000s\000e\000\051\000\040\000E\000n\000e\000r\000g\000y}{section.25}% 93
\BOOKMARK [2][-]{subsection.25.3}{\376\377\000C\000o\000n\000s\000i\000d\000e\000r\000a\000t\000i\000o\000n\000s\000\040\000o\000n\000\040\000m\000o\000m\000e\000n\000t\000u\000m\000\040\000a\000n\000d\000\040\000s\000e\000l\000f\000-\000e\000n\000e\000r\000g\000y}{section.25}% 94
\BOOKMARK [2][-]{subsection.25.4}{\376\377\000D\000e\000f\000i\000n\000i\000n\000g\000\040\000a\000n\000d\000\040\000t\000r\000a\000c\000k\000i\000n\000g\000\040\000c\000r\000o\000s\000s\000\040\000e\000n\000e\000r\000g\000y}{section.25}% 95
\BOOKMARK [2][-]{subsection.25.5}{\376\377\000A\000p\000p\000l\000i\000c\000a\000t\000i\000o\000n\000s\000\040\000t\000o\000\040\000h\000e\000l\000i\000c\000i\000t\000y\000\040\000a\000n\000d\000\040\000t\000o\000p\000o\000l\000o\000g\000i\000c\000a\000l\000\040\000f\000l\000o\000w\000s}{section.25}% 96
\BOOKMARK [2][-]{subsection.25.6}{\376\377\000D\000e\000r\000i\000v\000a\000t\000i\000o\000n\000\040\000s\000c\000h\000e\000m\000e\000\040\000f\000o\000r\000\040\000c\000r\000o\000s\000s\000-\000e\000n\000e\000r\000g\000y}{section.25}% 97
\BOOKMARK [1][-]{section.26}{\376\377\000I\000n\000t\000e\000g\000r\000a\000t\000i\000o\000n\000\040\000o\000f\000\040\000C\000l\000a\000u\000s\000i\000u\000s\000'\000\040\000h\000e\000a\000t\000\040\000t\000h\000e\000o\000r\000y\000\040\000i\000n\000t\000o\000\040\000V\000A\000M}{section*.2}% 98
\BOOKMARK [2][-]{subsection.26.1}{\376\377\000T\000h\000e\000r\000m\000o\000d\000y\000n\000a\000m\000i\000c\000\040\000B\000a\000s\000i\000c\000s\000\040\000i\000n\000\040\000V\000A\000M}{section.26}% 99
\BOOKMARK [2][-]{subsection.26.2}{\376\377\000E\000n\000t\000r\000o\000p\000y\000\040\000a\000n\000d\000\040\000s\000t\000r\000u\000c\000t\000u\000r\000e\000d\000\040\000v\000o\000r\000t\000i\000c\000i\000t\000y}{section.26}% 100
\BOOKMARK [2][-]{subsection.26.3}{\376\377\000T\000h\000e\000r\000m\000a\000l\000\040\000r\000e\000s\000p\000o\000n\000s\000e\000\040\000o\000f\000\040\000v\000o\000r\000t\000e\000x\000\040\000n\000o\000d\000e\000s}{section.26}% 101
\BOOKMARK [2][-]{subsection.26.4}{\376\377\000P\000h\000o\000t\000o\000e\000l\000e\000c\000t\000r\000i\000c\000\040\000a\000n\000a\000l\000o\000g\000y\000\040\000i\000n\000\040\000V\000A\000M}{section.26}% 102
\BOOKMARK [1][-]{section.27}{\376\377\000T\000o\000p\000o\000l\000o\000g\000i\000c\000a\000l\000\040\000C\000h\000a\000r\000g\000e\000\040\000i\000n\000\040\000t\000h\000e\000\040\000V\000o\000r\000t\000e\000x\000\040\000\306\000t\000h\000e\000r\000\040\000M\000o\000d\000e\000l}{section*.2}% 103
\BOOKMARK [2][-]{subsection.27.1}{\376\377\000M\000o\000t\000i\000v\000a\000t\000i\000o\000n\000\040\000f\000r\000o\000m\000\040\000H\000o\000p\000f\000i\000o\000n\000s\000\040\000a\000n\000d\000\040\000M\000a\000g\000n\000e\000t\000i\000c\000\040\000S\000k\000y\000r\000m\000i\000o\000n\000s}{section.27}% 104
\BOOKMARK [2][-]{subsection.27.2}{\376\377\000D\000e\000f\000i\000n\000i\000t\000i\000o\000n\000\040\000o\000f\000\040\000t\000h\000e\000\040\000V\000A\000M\000\040\000T\000o\000p\000o\000l\000o\000g\000i\000c\000a\000l\000\040\000C\000h\000a\000r\000g\000e}{section.27}% 105
\BOOKMARK [2][-]{subsection.27.3}{\376\377\000T\000o\000p\000o\000l\000o\000g\000i\000c\000a\000l\000\040\000E\000n\000e\000r\000g\000y\000\040\000T\000e\000r\000m\000\040\000i\000n\000\040\000t\000h\000e\000\040\000V\000A\000M\000\040\000L\000a\000g\000r\000a\000n\000g\000i\000a\000n}{section.27}% 106
\BOOKMARK [2][-]{subsection.27.4}{\376\377\000C\000o\000m\000p\000a\000r\000i\000s\000o\000n\000\040\000w\000i\000t\000h\000\040\000t\000h\000e\000\040\000M\000i\000c\000r\000o\000m\000a\000g\000n\000e\000t\000i\000c\000\040\000E\000n\000e\000r\000g\000y\000\040\000F\000u\000n\000c\000t\000i\000o\000n\000a\000l}{section.27}% 107
\BOOKMARK [2][-]{subsection.27.5}{\376\377\000Q\000u\000a\000n\000t\000i\000z\000a\000t\000i\000o\000n\000\040\000a\000n\000d\000\040\000T\000o\000p\000o\000l\000o\000g\000i\000c\000a\000l\000\040\000S\000t\000a\000b\000i\000l\000i\000t\000y}{section.27}% 108
\BOOKMARK [2][-]{subsection.27.6}{\376\377\000R\000e\000l\000a\000t\000i\000o\000n\000\040\000t\000o\000\040\000V\000o\000r\000t\000e\000x\000\040\000C\000l\000o\000c\000k\000s\000\040\000a\000n\000d\000\040\000L\000o\000c\000a\000l\000\040\000T\000i\000m\000e\000\040\000D\000i\000l\000a\000t\000i\000o\000n}{section.27}% 109
\BOOKMARK [2][-]{subsection.27.7}{\376\377\000O\000u\000t\000l\000o\000o\000k}{section.27}% 110
\BOOKMARK [1][-]{section.28}{\376\377\000S\000p\000l\000i\000t\000\040\000H\000e\000l\000i\000c\000i\000t\000y\000\040\000i\000n\000\040\000t\000h\000e\000\040\000V\000o\000r\000t\000e\000x\000\040\000\306\000t\000h\000e\000r\000\040\000M\000o\000d\000e\000l}{section*.2}% 111
\BOOKMARK [2][-]{subsection.28.1}{\376\377\000M\000o\000t\000i\000v\000a\000t\000i\000o\000n\000\040\000a\000n\000d\000\040\000C\000o\000n\000t\000e\000x\000t}{section.28}% 112
\BOOKMARK [2][-]{subsection.28.2}{\376\377\000F\000o\000r\000m\000u\000l\000a\000t\000i\000o\000n\000\040\000o\000f\000\040\000t\000h\000e\000\040\000H\000e\000l\000i\000c\000i\000t\000y\000\040\000C\000o\000m\000p\000o\000n\000e\000n\000t\000s}{section.28}% 113
\BOOKMARK [2][-]{subsection.28.3}{\376\377\000A\000p\000p\000l\000i\000c\000a\000t\000i\000o\000n\000\040\000i\000n\000\040\000V\000A\000M\000\040\000t\000i\000m\000e\000\040\000d\000i\000l\000a\000t\000i\000o\000n}{section.28}% 114
\BOOKMARK [1][-]{section.29}{\376\377\000V\000A\000M\000\040\000L\000a\000g\000r\000a\000n\000g\000i\000a\000n\000\040\000B\000a\000s\000e\000d\000\040\000o\000n\000\040\000I\000n\000c\000o\000m\000p\000r\000e\000s\000s\000i\000b\000l\000e\000\040\000S\000c\000h\000r\000\366\000d\000i\000n\000g\000e\000r\000\040\000F\000l\000o\000w}{section*.2}% 115
\BOOKMARK [2][-]{subsection.29.1}{\376\377\000C\000o\000m\000p\000l\000e\000x\000\040\000V\000o\000r\000t\000e\000x\000\040\000W\000a\000v\000e\000s\000\040\000i\000n\000\040\000\306\000t\000h\000e\000r}{section.29}% 116
\BOOKMARK [2][-]{subsection.29.2}{\376\377\000L\000a\000g\000r\000a\000n\000g\000i\000a\000n\000\040\000w\000i\000t\000h\000\040\000L\000a\000n\000d\000a\000u\040\023\000L\000i\000f\000s\000h\000i\000t\000z\000-\000l\000i\000k\000e\000\040\000t\000e\000r\000m}{section.29}% 117
\BOOKMARK [2][-]{subsection.29.3}{\376\377\000D\000e\000r\000i\000v\000a\000t\000i\000o\000n\000\040\000o\000f\000\040\000t\000h\000e\000\040\000V\000A\000M\000\040\000f\000i\000e\000l\000d\000\040\000e\000q\000u\000a\000t\000i\000o\000n}{section.29}% 118
\BOOKMARK [2][-]{subsection.29.4}{\376\377\000P\000h\000y\000s\000i\000c\000a\000l\000\040\000I\000n\000t\000e\000r\000p\000r\000e\000t\000a\000t\000i\000o\000n}{section.29}% 119
\BOOKMARK [1][-]{section.30}{\376\377\000D\000e\000r\000i\000v\000a\000t\000i\000o\000n\000\040\000o\000f\000\040\000t\000h\000e\000\040\000F\000i\000n\000e\000-\000S\000t\000r\000u\000c\000t\000u\000r\000e\000\040\000C\000o\000n\000s\000t\000a\000n\000t\000\040\000f\000r\000o\000m\000\040\000V\000o\000r\000t\000e\000x\000\040\000M\000e\000c\000h\000a\000n\000i\000c\000s}{section*.2}% 120
\BOOKMARK [2][-]{subsection.30.1}{\376\377\000Q\000u\000a\000n\000t\000i\000z\000a\000t\000i\000o\000n\000\040\000o\000f\000\040\000C\000i\000r\000c\000u\000l\000a\000t\000i\000o\000n}{section.30}% 121
\BOOKMARK [2][-]{subsection.30.2}{\376\377\000R\000e\000l\000a\000t\000i\000n\000g\000\040\000V\000o\000r\000t\000e\000x\000\040\000R\000a\000d\000i\000u\000s\000\040\000t\000o\000\040\000C\000l\000a\000s\000s\000i\000c\000a\000l\000\040\000E\000l\000e\000c\000t\000r\000o\000n\000\040\000R\000a\000d\000i\000u\000s}{section.30}% 122
\BOOKMARK [2][-]{subsection.30.3}{\376\377\000R\000e\000c\000o\000v\000e\000r\000i\000n\000g\000\040\000t\000h\000e\000\040\000F\000i\000n\000e\000-\000S\000t\000r\000u\000c\000t\000u\000r\000e\000\040\000C\000o\000n\000s\000t\000a\000n\000t}{section.30}% 123
\BOOKMARK [1][-]{section*.4}{\376\377\000R\000e\000f\000e\000r\000e\000n\000c\000e\000s}{section*.2}% 124
