\BOOKMARK [1][-]{section.1}{\376\377\000P\000h\000i\000l\000o\000s\000o\000p\000h\000i\000c\000a\000l\000\040\000P\000r\000e\000l\000u\000d\000e}{}% 1
\BOOKMARK [2][-]{subsection.1.1}{\376\377\000W\000h\000y\000\040\000a\000\040\000p\000h\000i\000l\000o\000s\000o\000p\000h\000i\000c\000a\000l\000\040\000p\000r\000e\000l\000u\000d\000e\000\040\000i\000s\000\040\000n\000e\000c\000e\000s\000s\000a\000r\000y}{section.1}% 2
\BOOKMARK [2][-]{subsection.1.2}{\376\377\000T\000h\000e\000\040\000o\000n\000t\000o\000l\000o\000g\000i\000c\000a\000l\000\040\000s\000h\000i\000f\000t}{section.1}% 3
\BOOKMARK [2][-]{subsection.1.3}{\376\377\000R\000e\000l\000a\000t\000i\000o\000n\000\040\000t\000o\000\040\000o\000r\000t\000h\000o\000d\000o\000x\000\040\000p\000h\000y\000s\000i\000c\000s}{section.1}% 4
\BOOKMARK [2][-]{subsection.1.4}{\376\377\000W\000h\000y\000\040\000d\000e\000l\000a\000y\000\040\000a\000n\000d\000\040\000t\000o\000p\000o\000l\000o\000g\000y\000\040\000m\000a\000t\000t\000e\000r}{section.1}% 5
\BOOKMARK [2][-]{subsection.1.5}{\376\377\000S\000c\000o\000p\000e\000\040\000o\000f\000\040\000t\000h\000e\000\040\000p\000r\000e\000s\000e\000n\000t\000\040\000c\000a\000n\000o\000n}{section.1}% 6
\BOOKMARK [2][-]{subsection.1.6}{\376\377\000I\000n\000t\000e\000r\000p\000r\000e\000t\000i\000v\000e\000\040\000s\000u\000m\000m\000a\000r\000y}{section.1}% 7
\BOOKMARK [1][-]{section.2}{\376\377\000F\000o\000r\000m\000a\000l\000\040\000F\000o\000u\000n\000d\000a\000t\000i\000o\000n\000s}{}% 8
\BOOKMARK [2][-]{subsection.2.1}{\376\377\000P\000r\000i\000m\000i\000t\000i\000v\000e\000\040\000S\000t\000r\000u\000c\000t\000u\000r\000e\000\040\000o\000f\000\040\000t\000h\000e\000\040\000T\000h\000e\000o\000r\000y}{section.2}% 9
\BOOKMARK [2][-]{subsection.2.2}{\376\377\000D\000e\000r\000i\000v\000e\000d\000\040\000L\000e\000n\000g\000t\000h\000\040\000S\000c\000a\000l\000e}{section.2}% 10
\BOOKMARK [2][-]{subsection.2.3}{\376\377\000C\000i\000r\000c\000u\000l\000a\000t\000i\000o\000n\000\040\000Q\000u\000a\000n\000t\000i\000z\000a\000t\000i\000o\000n}{section.2}% 11
\BOOKMARK [2][-]{subsection.2.4}{\376\377\000E\000n\000e\000r\000g\000y\000\040\000a\000n\000d\000\040\000M\000a\000s\000s\000\040\000R\000e\000l\000a\000t\000i\000o\000n}{section.2}% 12
\BOOKMARK [2][-]{subsection.2.5}{\376\377\000S\000w\000i\000r\000l\000\040\000V\000e\000l\000o\000c\000i\000t\000y\000\040\000C\000o\000n\000s\000t\000r\000a\000i\000n\000t}{section.2}% 13
\BOOKMARK [2][-]{subsection.2.6}{\376\377\000S\000w\000i\000r\000l\000-\000C\000l\000o\000c\000k\000\040\000D\000e\000f\000i\000n\000i\000t\000i\000o\000n}{section.2}% 14
\BOOKMARK [2][-]{subsection.2.7}{\376\377\000D\000e\000n\000s\000i\000t\000y\000\040\000H\000i\000e\000r\000a\000r\000c\000h\000y}{section.2}% 15
\BOOKMARK [2][-]{subsection.2.8}{\376\377\000C\000o\000r\000e\000\040\000D\000e\000n\000s\000i\000t\000y\000\040\000C\000l\000o\000s\000u\000r\000e}{section.2}% 16
\BOOKMARK [2][-]{subsection.2.9}{\376\377\000C\000h\000r\000o\000n\000o\000s\040\023\000K\000e\000l\000v\000i\000n\000\040\000I\000n\000v\000a\000r\000i\000a\000n\000t\000\040\000a\000n\000d\000\040\000C\000l\000o\000c\000k\040\023\000R\000a\000d\000i\000u\000s\000\040\000T\000r\000a\000n\000s\000p\000o\000r\000t}{section.2}% 17
\BOOKMARK [2][-]{subsection.2.10}{\376\377\000R\000e\000p\000a\000r\000a\000m\000e\000t\000r\000i\000z\000e\000d\000\040\000Z\000e\000r\000o\000-\000P\000a\000r\000a\000m\000e\000t\000e\000r\000\040\000C\000o\000r\000o\000l\000l\000a\000r\000y}{section.2}% 18
\BOOKMARK [2][-]{subsection.2.11}{\376\377\000C\000a\000n\000o\000n\000i\000c\000a\000l\000\040\000M\000a\000s\000t\000e\000r\000\040\000E\000q\000u\000a\000t\000i\000o\000n}{section.2}% 19
\BOOKMARK [2][-]{subsection.2.12}{\376\377\000G\000e\000o\000m\000e\000t\000r\000i\000c\000\040\000R\000e\000p\000r\000e\000s\000e\000n\000t\000a\000t\000i\000o\000n}{section.2}% 20
\BOOKMARK [2][-]{subsection.2.13}{\376\377\000S\000u\000m\000m\000a\000r\000y\000\040\000o\000f\000\040\000D\000e\000p\000e\000n\000d\000e\000n\000c\000y\000\040\000S\000t\000r\000u\000c\000t\000u\000r\000e}{section.2}% 21
\BOOKMARK [2][-]{subsection.2.14}{\376\377\000C\000o\000n\000s\000i\000s\000t\000e\000n\000c\000y\000\040\000S\000t\000a\000t\000e\000m\000e\000n\000t}{section.2}% 22
\BOOKMARK [2][-]{subsection.2.15}{\376\377\000I\000n\000t\000e\000r\000p\000r\000e\000t\000a\000t\000i\000o\000n}{section.2}% 23
\BOOKMARK [1][-]{section.3}{\376\377\000A\000x\000i\000o\000m\000a\000t\000i\000c\000\040\000F\000r\000a\000m\000e\000w\000o\000r\000k}{}% 24
\BOOKMARK [2][-]{subsection.3.1}{\376\377\000P\000r\000e\000l\000i\000m\000i\000n\000a\000r\000i\000e\000s}{section.3}% 25
\BOOKMARK [2][-]{subsection.3.2}{\376\377\000A\000x\000i\000o\000m\000\040\0001\000:\000\040\000C\000o\000n\000t\000i\000n\000u\000u\000m\000\040\000S\000u\000b\000s\000t\000r\000a\000t\000e}{section.3}% 26
\BOOKMARK [2][-]{subsection.3.3}{\376\377\000A\000x\000i\000o\000m\000\040\0002\000:\000\040\000E\000x\000i\000s\000t\000e\000n\000c\000e\000\040\000o\000f\000\040\000S\000t\000a\000b\000l\000e\000\040\000V\000o\000r\000t\000e\000x\000\040\000F\000i\000l\000a\000m\000e\000n\000t\000s}{section.3}% 27
\BOOKMARK [2][-]{subsection.3.4}{\376\377\000A\000x\000i\000o\000m\000\040\0003\000:\000\040\000C\000i\000r\000c\000u\000l\000a\000t\000i\000o\000n\000\040\000Q\000u\000a\000n\000t\000i\000z\000a\000t\000i\000o\000n}{section.3}% 28
\BOOKMARK [2][-]{subsection.3.5}{\376\377\000A\000x\000i\000o\000m\000\040\0004\000:\000\040\000C\000o\000m\000p\000t\000o\000n\000\040\000A\000n\000c\000h\000o\000r\000i\000n\000g}{section.3}% 29
\BOOKMARK [2][-]{subsection.3.6}{\376\377\000A\000x\000i\000o\000m\000\040\0005\000:\000\040\000D\000e\000l\000a\000y\000\040\000a\000s\000\040\000a\000\040\000C\000o\000n\000s\000t\000i\000t\000u\000t\000i\000v\000e\000\040\000P\000r\000i\000n\000c\000i\000p\000l\000e}{section.3}% 30
\BOOKMARK [2][-]{subsection.3.7}{\376\377\000A\000x\000i\000o\000m\000\040\0006\000:\000\040\000E\000n\000e\000r\000g\000y\000\040\000L\000o\000c\000a\000l\000i\000z\000a\000t\000i\000o\000n}{section.3}% 31
\BOOKMARK [2][-]{subsection.3.8}{\376\377\000A\000x\000i\000o\000m\000\040\0007\000:\000\040\000S\000w\000i\000r\000l\000-\000C\000l\000o\000c\000k\000\040\000R\000e\000l\000a\000t\000i\000o\000n\000a\000l\000\040\000T\000i\000m\000e}{section.3}% 32
\BOOKMARK [2][-]{subsection.3.9}{\376\377\000A\000x\000i\000o\000m\000\040\0008\000:\000\040\000D\000e\000n\000s\000i\000t\000y\000\040\000S\000a\000t\000u\000r\000a\000t\000i\000o\000n\000\040\000a\000n\000d\000\040\000C\000o\000r\000e\000\040\000S\000t\000r\000u\000c\000t\000u\000r\000e}{section.3}% 33
\BOOKMARK [2][-]{subsection.3.10}{\376\377\000L\000o\000g\000i\000c\000a\000l\000\040\000S\000t\000r\000u\000c\000t\000u\000r\000e\000\040\000o\000f\000\040\000t\000h\000e\000\040\000A\000x\000i\000o\000m\000s}{section.3}% 34
\BOOKMARK [2][-]{subsection.3.11}{\376\377\000M\000i\000n\000i\000m\000a\000l\000i\000t\000y\000\040\000P\000r\000i\000n\000c\000i\000p\000l\000e}{section.3}% 35
\BOOKMARK [2][-]{subsection.3.12}{\376\377\000P\000h\000i\000l\000o\000s\000o\000p\000h\000i\000c\000a\000l\000\040\000I\000n\000t\000e\000r\000p\000r\000e\000t\000a\000t\000i\000o\000n}{section.3}% 36
\BOOKMARK [2][-]{subsection.3.13}{\376\377\000C\000o\000n\000s\000i\000s\000t\000e\000n\000c\000y\000\040\000C\000o\000n\000d\000i\000t\000i\000o\000n}{section.3}% 37
\BOOKMARK [2][-]{subsection.3.14}{\376\377\000C\000a\000n\000o\000n\000i\000c\000a\000l\000\040\000S\000t\000a\000t\000e\000m\000e\000n\000t}{section.3}% 38
\BOOKMARK [1][-]{section.4}{\376\377\000C\000o\000n\000s\000i\000s\000t\000e\000n\000c\000y\000\040\000a\000n\000d\000\040\000C\000l\000a\000s\000s\000i\000f\000i\000c\000a\000t\000i\000o\000n\000\040\000F\000r\000a\000m\000e\000w\000o\000r\000k}{}% 39
\BOOKMARK [2][-]{subsection.4.1}{\376\377\000C\000l\000a\000s\000s\000i\000f\000i\000c\000a\000t\000i\000o\000n\000\040\000S\000c\000h\000e\000m\000e}{section.4}% 40
\BOOKMARK [2][-]{subsection.4.2}{\376\377\000E\000x\000t\000e\000n\000d\000e\000d\000\040\000L\000a\000b\000e\000l\000i\000n\000g\000\040\000C\000o\000n\000v\000e\000n\000t\000i\000o\000n}{section.4}% 41
\BOOKMARK [2][-]{subsection.4.3}{\376\377\000O\000r\000t\000h\000o\000d\000o\000x\000\040\000C\000o\000n\000s\000t\000r\000a\000i\000n\000t\000s}{section.4}% 42
\BOOKMARK [2][-]{subsection.4.4}{\376\377\000I\000n\000t\000e\000r\000n\000a\000l\000\040\000C\000o\000n\000s\000i\000s\000t\000e\000n\000c\000y\000\040\000R\000u\000l\000e\000s}{section.4}% 43
\BOOKMARK [2][-]{subsection.4.5}{\376\377\000C\000o\000n\000f\000l\000i\000c\000t\000\040\000R\000e\000s\000o\000l\000u\000t\000i\000o\000n\000\040\000S\000t\000r\000a\000t\000e\000g\000y}{section.4}% 44
\BOOKMARK [2][-]{subsection.4.6}{\376\377\000E\000p\000i\000s\000t\000e\000m\000i\000c\000\040\000S\000t\000a\000t\000u\000s\000\040\000T\000r\000a\000c\000k\000i\000n\000g}{section.4}% 45
\BOOKMARK [2][-]{subsection.4.7}{\376\377\000C\000a\000n\000o\000n\000\040\000I\000n\000t\000e\000g\000r\000i\000t\000y\000\040\000P\000r\000i\000n\000c\000i\000p\000l\000e}{section.4}% 46
\BOOKMARK [1][-]{section.5}{\376\377\000G\000e\000o\000m\000e\000t\000r\000i\000c\000\040\000a\000n\000d\000\040\000T\000o\000p\000o\000l\000o\000g\000i\000c\000a\000l\000\040\000S\000e\000c\000t\000o\000r}{}% 47
\BOOKMARK [2][-]{subsection.5.1}{\376\377\000R\000o\000l\000e\000\040\000o\000f\000\040\000g\000e\000o\000m\000e\000t\000r\000y\000\040\000a\000n\000d\000\040\000t\000o\000p\000o\000l\000o\000g\000y\000\040\000i\000n\000\040\000t\000h\000e\000\040\000c\000a\000n\000o\000n}{section.5}% 48
\BOOKMARK [2][-]{subsection.5.2}{\376\377\000S\000p\000e\000c\000t\000r\000a\000l\000\040\000S\000t\000r\000u\000c\000t\000u\000r\000e\000\040\000o\000f\000\040\000L\000o\000c\000k\000e\000d\000\040\000C\000l\000o\000s\000e\000d\000\040\000C\000a\000r\000r\000i\000e\000r\000s\000\040\000\050\000S\000e\000c\000o\000n\000d\000a\000r\000y\000\040\000R\000e\000s\000u\000l\000t\000\051}{section.5}% 49
\BOOKMARK [2][-]{subsection.5.3}{\376\377\000S\000y\000m\000m\000e\000t\000r\000y\000-\000S\000e\000n\000s\000i\000t\000i\000v\000e\000\040\000D\000a\000r\000k\000-\000K\000n\000o\000t\000\040\000C\000l\000a\000s\000s\000i\000f\000i\000c\000a\000t\000i\000o\000n}{section.5}% 50
\BOOKMARK [1][-]{section.6}{\376\377\000S\000w\000i\000r\000l\040\023\000E\000l\000e\000c\000t\000r\000o\000m\000a\000g\000n\000e\000t\000i\000c\000\040\000B\000r\000i\000d\000g\000e}{}% 51
\BOOKMARK [2][-]{subsection.6.1}{\376\377\000M\000i\000n\000i\000m\000a\000l\000\040\000t\000r\000a\000n\000s\000v\000e\000r\000s\000e\000\040\000f\000i\000e\000l\000d\000\040\000s\000e\000c\000t\000o\000r}{section.6}% 52
\BOOKMARK [2][-]{subsection.6.2}{\376\377\000P\000h\000o\000t\000o\000n\000\040\000/\000\040\000u\000n\000k\000n\000o\000t\000\040\000s\000e\000c\000t\000o\000r}{section.6}% 53
\BOOKMARK [2][-]{subsection.6.3}{\376\377\000S\000w\000i\000r\000l\000\040\000p\000r\000e\000s\000s\000u\000r\000e\000\040\000l\000a\000w}{section.6}% 54
\BOOKMARK [2][-]{subsection.6.4}{\376\377\000M\000i\000n\000i\000m\000a\000l\000\040\000e\000f\000f\000e\000c\000t\000i\000v\000e\000\040\000L\000a\000g\000r\000a\000n\000g\000i\000a\000n\000\040\000b\000r\000i\000d\000g\000e}{section.6}% 55
\BOOKMARK [1][-]{section.7}{\376\377\000D\000e\000l\000a\000y\000\040\000a\000n\000d\000\040\000M\000o\000d\000e\000\040\000S\000e\000l\000e\000c\000t\000i\000o\000n\000\040\000T\000h\000e\000o\000r\000y}{}% 56
\BOOKMARK [2][-]{subsection.7.1}{\376\377\000C\000i\000r\000c\000u\000l\000a\000t\000i\000o\000n\000\040\000D\000e\000l\000a\000y\000\040\000a\000s\000\040\000a\000\040\000P\000h\000y\000s\000i\000c\000a\000l\000\040\000P\000r\000i\000m\000i\000t\000i\000v\000e}{section.7}% 57
\BOOKMARK [2][-]{subsection.7.2}{\376\377\000D\000e\000l\000a\000y\000e\000d\000\040\000S\000e\000l\000f\000-\000I\000n\000t\000e\000r\000a\000c\000t\000i\000o\000n\000\040\000D\000y\000n\000a\000m\000i\000c\000s}{section.7}% 58
\BOOKMARK [2][-]{subsection.7.3}{\376\377\000E\000m\000e\000r\000g\000e\000n\000c\000e\000\040\000o\000f\000\040\000D\000i\000s\000c\000r\000e\000t\000e\000\040\000S\000t\000a\000b\000l\000e\000\040\000M\000o\000d\000e\000s}{section.7}% 59
\BOOKMARK [2][-]{subsection.7.4}{\376\377\000D\000e\000l\000a\000y\000-\000I\000n\000d\000u\000c\000e\000d\000\040\000Q\000u\000a\000n\000t\000i\000z\000a\000t\000i\000o\000n\000\040\000M\000e\000c\000h\000a\000n\000i\000s\000m}{section.7}% 60
\BOOKMARK [2][-]{subsection.7.5}{\376\377\000E\000x\000t\000e\000n\000s\000i\000o\000n\000\040\000t\000o\000\040\000N\000o\000n\000l\000i\000n\000e\000a\000r\000\040\000S\000c\000h\000r\000\366\000d\000i\000n\000g\000e\000r\000\040\000D\000y\000n\000a\000m\000i\000c\000s}{section.7}% 61
\BOOKMARK [2][-]{subsection.7.6}{\376\377\000P\000h\000y\000s\000i\000c\000a\000l\000\040\000I\000n\000t\000e\000r\000p\000r\000e\000t\000a\000t\000i\000o\000n}{section.7}% 62
\BOOKMARK [1][-]{section.8}{\376\377\000A\000t\000o\000m\000i\000c\000\040\000B\000r\000i\000d\000g\000e\000\040\000M\000o\000d\000e\000l}{}% 63
\BOOKMARK [2][-]{subsection.8.1}{\376\377\000I\000n\000t\000r\000o\000d\000u\000c\000t\000i\000o\000n\000\040\000a\000n\000d\000\040\000e\000p\000i\000s\000t\000e\000m\000i\000c\000\040\000f\000r\000a\000m\000i\000n\000g}{section.8}% 64
\BOOKMARK [2][-]{subsection.8.2}{\376\377\000B\000a\000s\000e\000l\000i\000n\000e\000\040\000H\000a\000m\000i\000l\000t\000o\000n\000i\000a\000n}{section.8}% 65
\BOOKMARK [2][-]{subsection.8.3}{\376\377\000L\000e\000g\000a\000c\000y\000\040\000S\000o\000f\000t\000-\000C\000o\000r\000e\000\040\000R\000e\000g\000u\000l\000a\000r\000i\000z\000a\000t\000i\000o\000n}{section.8}% 66
\BOOKMARK [2][-]{subsection.8.4}{\376\377\000S\000S\000T\000\040\000C\000i\000r\000c\000u\000l\000a\000t\000i\000o\000n\000\040\000C\000o\000r\000r\000e\000c\000t\000i\000o\000n}{section.8}% 67
\BOOKMARK [2][-]{subsection.8.5}{\376\377\000C\000i\000r\000c\000u\000l\000a\000t\000i\000o\000n\000\040\000s\000o\000u\000r\000c\000e\000\040\000c\000h\000a\000i\000n}{section.8}% 68
\BOOKMARK [2][-]{subsection.8.6}{\376\377\000B\000r\000a\000n\000c\000h\000\040\000S\000t\000r\000u\000c\000t\000u\000r\000e}{section.8}% 69
\BOOKMARK [2][-]{subsection.8.7}{\376\377\000C\000o\000n\000s\000i\000s\000t\000e\000n\000c\000y\000\040\000R\000e\000q\000u\000i\000r\000e\000m\000e\000n\000t}{section.8}% 70
\BOOKMARK [2][-]{subsection.8.8}{\376\377\000I\000n\000t\000e\000r\000p\000r\000e\000t\000a\000t\000i\000o\000n}{section.8}% 71
\BOOKMARK [1][-]{section.9}{\376\377\000S\000p\000e\000c\000t\000r\000o\000s\000c\000o\000p\000i\000c\000\040\000C\000o\000n\000s\000t\000r\000a\000i\000n\000t\000s}{}% 72
\BOOKMARK [2][-]{subsection.9.1}{\376\377\000M\000o\000t\000i\000v\000a\000t\000i\000o\000n}{section.9}% 73
\BOOKMARK [2][-]{subsection.9.2}{\376\377\000I\000n\000t\000e\000r\000n\000a\000l\000\040\000M\000o\000d\000e\000\040\000H\000y\000p\000o\000t\000h\000e\000s\000i\000s}{section.9}% 74
\BOOKMARK [2][-]{subsection.9.3}{\376\377\000G\000e\000n\000e\000r\000i\000c\000\040\000C\000o\000u\000p\000l\000i\000n\000g\000\040\000S\000t\000r\000u\000c\000t\000u\000r\000e}{section.9}% 75
\BOOKMARK [2][-]{subsection.9.4}{\376\377\000U\000n\000g\000a\000p\000p\000e\000d\000\040\000S\000p\000e\000c\000t\000r\000u\000m\000:\000\040\000I\000n\000s\000t\000a\000b\000i\000l\000i\000t\000y}{section.9}% 76
\BOOKMARK [2][-]{subsection.9.5}{\376\377\000G\000a\000p\000p\000e\000d\000\040\000S\000p\000e\000c\000t\000r\000u\000m\000:\000\040\000D\000e\000c\000o\000u\000p\000l\000i\000n\000g\000\040\000M\000e\000c\000h\000a\000n\000i\000s\000m}{section.9}% 77
\BOOKMARK [2][-]{subsection.9.6}{\376\377\000P\000h\000y\000s\000i\000c\000a\000l\000\040\000O\000r\000i\000g\000i\000n\000\040\000o\000f\000\040\000t\000h\000e\000\040\000G\000a\000p}{section.9}% 78
\BOOKMARK [2][-]{subsection.9.7}{\376\377\000O\000r\000d\000e\000r\000-\000o\000f\000-\000M\000a\000g\000n\000i\000t\000u\000d\000e\000\040\000E\000s\000t\000i\000m\000a\000t\000e}{section.9}% 79
\BOOKMARK [2][-]{subsection.9.8}{\376\377\000C\000o\000n\000s\000i\000s\000t\000e\000n\000c\000y\000\040\000C\000o\000n\000d\000i\000t\000i\000o\000n}{section.9}% 80
\BOOKMARK [2][-]{subsection.9.9}{\376\377\000O\000b\000s\000e\000r\000v\000a\000b\000l\000e\000\040\000C\000o\000n\000s\000e\000q\000u\000e\000n\000c\000e\000s}{section.9}% 81
\BOOKMARK [2][-]{subsection.9.10}{\376\377\000F\000a\000l\000s\000i\000f\000i\000a\000b\000i\000l\000i\000t\000y}{section.9}% 82
\BOOKMARK [2][-]{subsection.9.11}{\376\377\000I\000n\000t\000e\000g\000r\000a\000t\000i\000o\000n\000\040\000w\000i\000t\000h\000\040\000S\000S\000T\000\040\000F\000r\000a\000m\000e\000w\000o\000r\000k}{section.9}% 83
\BOOKMARK [2][-]{subsection.9.12}{\376\377\000C\000a\000n\000o\000n\000i\000c\000a\000l\000\040\000S\000t\000a\000t\000e\000m\000e\000n\000t}{section.9}% 84
\BOOKMARK [2][-]{subsection.9.13}{\376\377\000P\000r\000e\000c\000i\000s\000i\000o\000n\000\040\000e\000l\000e\000c\000t\000r\000o\000w\000e\000a\000k\000\040\000b\000r\000i\000d\000g\000e\000:\000\040\000l\000e\000s\000s\000o\000n\000s\000\040\000f\000r\000o\000m\000\040\000t\000h\000e\000\040\000C\000M\000S\000\040\000W\000-\000m\000a\000s\000s\000\040\000m\000e\000a\000s\000u\000r\000e\000m\000e\000n\000t}{section.9}% 85
\BOOKMARK [1][-]{section.10}{\376\377\000R\000e\000l\000a\000t\000i\000o\000n\000a\000l\000\040\000T\000i\000m\000e\000\040\000F\000r\000a\000m\000e\000w\000o\000r\000k}{}% 86
\BOOKMARK [2][-]{subsection.10.1}{\376\377\000S\000w\000i\000r\000l\000-\000C\000l\000o\000c\000k\000\040\000a\000n\000d\000\040\000l\000o\000c\000a\000l\000\040\000p\000r\000o\000p\000e\000r\000\040\000t\000i\000m\000e}{section.10}% 87
\BOOKMARK [2][-]{subsection.10.2}{\376\377\000C\000a\000r\000r\000i\000e\000r\000-\000l\000o\000c\000a\000l\000\040\000c\000l\000o\000c\000k\000i\000n\000g\000\040\000a\000n\000d\000\040\000t\000h\000e\000\040\000t\000u\000r\000n\000o\000v\000e\000r\000\040\000s\000c\000a\000l\000e}{section.10}% 88
\BOOKMARK [2][-]{subsection.10.3}{\376\377\000R\000e\000l\000a\000t\000i\000o\000n\000a\000l\000\040\000o\000b\000s\000e\000r\000v\000a\000b\000l\000e\000s\000\040\000f\000r\000o\000m\000\040\000c\000o\000n\000s\000e\000r\000v\000e\000d\000\040\000c\000u\000r\000r\000e\000n\000t\000s}{section.10}% 89
\BOOKMARK [2][-]{subsection.10.4}{\376\377\000T\000i\000m\000e\000-\000o\000f\000-\000a\000r\000r\000i\000v\000a\000l\000\040\000a\000s\000\040\000a\000\040\000r\000e\000l\000a\000t\000i\000o\000n\000a\000l\000\040\000f\000i\000e\000l\000d\000\040\000o\000b\000s\000e\000r\000v\000a\000b\000l\000e}{section.10}% 90
\BOOKMARK [2][-]{subsection.10.5}{\376\377\000C\000l\000o\000c\000k\000\040\000b\000r\000o\000a\000d\000e\000n\000i\000n\000g\000\040\000a\000n\000d\000\040\000c\000o\000n\000t\000i\000n\000u\000u\000m\000\040\000l\000i\000m\000i\000t\000s}{section.10}% 91
\BOOKMARK [2][-]{subsection.10.6}{\376\377\000C\000o\000n\000n\000e\000c\000t\000i\000o\000n\000\040\000t\000o\000\040\000g\000r\000a\000v\000i\000t\000y\000\040\000a\000n\000d\000\040\000g\000e\000o\000m\000e\000t\000r\000y}{section.10}% 92
\BOOKMARK [2][-]{subsection.10.7}{\376\377\000C\000l\000o\000c\000k\000\040\000F\000i\000e\000l\000d\000\040\000a\000n\000d\000\040\000F\000o\000l\000i\000a\000t\000i\000o\000n\000\040\000V\000a\000r\000i\000a\000b\000l\000e}{section.10}% 93
\BOOKMARK [2][-]{subsection.10.8}{\376\377\000C\000l\000o\000c\000k\000-\000S\000e\000c\000t\000o\000r\000\040\000E\000f\000f\000e\000c\000t\000i\000v\000e\000\040\000A\000c\000t\000i\000o\000n}{section.10}% 94
\BOOKMARK [2][-]{subsection.10.9}{\376\377\000P\000o\000i\000s\000s\000o\000n\000\040\000L\000i\000m\000i\000t\000\040\000a\000n\000d\000\040\000E\000f\000f\000e\000c\000t\000i\000v\000e\000\040\000G\000r\000a\000v\000i\000t\000y\000\040\000B\000r\000i\000d\000g\000e}{section.10}% 95
\BOOKMARK [2][-]{subsection.10.10}{\376\377\000O\000b\000s\000e\000r\000v\000a\000t\000i\000o\000n\000a\000l\000\040\000C\000o\000n\000s\000t\000r\000a\000i\000n\000t\000\040\000f\000r\000o\000m\000\040\000T\000e\000n\000s\000o\000r\000-\000M\000o\000d\000e\000\040\000S\000p\000e\000e\000d}{section.10}% 96
\BOOKMARK [2][-]{subsection.10.11}{\376\377\000I\000n\000t\000e\000r\000p\000r\000e\000t\000i\000v\000e\000\040\000R\000o\000l\000e\000\040\000i\000n\000\040\000t\000h\000e\000\040\000C\000a\000n\000o\000n}{section.10}% 97
\BOOKMARK [2][-]{subsection.10.12}{\376\377\000R\000e\000l\000a\000t\000i\000o\000n\000\040\000t\000o\000\040\000t\000h\000e\000\040\000C\000h\000r\000o\000n\000o\000s\040\023\000K\000e\000l\000v\000i\000n\000\040\000l\000a\000w}{section.10}% 98
\BOOKMARK [1][-]{section.11}{\376\377\000U\000n\000i\000f\000i\000e\000d\000\040\000I\000n\000t\000e\000r\000p\000r\000e\000t\000a\000t\000i\000o\000n}{}% 99
\BOOKMARK [2][-]{subsection.11.1}{\376\377\000O\000v\000e\000r\000v\000i\000e\000w}{section.11}% 100
\BOOKMARK [2][-]{subsection.11.2}{\376\377\000O\000n\000t\000o\000l\000o\000g\000y\000\040\000o\000f\000\040\000t\000h\000e\000\040\000T\000h\000e\000o\000r\000y}{section.11}% 101
\BOOKMARK [2][-]{subsection.11.3}{\376\377\000M\000a\000s\000s\000\040\000a\000s\000\040\000T\000r\000a\000p\000p\000e\000d\000\040\000C\000i\000r\000c\000u\000l\000a\000t\000i\000o\000n\000\040\000E\000n\000e\000r\000g\000y}{section.11}% 102
\BOOKMARK [2][-]{subsection.11.4}{\376\377\000T\000i\000m\000e\000\040\000a\000s\000\040\000a\000\040\000R\000e\000l\000a\000t\000i\000o\000n\000a\000l\000\040\000Q\000u\000a\000n\000t\000i\000t\000y}{section.11}% 103
\BOOKMARK [2][-]{subsection.11.5}{\376\377\000D\000i\000s\000c\000r\000e\000t\000e\000n\000e\000s\000s\000\040\000w\000i\000t\000h\000o\000u\000t\000\040\000Q\000u\000a\000n\000t\000i\000z\000a\000t\000i\000o\000n\000\040\000P\000o\000s\000t\000u\000l\000a\000t\000e\000s}{section.11}% 104
\BOOKMARK [2][-]{subsection.11.6}{\376\377\000C\000h\000a\000r\000g\000e\000\040\000a\000n\000d\000\040\000C\000i\000r\000c\000u\000l\000a\000t\000i\000o\000n}{section.11}% 105
\BOOKMARK [2][-]{subsection.11.7}{\376\377\000U\000n\000i\000f\000i\000c\000a\000t\000i\000o\000n\000\040\000o\000f\000\040\000I\000n\000t\000e\000r\000a\000c\000t\000i\000o\000n\000s}{section.11}% 106
\BOOKMARK [2][-]{subsection.11.8}{\376\377\000A\000t\000o\000m\000i\000c\000\040\000S\000t\000r\000u\000c\000t\000u\000r\000e\000\040\000a\000s\000\040\000a\000n\000\040\000E\000m\000e\000r\000g\000e\000n\000t\000\040\000L\000a\000y\000e\000r}{section.11}% 107
\BOOKMARK [2][-]{subsection.11.9}{\376\377\000C\000o\000n\000s\000i\000s\000t\000e\000n\000c\000y\000\040\000w\000i\000t\000h\000\040\000S\000p\000e\000c\000t\000r\000o\000s\000c\000o\000p\000y}{section.11}% 108
\BOOKMARK [2][-]{subsection.11.10}{\376\377\000H\000i\000e\000r\000a\000r\000c\000h\000y\000\040\000o\000f\000\040\000D\000e\000s\000c\000r\000i\000p\000t\000i\000o\000n}{section.11}% 109
\BOOKMARK [2][-]{subsection.11.11}{\376\377\000C\000o\000n\000c\000e\000p\000t\000u\000a\000l\000\040\000S\000u\000m\000m\000a\000r\000y}{section.11}% 110
\BOOKMARK [2][-]{subsection.11.12}{\376\377\000C\000a\000n\000o\000n\000i\000c\000a\000l\000\040\000S\000t\000a\000t\000e\000m\000e\000n\000t}{section.11}% 111
\BOOKMARK [2][-]{subsection.11.13}{\376\377\000S\000c\000o\000p\000e\000\040\000a\000n\000d\000\040\000L\000i\000m\000i\000t\000s}{section.11}% 112
\BOOKMARK [2][-]{subsection.11.14}{\376\377\000F\000i\000n\000a\000l\000\040\000C\000o\000n\000s\000i\000s\000t\000e\000n\000c\000y\000\040\000P\000r\000i\000n\000c\000i\000p\000l\000e}{section.11}% 113
\BOOKMARK [1][-]{section.12}{\376\377\000I\000n\000t\000e\000g\000r\000a\000t\000i\000o\000n\000\040\000o\000f\000\040\000P\000r\000i\000o\000r\000\040\000C\000a\000n\000o\000n\000\040\000V\000e\000r\000s\000i\000o\000n\000s}{}% 114
\BOOKMARK [2][-]{subsection.12.1}{\376\377\000I\000n\000t\000e\000g\000r\000a\000t\000i\000o\000n\000\040\000p\000o\000l\000i\000c\000y\000\040\000\050\000v\0000\000.\0005\000.\0001\0002\000\040\000r\000e\000i\000n\000t\000e\000g\000r\000a\000t\000i\000o\000n\000\051}{section.12}% 115
\BOOKMARK [2][-]{subsection.12.2}{\376\377\000R\000e\000t\000a\000i\000n\000e\000d\000\040\000v\0000\000.\0005\000.\0001\0002\000\040\000k\000e\000r\000n\000e\000l\000\040\000s\000e\000c\000t\000o\000r\000s}{section.12}% 116
\BOOKMARK [2][-]{subsection.12.3}{\376\377\000W\000a\000v\000e\040\023\000p\000a\000r\000t\000i\000c\000l\000e\000\040\000p\000h\000a\000s\000e\000\040\000r\000u\000l\000e\000\040\000a\000n\000d\000\040\000m\000e\000a\000s\000u\000r\000e\000m\000e\000n\000t\000\040\000b\000r\000i\000d\000g\000e}{section.12}% 117
\BOOKMARK [2][-]{subsection.12.4}{\376\377\000G\000a\000u\000g\000e\000\040\000a\000n\000d\000\040\000w\000e\000a\000k\000-\000m\000i\000x\000i\000n\000g\000\040\000b\000r\000i\000d\000g\000e}{section.12}% 118
\BOOKMARK [2][-]{subsection.12.5}{\376\377\000W\000h\000a\000t\000\040\000t\000h\000e\000\040\000v\0000\000.\0005\000.\0001\0002\000\040\000r\000e\000i\000n\000t\000e\000g\000r\000a\000t\000i\000o\000n\000\040\000d\000o\000e\000s\000\040\000n\000o\000t\000\040\000i\000m\000p\000o\000r\000t}{section.12}% 119
\BOOKMARK [2][-]{subsection.12.6}{\376\377\000P\000u\000r\000p\000o\000s\000e\000\040\000o\000f\000\040\000t\000h\000i\000s\000\040\000i\000n\000t\000e\000g\000r\000a\000t\000i\000o\000n\000\040\000l\000a\000y\000e\000r}{section.12}% 120
\BOOKMARK [2][-]{subsection.12.7}{\376\377\000R\000e\000t\000a\000i\000n\000e\000d\000\040\000f\000r\000o\000m\000\040\000t\000h\000e\000\040\000e\000a\000r\000l\000y\000\040\000c\000a\000n\000o\000n\000\040\000l\000a\000y\000e\000r\000s}{section.12}% 121
\BOOKMARK [2][-]{subsection.12.8}{\376\377\000R\000e\000t\000a\000i\000n\000e\000d\000\040\000f\000r\000o\000m\000\040\000t\000h\000e\000\040\000m\000i\000d\000d\000l\000e\000\040\000c\000a\000n\000o\000n\000\040\000l\000a\000y\000e\000r\000s}{section.12}% 122
\BOOKMARK [2][-]{subsection.12.9}{\376\377\000R\000e\000t\000a\000i\000n\000e\000d\000\040\000f\000r\000o\000m\000\040\000t\000h\000e\000\040\000l\000a\000t\000e\000\040\000c\000a\000n\000o\000n\000\040\000l\000a\000y\000e\000r\000s}{section.12}% 123
\BOOKMARK [2][-]{subsection.12.10}{\376\377\000N\000o\000t\000a\000t\000i\000o\000n\000\040\000a\000n\000d\000\040\000d\000e\000n\000s\000i\000t\000y\000\040\000c\000l\000e\000a\000n\000u\000p}{section.12}% 124
\BOOKMARK [2][-]{subsection.12.11}{\376\377\000T\000o\000p\000o\000l\000o\000g\000y\000-\000f\000i\000r\000s\000t\000\040\000r\000e\000i\000n\000t\000e\000r\000p\000r\000e\000t\000a\000t\000i\000o\000n\000\040\000o\000f\000\040\000l\000a\000y\000e\000r\000s}{section.12}% 125
\BOOKMARK [2][-]{subsection.12.12}{\376\377\000S\000t\000a\000t\000u\000s\000\040\000o\000f\000\040\000o\000p\000t\000i\000o\000n\000a\000l\000\040\000s\000e\000c\000t\000o\000r\000s}{section.12}% 126
\BOOKMARK [2][-]{subsection.12.13}{\376\377\000I\000n\000t\000e\000g\000r\000a\000t\000i\000o\000n\000\040\000p\000r\000i\000n\000c\000i\000p\000l\000e}{section.12}% 127
\BOOKMARK [2][-]{subsection.12.14}{\376\377\000R\000e\000s\000e\000a\000r\000c\000h\000-\000t\000r\000a\000c\000k\000\040\000c\000o\000m\000p\000a\000n\000i\000o\000n}{section.12}% 128
\BOOKMARK [2][-]{subsection.12.15}{\376\377\000I\000n\000t\000e\000g\000r\000a\000t\000i\000o\000n\000\040\000P\000o\000l\000i\000c\000y}{section.12}% 129
\BOOKMARK [2][-]{subsection.12.16}{\376\377\000S\000e\000l\000e\000c\000t\000i\000v\000e\000\040\000R\000e\000c\000o\000v\000e\000r\000y\000\040\000f\000r\000o\000m\000\040\000P\000r\000e\000-\000v\0000\000.\0007\000\040\000C\000a\000n\000o\000n\000\040\000L\000a\000y\000e\000r\000s}{section.12}% 130
\BOOKMARK [2][-]{subsection.12.17}{\376\377\000T\000h\000e\000r\000m\000o\000d\000y\000n\000a\000m\000i\000c\000\040\000R\000a\000d\000i\000a\000t\000i\000o\000n\000\040\000I\000n\000t\000e\000r\000f\000a\000c\000e}{section.12}% 131
\BOOKMARK [2][-]{subsection.12.18}{\376\377\000M\000i\000n\000i\000m\000a\000l\000\040\000C\000o\000u\000p\000l\000i\000n\000g\000\040\000I\000n\000t\000e\000r\000f\000a\000c\000e\000\040\000t\000o\000\040\000Q\000u\000a\000n\000t\000u\000m\000\040\000E\000l\000e\000c\000t\000r\000o\000d\000y\000n\000a\000m\000i\000c\000s}{section.12}% 132
\BOOKMARK [2][-]{subsection.12.19}{\376\377\000R\000i\000b\000b\000o\000n\000-\000I\000n\000v\000a\000r\000i\000a\000n\000t\000\040\000C\000h\000i\000r\000a\000l\000i\000t\000y\000\040\000R\000e\000f\000i\000n\000e\000m\000e\000n\000t}{section.12}% 133
\BOOKMARK [2][-]{subsection.12.20}{\376\377\000P\000a\000r\000t\000i\000c\000l\000e\000-\000C\000a\000n\000d\000i\000d\000a\000t\000e\000\040\000M\000a\000p\000p\000i\000n\000g\000\040\000L\000a\000y\000e\000r}{section.12}% 134
\BOOKMARK [2][-]{subsection.12.21}{\376\377\000H\000y\000d\000r\000o\000d\000y\000n\000a\000m\000i\000c\000\040\000E\000x\000c\000h\000a\000n\000g\000e\000\040\000a\000n\000d\000\040\000t\000h\000e\000\040\000P\000a\000u\000l\000i\000\040\000B\000a\000r\000r\000i\000e\000r}{section.12}% 135
\BOOKMARK [2][-]{subsection.12.22}{\376\377\000N\000u\000m\000e\000r\000i\000c\000a\000l\000\040\000B\000e\000n\000c\000h\000m\000a\000r\000k\000\040\000L\000a\000y\000e\000r}{section.12}% 136
\BOOKMARK [2][-]{subsection.12.23}{\376\377\000G\000a\000u\000g\000e\000-\000S\000e\000c\000t\000o\000r\000\040\000R\000o\000a\000d\000m\000a\000p}{section.12}% 137
\BOOKMARK [1][-]{section.13}{\376\377\000D\000i\000s\000c\000u\000s\000s\000i\000o\000n\000\040\000a\000n\000d\000\040\000L\000i\000m\000i\000t\000s}{}% 138
\BOOKMARK [2][-]{subsection.13.1}{\376\377\000S\000t\000a\000t\000u\000s\000\040\000o\000f\000\040\000t\000h\000e\000\040\000r\000e\000c\000o\000v\000e\000r\000e\000d\000\040\000v\0000\000.\0005\000.\0001\0002\000\040\000s\000e\000c\000t\000o\000r\000s}{section.13}% 139
\BOOKMARK [2][-]{subsection.13.2}{\376\377\000W\000h\000a\000t\000\040\000v\0000\000.\0008\000.\0000\000\040\000n\000o\000w\000\040\000r\000e\000c\000o\000v\000e\000r\000s\000\040\000f\000r\000o\000m\000\040\000v\0000\000.\0005\000.\0001\0002}{section.13}% 140
\BOOKMARK [2][-]{subsection.13.3}{\376\377\000O\000p\000e\000n\000\040\000i\000t\000e\000m\000s\000\040\000t\000h\000a\000t\000\040\000r\000e\000m\000a\000i\000n\000\040\000o\000u\000t\000s\000i\000d\000e\000\040\000t\000h\000e\000\040\000p\000r\000e\000s\000e\000n\000t\000\040\000c\000l\000o\000s\000u\000r\000e}{section.13}% 141
\BOOKMARK [2][-]{subsection.13.4}{\376\377\000W\000h\000a\000t\000\040\000i\000s\000\040\000e\000s\000t\000a\000b\000l\000i\000s\000h\000e\000d\000\040\000a\000t\000\040\000c\000a\000n\000o\000n\000\040\000l\000e\000v\000e\000l}{section.13}% 142
\BOOKMARK [2][-]{subsection.13.5}{\376\377\000W\000h\000a\000t\000\040\000r\000e\000m\000a\000i\000n\000s\000\040\000c\000l\000o\000s\000u\000r\000e\000-\000l\000e\000v\000e\000l\000\040\000o\000r\000\040\000c\000o\000n\000j\000e\000c\000t\000u\000r\000a\000l}{section.13}% 143
\BOOKMARK [2][-]{subsection.13.6}{\376\377\000C\000o\000m\000p\000a\000t\000i\000b\000i\000l\000i\000t\000y\000\040\000l\000i\000m\000i\000t\000s}{section.13}% 144
\BOOKMARK [2][-]{subsection.13.7}{\376\377\000M\000i\000n\000i\000m\000a\000l\000\040\000f\000a\000l\000s\000i\000f\000i\000e\000r\000s}{section.13}% 145
\BOOKMARK [2][-]{subsection.13.8}{\376\377\000M\000e\000t\000h\000o\000d\000o\000l\000o\000g\000i\000c\000a\000l\000\040\000l\000i\000m\000i\000t}{section.13}% 146
\BOOKMARK [2][-]{subsection.13.9}{\376\377\000N\000e\000a\000r\000-\000t\000e\000r\000m\000\040\000p\000r\000i\000o\000r\000i\000t\000i\000e\000s}{section.13}% 147
\BOOKMARK [2][-]{subsection.13.10}{\376\377\000F\000i\000n\000a\000l\000\040\000l\000i\000m\000i\000t\000\040\000s\000t\000a\000t\000e\000m\000e\000n\000t}{section.13}% 148
\BOOKMARK [2][-]{subsection.13.11}{\376\377\000S\000t\000a\000t\000u\000s\000\040\000o\000f\000\040\000L\000e\000g\000a\000c\000y\000\040\000R\000e\000c\000o\000v\000e\000r\000i\000e\000s}{section.13}% 149
\BOOKMARK [2][-]{subsection.13.12}{\376\377\000W\000h\000a\000t\000\040\000v\0000\000.\0008\000.\0000\000\040\000N\000o\000w\000\040\000R\000e\000t\000a\000i\000n\000s}{section.13}% 150
\BOOKMARK [2][-]{subsection.13.13}{\376\377\000W\000h\000a\000t\000\040\000i\000s\000\040\000D\000e\000l\000i\000b\000e\000r\000a\000t\000e\000l\000y\000\040\000N\000o\000t\000\040\000C\000l\000a\000i\000m\000e\000d}{section.13}% 151
\BOOKMARK [2][-]{subsection.13.14}{\376\377\000C\000a\000n\000o\000n\000\040\000R\000u\000l\000e\000\040\000G\000o\000i\000n\000g\000\040\000F\000o\000r\000w\000a\000r\000d}{section.13}% 152
\BOOKMARK [1][-]{appendix.A}{\376\377\000F\000u\000l\000l\000\040\000D\000e\000r\000i\000v\000a\000t\000i\000o\000n\000s}{}% 153
\BOOKMARK [2][-]{subsection.A.1}{\376\377\000C\000a\000n\000o\000n\000i\000c\000a\000l\000\040\000c\000o\000n\000s\000t\000a\000n\000t\000\040\000c\000h\000a\000i\000n}{appendix.A}% 154
\BOOKMARK [2][-]{subsection.A.2}{\376\377\000C\000o\000r\000e\000\040\000d\000e\000n\000s\000i\000t\000y\000\040\000c\000l\000o\000s\000u\000r\000e}{appendix.A}% 155
\BOOKMARK [2][-]{subsection.A.3}{\376\377\000G\000e\000o\000m\000e\000t\000r\000i\000c\000\040\000g\000a\000t\000e\000\040\000i\000d\000e\000n\000t\000i\000t\000y}{appendix.A}% 156
\BOOKMARK [2][-]{subsection.A.4}{\376\377\000U\000s\000e\000f\000u\000l\000\040\000n\000u\000m\000e\000r\000i\000c\000a\000l\000\040\000a\000n\000c\000h\000o\000r\000s}{appendix.A}% 157
\BOOKMARK [1][-]{appendix.B}{\376\377\000D\000e\000l\000a\000y\000\040\000M\000a\000t\000h\000e\000m\000a\000t\000i\000c\000s}{}% 158
\BOOKMARK [2][-]{subsection.B.1}{\376\377\000F\000i\000x\000e\000d\000-\000p\000o\000i\000n\000t\000\040\000c\000o\000n\000d\000i\000t\000i\000o\000n\000\040\000f\000o\000r\000\040\000l\000o\000c\000k\000e\000d\000\040\000m\000o\000d\000e\000s}{appendix.B}% 159
\BOOKMARK [2][-]{subsection.B.2}{\376\377\000L\000i\000n\000e\000a\000r\000\040\000s\000t\000a\000b\000i\000l\000i\000t\000y\000\040\000o\000f\000\040\000a\000\040\000l\000o\000c\000k\000e\000d\000\040\000b\000r\000a\000n\000c\000h}{appendix.B}% 160
\BOOKMARK [2][-]{subsection.B.3}{\376\377\000S\000m\000a\000l\000l\000-\000d\000e\000l\000a\000y\000\040\000e\000x\000p\000a\000n\000s\000i\000o\000n}{appendix.B}% 161
\BOOKMARK [2][-]{subsection.B.4}{\376\377\000I\000n\000t\000e\000r\000p\000r\000e\000t\000i\000v\000e\000\040\000c\000o\000n\000s\000e\000q\000u\000e\000n\000c\000e}{appendix.B}% 162
\BOOKMARK [1][-]{appendix.C}{\376\377\000C\000o\000n\000v\000e\000r\000s\000a\000t\000i\000o\000n\000-\000D\000e\000r\000i\000v\000e\000d\000\040\000I\000n\000s\000i\000g\000h\000t\000s}{}% 163
\BOOKMARK [2][-]{subsection.C.1}{\376\377\000R\000o\000l\000e\000\040\000o\000f\000\040\000t\000h\000i\000s\000\040\000a\000p\000p\000e\000n\000d\000i\000x}{appendix.C}% 164
\BOOKMARK [2][-]{subsection.C.2}{\376\377\000T\000o\000p\000o\000l\000o\000g\000y\000\040\000f\000i\000r\000s\000t\000,\000\040\000l\000a\000y\000e\000r\000s\000\040\000s\000e\000c\000o\000n\000d}{appendix.C}% 165
\BOOKMARK [2][-]{subsection.C.3}{\376\377\000S\000p\000e\000c\000t\000r\000a\000l\000\040\000o\000r\000i\000g\000i\000n\000\040\000o\000f\000\040\000z\000e\000t\000a\000\050\0003\000\051}{appendix.C}% 166
\BOOKMARK [2][-]{subsection.C.4}{\376\377\000A\000t\000o\000m\000i\000c\000\040\000b\000r\000i\000d\000g\000e\000\040\000s\000t\000a\000t\000u\000s\000\040\000d\000i\000s\000c\000i\000p\000l\000i\000n\000e}{appendix.C}% 167
\BOOKMARK [2][-]{subsection.C.5}{\376\377\000M\000a\000s\000t\000e\000r\000-\000e\000q\000u\000a\000t\000i\000o\000n\000\040\000v\000i\000e\000w\000p\000o\000i\000n\000t}{appendix.C}% 168
\BOOKMARK [2][-]{subsection.C.6}{\376\377\000D\000u\000a\000l\000-\000v\000a\000c\000u\000u\000m\000\040\000a\000n\000d\000\040\000p\000h\000o\000t\000o\000n\000\040\000s\000e\000c\000t\000o\000r\000\040\000s\000t\000a\000t\000u\000s}{appendix.C}% 169
\BOOKMARK [2][-]{subsection.C.7}{\376\377\000O\000p\000e\000n\000\040\000t\000h\000e\000o\000r\000e\000m\000\040\000l\000a\000d\000d\000e\000r}{appendix.C}% 170
