\BOOKMARK [0][-]{chapter.1}{\376\377\000S\000S\000T\000-\0003\0002\000\040\040\024\000\040\000C\000a\000n\000o\000n\000i\000c\000a\000l\000\040\000f\000l\000u\000i\000d\000\040\000r\000e\000f\000o\000r\000m\000u\000l\000a\000t\000i\000o\000n\000\040\000\050\000l\000o\000n\000g\000\051}{}% 1
\BOOKMARK [1][-]{section.1.1}{\376\377\000I\000n\000t\000r\000o\000d\000u\000c\000t\000i\000o\000n}{chapter.1}% 2
\BOOKMARK [1][-]{section.1.2}{\376\377\000C\000o\000r\000e\000\040\000P\000o\000s\000t\000u\000l\000a\000t\000e\000s\000\040\000o\000f\000\040\000S\000w\000i\000r\000l\040\023\000S\000t\000r\000i\000n\000g\000\040\000T\000h\000e\000o\000r\000y}{chapter.1}% 3
\BOOKMARK [1][-]{section.1.3}{\376\377\000L\000a\000g\000r\000a\000n\000g\000i\000a\000n\000\040\000a\000n\000d\000\040\000F\000i\000e\000l\000d\000-\000T\000h\000e\000o\000r\000e\000t\000i\000c\000\040\000F\000r\000a\000m\000e\000w\000o\000r\000k}{chapter.1}% 4
\BOOKMARK [2][-]{subsection.1.3.1}{\376\377\000F\000o\000u\000n\000d\000a\000t\000i\000o\000n\000a\000l\000\040\000F\000i\000e\000l\000d\000s\000\040\000a\000n\000d\000\040\000D\000e\000f\000i\000n\000i\000t\000i\000o\000n\000s}{section.1.3}% 5
\BOOKMARK [2][-]{subsection.1.3.2}{\376\377\000E\000f\000f\000e\000c\000t\000i\000v\000e\000\040\000L\000a\000g\000r\000a\000n\000g\000i\000a\000n\000\040\000D\000e\000n\000s\000i\000t\000y}{section.1.3}% 6
\BOOKMARK [1][-]{section.1.4}{\376\377\000E\000m\000e\000r\000g\000e\000n\000t\000\040\000G\000r\000a\000v\000i\000t\000y\000\040\000a\000n\000d\000\040\000T\000i\000m\000e\000\040\000D\000i\000l\000a\000t\000i\000o\000n}{chapter.1}% 7
\BOOKMARK [2][-]{subsection.1.4.1}{\376\377\000N\000e\000w\000t\000o\000n\000i\000a\000n\000\040\000G\000r\000a\000v\000i\000t\000y\000\040\000a\000s\000\040\000a\000\040\000F\000l\000u\000i\000d\000-\000F\000l\000o\000w\000\040\000E\000f\000f\000e\000c\000t}{section.1.4}% 8
\BOOKMARK [2][-]{subsection.1.4.2}{\376\377\000S\000w\000i\000r\000l\000-\000C\000l\000o\000c\000k\000\040\000T\000i\000m\000e\000\040\000D\000i\000l\000a\000t\000i\000o\000n\000\040\000\050\000C\000h\000r\000o\000n\000o\000n\000\040\000C\000o\000n\000t\000r\000a\000c\000t\000i\000o\000n\000\051}{section.1.4}% 9
\BOOKMARK [1][-]{section.1.5}{\376\377\000E\000l\000e\000c\000t\000r\000o\000m\000a\000g\000n\000e\000t\000i\000c\000\040\000E\000m\000e\000r\000g\000e\000n\000c\000e\000:\000\040\000M\000o\000d\000i\000f\000i\000e\000d\000\040\000F\000a\000r\000a\000d\000a\000y\000\040\000L\000a\000w}{chapter.1}% 10
\BOOKMARK [2][-]{subsection.1.5.1}{\376\377\000S\000w\000i\000r\000l\000\040\000A\000r\000e\000a\000l\000\040\000D\000e\000n\000s\000i\000t\000y\000\040\000a\000n\000d\000\040\000E\000l\000e\000c\000t\000r\000o\000m\000o\000t\000i\000v\000e\000\040\000F\000o\000r\000c\000e}{section.1.5}% 11
\BOOKMARK [2][-]{subsection.1.5.2}{\376\377\000C\000o\000n\000c\000e\000p\000t\000u\000a\000l\000\040\000a\000n\000d\000\040\000E\000x\000p\000e\000r\000i\000m\000e\000n\000t\000a\000l\000\040\000C\000o\000n\000s\000i\000d\000e\000r\000a\000t\000i\000o\000n\000s}{section.1.5}% 12
\BOOKMARK [1][-]{section.1.6}{\376\377\000C\000h\000i\000r\000a\000l\000i\000t\000y\000\040\000a\000n\000d\000\040\000Q\000u\000a\000n\000t\000u\000m\000\040\000M\000e\000a\000s\000u\000r\000e\000m\000e\000n\000t\000\040\000D\000y\000n\000a\000m\000i\000c\000s}{chapter.1}% 13
\BOOKMARK [2][-]{subsection.1.6.1}{\376\377\000S\000w\000i\000r\000l\000\040\000C\000l\000o\000c\000k\000\040\000O\000r\000i\000e\000n\000t\000a\000t\000i\000o\000n\000\040\000a\000n\000d\000\040\000T\000i\000m\000e\000\040\000A\000s\000y\000m\000m\000e\000t\000r\000y}{section.1.6}% 14
\BOOKMARK [2][-]{subsection.1.6.2}{\376\377\000W\000a\000v\000e\000f\000u\000n\000c\000t\000i\000o\000n\000\040\000C\000o\000l\000l\000a\000p\000s\000e\000\040\000a\000s\000\040\000V\000o\000r\000t\000e\000x\000\040\000T\000o\000p\000o\000l\000o\000g\000y\000\040\000C\000h\000a\000n\000g\000e}{section.1.6}% 15
\BOOKMARK [2][-]{subsection.1.6.3}{\376\377\000P\000a\000r\000i\000t\000y\000\040\000a\000n\000d\000\040\000T\000i\000m\000e\000-\000R\000e\000v\000e\000r\000s\000a\000l\000\040\000i\000n\000\040\000S\000S\000T}{section.1.6}% 16
\BOOKMARK [1][-]{section.1.7}{\376\377\000C\000a\000n\000o\000n\000i\000c\000a\000l\000\040\000Q\000u\000a\000n\000t\000i\000z\000a\000t\000i\000o\000n\000\040\000a\000n\000d\000\040\000T\000o\000p\000o\000l\000o\000g\000i\000c\000a\000l\000\040\000S\000p\000e\000c\000t\000r\000u\000m}{chapter.1}% 17
\BOOKMARK [2][-]{subsection.1.7.1}{\376\377\000C\000i\000r\000c\000u\000l\000a\000t\000i\000o\000n\000\040\000Q\000u\000a\000n\000t\000i\000z\000a\000t\000i\000o\000n\000\040\000a\000n\000d\000\040\000C\000o\000m\000b\000i\000n\000a\000t\000o\000r\000i\000a\000l\000\040\000S\000p\000e\000c\000t\000r\000u\000m}{section.1.7}% 18
\BOOKMARK [1][-]{section.1.8}{\376\377\000E\000x\000p\000e\000r\000i\000m\000e\000n\000t\000a\000l\000\040\000I\000m\000p\000l\000i\000c\000a\000t\000i\000o\000n\000s\000\040\000\046\000\040\000F\000a\000l\000s\000i\000f\000i\000a\000b\000i\000l\000i\000t\000y}{chapter.1}% 19
\BOOKMARK [1][-]{section.1.9}{\376\377\000C\000o\000m\000p\000a\000r\000i\000s\000o\000n\000\040\000w\000i\000t\000h\000\040\000E\000x\000i\000s\000t\000i\000n\000g\000\040\000F\000r\000a\000m\000e\000w\000o\000r\000k\000s}{chapter.1}% 20
\BOOKMARK [1][-]{section.1.10}{\376\377\000C\000o\000n\000c\000l\000u\000s\000i\000o\000n\000\040\000\046\000\040\000O\000u\000t\000l\000o\000o\000k}{chapter.1}% 21
\BOOKMARK [1][-]{section*.19}{\376\377\000A\000p\000p\000e\000n\000d\000i\000x\000\040\000A\000:\000\040\000L\000a\000g\000r\000a\000n\000g\000i\000a\000n\000\040\000D\000e\000n\000s\000i\000t\000y\000\040\000a\000n\000d\000\040\000M\000a\000s\000t\000e\000r\000\040\000E\000q\000u\000a\000t\000i\000o\000n\000s}{chapter.1}% 22
\BOOKMARK [1][-]{section*.20}{\376\377\000A\000p\000p\000e\000n\000d\000i\000x\000\040\000B\000:\000\040\000D\000e\000r\000i\000v\000a\000t\000i\000o\000n\000\040\000o\000f\000\040\000S\000w\000i\000r\000l\000-\000C\000l\000o\000c\000k\000\040\000T\000i\000m\000e\000\040\000D\000i\000l\000a\000t\000i\000o\000n}{chapter.1}% 23
\BOOKMARK [1][-]{section*.21}{\376\377\000A\000p\000p\000e\000n\000d\000i\000x\000\040\000C\000:\000\040\000E\000m\000e\000r\000g\000e\000n\000t\000\040\000N\000e\000w\000t\000o\000n\000i\000a\000n\000\040\000G\000r\000a\000v\000i\000t\000y\000\040\000f\000r\000o\000m\000\040\000S\000w\000i\000r\000l\000\040\000P\000r\000e\000s\000s\000u\000r\000e}{chapter.1}% 24
\BOOKMARK [1][-]{section*.24}{\376\377\000A\000p\000p\000e\000n\000d\000i\000x\000\040\000D\000:\000\040\000E\000l\000e\000c\000t\000r\000o\000m\000o\000t\000i\000v\000e\000\040\000I\000m\000p\000u\000l\000s\000e\000\040\000f\000r\000o\000m\000\040\000S\000w\000i\000r\000l\000\040\000D\000e\000n\000s\000i\000t\000y\000\040\000C\000h\000a\000n\000g\000e}{chapter.1}% 25
\BOOKMARK [0][-]{appendix.A}{\376\377\000S\000S\000T\000-\0004\0004\000\040\040\024\000\040\000P\000a\000r\000a\000l\000l\000e\000l\000\040\000c\000a\000p\000s\000t\000o\000n\000e}{}% 26
\BOOKMARK [1][-]{section.A.1}{\376\377\000I\000n\000t\000r\000o\000d\000u\000c\000t\000i\000o\000n}{appendix.A}% 27
\BOOKMARK [1][-]{section.A.2}{\376\377\000C\000o\000r\000e\000\040\000P\000o\000s\000t\000u\000l\000a\000t\000e\000s\000\040\000o\000f\000\040\000S\000w\000i\000r\000l\040\023\000S\000t\000r\000i\000n\000g\000\040\000T\000h\000e\000o\000r\000y}{appendix.A}% 28
\BOOKMARK [1][-]{section.A.3}{\376\377\000L\000a\000g\000r\000a\000n\000g\000i\000a\000n\000\040\000a\000n\000d\000\040\000F\000i\000e\000l\000d\000-\000T\000h\000e\000o\000r\000e\000t\000i\000c\000\040\000F\000r\000a\000m\000e\000w\000o\000r\000k}{appendix.A}% 29
\BOOKMARK [1][-]{section.A.4}{\376\377\000I\000n\000t\000e\000r\000n\000a\000l\000\040\000G\000a\000u\000g\000e\000\040\000S\000y\000m\000m\000e\000t\000r\000y\000\040\000i\000n\000\040\000S\000S\000T\000:\000\040\000S\000U\000\050\0003\000\051\000\327\000S\000U\000\050\0002\000\051\000\327\000U\000\050\0001\000\051}{appendix.A}% 30
\BOOKMARK [1][-]{section.A.5}{\376\377\000S\000w\000i\000r\000l\040\023\000B\000r\000a\000i\000d\000\040\000C\000o\000r\000r\000e\000s\000p\000o\000n\000d\000e\000n\000c\000e\000\040\000a\000n\000d\000\040\000E\000n\000e\000r\000g\000y\000\040\000F\000u\000n\000c\000t\000i\000o\000n\000a\000l}{appendix.A}% 31
\BOOKMARK [1][-]{section.A.6}{\376\377\000L\000o\000c\000a\000l\000\040\000S\000w\000i\000r\000l\000\040\000S\000t\000r\000e\000s\000s\000\040\000a\000n\000d\000\040\000L\000a\000b\000\040\000T\000r\000a\000c\000t\000i\000o\000n}{appendix.A}% 32
\BOOKMARK [1][-]{section.A.7}{\376\377\000E\000m\000e\000r\000g\000e\000n\000t\000\040\000G\000r\000a\000v\000i\000t\000y\000\040\000a\000n\000d\000\040\000T\000i\000m\000e\000\040\000D\000i\000l\000a\000t\000i\000o\000n}{appendix.A}% 33
\BOOKMARK [1][-]{section.A.8}{\376\377\000C\000o\000s\000m\000o\000l\000o\000g\000i\000c\000a\000l\000\040\000B\000r\000a\000n\000c\000h\000:\000\040\000d\000e\000\040\000S\000i\000t\000t\000e\000r\000\040\000B\000a\000c\000k\000g\000r\000o\000u\000n\000d\000\040\000i\000n\000\040\000S\000w\000i\000r\000l\040\023\000S\000t\000r\000i\000n\000g\000\040\000T\000h\000e\000o\000r\000y}{appendix.A}% 34
\BOOKMARK [2][-]{subsection.A.8.1}{\376\377\000F\000r\000o\000m\000\040\000L\000o\000c\000a\000l\000\040\000S\000w\000i\000r\000l\000\040\000W\000e\000l\000l\000s\000\040\000t\000o\000\040\000G\000l\000o\000b\000a\000l\000\040\000E\000x\000p\000a\000n\000s\000i\000o\000n}{section.A.8}% 35
\BOOKMARK [2][-]{subsection.A.8.2}{\376\377\000C\000a\000n\000o\000n\000i\000c\000a\000l\000\040\000I\000d\000e\000n\000t\000i\000f\000i\000c\000a\000t\000i\000o\000n\000\040\000w\000i\000t\000h\000\040\000t\000h\000e\000\040\000C\000o\000s\000m\000o\000l\000o\000g\000i\000c\000a\000l\000\040\000C\000o\000n\000s\000t\000a\000n\000t}{section.A.8}% 36
\BOOKMARK [2][-]{subsection.A.8.3}{\376\377\000N\000u\000m\000e\000r\000i\000c\000a\000l\000\040\000E\000v\000a\000l\000u\000a\000t\000i\000o\000n}{section.A.8}% 37
\BOOKMARK [2][-]{subsection.A.8.4}{\376\377\000U\000n\000i\000f\000i\000e\000d\000\040\000I\000n\000t\000e\000r\000p\000r\000e\000t\000a\000t\000i\000o\000n\000\040\000w\000i\000t\000h\000\040\000t\000h\000e\000\040\000H\000y\000d\000r\000o\000g\000e\000n\040\023\000G\000r\000a\000v\000i\000t\000y\000\040\000M\000e\000c\000h\000a\000n\000i\000s\000m}{section.A.8}% 38
\BOOKMARK [2][-]{subsection.A.8.5}{\376\377\000P\000h\000y\000s\000i\000c\000a\000l\000\040\000P\000i\000c\000t\000u\000r\000e\000\040\000a\000n\000d\000\040\000T\000e\000s\000t\000a\000b\000l\000e\000\040\000C\000o\000n\000s\000e\000q\000u\000e\000n\000c\000e\000s}{section.A.8}% 39
\BOOKMARK [1][-]{section.A.9}{\376\377\000E\000l\000e\000c\000t\000r\000o\000m\000a\000g\000n\000e\000t\000i\000c\000\040\000E\000m\000e\000r\000g\000e\000n\000c\000e\000:\000\040\000M\000o\000d\000i\000f\000i\000e\000d\000\040\000F\000a\000r\000a\000d\000a\000y\000\040\000L\000a\000w}{appendix.A}% 40
\BOOKMARK [1][-]{section.A.10}{\376\377\000S\000p\000e\000c\000t\000r\000a\000l\000\040\000T\000h\000e\000r\000m\000o\000d\000y\000n\000a\000m\000i\000c\000s\000\040\000o\000f\000\040\000S\000w\000i\000r\000l\000\040\000E\000x\000c\000i\000t\000a\000t\000i\000o\000n\000s}{appendix.A}% 41
\BOOKMARK [1][-]{section.A.11}{\376\377\000C\000h\000i\000r\000a\000l\000i\000t\000y\000\040\000a\000n\000d\000\040\000Q\000u\000a\000n\000t\000u\000m\000\040\000M\000e\000a\000s\000u\000r\000e\000m\000e\000n\000t\000\040\000D\000y\000n\000a\000m\000i\000c\000s\000\040\000\050\000R\041\224\000T\000\051}{appendix.A}% 42
\BOOKMARK [1][-]{section.A.12}{\376\377\000C\000a\000n\000o\000n\000i\000c\000a\000l\000\040\000Q\000u\000a\000n\000t\000i\000z\000a\000t\000i\000o\000n\000\040\000a\000n\000d\000\040\000T\000o\000p\000o\000l\000o\000g\000i\000c\000a\000l\000\040\000S\000p\000e\000c\000t\000r\000u\000m}{appendix.A}% 43
\BOOKMARK [1][-]{section.A.13}{\376\377\000R\000e\000a\000l\000-\000T\000i\000m\000e\000\040\000T\000u\000n\000n\000e\000l\000i\000n\000g\000\040\000a\000n\000d\000\040\000t\000h\000e\000\040\000K\000a\000p\000p\000a\000\040\000E\000v\000e\000n\000t}{appendix.A}% 44
\BOOKMARK [1][-]{section.A.14}{\376\377\000E\000x\000p\000e\000r\000i\000m\000e\000n\000t\000a\000l\000\040\000I\000m\000p\000l\000i\000c\000a\000t\000i\000o\000n\000s\000\040\000\046\000\040\000F\000a\000l\000s\000i\000f\000i\000a\000b\000i\000l\000i\000t\000y}{appendix.A}% 45
\BOOKMARK [2][-]{subsection.A.14.1}{\376\377\000I\000d\000e\000n\000t\000i\000f\000i\000c\000a\000t\000i\000o\000n\000\040\000f\000r\000o\000m\000\040\000S\000l\000o\000w\000\040\000a\000n\000d\000\040\000N\000o\000n\000-\000U\000n\000i\000f\000o\000r\000m\000\040\000S\000a\000m\000p\000l\000e\000s}{section.A.14}% 46
\BOOKMARK [1][-]{section.A.15}{\376\377\000E\000x\000p\000e\000r\000i\000m\000e\000n\000t\000a\000l\000\040\000T\000e\000s\000t\000a\000b\000i\000l\000i\000t\000y\000\040\000a\000n\000d\000\040\000F\000a\000l\000s\000i\000f\000i\000a\000b\000l\000e\000\040\000S\000e\000t\000u\000p\000s}{appendix.A}% 47
\BOOKMARK [2][-]{subsection.A.15.1}{\376\377\000S\000w\000i\000r\000l\000-\000C\000l\000o\000c\000k\000\040\000D\000i\000l\000a\000t\000i\000o\000n\000\040\000u\000n\000d\000e\000r\000\040\000C\000h\000i\000r\000a\000l\000\040\000D\000r\000i\000v\000i\000n\000g}{section.A.15}% 48
\BOOKMARK [2][-]{subsection.A.15.2}{\376\377\000R\000T\000\040\000T\000r\000a\000n\000s\000i\000t\000i\000o\000n\000\040\000M\000a\000p\000\040\000i\000n\000\040\000K\000n\000o\000t\000t\000e\000d\000\040\000C\000o\000i\000l\000s}{section.A.15}% 49
\BOOKMARK [2][-]{subsection.A.15.3}{\376\377\000S\000w\000i\000r\000l\000-\000P\000r\000e\000s\000s\000u\000r\000e\000\040\000F\000o\000r\000c\000e\000\040\000P\000r\000o\000x\000y}{section.A.15}% 50
\BOOKMARK [2][-]{subsection.A.15.4}{\376\377\000S\000w\000i\000r\000l\000-\000C\000l\000o\000c\000k\000\040\000T\000i\000m\000e\000\040\000D\000i\000l\000a\000t\000i\000o\000n\000\040\000u\000n\000d\000e\000r\000\040\000C\000h\000i\000r\000a\000l\000\040\000D\000r\000i\000v\000i\000n\000g}{section.A.15}% 51
\BOOKMARK [2][-]{subsection.A.15.5}{\376\377\000Q\000u\000a\000n\000t\000i\000z\000e\000d\000\040\000E\000M\000\040\000I\000m\000p\000u\000l\000s\000e\000\040\000f\000r\000o\000m\000\040\000S\000w\000i\000r\000l\000\040\000R\000e\000c\000o\000n\000n\000e\000c\000t\000i\000o\000n}{section.A.15}% 52
\BOOKMARK [2][-]{subsection.A.15.6}{\376\377\000S\000w\000i\000r\000l\000-\000P\000r\000e\000s\000s\000u\000r\000e\000\040\000G\000r\000a\000v\000i\000t\000y\000\040\000P\000r\000o\000x\000y}{section.A.15}% 53
\BOOKMARK [2][-]{subsection.A.15.7}{\376\377\000G\000W\000\040\000S\000e\000c\000t\000o\000r\000\040\000S\000a\000n\000i\000t\000y\000\040\000C\000h\000e\000c\000k\000\040\000\050\000P\000r\000o\000p\000a\000g\000a\000t\000i\000o\000n\000\040\000S\000p\000e\000e\000d\000\051}{section.A.15}% 54
\BOOKMARK [1][-]{section.A.16}{\376\377\000R\000u\000n\000n\000i\000n\000g\000\040\000C\000o\000u\000p\000l\000i\000n\000g\000s\000\040\000a\000n\000d\000\040\000T\000o\000p\000o\000l\000o\000g\000i\000c\000a\000l\000\040\000b\000e\000t\000a\000-\000F\000u\000n\000c\000t\000i\000o\000n\000s}{appendix.A}% 55
\BOOKMARK [1][-]{section.A.17}{\376\377\000C\000a\000n\000o\000n\000i\000c\000a\000l\000\040\000Q\000u\000a\000n\000t\000i\000z\000a\000t\000i\000o\000n\000\040\000o\000f\000\040\000v\000s\000w\000i\000r\000l\000\040\000a\000n\000d\000\040\000D\000i\000r\000e\000c\000t\000o\000r\000s}{appendix.A}% 56
\BOOKMARK [1][-]{section.A.18}{\376\377\000M\000a\000s\000s\000\040\000G\000e\000n\000e\000r\000a\000t\000i\000o\000n\000:\000\040\000S\000c\000a\000l\000a\000r\000\040\000C\000o\000n\000d\000e\000n\000s\000a\000t\000e\000\040\000v\000s\000.\000\040\000T\000o\000p\000o\000l\000o\000g\000i\000c\000a\000l\000\040\000T\000e\000n\000s\000i\000o\000n}{appendix.A}% 57
\BOOKMARK [2][-]{subsection.A.18.1}{\376\377\000S\000c\000a\000l\000a\000r\000\040\000S\000w\000i\000r\000l\000\040\000C\000o\000n\000d\000e\000n\000s\000a\000t\000e\000\040\000\050\000H\000i\000g\000g\000s\000-\000a\000n\000a\000l\000o\000g\000u\000e\000\051}{section.A.18}% 58
\BOOKMARK [2][-]{subsection.A.18.2}{\376\377\000T\000o\000p\000o\000l\000o\000g\000i\000c\000a\000l\000\040\000T\000e\000n\000s\000i\000o\000n\000\040\000M\000e\000c\000h\000a\000n\000i\000s\000m}{section.A.18}% 59
\BOOKMARK [1][-]{section.A.19}{\376\377\000C\000h\000a\000r\000g\000e\000\040\000a\000n\000d\000\040\000Q\000u\000a\000n\000t\000u\000m\000\040\000N\000u\000m\000b\000e\000r\000s\000\040\000f\000r\000o\000m\000\040\000K\000n\000o\000t\000\040\000D\000a\000t\000a\000:\000\040\000B\000e\000n\000c\000h\000m\000a\000r\000k\000\040\000T\000a\000b\000l\000e}{appendix.A}% 60
\BOOKMARK [1][-]{section.A.20}{\376\377\000G\000r\000a\000v\000i\000t\000a\000t\000i\000o\000n\000a\000l\000\040\000W\000a\000v\000e\000s\000\040\000a\000n\000d\000\040\000L\000o\000r\000e\000n\000t\000z\000-\000B\000r\000e\000a\000k\000i\000n\000g\000\040\000B\000o\000u\000n\000d\000s}{appendix.A}% 61
\BOOKMARK [1][-]{section.A.21}{\376\377\000C\000o\000s\000m\000o\000l\000o\000g\000i\000c\000a\000l\000\040\000E\000m\000b\000e\000d\000d\000i\000n\000g\000:\000\040\000D\000a\000r\000k\000\040\000M\000a\000t\000t\000e\000r\000\040\000a\000n\000d\000\040\000D\000a\000r\000k\000\040\000E\000n\000e\000r\000g\000y}{appendix.A}% 62
\BOOKMARK [2][-]{subsection.A.21.1}{\376\377\000S\000w\000i\000r\000l\000-\000F\000o\000a\000m\000\040\000D\000a\000r\000k\000\040\000M\000a\000t\000t\000e\000r}{section.A.21}% 63
\BOOKMARK [2][-]{subsection.A.21.2}{\376\377\000N\000e\000t\000w\000o\000r\000k\000-\000T\000e\000n\000s\000i\000o\000n\000\040\000D\000a\000r\000k\000\040\000E\000n\000e\000r\000g\000y}{section.A.21}% 64
\BOOKMARK [1][-]{section.A.22}{\376\377\000C\000o\000s\000m\000o\000l\000o\000g\000y\000:\000\040\000B\000a\000r\000y\000o\000g\000e\000n\000e\000s\000i\000s\000\040\000a\000n\000d\000\040\000D\000a\000r\000k\000\040\000S\000e\000c\000t\000o\000r\000\040\000i\000n\000\040\000S\000S\000T}{appendix.A}% 65
\BOOKMARK [2][-]{subsection.A.22.1}{\376\377\000C\000h\000i\000r\000a\000l\000\040\000S\000w\000i\000r\000l\000\040\000C\000o\000n\000d\000e\000n\000s\000a\000t\000i\000o\000n\000\040\000a\000n\000d\000\040\000B\000a\000r\000y\000o\000g\000e\000n\000e\000s\000i\000s}{section.A.22}% 66
\BOOKMARK [2][-]{subsection.A.22.2}{\376\377\000D\000a\000r\000k\000\040\000M\000a\000t\000t\000e\000r\000\040\000a\000s\000\040\000S\000w\000i\000r\000l\000\040\000F\000o\000a\000m}{section.A.22}% 67
\BOOKMARK [2][-]{subsection.A.22.3}{\376\377\000D\000a\000r\000k\000\040\000E\000n\000e\000r\000g\000y\000\040\000a\000s\000\040\000N\000e\000t\000w\000o\000r\000k\000\040\000T\000e\000n\000s\000i\000o\000n}{section.A.22}% 68
\BOOKMARK [1][-]{section.A.23}{\376\377\000M\000e\000t\000a\000-\000T\000o\000p\000o\000l\000o\000g\000y\000\040\000a\000n\000d\000\040\000C\000o\000s\000m\000o\000g\000e\000n\000e\000t\000i\000c\000\040\000H\000i\000e\000r\000a\000r\000c\000h\000y\000\040\000i\000n\000\040\000S\000S\000T}{appendix.A}% 69
\BOOKMARK [2][-]{subsection.A.23.1}{\376\377\000S\000w\000i\000r\000l\000\040\000G\000e\000n\000e\000s\000i\000s\000\040\000a\000n\000d\000\040\000K\000n\000o\000t\000\040\000N\000u\000c\000l\000e\000a\000t\000i\000o\000n}{section.A.23}% 70
\BOOKMARK [2][-]{subsection.A.23.2}{\376\377\000G\000o\000l\000d\000e\000n\000-\000R\000a\000t\000i\000o\000\040\000M\000a\000s\000s\000\040\000L\000a\000d\000d\000e\000r}{section.A.23}% 71
\BOOKMARK [2][-]{subsection.A.23.3}{\376\377\000H\000i\000e\000r\000a\000r\000c\000h\000y\000\040\000f\000r\000o\000m\000\040\000C\000o\000n\000t\000a\000c\000t\000\040\000a\000n\000d\000\040\000H\000e\000l\000i\000c\000i\000t\000y\000\040\000C\000o\000r\000r\000e\000c\000t\000i\000o\000n}{section.A.23}% 72
\BOOKMARK [2][-]{subsection.A.23.4}{\376\377\000I\000n\000t\000e\000r\000p\000r\000e\000t\000a\000t\000i\000o\000n\000\040\000a\000n\000d\000\040\000C\000o\000s\000m\000o\000l\000o\000g\000i\000c\000a\000l\000\040\000I\000m\000p\000l\000i\000c\000a\000t\000i\000o\000n\000s}{section.A.23}% 73
\BOOKMARK [1][-]{section.A.24}{\376\377\000N\000u\000m\000e\000r\000i\000c\000a\000l\000\040\000P\000r\000o\000g\000r\000a\000m\000:\000\040\000S\000w\000i\000r\000l\040\023\000K\000n\000o\000t\000\040\000D\000y\000n\000a\000m\000i\000c\000s\000\040\000a\000n\000d\000\040\000E\000M\000\040\000C\000o\000u\000p\000l\000i\000n\000g}{appendix.A}% 74
\BOOKMARK [1][-]{section.A.25}{\376\377\000C\000o\000m\000p\000a\000r\000a\000t\000i\000v\000e\000\040\000P\000o\000s\000i\000t\000i\000o\000n\000i\000n\000g}{appendix.A}% 75
\BOOKMARK [1][-]{section.A.26}{\376\377\000C\000o\000m\000p\000a\000r\000i\000s\000o\000n\000\040\000w\000i\000t\000h\000\040\000E\000x\000i\000s\000t\000i\000n\000g\000\040\000F\000r\000a\000m\000e\000w\000o\000r\000k\000s}{appendix.A}% 76
\BOOKMARK [1][-]{section.A.27}{\376\377\000C\000o\000n\000c\000l\000u\000s\000i\000o\000n\000\040\000\046\000\040\000O\000u\000t\000l\000o\000o\000k}{appendix.A}% 77
\BOOKMARK [1][-]{section.Alph0.1}{\376\377\000F\000u\000l\000l\000\040\000C\000a\000n\000o\000n\000i\000c\000a\000l\000\040\000L\000a\000g\000r\000a\000n\000g\000i\000a\000n\000\040\000f\000o\000r\000\040\000S\000S\000T}{appendix.A}% 78
\BOOKMARK [1][-]{section.Alph0.2}{\376\377\000E\000l\000e\000c\000t\000r\000o\000w\000e\000a\000k\000\040\000m\000i\000x\000i\000n\000g\000\040\000a\000n\000d\000\040\000c\000h\000a\000r\000g\000e\000\040\000o\000p\000e\000r\000a\000t\000o\000r}{appendix.A}% 79
\BOOKMARK [1][-]{section.Alph0.3}{\376\377\000A\000n\000o\000m\000a\000l\000y\000\040\000c\000o\000n\000s\000t\000r\000a\000i\000n\000t\000s\000\040\000a\000n\000d\000\040\000h\000y\000p\000e\000r\000c\000h\000a\000r\000g\000e\000\040\000c\000a\000l\000i\000b\000r\000a\000t\000i\000o\000n}{appendix.A}% 80
\BOOKMARK [1][-]{section.Alph0.4}{\376\377\000R\000e\000p\000r\000e\000s\000e\000n\000t\000a\000t\000i\000v\000e\000\040\000k\000n\000o\000t\041\222\000r\000e\000p\000\040\000a\000s\000s\000i\000g\000n\000m\000e\000n\000t\000s}{appendix.A}% 81
\BOOKMARK [1][-]{section.Alph0.5}{\376\377\000S\000w\000i\000r\000l\000\040\000C\000u\000s\000h\000i\000o\000n\000\040\000S\000t\000a\000b\000i\000l\000i\000t\000y\000\040\000a\000n\000d\000\040\000L\000e\000i\000d\000e\000n\000f\000r\000o\000s\000t\000\040\000A\000n\000a\000l\000o\000g\000y}{appendix.A}% 82
\BOOKMARK [2][-]{subsection.Alph0.5.1}{\376\377\000E\000m\000p\000i\000r\000i\000c\000a\000l\000\040\000L\000e\000i\000d\000e\000n\000f\000r\000o\000s\000t\000\040\000S\000c\000a\000l\000i\000n\000g}{section.Alph0.5}% 83
\BOOKMARK [2][-]{subsection.Alph0.5.2}{\376\377\000S\000S\000T\000\040\000T\000r\000a\000n\000s\000l\000a\000t\000i\000o\000n\000:\000\040\000P\000r\000e\000s\000s\000u\000r\000e\040\023\000F\000i\000l\000m\000\040\000C\000r\000i\000t\000e\000r\000i\000o\000n}{section.Alph0.5}% 84
\BOOKMARK [2][-]{subsection.Alph0.5.3}{\376\377\000N\000u\000m\000e\000r\000i\000c\000a\000l\000\040\000C\000o\000n\000s\000i\000s\000t\000e\000n\000c\000y}{section.Alph0.5}% 85
\BOOKMARK [2][-]{subsection.Alph0.5.4}{\376\377\000I\000n\000t\000e\000r\000p\000r\000e\000t\000a\000t\000i\000o\000n\000\040\000a\000n\000d\000\040\000A\000n\000a\000l\000o\000g\000y}{section.Alph0.5}% 86
\BOOKMARK [1][-]{section.Alph0.6}{\376\377\000I\000d\000e\000n\000t\000i\000f\000i\000c\000a\000t\000i\000o\000n\000\040\000w\000i\000t\000h\000\040\000S\000l\000o\000w\000\040\000a\000n\000d\000\040\000N\000o\000n\000-\000U\000n\000i\000f\000o\000r\000m\000\040\000S\000a\000m\000p\000l\000i\000n\000g\000\040\000\050\000L\000F\000T\040\023\000D\000A\000E\000\040\000F\000o\000r\000m\000\051}{appendix.A}% 87
\BOOKMARK [1][-]{section.Alph0.6}{\376\377\000I\000d\000e\000n\000t\000i\000f\000i\000c\000a\000t\000i\000o\000n\000\040\000w\000i\000t\000h\000\040\000S\000l\000o\000w\000\040\000a\000n\000d\000\040\000N\000o\000n\000-\000U\000n\000i\000f\000o\000r\000m\000\040\000S\000a\000m\000p\000l\000i\000n\000g\000\040\000\050\000L\000F\000T\040\023\000D\000A\000E\000\040\000F\000o\000r\000m\000\051}{appendix.A}% 88
\BOOKMARK [1][-]{section.Alph0.7}{\376\377\000K\000a\000p\000p\000a\000-\000E\000v\000e\000n\000t\000\040\000D\000w\000e\000l\000l\000-\000T\000i\000m\000e\000\040\000E\000x\000p\000e\000r\000i\000m\000e\000n\000t\000\040\000\050\000L\000a\000r\000m\000o\000r\000-\000C\000l\000o\000c\000k\000\040\000P\000r\000o\000t\000o\000c\000o\000l\000\051}{appendix.A}% 89
\BOOKMARK [1][-]{section.Alph0.8}{\376\377\000V\000a\000r\000i\000a\000t\000i\000o\000n\000a\000l\000\040\000D\000e\000r\000i\000v\000a\000t\000i\000o\000n\000\040\000o\000f\000\040\000t\000h\000e\000\040\000C\000l\000o\000c\000k\040\023\000R\000e\000s\000c\000a\000l\000e\000d\000\040\000S\000c\000h\000r\000\366\000d\000i\000n\000g\000e\000r\000\040\000E\000q\000u\000a\000t\000i\000o\000n}{appendix.A}% 90
\BOOKMARK [1][-]{section.Alph0.9}{\376\377\000S\000p\000e\000c\000t\000r\000a\000l\000\040\000T\000h\000e\000r\000m\000o\000d\000y\000n\000a\000m\000i\000c\000s\000:\000\040\000D\000e\000n\000s\000i\000t\000y\000\040\000o\000f\000\040\000S\000t\000a\000t\000e\000s\000\040\000a\000n\000d\000\040\000C\000o\000r\000e\000\040\000R\000e\000g\000u\000l\000a\000r\000i\000z\000a\000t\000i\000o\000n}{appendix.A}% 91
\BOOKMARK [1][-]{section.Alph0.10}{\376\377\000P\000h\000o\000t\000o\000e\000l\000e\000c\000t\000r\000i\000c\000\040\000M\000a\000p\000p\000i\000n\000g\000\040\000i\000n\000\040\000S\000S\000T\000\040\000U\000n\000i\000t\000s\000:\000\040\000G\000e\000o\000m\000e\000t\000r\000y\000\040\000a\000n\000d\000\040\000U\000n\000i\000t\000s}{appendix.A}% 92
\BOOKMARK [1][-]{section.Alph0.11}{\376\377\000D\000e\000r\000i\000v\000a\000t\000i\000o\000n\000\040\000o\000f\000\040\000t\000h\000e\000\040\000L\000o\000c\000a\000l\000\040\000S\000w\000i\000r\000l\000\040\000S\000t\000r\000e\000s\000s\000\040\000T\000e\000n\000s\000o\000r}{appendix.A}% 93
\BOOKMARK [1][-]{section.Alph0.12}{\376\377\000B\000e\000n\000c\000h\000m\000a\000r\000k\000\040\000K\000n\000o\000t\040\023\000R\000e\000p\000r\000e\000s\000e\000n\000t\000a\000t\000i\000o\000n\000\040\000T\000a\000b\000l\000e}{appendix.A}% 94
\BOOKMARK [1][-]{section.Alph0.13}{\376\377\000S\000w\000i\000r\000l\040\023\000E\000l\000e\000c\000t\000r\000o\000m\000a\000g\000n\000e\000t\000i\000c\000\040\000U\000n\000i\000t\000\040\000B\000r\000i\000d\000g\000e\000\040\000T\000a\000b\000l\000e}{appendix.A}% 95
