\BOOKMARK [1][-]{section.1}{\376\377\000P\000h\000i\000l\000o\000s\000o\000p\000h\000i\000c\000a\000l\000\040\000P\000r\000e\000l\000u\000d\000e}{}% 1
\BOOKMARK [2][-]{subsection.1.1}{\376\377\000W\000h\000y\000\040\000a\000\040\000p\000h\000i\000l\000o\000s\000o\000p\000h\000i\000c\000a\000l\000\040\000p\000r\000e\000l\000u\000d\000e\000\040\000i\000s\000\040\000n\000e\000c\000e\000s\000s\000a\000r\000y}{section.1}% 2
\BOOKMARK [2][-]{subsection.1.2}{\376\377\000T\000h\000e\000\040\000o\000n\000t\000o\000l\000o\000g\000i\000c\000a\000l\000\040\000s\000h\000i\000f\000t}{section.1}% 3
\BOOKMARK [2][-]{subsection.1.3}{\376\377\000R\000e\000l\000a\000t\000i\000o\000n\000\040\000t\000o\000\040\000o\000r\000t\000h\000o\000d\000o\000x\000\040\000p\000h\000y\000s\000i\000c\000s}{section.1}% 4
\BOOKMARK [2][-]{subsection.1.4}{\376\377\000W\000h\000y\000\040\000d\000e\000l\000a\000y\000\040\000a\000n\000d\000\040\000t\000o\000p\000o\000l\000o\000g\000y\000\040\000m\000a\000t\000t\000e\000r}{section.1}% 5
\BOOKMARK [2][-]{subsection.1.5}{\376\377\000S\000c\000o\000p\000e\000\040\000o\000f\000\040\000t\000h\000e\000\040\000p\000r\000e\000s\000e\000n\000t\000\040\000c\000a\000n\000o\000n}{section.1}% 6
\BOOKMARK [2][-]{subsection.1.6}{\376\377\000I\000n\000t\000e\000r\000p\000r\000e\000t\000i\000v\000e\000\040\000s\000u\000m\000m\000a\000r\000y}{section.1}% 7
\BOOKMARK [1][-]{section.2}{\376\377\000F\000o\000r\000m\000a\000l\000\040\000F\000o\000u\000n\000d\000a\000t\000i\000o\000n\000s}{}% 8
\BOOKMARK [2][-]{subsection.2.1}{\376\377\000P\000r\000i\000m\000i\000t\000i\000v\000e\000\040\000S\000t\000r\000u\000c\000t\000u\000r\000e\000\040\000o\000f\000\040\000t\000h\000e\000\040\000T\000h\000e\000o\000r\000y}{section.2}% 9
\BOOKMARK [2][-]{subsection.2.2}{\376\377\000D\000e\000r\000i\000v\000e\000d\000\040\000H\000o\000r\000n\000/\000C\000i\000r\000c\000u\000l\000a\000t\000i\000o\000n\000\040\000R\000a\000d\000i\000u\000s}{section.2}% 10
\BOOKMARK [2][-]{subsection.2.3}{\376\377\000C\000i\000r\000c\000u\000l\000a\000t\000i\000o\000n\000\040\000Q\000u\000a\000n\000t\000i\000z\000a\000t\000i\000o\000n}{section.2}% 11
\BOOKMARK [2][-]{subsection.2.4}{\376\377\000E\000n\000e\000r\000g\000y\000\040\000a\000n\000d\000\040\000M\000a\000s\000s\000\040\000R\000e\000l\000a\000t\000i\000o\000n}{section.2}% 12
\BOOKMARK [2][-]{subsection.2.5}{\376\377\000S\000w\000i\000r\000l\000\040\000V\000e\000l\000o\000c\000i\000t\000y\000\040\000C\000o\000n\000s\000t\000r\000a\000i\000n\000t}{section.2}% 13
\BOOKMARK [2][-]{subsection.2.6}{\376\377\000S\000w\000i\000r\000l\000-\000C\000l\000o\000c\000k\000\040\000D\000e\000f\000i\000n\000i\000t\000i\000o\000n}{section.2}% 14
\BOOKMARK [2][-]{subsection.2.7}{\376\377\000D\000e\000n\000s\000i\000t\000y\000\040\000H\000i\000e\000r\000a\000r\000c\000h\000y}{section.2}% 15
\BOOKMARK [2][-]{subsection.2.8}{\376\377\000H\000o\000r\000n\000-\000E\000n\000v\000e\000l\000o\000p\000e\000\040\000D\000e\000n\000s\000i\000t\000y\000\040\000C\000l\000o\000s\000u\000r\000e}{section.2}% 16
\BOOKMARK [2][-]{subsection.2.9}{\376\377\000C\000h\000r\000o\000n\000o\000s\040\023\000K\000e\000l\000v\000i\000n\000\040\000I\000n\000v\000a\000r\000i\000a\000n\000t\000\040\000a\000n\000d\000\040\000C\000l\000o\000c\000k\040\023\000R\000a\000d\000i\000u\000s\000\040\000T\000r\000a\000n\000s\000p\000o\000r\000t}{section.2}% 17
\BOOKMARK [2][-]{subsection.2.10}{\376\377\000R\000e\000p\000a\000r\000a\000m\000e\000t\000r\000i\000z\000e\000d\000\040\000Z\000e\000r\000o\000-\000P\000a\000r\000a\000m\000e\000t\000e\000r\000\040\000C\000o\000r\000o\000l\000l\000a\000r\000y}{section.2}% 18
\BOOKMARK [2][-]{subsection.2.11}{\376\377\000C\000a\000n\000o\000n\000i\000c\000a\000l\000\040\000M\000a\000s\000t\000e\000r\000\040\000E\000q\000u\000a\000t\000i\000o\000n}{section.2}% 19
\BOOKMARK [2][-]{subsection.2.12}{\376\377\000G\000e\000o\000m\000e\000t\000r\000i\000c\000\040\000R\000e\000p\000r\000e\000s\000e\000n\000t\000a\000t\000i\000o\000n}{section.2}% 20
\BOOKMARK [2][-]{subsection.2.13}{\376\377\000S\000u\000m\000m\000a\000r\000y\000\040\000o\000f\000\040\000D\000e\000p\000e\000n\000d\000e\000n\000c\000y\000\040\000S\000t\000r\000u\000c\000t\000u\000r\000e}{section.2}% 21
\BOOKMARK [2][-]{subsection.2.14}{\376\377\000C\000o\000n\000s\000i\000s\000t\000e\000n\000c\000y\000\040\000S\000t\000a\000t\000e\000m\000e\000n\000t}{section.2}% 22
\BOOKMARK [2][-]{subsection.2.15}{\376\377\000I\000n\000t\000e\000r\000p\000r\000e\000t\000a\000t\000i\000o\000n}{section.2}% 23
\BOOKMARK [2][-]{subsection.2.16}{\376\377\000M\000a\000x\000i\000m\000a\000l\000\040\000S\000w\000i\000r\000l\000\040\000T\000e\000n\000s\000i\000o\000n}{section.2}% 24
\BOOKMARK [1][-]{section.3}{\376\377\000A\000x\000i\000o\000m\000a\000t\000i\000c\000\040\000F\000r\000a\000m\000e\000w\000o\000r\000k}{}% 25
\BOOKMARK [2][-]{subsection.3.1}{\376\377\000P\000r\000e\000l\000i\000m\000i\000n\000a\000r\000i\000e\000s}{section.3}% 26
\BOOKMARK [2][-]{subsection.3.2}{\376\377\000A\000x\000i\000o\000m\000\040\0001\000:\000\040\000C\000o\000n\000t\000i\000n\000u\000u\000m\000\040\000S\000u\000b\000s\000t\000r\000a\000t\000e}{section.3}% 27
\BOOKMARK [2][-]{subsection.3.3}{\376\377\000A\000x\000i\000o\000m\000\040\0002\000:\000\040\000E\000x\000i\000s\000t\000e\000n\000c\000e\000\040\000o\000f\000\040\000S\000t\000a\000b\000l\000e\000\040\000V\000o\000r\000t\000e\000x\000\040\000F\000i\000l\000a\000m\000e\000n\000t\000s}{section.3}% 28
\BOOKMARK [2][-]{subsection.3.4}{\376\377\000A\000x\000i\000o\000m\000\040\0003\000:\000\040\000C\000i\000r\000c\000u\000l\000a\000t\000i\000o\000n\000\040\000Q\000u\000a\000n\000t\000i\000z\000a\000t\000i\000o\000n}{section.3}% 29
\BOOKMARK [2][-]{subsection.3.5}{\376\377\000A\000x\000i\000o\000m\000\040\0004\000:\000\040\000C\000o\000m\000p\000t\000o\000n\000\040\000A\000n\000c\000h\000o\000r\000i\000n\000g}{section.3}% 30
\BOOKMARK [2][-]{subsection.3.6}{\376\377\000A\000x\000i\000o\000m\000\040\0005\000:\000\040\000D\000e\000l\000a\000y\000\040\000a\000s\000\040\000a\000\040\000C\000o\000n\000s\000t\000i\000t\000u\000t\000i\000v\000e\000\040\000P\000r\000i\000n\000c\000i\000p\000l\000e}{section.3}% 31
\BOOKMARK [2][-]{subsection.3.7}{\376\377\000A\000x\000i\000o\000m\000\040\0006\000:\000\040\000E\000n\000e\000r\000g\000y\000\040\000L\000o\000c\000a\000l\000i\000z\000a\000t\000i\000o\000n}{section.3}% 32
\BOOKMARK [2][-]{subsection.3.8}{\376\377\000A\000x\000i\000o\000m\000\040\0007\000:\000\040\000S\000w\000i\000r\000l\000-\000C\000l\000o\000c\000k\000\040\000R\000e\000l\000a\000t\000i\000o\000n\000a\000l\000\040\000T\000i\000m\000e}{section.3}% 33
\BOOKMARK [2][-]{subsection.3.9}{\376\377\000A\000x\000i\000o\000m\000\040\0008\000:\000\040\000D\000e\000n\000s\000i\000t\000y\000\040\000S\000a\000t\000u\000r\000a\000t\000i\000o\000n\000\040\000a\000n\000d\000\040\000H\000o\000r\000n\000-\000E\000n\000v\000e\000l\000o\000p\000e\000\040\000S\000t\000r\000u\000c\000t\000u\000r\000e}{section.3}% 34
\BOOKMARK [2][-]{subsection.3.10}{\376\377\000L\000o\000g\000i\000c\000a\000l\000\040\000S\000t\000r\000u\000c\000t\000u\000r\000e\000\040\000o\000f\000\040\000t\000h\000e\000\040\000A\000x\000i\000o\000m\000s}{section.3}% 35
\BOOKMARK [2][-]{subsection.3.11}{\376\377\000M\000i\000n\000i\000m\000a\000l\000i\000t\000y\000\040\000P\000r\000i\000n\000c\000i\000p\000l\000e}{section.3}% 36
\BOOKMARK [2][-]{subsection.3.12}{\376\377\000P\000h\000i\000l\000o\000s\000o\000p\000h\000i\000c\000a\000l\000\040\000I\000n\000t\000e\000r\000p\000r\000e\000t\000a\000t\000i\000o\000n}{section.3}% 37
\BOOKMARK [2][-]{subsection.3.13}{\376\377\000C\000o\000n\000s\000i\000s\000t\000e\000n\000c\000y\000\040\000C\000o\000n\000d\000i\000t\000i\000o\000n}{section.3}% 38
\BOOKMARK [2][-]{subsection.3.14}{\376\377\000C\000a\000n\000o\000n\000i\000c\000a\000l\000\040\000S\000t\000a\000t\000e\000m\000e\000n\000t}{section.3}% 39
\BOOKMARK [1][-]{section.4}{\376\377\000C\000o\000n\000s\000i\000s\000t\000e\000n\000c\000y\000\040\000a\000n\000d\000\040\000C\000l\000a\000s\000s\000i\000f\000i\000c\000a\000t\000i\000o\000n\000\040\000F\000r\000a\000m\000e\000w\000o\000r\000k}{}% 40
\BOOKMARK [2][-]{subsection.4.1}{\376\377\000C\000l\000a\000s\000s\000i\000f\000i\000c\000a\000t\000i\000o\000n\000\040\000S\000c\000h\000e\000m\000e}{section.4}% 41
\BOOKMARK [2][-]{subsection.4.2}{\376\377\000E\000x\000t\000e\000n\000d\000e\000d\000\040\000L\000a\000b\000e\000l\000i\000n\000g\000\040\000C\000o\000n\000v\000e\000n\000t\000i\000o\000n}{section.4}% 42
\BOOKMARK [2][-]{subsection.4.3}{\376\377\000O\000r\000t\000h\000o\000d\000o\000x\000\040\000C\000o\000n\000s\000t\000r\000a\000i\000n\000t\000s}{section.4}% 43
\BOOKMARK [2][-]{subsection.4.4}{\376\377\000I\000n\000t\000e\000r\000n\000a\000l\000\040\000C\000o\000n\000s\000i\000s\000t\000e\000n\000c\000y\000\040\000R\000u\000l\000e\000s}{section.4}% 44
\BOOKMARK [2][-]{subsection.4.5}{\376\377\000C\000o\000n\000f\000l\000i\000c\000t\000\040\000R\000e\000s\000o\000l\000u\000t\000i\000o\000n\000\040\000S\000t\000r\000a\000t\000e\000g\000y}{section.4}% 45
\BOOKMARK [2][-]{subsection.4.6}{\376\377\000E\000p\000i\000s\000t\000e\000m\000i\000c\000\040\000S\000t\000a\000t\000u\000s\000\040\000T\000r\000a\000c\000k\000i\000n\000g}{section.4}% 46
\BOOKMARK [2][-]{subsection.4.7}{\376\377\000C\000a\000n\000o\000n\000\040\000I\000n\000t\000e\000g\000r\000i\000t\000y\000\040\000P\000r\000i\000n\000c\000i\000p\000l\000e}{section.4}% 47
\BOOKMARK [1][-]{section.5}{\376\377\000G\000e\000o\000m\000e\000t\000r\000i\000c\000\040\000a\000n\000d\000\040\000T\000o\000p\000o\000l\000o\000g\000i\000c\000a\000l\000\040\000S\000e\000c\000t\000o\000r}{}% 48
\BOOKMARK [2][-]{subsection.5.1}{\376\377\000R\000o\000l\000e\000\040\000o\000f\000\040\000g\000e\000o\000m\000e\000t\000r\000y\000\040\000a\000n\000d\000\040\000t\000o\000p\000o\000l\000o\000g\000y\000\040\000i\000n\000\040\000t\000h\000e\000\040\000c\000a\000n\000o\000n}{section.5}% 49
\BOOKMARK [2][-]{subsection.5.2}{\376\377\000E\000u\000l\000e\000r\000\040\000t\000o\000p\000o\000l\000o\000g\000i\000c\000a\000l\000\040\000p\000r\000e\000s\000e\000r\000v\000a\000t\000i\000o\000n\000\040\000a\000n\000d\000\040\000c\000l\000o\000s\000u\000r\000e\000\040\000d\000i\000s\000c\000i\000p\000l\000i\000n\000e}{section.5}% 50
\BOOKMARK [2][-]{subsection.5.3}{\376\377\000F\000r\000a\000m\000e\000d\000\040\000s\000e\000l\000f\000-\000l\000i\000n\000k\000i\000n\000g\000\040\000o\000f\000\040\000t\000h\000e\000\040\000s\000w\000i\000r\000l\000\040\000s\000t\000r\000i\000n\000g\000\040\000a\000n\000d\000\040\000t\000h\000e\000\040\000s\000p\000i\000n\000o\000r\000i\000a\000l\000\040\000s\000e\000l\000e\000c\000t\000i\000o\000n\000\040\000o\000f\000\040\000t\000h\000e\000\040\000l\000e\000p\000t\000o\000n\000\040\000l\000a\000d\000d\000e\000r}{section.5}% 51
\BOOKMARK [2][-]{subsection.5.4}{\376\377\000S\000p\000e\000c\000t\000r\000a\000l\000\040\000S\000t\000r\000u\000c\000t\000u\000r\000e\000\040\000o\000f\000\040\000L\000o\000c\000k\000e\000d\000\040\000C\000l\000o\000s\000e\000d\000\040\000C\000a\000r\000r\000i\000e\000r\000s\000\040\000\050\000S\000e\000c\000o\000n\000d\000a\000r\000y\000\040\000R\000e\000s\000u\000l\000t\000\051}{section.5}% 52
\BOOKMARK [2][-]{subsection.5.5}{\376\377\000S\000y\000m\000m\000e\000t\000r\000y\000-\000S\000e\000n\000s\000i\000t\000i\000v\000e\000\040\000D\000a\000r\000k\000-\000K\000n\000o\000t\000\040\000C\000l\000a\000s\000s\000i\000f\000i\000c\000a\000t\000i\000o\000n}{section.5}% 53
\BOOKMARK [1][-]{section.6}{\376\377\000S\000w\000i\000r\000l\040\023\000E\000l\000e\000c\000t\000r\000o\000m\000a\000g\000n\000e\000t\000i\000c\000\040\000B\000r\000i\000d\000g\000e}{}% 54
\BOOKMARK [2][-]{subsection.6.1}{\376\377\000M\000i\000n\000i\000m\000a\000l\000\040\000t\000r\000a\000n\000s\000v\000e\000r\000s\000e\000\040\000f\000i\000e\000l\000d\000\040\000s\000e\000c\000t\000o\000r}{section.6}% 55
\BOOKMARK [2][-]{subsection.6.2}{\376\377\000P\000h\000o\000t\000o\000n\000\040\000/\000\040\000u\000n\000k\000n\000o\000t\000\040\000s\000e\000c\000t\000o\000r}{section.6}% 56
\BOOKMARK [2][-]{subsection.6.3}{\376\377\000R\000-\000t\000o\000-\000T\000\040\000c\000l\000o\000s\000u\000r\000e\000\040\000t\000h\000r\000e\000s\000h\000o\000l\000d\000\040\000a\000n\000d\000\040\000c\000o\000n\000s\000e\000r\000v\000a\000t\000i\000o\000n\000\040\000b\000o\000o\000k\000k\000e\000e\000p\000i\000n\000g}{section.6}% 57
\BOOKMARK [2][-]{subsection.6.4}{\376\377\000S\000w\000i\000r\000l\000\040\000p\000r\000e\000s\000s\000u\000r\000e\000\040\000l\000a\000w}{section.6}% 58
\BOOKMARK [2][-]{subsection.6.5}{\376\377\000M\000i\000n\000i\000m\000a\000l\000\040\000e\000f\000f\000e\000c\000t\000i\000v\000e\000\040\000L\000a\000g\000r\000a\000n\000g\000i\000a\000n\000\040\000b\000r\000i\000d\000g\000e}{section.6}% 59
\BOOKMARK [1][-]{section.7}{\376\377\000D\000e\000l\000a\000y\000\040\000a\000n\000d\000\040\000M\000o\000d\000e\000\040\000S\000e\000l\000e\000c\000t\000i\000o\000n\000\040\000T\000h\000e\000o\000r\000y}{}% 60
\BOOKMARK [2][-]{subsection.7.1}{\376\377\000C\000i\000r\000c\000u\000l\000a\000t\000i\000o\000n\000\040\000D\000e\000l\000a\000y\000\040\000a\000s\000\040\000a\000\040\000P\000h\000y\000s\000i\000c\000a\000l\000\040\000P\000r\000i\000m\000i\000t\000i\000v\000e}{section.7}% 61
\BOOKMARK [2][-]{subsection.7.2}{\376\377\000D\000e\000l\000a\000y\000e\000d\000\040\000S\000e\000l\000f\000-\000I\000n\000t\000e\000r\000a\000c\000t\000i\000o\000n\000\040\000D\000y\000n\000a\000m\000i\000c\000s}{section.7}% 62
\BOOKMARK [2][-]{subsection.7.3}{\376\377\000E\000m\000e\000r\000g\000e\000n\000c\000e\000\040\000o\000f\000\040\000D\000i\000s\000c\000r\000e\000t\000e\000\040\000S\000t\000a\000b\000l\000e\000\040\000M\000o\000d\000e\000s}{section.7}% 63
\BOOKMARK [2][-]{subsection.7.4}{\376\377\000D\000e\000l\000a\000y\000-\000I\000n\000d\000u\000c\000e\000d\000\040\000Q\000u\000a\000n\000t\000i\000z\000a\000t\000i\000o\000n\000\040\000M\000e\000c\000h\000a\000n\000i\000s\000m}{section.7}% 64
\BOOKMARK [2][-]{subsection.7.5}{\376\377\000E\000x\000t\000e\000n\000s\000i\000o\000n\000\040\000t\000o\000\040\000N\000o\000n\000l\000i\000n\000e\000a\000r\000\040\000S\000c\000h\000r\000\366\000d\000i\000n\000g\000e\000r\000\040\000D\000y\000n\000a\000m\000i\000c\000s}{section.7}% 65
\BOOKMARK [2][-]{subsection.7.6}{\376\377\000P\000h\000y\000s\000i\000c\000a\000l\000\040\000I\000n\000t\000e\000r\000p\000r\000e\000t\000a\000t\000i\000o\000n}{section.7}% 66
\BOOKMARK [1][-]{section.8}{\376\377\000A\000t\000o\000m\000i\000c\000\040\000B\000r\000i\000d\000g\000e\000\040\000M\000o\000d\000e\000l}{}% 67
\BOOKMARK [2][-]{subsection.8.1}{\376\377\000I\000n\000t\000r\000o\000d\000u\000c\000t\000i\000o\000n\000\040\000a\000n\000d\000\040\000e\000p\000i\000s\000t\000e\000m\000i\000c\000\040\000f\000r\000a\000m\000i\000n\000g}{section.8}% 68
\BOOKMARK [2][-]{subsection.8.2}{\376\377\000B\000a\000s\000e\000l\000i\000n\000e\000\040\000H\000a\000m\000i\000l\000t\000o\000n\000i\000a\000n}{section.8}% 69
\BOOKMARK [2][-]{subsection.8.3}{\376\377\000L\000e\000g\000a\000c\000y\000\040\000S\000o\000f\000t\000-\000C\000o\000r\000e\000\040\000R\000e\000g\000u\000l\000a\000r\000i\000z\000a\000t\000i\000o\000n}{section.8}% 70
\BOOKMARK [2][-]{subsection.8.4}{\376\377\000S\000S\000T\000\040\000C\000i\000r\000c\000u\000l\000a\000t\000i\000o\000n\000\040\000C\000o\000r\000r\000e\000c\000t\000i\000o\000n}{section.8}% 71
\BOOKMARK [2][-]{subsection.8.5}{\376\377\000C\000i\000r\000c\000u\000l\000a\000t\000i\000o\000n\000\040\000s\000o\000u\000r\000c\000e\000\040\000c\000h\000a\000i\000n}{section.8}% 72
\BOOKMARK [2][-]{subsection.8.6}{\376\377\000B\000r\000a\000n\000c\000h\000\040\000S\000t\000r\000u\000c\000t\000u\000r\000e}{section.8}% 73
\BOOKMARK [2][-]{subsection.8.7}{\376\377\000E\000l\000e\000c\000t\000r\000o\000n\000\040\000t\000r\000e\000f\000o\000i\000l\000\040\000i\000d\000e\000n\000t\000i\000t\000y\000\040\000u\000n\000d\000e\000r\000\040\000o\000r\000d\000i\000n\000a\000r\000y\000\040\000a\000t\000o\000m\000i\000c\000\040\000b\000i\000n\000d\000i\000n\000g}{section.8}% 74
\BOOKMARK [2][-]{subsection.8.8}{\376\377\000C\000o\000n\000s\000i\000s\000t\000e\000n\000c\000y\000\040\000R\000e\000q\000u\000i\000r\000e\000m\000e\000n\000t}{section.8}% 75
\BOOKMARK [2][-]{subsection.8.9}{\376\377\000I\000n\000t\000e\000r\000p\000r\000e\000t\000a\000t\000i\000o\000n}{section.8}% 76
\BOOKMARK [1][-]{section.9}{\376\377\000S\000p\000e\000c\000t\000r\000o\000s\000c\000o\000p\000i\000c\000\040\000C\000o\000n\000s\000t\000r\000a\000i\000n\000t\000s}{}% 77
\BOOKMARK [2][-]{subsection.9.1}{\376\377\000M\000o\000t\000i\000v\000a\000t\000i\000o\000n}{section.9}% 78
\BOOKMARK [2][-]{subsection.9.2}{\376\377\000I\000n\000t\000e\000r\000n\000a\000l\000\040\000M\000o\000d\000e\000\040\000H\000y\000p\000o\000t\000h\000e\000s\000i\000s}{section.9}% 79
\BOOKMARK [2][-]{subsection.9.3}{\376\377\000G\000e\000n\000e\000r\000i\000c\000\040\000C\000o\000u\000p\000l\000i\000n\000g\000\040\000S\000t\000r\000u\000c\000t\000u\000r\000e}{section.9}% 80
\BOOKMARK [2][-]{subsection.9.4}{\376\377\000U\000n\000g\000a\000p\000p\000e\000d\000\040\000S\000p\000e\000c\000t\000r\000u\000m\000:\000\040\000I\000n\000s\000t\000a\000b\000i\000l\000i\000t\000y}{section.9}% 81
\BOOKMARK [2][-]{subsection.9.5}{\376\377\000G\000a\000p\000p\000e\000d\000\040\000S\000p\000e\000c\000t\000r\000u\000m\000:\000\040\000D\000e\000c\000o\000u\000p\000l\000i\000n\000g\000\040\000M\000e\000c\000h\000a\000n\000i\000s\000m}{section.9}% 82
\BOOKMARK [2][-]{subsection.9.6}{\376\377\000P\000h\000y\000s\000i\000c\000a\000l\000\040\000O\000r\000i\000g\000i\000n\000\040\000o\000f\000\040\000t\000h\000e\000\040\000G\000a\000p}{section.9}% 83
\BOOKMARK [2][-]{subsection.9.7}{\376\377\000O\000r\000d\000e\000r\000-\000o\000f\000-\000M\000a\000g\000n\000i\000t\000u\000d\000e\000\040\000E\000s\000t\000i\000m\000a\000t\000e}{section.9}% 84
\BOOKMARK [2][-]{subsection.9.8}{\376\377\000C\000o\000n\000s\000i\000s\000t\000e\000n\000c\000y\000\040\000C\000o\000n\000d\000i\000t\000i\000o\000n}{section.9}% 85
\BOOKMARK [2][-]{subsection.9.9}{\376\377\000O\000b\000s\000e\000r\000v\000a\000b\000l\000e\000\040\000C\000o\000n\000s\000e\000q\000u\000e\000n\000c\000e\000s}{section.9}% 86
\BOOKMARK [2][-]{subsection.9.10}{\376\377\000F\000a\000l\000s\000i\000f\000i\000a\000b\000i\000l\000i\000t\000y}{section.9}% 87
\BOOKMARK [2][-]{subsection.9.11}{\376\377\000I\000n\000t\000e\000g\000r\000a\000t\000i\000o\000n\000\040\000w\000i\000t\000h\000\040\000S\000S\000T\000\040\000F\000r\000a\000m\000e\000w\000o\000r\000k}{section.9}% 88
\BOOKMARK [2][-]{subsection.9.12}{\376\377\000C\000a\000n\000o\000n\000i\000c\000a\000l\000\040\000S\000t\000a\000t\000e\000m\000e\000n\000t}{section.9}% 89
\BOOKMARK [2][-]{subsection.9.13}{\376\377\000P\000r\000e\000c\000i\000s\000i\000o\000n\000\040\000e\000l\000e\000c\000t\000r\000o\000w\000e\000a\000k\000\040\000b\000r\000i\000d\000g\000e\000:\000\040\000l\000e\000s\000s\000o\000n\000s\000\040\000f\000r\000o\000m\000\040\000t\000h\000e\000\040\000C\000M\000S\000\040\000W\000-\000m\000a\000s\000s\000\040\000m\000e\000a\000s\000u\000r\000e\000m\000e\000n\000t}{section.9}% 90
\BOOKMARK [1][-]{section.10}{\376\377\000R\000e\000l\000a\000t\000i\000o\000n\000a\000l\000\040\000T\000i\000m\000e\000\040\000F\000r\000a\000m\000e\000w\000o\000r\000k}{}% 91
\BOOKMARK [2][-]{subsection.10.1}{\376\377\000S\000w\000i\000r\000l\000-\000C\000l\000o\000c\000k\000\040\000a\000n\000d\000\040\000l\000o\000c\000a\000l\000\040\000p\000r\000o\000p\000e\000r\000\040\000t\000i\000m\000e}{section.10}% 92
\BOOKMARK [2][-]{subsection.10.2}{\376\377\000C\000a\000r\000r\000i\000e\000r\000-\000l\000o\000c\000a\000l\000\040\000c\000l\000o\000c\000k\000i\000n\000g\000\040\000a\000n\000d\000\040\000t\000h\000e\000\040\000t\000u\000r\000n\000o\000v\000e\000r\000\040\000s\000c\000a\000l\000e}{section.10}% 93
\BOOKMARK [2][-]{subsection.10.3}{\376\377\000R\000e\000l\000a\000t\000i\000o\000n\000a\000l\000\040\000o\000b\000s\000e\000r\000v\000a\000b\000l\000e\000s\000\040\000f\000r\000o\000m\000\040\000c\000o\000n\000s\000e\000r\000v\000e\000d\000\040\000c\000u\000r\000r\000e\000n\000t\000s}{section.10}% 94
\BOOKMARK [2][-]{subsection.10.4}{\376\377\000T\000i\000m\000e\000-\000o\000f\000-\000a\000r\000r\000i\000v\000a\000l\000\040\000a\000s\000\040\000a\000\040\000r\000e\000l\000a\000t\000i\000o\000n\000a\000l\000\040\000f\000i\000e\000l\000d\000\040\000o\000b\000s\000e\000r\000v\000a\000b\000l\000e}{section.10}% 95
\BOOKMARK [2][-]{subsection.10.5}{\376\377\000C\000l\000o\000c\000k\000\040\000b\000r\000o\000a\000d\000e\000n\000i\000n\000g\000\040\000a\000n\000d\000\040\000c\000o\000n\000t\000i\000n\000u\000u\000m\000\040\000l\000i\000m\000i\000t\000s}{section.10}% 96
\BOOKMARK [2][-]{subsection.10.6}{\376\377\000C\000o\000n\000n\000e\000c\000t\000i\000o\000n\000\040\000t\000o\000\040\000g\000r\000a\000v\000i\000t\000y\000\040\000a\000n\000d\000\040\000g\000e\000o\000m\000e\000t\000r\000y}{section.10}% 97
\BOOKMARK [2][-]{subsection.10.7}{\376\377\000C\000l\000o\000c\000k\000\040\000F\000i\000e\000l\000d\000\040\000a\000n\000d\000\040\000F\000o\000l\000i\000a\000t\000i\000o\000n\000\040\000V\000a\000r\000i\000a\000b\000l\000e}{section.10}% 98
\BOOKMARK [2][-]{subsection.10.8}{\376\377\000C\000l\000o\000c\000k\000-\000S\000e\000c\000t\000o\000r\000\040\000E\000f\000f\000e\000c\000t\000i\000v\000e\000\040\000A\000c\000t\000i\000o\000n}{section.10}% 99
\BOOKMARK [2][-]{subsection.10.9}{\376\377\000P\000o\000i\000s\000s\000o\000n\000\040\000L\000i\000m\000i\000t\000\040\000a\000n\000d\000\040\000E\000f\000f\000e\000c\000t\000i\000v\000e\000\040\000G\000r\000a\000v\000i\000t\000y\000\040\000B\000r\000i\000d\000g\000e}{section.10}% 100
\BOOKMARK [2][-]{subsection.10.10}{\376\377\000O\000b\000s\000e\000r\000v\000a\000t\000i\000o\000n\000a\000l\000\040\000C\000o\000n\000s\000t\000r\000a\000i\000n\000t\000\040\000f\000r\000o\000m\000\040\000T\000e\000n\000s\000o\000r\000-\000M\000o\000d\000e\000\040\000S\000p\000e\000e\000d}{section.10}% 101
\BOOKMARK [2][-]{subsection.10.11}{\376\377\000I\000n\000t\000e\000r\000p\000r\000e\000t\000i\000v\000e\000\040\000R\000o\000l\000e\000\040\000i\000n\000\040\000t\000h\000e\000\040\000C\000a\000n\000o\000n}{section.10}% 102
\BOOKMARK [2][-]{subsection.10.12}{\376\377\000R\000e\000l\000a\000t\000i\000o\000n\000\040\000t\000o\000\040\000t\000h\000e\000\040\000C\000h\000r\000o\000n\000o\000s\040\023\000K\000e\000l\000v\000i\000n\000\040\000l\000a\000w}{section.10}% 103
\BOOKMARK [2][-]{subsection.10.13}{\376\377\000C\000a\000n\000o\000n\000i\000c\000a\000l\000\040\000E\000l\000e\000c\000t\000r\000o\000m\000a\000g\000n\000e\000t\000i\000c\040\023\000G\000r\000a\000v\000i\000t\000y\000\040\000C\000l\000o\000s\000u\000r\000e}{section.10}% 104
\BOOKMARK [1][-]{section.11}{\376\377\000U\000n\000i\000f\000i\000e\000d\000\040\000I\000n\000t\000e\000r\000p\000r\000e\000t\000a\000t\000i\000o\000n}{}% 105
\BOOKMARK [2][-]{subsection.11.1}{\376\377\000O\000v\000e\000r\000v\000i\000e\000w}{section.11}% 106
\BOOKMARK [2][-]{subsection.11.2}{\376\377\000O\000n\000t\000o\000l\000o\000g\000y\000\040\000o\000f\000\040\000t\000h\000e\000\040\000T\000h\000e\000o\000r\000y}{section.11}% 107
\BOOKMARK [2][-]{subsection.11.3}{\376\377\000M\000a\000s\000s\000\040\000a\000s\000\040\000T\000r\000a\000p\000p\000e\000d\000\040\000C\000i\000r\000c\000u\000l\000a\000t\000i\000o\000n\000\040\000E\000n\000e\000r\000g\000y}{section.11}% 108
\BOOKMARK [2][-]{subsection.11.4}{\376\377\000T\000i\000m\000e\000\040\000a\000s\000\040\000a\000\040\000R\000e\000l\000a\000t\000i\000o\000n\000a\000l\000\040\000Q\000u\000a\000n\000t\000i\000t\000y}{section.11}% 109
\BOOKMARK [2][-]{subsection.11.5}{\376\377\000D\000i\000s\000c\000r\000e\000t\000e\000n\000e\000s\000s\000\040\000w\000i\000t\000h\000o\000u\000t\000\040\000Q\000u\000a\000n\000t\000i\000z\000a\000t\000i\000o\000n\000\040\000P\000o\000s\000t\000u\000l\000a\000t\000e\000s}{section.11}% 110
\BOOKMARK [2][-]{subsection.11.6}{\376\377\000C\000h\000a\000r\000g\000e\000\040\000a\000n\000d\000\040\000C\000i\000r\000c\000u\000l\000a\000t\000i\000o\000n}{section.11}% 111
\BOOKMARK [2][-]{subsection.11.7}{\376\377\000U\000n\000i\000f\000i\000c\000a\000t\000i\000o\000n\000\040\000o\000f\000\040\000I\000n\000t\000e\000r\000a\000c\000t\000i\000o\000n\000s}{section.11}% 112
\BOOKMARK [2][-]{subsection.11.8}{\376\377\000A\000t\000o\000m\000i\000c\000\040\000S\000t\000r\000u\000c\000t\000u\000r\000e\000\040\000a\000s\000\040\000a\000n\000\040\000E\000m\000e\000r\000g\000e\000n\000t\000\040\000L\000a\000y\000e\000r}{section.11}% 113
\BOOKMARK [2][-]{subsection.11.9}{\376\377\000C\000o\000n\000s\000i\000s\000t\000e\000n\000c\000y\000\040\000w\000i\000t\000h\000\040\000S\000p\000e\000c\000t\000r\000o\000s\000c\000o\000p\000y}{section.11}% 114
\BOOKMARK [2][-]{subsection.11.10}{\376\377\000H\000i\000e\000r\000a\000r\000c\000h\000y\000\040\000o\000f\000\040\000D\000e\000s\000c\000r\000i\000p\000t\000i\000o\000n}{section.11}% 115
\BOOKMARK [2][-]{subsection.11.11}{\376\377\000C\000o\000n\000c\000e\000p\000t\000u\000a\000l\000\040\000S\000u\000m\000m\000a\000r\000y}{section.11}% 116
\BOOKMARK [2][-]{subsection.11.12}{\376\377\000C\000a\000n\000o\000n\000i\000c\000a\000l\000\040\000S\000t\000a\000t\000e\000m\000e\000n\000t}{section.11}% 117
\BOOKMARK [2][-]{subsection.11.13}{\376\377\000S\000c\000o\000p\000e\000\040\000a\000n\000d\000\040\000L\000i\000m\000i\000t\000s}{section.11}% 118
\BOOKMARK [2][-]{subsection.11.14}{\376\377\000F\000i\000n\000a\000l\000\040\000C\000o\000n\000s\000i\000s\000t\000e\000n\000c\000y\000\040\000P\000r\000i\000n\000c\000i\000p\000l\000e}{section.11}% 119
\BOOKMARK [1][-]{section.12}{\376\377\000I\000n\000t\000e\000g\000r\000a\000t\000i\000o\000n\000\040\000o\000f\000\040\000P\000r\000i\000o\000r\000\040\000C\000a\000n\000o\000n\000\040\000V\000e\000r\000s\000i\000o\000n\000s}{}% 120
\BOOKMARK [2][-]{subsection.12.1}{\376\377\000I\000n\000t\000e\000g\000r\000a\000t\000i\000o\000n\000\040\000p\000o\000l\000i\000c\000y\000\040\000\050\000v\0000\000.\0005\000.\0001\0002\000\040\000r\000e\000i\000n\000t\000e\000g\000r\000a\000t\000i\000o\000n\000\051}{section.12}% 121
\BOOKMARK [2][-]{subsection.12.2}{\376\377\000R\000e\000t\000a\000i\000n\000e\000d\000\040\000v\0000\000.\0005\000.\0001\0002\000\040\000k\000e\000r\000n\000e\000l\000\040\000s\000e\000c\000t\000o\000r\000s}{section.12}% 122
\BOOKMARK [2][-]{subsection.12.3}{\376\377\000W\000a\000v\000e\040\023\000p\000a\000r\000t\000i\000c\000l\000e\000\040\000p\000h\000a\000s\000e\000\040\000r\000u\000l\000e\000\040\000a\000n\000d\000\040\000m\000e\000a\000s\000u\000r\000e\000m\000e\000n\000t\000\040\000b\000r\000i\000d\000g\000e}{section.12}% 123
\BOOKMARK [2][-]{subsection.12.4}{\376\377\000G\000a\000u\000g\000e\000\040\000a\000n\000d\000\040\000w\000e\000a\000k\000-\000m\000i\000x\000i\000n\000g\000\040\000b\000r\000i\000d\000g\000e}{section.12}% 124
\BOOKMARK [2][-]{subsection.12.5}{\376\377\000W\000h\000a\000t\000\040\000t\000h\000e\000\040\000v\0000\000.\0005\000.\0001\0002\000\040\000r\000e\000i\000n\000t\000e\000g\000r\000a\000t\000i\000o\000n\000\040\000d\000o\000e\000s\000\040\000n\000o\000t\000\040\000i\000m\000p\000o\000r\000t}{section.12}% 125
\BOOKMARK [2][-]{subsection.12.6}{\376\377\000P\000u\000r\000p\000o\000s\000e\000\040\000o\000f\000\040\000t\000h\000i\000s\000\040\000i\000n\000t\000e\000g\000r\000a\000t\000i\000o\000n\000\040\000l\000a\000y\000e\000r}{section.12}% 126
\BOOKMARK [2][-]{subsection.12.7}{\376\377\000R\000e\000t\000a\000i\000n\000e\000d\000\040\000f\000r\000o\000m\000\040\000t\000h\000e\000\040\000e\000a\000r\000l\000y\000\040\000c\000a\000n\000o\000n\000\040\000l\000a\000y\000e\000r\000s}{section.12}% 127
\BOOKMARK [2][-]{subsection.12.8}{\376\377\000R\000e\000t\000a\000i\000n\000e\000d\000\040\000f\000r\000o\000m\000\040\000t\000h\000e\000\040\000m\000i\000d\000d\000l\000e\000\040\000c\000a\000n\000o\000n\000\040\000l\000a\000y\000e\000r\000s}{section.12}% 128
\BOOKMARK [2][-]{subsection.12.9}{\376\377\000R\000e\000t\000a\000i\000n\000e\000d\000\040\000f\000r\000o\000m\000\040\000t\000h\000e\000\040\000l\000a\000t\000e\000\040\000c\000a\000n\000o\000n\000\040\000l\000a\000y\000e\000r\000s}{section.12}% 129
\BOOKMARK [2][-]{subsection.12.10}{\376\377\000N\000o\000t\000a\000t\000i\000o\000n\000\040\000a\000n\000d\000\040\000d\000e\000n\000s\000i\000t\000y\000\040\000c\000l\000e\000a\000n\000u\000p}{section.12}% 130
\BOOKMARK [2][-]{subsection.12.11}{\376\377\000T\000o\000p\000o\000l\000o\000g\000y\000-\000f\000i\000r\000s\000t\000\040\000r\000e\000i\000n\000t\000e\000r\000p\000r\000e\000t\000a\000t\000i\000o\000n\000\040\000o\000f\000\040\000l\000a\000y\000e\000r\000s}{section.12}% 131
\BOOKMARK [2][-]{subsection.12.12}{\376\377\000S\000t\000a\000t\000u\000s\000\040\000o\000f\000\040\000o\000p\000t\000i\000o\000n\000a\000l\000\040\000s\000e\000c\000t\000o\000r\000s}{section.12}% 132
\BOOKMARK [2][-]{subsection.12.13}{\376\377\000I\000n\000t\000e\000g\000r\000a\000t\000i\000o\000n\000\040\000p\000r\000i\000n\000c\000i\000p\000l\000e}{section.12}% 133
\BOOKMARK [2][-]{subsection.12.14}{\376\377\000R\000e\000s\000e\000a\000r\000c\000h\000-\000t\000r\000a\000c\000k\000\040\000c\000o\000m\000p\000a\000n\000i\000o\000n}{section.12}% 134
\BOOKMARK [2][-]{subsection.12.15}{\376\377\000D\000a\000r\000k\000-\000s\000e\000c\000t\000o\000r\000\040\000a\000n\000d\000\040\000g\000a\000l\000a\000c\000t\000i\000c\000\040\000c\000a\000n\000o\000n\000i\000z\000a\000t\000i\000o\000n\000\040\000s\000t\000a\000t\000u\000s\000\040\000\050\000v\0000\000.\0008\000.\000x\000\051}{section.12}% 135
\BOOKMARK [2][-]{subsection.12.16}{\376\377\000I\000n\000t\000e\000g\000r\000a\000t\000i\000o\000n\000\040\000P\000o\000l\000i\000c\000y}{section.12}% 136
\BOOKMARK [2][-]{subsection.12.17}{\376\377\000S\000e\000l\000e\000c\000t\000i\000v\000e\000\040\000R\000e\000c\000o\000v\000e\000r\000y\000\040\000f\000r\000o\000m\000\040\000P\000r\000e\000-\000v\0000\000.\0007\000\040\000C\000a\000n\000o\000n\000\040\000L\000a\000y\000e\000r\000s}{section.12}% 137
\BOOKMARK [2][-]{subsection.12.18}{\376\377\000T\000h\000e\000r\000m\000o\000d\000y\000n\000a\000m\000i\000c\000\040\000R\000a\000d\000i\000a\000t\000i\000o\000n\000\040\000I\000n\000t\000e\000r\000f\000a\000c\000e}{section.12}% 138
\BOOKMARK [2][-]{subsection.12.19}{\376\377\000M\000i\000n\000i\000m\000a\000l\000\040\000C\000o\000u\000p\000l\000i\000n\000g\000\040\000I\000n\000t\000e\000r\000f\000a\000c\000e\000\040\000t\000o\000\040\000Q\000u\000a\000n\000t\000u\000m\000\040\000E\000l\000e\000c\000t\000r\000o\000d\000y\000n\000a\000m\000i\000c\000s}{section.12}% 139
\BOOKMARK [2][-]{subsection.12.20}{\376\377\000R\000i\000b\000b\000o\000n\000-\000I\000n\000v\000a\000r\000i\000a\000n\000t\000\040\000C\000h\000i\000r\000a\000l\000i\000t\000y\000\040\000R\000e\000f\000i\000n\000e\000m\000e\000n\000t}{section.12}% 140
\BOOKMARK [2][-]{subsection.12.21}{\376\377\000F\000r\000a\000m\000e\000d\000-\000T\000u\000b\000e\000\040\000O\000n\000t\000o\000l\000o\000g\000y\000\040\000a\000n\000d\000\040\000t\000h\000e\000\040\000A\000t\000t\000a\000c\000h\000m\000e\000n\000t\000\040\000G\000a\000t\000e}{section.12}% 141
\BOOKMARK [2][-]{subsection.12.22}{\376\377\000P\000a\000r\000t\000i\000c\000l\000e\000-\000C\000a\000n\000d\000i\000d\000a\000t\000e\000\040\000M\000a\000p\000p\000i\000n\000g\000\040\000L\000a\000y\000e\000r}{section.12}% 142
\BOOKMARK [2][-]{subsection.12.23}{\376\377\000H\000y\000d\000r\000o\000d\000y\000n\000a\000m\000i\000c\000\040\000E\000x\000c\000h\000a\000n\000g\000e\000\040\000a\000n\000d\000\040\000t\000h\000e\000\040\000P\000a\000u\000l\000i\000\040\000B\000a\000r\000r\000i\000e\000r}{section.12}% 143
\BOOKMARK [2][-]{subsection.12.24}{\376\377\000N\000u\000m\000e\000r\000i\000c\000a\000l\000\040\000B\000e\000n\000c\000h\000m\000a\000r\000k\000\040\000L\000a\000y\000e\000r}{section.12}% 144
\BOOKMARK [2][-]{subsection.12.25}{\376\377\000G\000a\000u\000g\000e\000-\000S\000e\000c\000t\000o\000r\000\040\000R\000o\000a\000d\000m\000a\000p}{section.12}% 145
\BOOKMARK [1][-]{section.13}{\376\377\000D\000i\000s\000c\000u\000s\000s\000i\000o\000n\000\040\000a\000n\000d\000\040\000L\000i\000m\000i\000t\000s}{}% 146
\BOOKMARK [2][-]{subsection.13.1}{\376\377\000S\000t\000a\000t\000u\000s\000\040\000o\000f\000\040\000t\000h\000e\000\040\000r\000e\000c\000o\000v\000e\000r\000e\000d\000\040\000v\0000\000.\0005\000.\0001\0002\000\040\000s\000e\000c\000t\000o\000r\000s}{section.13}% 147
\BOOKMARK [2][-]{subsection.13.2}{\376\377\000W\000h\000a\000t\000\040\000v\0000\000.\0008\000.\0001\000\040\000n\000o\000w\000\040\000r\000e\000c\000o\000v\000e\000r\000s\000\040\000f\000r\000o\000m\000\040\000v\0000\000.\0005\000.\0001\0002}{section.13}% 148
\BOOKMARK [2][-]{subsection.13.3}{\376\377\000O\000p\000e\000n\000\040\000i\000t\000e\000m\000s\000\040\000t\000h\000a\000t\000\040\000r\000e\000m\000a\000i\000n\000\040\000o\000u\000t\000s\000i\000d\000e\000\040\000t\000h\000e\000\040\000p\000r\000e\000s\000e\000n\000t\000\040\000c\000l\000o\000s\000u\000r\000e}{section.13}% 149
\BOOKMARK [2][-]{subsection.13.4}{\376\377\000W\000h\000a\000t\000\040\000i\000s\000\040\000e\000s\000t\000a\000b\000l\000i\000s\000h\000e\000d\000\040\000a\000t\000\040\000c\000a\000n\000o\000n\000\040\000l\000e\000v\000e\000l}{section.13}% 150
\BOOKMARK [2][-]{subsection.13.5}{\376\377\000W\000h\000a\000t\000\040\000r\000e\000m\000a\000i\000n\000s\000\040\000c\000l\000o\000s\000u\000r\000e\000-\000l\000e\000v\000e\000l\000\040\000o\000r\000\040\000c\000o\000n\000j\000e\000c\000t\000u\000r\000a\000l}{section.13}% 151
\BOOKMARK [2][-]{subsection.13.6}{\376\377\000C\000o\000m\000p\000a\000t\000i\000b\000i\000l\000i\000t\000y\000\040\000l\000i\000m\000i\000t\000s}{section.13}% 152
\BOOKMARK [2][-]{subsection.13.7}{\376\377\000M\000i\000n\000i\000m\000a\000l\000\040\000f\000a\000l\000s\000i\000f\000i\000e\000r\000s}{section.13}% 153
\BOOKMARK [2][-]{subsection.13.8}{\376\377\000M\000e\000t\000h\000o\000d\000o\000l\000o\000g\000i\000c\000a\000l\000\040\000l\000i\000m\000i\000t}{section.13}% 154
\BOOKMARK [2][-]{subsection.13.9}{\376\377\000N\000e\000a\000r\000-\000t\000e\000r\000m\000\040\000p\000r\000i\000o\000r\000i\000t\000i\000e\000s}{section.13}% 155
\BOOKMARK [2][-]{subsection.13.10}{\376\377\000F\000i\000n\000a\000l\000\040\000l\000i\000m\000i\000t\000\040\000s\000t\000a\000t\000e\000m\000e\000n\000t}{section.13}% 156
\BOOKMARK [2][-]{subsection.13.11}{\376\377\000S\000t\000a\000t\000u\000s\000\040\000o\000f\000\040\000L\000e\000g\000a\000c\000y\000\040\000R\000e\000c\000o\000v\000e\000r\000i\000e\000s}{section.13}% 157
\BOOKMARK [2][-]{subsection.13.12}{\376\377\000W\000h\000a\000t\000\040\000v\0000\000.\0008\000.\0001\000\040\000N\000o\000w\000\040\000R\000e\000t\000a\000i\000n\000s}{section.13}% 158
\BOOKMARK [2][-]{subsection.13.13}{\376\377\000W\000h\000a\000t\000\040\000i\000s\000\040\000D\000e\000l\000i\000b\000e\000r\000a\000t\000e\000l\000y\000\040\000N\000o\000t\000\040\000C\000l\000a\000i\000m\000e\000d}{section.13}% 159
\BOOKMARK [2][-]{subsection.13.14}{\376\377\000C\000a\000n\000o\000n\000\040\000R\000u\000l\000e\000\040\000G\000o\000i\000n\000g\000\040\000F\000o\000r\000w\000a\000r\000d}{section.13}% 160
\BOOKMARK [1][-]{section.A}{\376\377\000T\000o\000p\000o\000l\000o\000g\000i\000c\000a\000l\000\040\000r\000e\000f\000e\000r\000e\000n\000c\000e\000\040\000t\000o\000o\000l\000k\000i\000t}{}% 161
\BOOKMARK [1][-]{section.B}{\376\377\000F\000u\000l\000l\000\040\000D\000e\000r\000i\000v\000a\000t\000i\000o\000n\000s}{}% 162
\BOOKMARK [2][-]{subsection.B.1}{\376\377\000C\000a\000n\000o\000n\000i\000c\000a\000l\000\040\000h\000o\000r\000n\000-\000r\000a\000d\000i\000u\000s\000\040\000c\000o\000n\000s\000t\000a\000n\000t\000\040\000c\000h\000a\000i\000n}{section.B}% 163
\BOOKMARK [2][-]{subsection.B.2}{\376\377\000H\000o\000r\000n\000-\000E\000n\000v\000e\000l\000o\000p\000e\000\040\000D\000e\000n\000s\000i\000t\000y\000\040\000N\000o\000r\000m\000a\000l\000i\000z\000a\000t\000i\000o\000n}{section.B}% 164
\BOOKMARK [2][-]{subsection.B.3}{\376\377\000G\000e\000o\000m\000e\000t\000r\000i\000c\000\040\000g\000a\000t\000e\000\040\000i\000d\000e\000n\000t\000i\000t\000y}{section.B}% 165
\BOOKMARK [2][-]{subsection.B.4}{\376\377\000U\000s\000e\000f\000u\000l\000\040\000n\000u\000m\000e\000r\000i\000c\000a\000l\000\040\000a\000n\000c\000h\000o\000r\000s}{section.B}% 166
\BOOKMARK [1][-]{section.C}{\376\377\000D\000e\000l\000a\000y\000\040\000M\000a\000t\000h\000e\000m\000a\000t\000i\000c\000s}{}% 167
\BOOKMARK [2][-]{subsection.C.1}{\376\377\000F\000i\000x\000e\000d\000-\000p\000o\000i\000n\000t\000\040\000c\000o\000n\000d\000i\000t\000i\000o\000n\000\040\000f\000o\000r\000\040\000l\000o\000c\000k\000e\000d\000\040\000m\000o\000d\000e\000s}{section.C}% 168
\BOOKMARK [2][-]{subsection.C.2}{\376\377\000L\000i\000n\000e\000a\000r\000\040\000s\000t\000a\000b\000i\000l\000i\000t\000y\000\040\000o\000f\000\040\000a\000\040\000l\000o\000c\000k\000e\000d\000\040\000b\000r\000a\000n\000c\000h}{section.C}% 169
\BOOKMARK [2][-]{subsection.C.3}{\376\377\000S\000m\000a\000l\000l\000-\000d\000e\000l\000a\000y\000\040\000e\000x\000p\000a\000n\000s\000i\000o\000n}{section.C}% 170
\BOOKMARK [2][-]{subsection.C.4}{\376\377\000I\000n\000t\000e\000r\000p\000r\000e\000t\000i\000v\000e\000\040\000c\000o\000n\000s\000e\000q\000u\000e\000n\000c\000e}{section.C}% 171
\BOOKMARK [1][-]{section.D}{\376\377\000C\000o\000n\000v\000e\000r\000s\000a\000t\000i\000o\000n\000-\000D\000e\000r\000i\000v\000e\000d\000\040\000I\000n\000s\000i\000g\000h\000t\000s}{}% 172
\BOOKMARK [2][-]{subsection.D.1}{\376\377\000R\000o\000l\000e\000\040\000o\000f\000\040\000t\000h\000i\000s\000\040\000a\000p\000p\000e\000n\000d\000i\000x}{section.D}% 173
\BOOKMARK [2][-]{subsection.D.2}{\376\377\000T\000o\000p\000o\000l\000o\000g\000y\000\040\000f\000i\000r\000s\000t\000,\000\040\000l\000a\000y\000e\000r\000s\000\040\000s\000e\000c\000o\000n\000d}{section.D}% 174
\BOOKMARK [2][-]{subsection.D.3}{\376\377\000S\000p\000e\000c\000t\000r\000a\000l\000\040\000o\000r\000i\000g\000i\000n\000\040\000o\000f\000\040\000z\000e\000t\000a\000\050\0003\000\051}{section.D}% 175
\BOOKMARK [2][-]{subsection.D.4}{\376\377\000A\000t\000o\000m\000i\000c\000\040\000b\000r\000i\000d\000g\000e\000\040\000s\000t\000a\000t\000u\000s\000\040\000d\000i\000s\000c\000i\000p\000l\000i\000n\000e}{section.D}% 176
\BOOKMARK [2][-]{subsection.D.5}{\376\377\000M\000a\000s\000t\000e\000r\000-\000e\000q\000u\000a\000t\000i\000o\000n\000\040\000v\000i\000e\000w\000p\000o\000i\000n\000t}{section.D}% 177
\BOOKMARK [2][-]{subsection.D.6}{\376\377\000S\000t\000a\000t\000e\000-\000t\000r\000a\000n\000s\000i\000t\000i\000o\000n\000\040\000t\000a\000x\000o\000n\000o\000m\000y\000\040\000f\000r\000o\000m\000\040\000t\000h\000e\000\040\000t\000r\000e\000f\000o\000i\000l\000-\000c\000l\000o\000s\000u\000r\000e\000\040\000d\000i\000s\000c\000u\000s\000s\000i\000o\000n}{section.D}% 178
\BOOKMARK [2][-]{subsection.D.7}{\376\377\000D\000u\000a\000l\000-\000v\000a\000c\000u\000u\000m\000\040\000a\000n\000d\000\040\000p\000h\000o\000t\000o\000n\000\040\000s\000e\000c\000t\000o\000r\000\040\000s\000t\000a\000t\000u\000s}{section.D}% 179
\BOOKMARK [2][-]{subsection.D.8}{\376\377\000C\000a\000n\000o\000n\000\040\000e\000d\000i\000t\000i\000o\000n\000\040\000n\000o\000t\000e\000s\000\040\000\050\000v\0000\000.\0008\000.\0006\000\051}{section.D}% 180
\BOOKMARK [2][-]{subsection.D.9}{\376\377\000C\000a\000n\000o\000n\000\040\000e\000d\000i\000t\000i\000o\000n\000\040\000n\000o\000t\000e\000s\000\040\000\050\000v\0000\000.\0008\000.\0005\000\051}{section.D}% 181
\BOOKMARK [2][-]{subsection.D.10}{\376\377\000C\000a\000n\000o\000n\000\040\000e\000d\000i\000t\000i\000o\000n\000\040\000n\000o\000t\000e\000s\000\040\000\050\000v\0000\000.\0008\000.\0004\000\051}{section.D}% 182
\BOOKMARK [2][-]{subsection.D.11}{\376\377\000C\000a\000n\000o\000n\000\040\000e\000d\000i\000t\000i\000o\000n\000\040\000n\000o\000t\000e\000s\000\040\000\050\000v\0000\000.\0008\000.\0003\000\051}{section.D}% 183
\BOOKMARK [2][-]{subsection.D.12}{\376\377\000C\000a\000n\000o\000n\000\040\000e\000d\000i\000t\000i\000o\000n\000\040\000n\000o\000t\000e\000s\000\040\000\050\000v\0000\000.\0008\000.\0002\000\051}{section.D}% 184
\BOOKMARK [2][-]{subsection.D.13}{\376\377\000T\000r\000e\000f\000o\000i\000l\000\040\000c\000l\000o\000s\000u\000r\000e\000\040\000a\000n\000d\000\040\000p\000e\000r\000s\000i\000s\000t\000e\000n\000c\000e\000\040\000d\000i\000s\000c\000i\000p\000l\000i\000n\000e}{section.D}% 185
\BOOKMARK [2][-]{subsection.D.14}{\376\377\000F\000i\000n\000i\000t\000e\000-\000c\000e\000l\000l\000\040\000\040\000c\000o\000i\000n\000c\000i\000d\000e\000n\000c\000e\000\040\000a\000n\000d\000\040\000o\000b\000s\000t\000r\000u\000c\000t\000i\000o\000n\000\040\000s\000u\000m\000m\000a\000r\000y}{section.D}% 186
\BOOKMARK [2][-]{subsection.D.15}{\376\377\000O\000p\000e\000n\000\040\000t\000h\000e\000o\000r\000e\000m\000\040\000l\000a\000d\000d\000e\000r}{section.D}% 187
\BOOKMARK [1][-]{section.E}{\376\377\000E\000x\000p\000l\000i\000c\000i\000t\000\040\000T\000o\000p\000o\000l\000o\000g\000i\000c\000a\000l\000\040\000M\000a\000s\000s\000\040\000C\000l\000o\000s\000u\000r\000e\000s}{}% 188
\BOOKMARK [2][-]{subsection.E.1}{\376\377\000P\000u\000r\000p\000o\000s\000e\000\040\000a\000n\000d\000\040\000s\000t\000a\000t\000u\000s}{section.E}% 189
\BOOKMARK [2][-]{subsection.E.2}{\376\377\000E\000x\000p\000l\000i\000c\000i\000t\000\040\000i\000n\000v\000a\000r\000i\000a\000n\000t\000\040\000b\000r\000a\000n\000c\000h\000\040\000o\000f\000\040\000t\000h\000e\000\040\000c\000a\000n\000o\000n\000i\000c\000a\000l\000\040\000k\000e\000r\000n\000e\000l}{section.E}% 190
\BOOKMARK [2][-]{subsection.E.3}{\376\377\000B\000a\000r\000y\000o\000n\000\040\000b\000e\000n\000c\000h\000m\000a\000r\000k\000\040\000c\000l\000o\000s\000u\000r\000e}{section.E}% 191
\BOOKMARK [2][-]{subsection.E.4}{\376\377\000C\000a\000n\000o\000n\000i\000c\000a\000l\000\040\000u\000s\000e\000\040\000p\000o\000l\000i\000c\000y}{section.E}% 192
\BOOKMARK [1][-]{section.F}{\376\377\000E\000f\000f\000e\000c\000t\000i\000v\000e\000\040\000Q\000u\000a\000n\000t\000u\000m\000\040\000B\000r\000i\000d\000g\000e}{}% 193
\BOOKMARK [2][-]{subsection.F.1}{\376\377\000P\000u\000r\000p\000o\000s\000e\000\040\000a\000n\000d\000\040\000s\000t\000a\000t\000u\000s}{section.F}% 194
\BOOKMARK [2][-]{subsection.F.2}{\376\377\000A\000m\000p\000l\000i\000t\000u\000d\000e\040\023\000p\000h\000a\000s\000e\000\040\000d\000e\000c\000o\000m\000p\000o\000s\000i\000t\000i\000o\000n}{section.F}% 195
\BOOKMARK [2][-]{subsection.F.3}{\376\377\000S\000S\000T\000\040\000r\000e\000a\000d\000i\000n\000g\000\040\000o\000f\000\040\000t\000h\000e\000\040\000b\000r\000i\000d\000g\000e}{section.F}% 196
\BOOKMARK [2][-]{subsection.F.4}{\376\377\000T\000w\000o\000-\000c\000o\000m\000p\000o\000n\000e\000n\000t\000\040\000b\000r\000a\000n\000c\000h\000\040\000b\000o\000o\000k\000k\000e\000e\000p\000i\000n\000g}{section.F}% 197
\BOOKMARK [2][-]{subsection.F.5}{\376\377\000T\000o\000p\000o\000l\000o\000g\000i\000c\000a\000l\000\040\000r\000e\000a\000d\000i\000n\000g\000\040\000o\000f\000\040\000t\000h\000e\000\040\000b\000r\000i\000d\000g\000e}{section.F}% 198
\BOOKMARK [1][-]{section.G}{\376\377\000D\000a\000r\000k\000-\000S\000e\000c\000t\000o\000r\000\040\000a\000n\000d\000\040\000G\000a\000l\000a\000c\000t\000i\000c\000\040\000C\000o\000n\000t\000i\000n\000u\000u\000m\000\040\000L\000a\000w}{}% 199
\BOOKMARK [2][-]{subsection.G.1}{\376\377\000P\000u\000r\000p\000o\000s\000e\000\040\000a\000n\000d\000\040\000s\000t\000a\000t\000u\000s}{section.G}% 200
\BOOKMARK [2][-]{subsection.G.2}{\376\377\000E\000f\000f\000e\000c\000t\000i\000v\000e\000\040\000d\000a\000r\000k\000\040\000a\000c\000c\000e\000l\000e\000r\000a\000t\000i\000o\000n\000\040\000l\000a\000w}{section.G}% 201
\BOOKMARK [2][-]{subsection.G.3}{\376\377\000T\000w\000o\000-\000c\000o\000m\000p\000o\000n\000e\000n\000t\000\040\000g\000a\000l\000a\000c\000t\000i\000c\000\040\000r\000o\000t\000a\000t\000i\000o\000n\000\040\000a\000n\000s\000a\000t\000z}{section.G}% 202
\BOOKMARK [2][-]{subsection.G.4}{\376\377\000R\000e\000l\000a\000t\000i\000o\000n\000\040\000t\000o\000\040\000d\000a\000r\000k\000-\000k\000n\000o\000t\000\040\000t\000a\000x\000o\000n\000o\000m\000y}{section.G}% 203
\BOOKMARK [2][-]{subsection.G.5}{\376\377\000U\000s\000e\000\040\000p\000o\000l\000i\000c\000y}{section.G}% 204
\BOOKMARK [1][-]{section.H}{\376\377\000R\000e\000s\000e\000a\000r\000c\000h\000-\000t\000r\000a\000c\000k\000\040\000s\000e\000c\000t\000o\000r\000s\000\040\000m\000i\000g\000r\000a\000t\000e\000d\000\040\000f\000r\000o\000m\000\040\000t\000h\000e\000\040\000m\000a\000i\000n\000\040\000c\000a\000n\000o\000n}{}% 205
\BOOKMARK [2][-]{subsection.H.1}{\376\377\000T\000h\000e\000r\000m\000o\000d\000y\000n\000a\000m\000i\000c\000\040\000R\000a\000d\000i\000a\000t\000i\000o\000n\000\040\000I\000n\000t\000e\000r\000f\000a\000c\000e}{section.H}% 206
\BOOKMARK [2][-]{subsection.H.2}{\376\377\000M\000i\000n\000i\000m\000a\000l\000\040\000C\000o\000u\000p\000l\000i\000n\000g\000\040\000I\000n\000t\000e\000r\000f\000a\000c\000e\000\040\000t\000o\000\040\000Q\000E\000D}{section.H}% 207
\BOOKMARK [2][-]{subsection.H.3}{\376\377\000R\000i\000b\000b\000o\000n\000-\000I\000n\000v\000a\000r\000i\000a\000n\000t\000\040\000C\000h\000i\000r\000a\000l\000i\000t\000y\000\040\000R\000e\000f\000i\000n\000e\000m\000e\000n\000t}{section.H}% 208
\BOOKMARK [2][-]{subsection.H.4}{\376\377\000P\000a\000r\000t\000i\000c\000l\000e\000-\000C\000a\000n\000d\000i\000d\000a\000t\000e\000\040\000M\000a\000p\000p\000i\000n\000g\000\040\000L\000a\000y\000e\000r}{section.H}% 209
\BOOKMARK [2][-]{subsection.H.5}{\376\377\000Q\000u\000a\000r\000k\000-\000L\000i\000k\000e\000\040\000T\000w\000i\000s\000t\000\040\000K\000n\000o\000t\000s\000\040\000a\000s\000\040\000Q\000u\000a\000s\000i\000-\000U\000n\000k\000n\000o\000t\000\040\000D\000e\000f\000e\000c\000t\000s}{section.H}% 210
\BOOKMARK [2][-]{subsection.H.6}{\376\377\000T\000w\000i\000s\000t\000-\000L\000a\000d\000d\000e\000r\000\040\000C\000l\000o\000s\000u\000r\000e\000\040\000f\000r\000o\000m\000\040\000a\000\040\000F\000o\000l\000d\000e\000d\000\040\000C\000l\000a\000s\000p}{section.H}% 211
\BOOKMARK [2][-]{subsection.H.7}{\376\377\000T\000r\000i\000p\000l\000e\000-\000G\000e\000a\000r\000\040\000a\000n\000d\000\040\000B\000o\000r\000r\000o\000m\000e\000a\000n\000\040\000B\000a\000r\000y\000o\000n\000\040\000A\000n\000a\000l\000o\000g\000u\000e\000s}{section.H}% 212
\BOOKMARK [2][-]{subsection.H.8}{\376\377\000T\000r\000e\000f\000o\000i\000l\040\023\000G\000e\000a\000r\000\040\000K\000i\000n\000e\000m\000a\000t\000i\000c\000\040\000N\000o\000n\000-\000E\000q\000u\000i\000v\000a\000l\000e\000n\000c\000e}{section.H}% 213
\BOOKMARK [2][-]{subsection.H.9}{\376\377\000H\000i\000g\000g\000s\000-\000a\000s\000-\000T\000r\000e\000f\000o\000i\000l\000\040\000H\000i\000g\000h\000-\000T\000e\000m\000p\000e\000r\000a\000t\000u\000r\000e\000\040\000H\000y\000p\000o\000t\000h\000e\000s\000i\000s}{section.H}% 214
\BOOKMARK [2][-]{subsection.H.10}{\376\377\000H\000y\000d\000r\000o\000d\000y\000n\000a\000m\000i\000c\000\040\000E\000x\000c\000h\000a\000n\000g\000e\000\040\000a\000n\000d\000\040\000t\000h\000e\000\040\000P\000a\000u\000l\000i\000\040\000B\000a\000r\000r\000i\000e\000r}{section.H}% 215
\BOOKMARK [2][-]{subsection.H.11}{\376\377\000N\000u\000m\000e\000r\000i\000c\000a\000l\000\040\000B\000e\000n\000c\000h\000m\000a\000r\000k\000\040\000L\000a\000y\000e\000r}{section.H}% 216
\BOOKMARK [2][-]{subsection.H.12}{\376\377\000H\000e\000l\000i\000c\000i\000t\000y\000-\000b\000y\000-\000b\000a\000s\000e\000\040\000a\000r\000c\000h\000i\000v\000e\000\040\000\050\000d\000i\000a\000g\000n\000o\000s\000t\000i\000c\000\040\000l\000a\000y\000e\000r\000\051}{section.H}% 217
\BOOKMARK [2][-]{subsection.H.13}{\376\377\000T\000r\000e\000f\000o\000i\000l\000-\000c\000l\000o\000s\000u\000r\000e\000\040\000a\000r\000c\000h\000i\000v\000e\000\040\000\050\000b\000e\000n\000c\000h\000m\000a\000r\000k\000\040\000d\000i\000s\000c\000i\000p\000l\000i\000n\000e\000\051}{section.H}% 218
\BOOKMARK [2][-]{subsection.H.14}{\376\377\000p\000h\000i\0003\0001\000\040\000t\000r\000a\000n\000s\000f\000o\000r\000m\000\040\000a\000r\000c\000h\000i\000v\000e\000\040\000\050\000d\000e\000f\000e\000r\000r\000e\000d\000\051}{section.H}% 219
\BOOKMARK [2][-]{subsection.H.15}{\376\377\000G\000a\000u\000g\000e\000-\000S\000e\000c\000t\000o\000r\000\040\000R\000o\000a\000d\000m\000a\000p}{section.H}% 220
\BOOKMARK [1][-]{section.I}{\376\377\000D\000a\000r\000k\000-\000s\000e\000c\000t\000o\000r\000\040\000a\000n\000d\000\040\000g\000a\000l\000a\000c\000t\000i\000c\000\040\000c\000a\000n\000o\000n\000i\000z\000a\000t\000i\000o\000n\000\040\000e\000x\000e\000c\000u\000t\000i\000o\000n\000\040\000p\000a\000c\000k\000a\000g\000e\000\040\000\050\000v\0000\000.\0008\000.\000x\000\051}{}% 221
\BOOKMARK [2][-]{subsection.I.1}{\376\377\000S\000t\000a\000g\000e\000-\0000\000\040\000f\000r\000e\000e\000z\000e\000:\000\040\000t\000o\000p\000o\000l\000o\000g\000y\000\040\000t\000o\000o\000l\000k\000i\000t\000\040\000a\000n\000d\000\040\000b\000e\000n\000c\000h\000m\000a\000r\000k\000\040\000p\000r\000o\000t\000o\000c\000o\000l}{section.I}% 222
\BOOKMARK [2][-]{subsection.I.2}{\376\377\000S\000t\000a\000g\000e\000-\0001\000\040\000f\000r\000e\000e\000z\000e\000:\000\040\000d\000a\000r\000k\000-\000s\000e\000c\000t\000o\000r\000\040\000E\000u\000l\000e\000r\000\040\000p\000r\000e\000s\000s\000u\000r\000e\000\040\000a\000n\000c\000h\000o\000r}{section.I}% 223
\BOOKMARK [2][-]{subsection.I.3}{\376\377\000S\000t\000a\000g\000e\000-\0002\000\040\000f\000r\000e\000e\000z\000e\000:\000\040\000m\000e\000a\000s\000u\000r\000a\000b\000l\000e\000\040\000d\000a\000r\000k\000\040\000t\000a\000x\000o\000n\000o\000m\000y}{section.I}% 224
\BOOKMARK [2][-]{subsection.I.4}{\376\377\000S\000t\000a\000g\000e\000-\0003\000\040\000f\000r\000e\000e\000z\000e\000:\000\040\000g\000a\000l\000a\000c\000t\000i\000c\000\040\000l\000a\000w\000\040\000b\000r\000a\000n\000c\000h\000\040\000g\000a\000t\000e\000\040\000a\000n\000d\000\040\000c\000l\000o\000s\000u\000r\000e\000\040\000r\000o\000u\000t\000e}{section.I}% 225
\BOOKMARK [2][-]{subsection.I.5}{\376\377\000S\000t\000a\000g\000e\000-\0004\000\040\000f\000r\000e\000e\000z\000e\000:\000\040\000p\000r\000o\000b\000e\000\040\000f\000a\000l\000s\000i\000f\000i\000c\000a\000t\000i\000o\000n\000\040\000m\000a\000p}{section.I}% 226
\BOOKMARK [2][-]{subsection.I.6}{\376\377\000P\000r\000o\000m\000o\000t\000i\000o\000n\000\040\000s\000n\000a\000p\000s\000h\000o\000t\000\040\000a\000f\000t\000e\000r\000\040\000e\000x\000e\000c\000u\000t\000i\000o\000n}{section.I}% 227
\BOOKMARK [1][-]{section.J}{\376\377\000C\000a\000n\000d\000i\000d\000a\000t\000e\000\040\000C\000A\000N\000O\000N\000-\000v\0000\000.\0008\000.\000x\000\040\000M\000o\000d\000u\000l\000e\000s\000\040\000f\000r\000o\000m\000\040\000S\000w\000i\000r\000l\000-\000F\000l\000u\000x\000,\000\040\000E\000n\000v\000e\000l\000o\000p\000e\000,\000\040\000a\000n\000d\000\040\000R\000e\000c\000o\000n\000n\000e\000c\000t\000i\000o\000n\000\040\000A\000n\000a\000l\000y\000s\000i\000s}{}% 228
\BOOKMARK [2][-]{subsection.J.1}{\376\377\000S\000t\000a\000t\000u\000s\000\040\000C\000l\000a\000s\000s\000i\000f\000i\000c\000a\000t\000i\000o\000n}{section.J}% 229
\BOOKMARK [2][-]{subsection.J.2}{\376\377\000E\000n\000v\000e\000l\000o\000p\000e\000\040\000S\000t\000i\000f\000f\000n\000e\000s\000s\000\040\000a\000n\000d\000\040\000t\000h\000e\000\040\000R\000e\000j\000e\000c\000t\000i\000o\000n\000\040\000o\000f\000\040\000t\000h\000e\000\040\000v\000s\000w\000i\000r\000l\0002\000\040\000L\000a\000p\000l\000a\000c\000i\000a\000n\000\040\000K\000i\000n\000e\000t\000i\000c\000\040\000T\000e\000r\000m}{section.J}% 230
\BOOKMARK [2][-]{subsection.J.3}{\376\377\000N\000u\000m\000e\000r\000i\000c\000a\000l\000\040\000B\000r\000i\000d\000g\000e\000\040\000A\000n\000o\000m\000a\000l\000y}{section.J}% 231
\BOOKMARK [2][-]{subsection.J.4}{\376\377\000S\000w\000i\000r\000l\000-\000F\000l\000u\000x\000\040\000L\000o\000c\000k\000i\000n\000g\000\040\000a\000n\000d\000\040\000t\000h\000e\000\040\000M\000e\000i\000s\000s\000n\000e\000r\000\040\000E\000f\000f\000e\000c\000t}{section.J}% 232
\BOOKMARK [2][-]{subsection.J.5}{\376\377\000R\000/\000T\000\040\000P\000s\000e\000u\000d\000o\000m\000o\000m\000e\000n\000t\000u\000m\040\023\000I\000m\000p\000u\000l\000s\000e\000\040\000E\000x\000c\000h\000a\000n\000g\000e}{section.J}% 233
\BOOKMARK [2][-]{subsection.J.6}{\376\377\000R\000e\000c\000o\000n\000n\000e\000c\000t\000i\000o\000n\000\040\000a\000n\000d\000\040\000H\000e\000l\000i\000c\000i\000t\000y\000\040\000R\000e\000d\000i\000s\000t\000r\000i\000b\000u\000t\000i\000o\000n}{section.J}% 234
\BOOKMARK [2][-]{subsection.J.7}{\376\377\000S\000p\000h\000e\000r\000i\000c\000a\000l\000\040\000P\000r\000e\000s\000s\000u\000r\000e\000\040\000E\000n\000v\000e\000l\000o\000p\000e\000s}{section.J}% 235
\BOOKMARK [2][-]{subsection.J.8}{\376\377\000G\000o\000l\000d\000e\000n\000-\000L\000a\000y\000e\000r\000\040\000S\000c\000a\000l\000i\000n\000g}{section.J}% 236
\BOOKMARK [2][-]{subsection.J.9}{\376\377\000N\000o\000n\000-\000H\000o\000l\000o\000n\000o\000m\000i\000c\000\040\000G\000r\000a\000v\000i\000t\000y\000\040\000C\000l\000a\000i\000m\000s}{section.J}% 237
\BOOKMARK [1][-]{section.K}{\376\377\000M\000o\000d\000e\000-\000L\000o\000c\000k\000e\000d\000\040\000S\000w\000i\000r\000l\000-\000C\000o\000i\000l\000\040\000E\000x\000c\000i\000t\000a\000t\000i\000o\000n\000\040\000a\000n\000d\000\040\000v\000=\000f\000\040\000d\000x\000\040\000M\000e\000t\000r\000o\000l\000o\000g\000y}{}% 238
\BOOKMARK [2][-]{subsection.K.1}{\376\377\000M\000o\000t\000i\000v\000a\000t\000i\000o\000n}{section.K}% 239
\BOOKMARK [2][-]{subsection.K.2}{\376\377\000R\000i\000n\000g\000-\000m\000o\000d\000e\000\040\000c\000l\000o\000s\000u\000r\000e\000\040\000c\000o\000n\000d\000i\000t\000i\000o\000n}{section.K}% 240
\BOOKMARK [2][-]{subsection.K.3}{\376\377\000N\000u\000m\000e\000r\000i\000c\000a\000l\000\040\000c\000a\000l\000i\000b\000r\000a\000t\000i\000o\000n\000\040\000e\000x\000a\000m\000p\000l\000e\000s}{section.K}% 241
\BOOKMARK [2][-]{subsection.K.4}{\376\377\000T\000h\000r\000e\000e\000-\000p\000h\000a\000s\000e\000\040\000s\000e\000l\000e\000c\000t\000i\000o\000n\000\040\000r\000u\000l\000e}{section.K}% 242
\BOOKMARK [2][-]{subsection.K.5}{\376\377\000D\000o\000u\000b\000l\000e\000-\000s\000t\000a\000c\000k\000\040\000p\000h\000a\000s\000e\000-\000s\000h\000i\000f\000t\000\040\000f\000i\000l\000t\000e\000r}{section.K}% 243
\BOOKMARK [2][-]{subsection.K.6}{\376\377\000G\000o\000l\000d\000e\000n\000-\000d\000u\000t\000y\000\040\000P\000W\000M\000\040\000s\000p\000e\000c\000t\000r\000u\000m}{section.K}% 244
\BOOKMARK [2][-]{subsection.K.7}{\376\377\000S\000a\000w\000S\000h\000a\000p\000e\000\040\000w\000i\000n\000d\000i\000n\000g\000\040\000f\000a\000c\000t\000o\000r\000\040\000f\000o\000r\000\040\000P\0004\0000\000,\000+\0001\0001\000,\000-\0009}{section.K}% 245
\BOOKMARK [2][-]{subsection.K.8}{\376\377\000C\000a\000n\000o\000n\000i\000c\000a\000l\000\040\000i\000n\000t\000e\000r\000p\000r\000e\000t\000a\000t\000i\000o\000n}{section.K}% 246
\BOOKMARK [2][-]{subsection.K.9}{\376\377\000E\000x\000p\000e\000r\000i\000m\000e\000n\000t\000a\000l\000\040\000f\000a\000l\000s\000i\000f\000i\000c\000a\000t\000i\000o\000n\000\040\000p\000r\000o\000t\000o\000c\000o\000l}{section.K}% 247
\BOOKMARK [2][-]{subsection.K.10}{\376\377\000V\000o\000r\000t\000i\000c\000i\000t\000y\000-\000f\000o\000r\000c\000e\000\040\000d\000e\000c\000o\000m\000p\000o\000s\000i\000t\000i\000o\000n\000\040\000l\000a\000y\000e\000r}{section.K}% 248
\BOOKMARK [2][-]{subsection.K.11}{\376\377\000R\000e\000c\000o\000m\000m\000e\000n\000d\000e\000d\000\040\000m\000e\000a\000s\000u\000r\000e\000d\000\040\000o\000b\000s\000e\000r\000v\000a\000b\000l\000e\000s}{section.K}% 249
\BOOKMARK [2][-]{subsection.K.12}{\376\377\000C\000o\000n\000c\000l\000u\000s\000i\000o\000n}{section.K}% 250
\BOOKMARK [1][-]{section.L}{\376\377\000R\000e\000s\000e\000a\000r\000c\000h\000\040\000A\000p\000p\000e\000n\000d\000i\000x\000:\000\040\000N\000o\000n\000-\000A\000b\000e\000l\000i\000a\000n\000\040\000T\000o\000p\000o\000l\000o\000g\000i\000c\000a\000l\000\040\000C\000h\000a\000r\000g\000e\000\040\000f\000o\000r\000\040\000P\000r\000o\000t\000e\000c\000t\000e\000d\000\040\000S\000w\000i\000r\000l\000\040\000S\000t\000r\000i\000n\000g\000s}{}% 251
\BOOKMARK [2][-]{subsection.L.1}{\376\377\000M\000o\000t\000i\000v\000a\000t\000i\000o\000n}{section.L}% 252
\BOOKMARK [2][-]{subsection.L.2}{\376\377\000G\000r\000o\000u\000p\000-\000c\000o\000l\000o\000r\000e\000d\000\040\000s\000w\000i\000r\000l\000-\000s\000t\000r\000i\000n\000g\000\040\000s\000e\000c\000t\000o\000r}{section.L}% 253
\BOOKMARK [2][-]{subsection.L.3}{\376\377\000P\000r\000o\000t\000e\000c\000t\000e\000d\000-\000s\000e\000c\000t\000o\000r\000\040\000i\000n\000v\000a\000r\000i\000a\000n\000t}{section.L}% 254
\BOOKMARK [2][-]{subsection.L.4}{\376\377\000D\000i\000m\000e\000n\000s\000i\000o\000n\000a\000l\000\040\000c\000h\000e\000c\000k}{section.L}% 255
\BOOKMARK [2][-]{subsection.L.5}{\376\377\000M\000i\000n\000i\000m\000a\000l\000\040\000f\000a\000l\000s\000i\000f\000i\000e\000r}{section.L}% 256
\BOOKMARK [1][-]{section.M}{\376\377\000R\000e\000s\000e\000a\000r\000c\000h\000\040\000A\000p\000p\000e\000n\000d\000i\000x\000:\000\040\000R\000e\000c\000o\000n\000n\000e\000c\000t\000i\000o\000n\000\040\000D\000e\000c\000a\000y\000\040\000a\000s\000\040\000a\000\040\000S\000t\000a\000b\000i\000l\000i\000t\000y\000\040\000F\000a\000l\000s\000i\000f\000i\000e\000r}{}% 257
\BOOKMARK [2][-]{subsection.M.1}{\376\377\000B\000a\000s\000e\000l\000i\000n\000e\000\040\000s\000t\000a\000t\000e\000m\000e\000n\000t}{section.M}% 258
\BOOKMARK [2][-]{subsection.M.2}{\376\377\000S\000S\000T\000\040\000s\000t\000a\000b\000i\000l\000i\000t\000y\000\040\000c\000r\000i\000t\000e\000r\000i\000o\000n}{section.M}% 259
\BOOKMARK [2][-]{subsection.M.3}{\376\377\000R\000e\000l\000a\000t\000i\000o\000n\000\040\000t\000o\000\040\000C\000h\000r\000o\000n\000o\000s\040\023\000K\000e\000l\000v\000i\000n\000\040\000t\000r\000a\000n\000s\000p\000o\000r\000t}{section.M}% 260
\BOOKMARK [2][-]{subsection.M.4}{\376\377\000D\000i\000m\000e\000n\000s\000i\000o\000n\000l\000e\000s\000s\000\040\000d\000i\000a\000g\000n\000o\000s\000t\000i\000c}{section.M}% 261
\BOOKMARK [2][-]{subsection.M.5}{\376\377\000M\000i\000n\000i\000m\000a\000l\000\040\000s\000i\000m\000u\000l\000a\000t\000i\000o\000n\000\040\000p\000r\000o\000t\000o\000c\000o\000l}{section.M}% 262
\BOOKMARK [1][-]{section.N}{\376\377\000R\000e\000s\000e\000a\000r\000c\000h\000\040\000A\000p\000p\000e\000n\000d\000i\000x\000:\000\040\000F\000r\000a\000c\000t\000i\000o\000n\000a\000l\000\040\000T\000o\000r\000u\000s\000-\000P\000h\000a\000s\000e\000\040\000W\000i\000n\000d\000i\000n\000g\000\040\000a\000n\000d\000\040\000S\000w\000i\000r\000l\000-\000C\000l\000o\000c\000k\000\040\000P\000h\000a\000s\000e}{}% 263
\BOOKMARK [2][-]{subsection.N.1}{\376\377\000C\000o\000o\000r\000d\000i\000n\000a\000t\000e\000d\000\040\000p\000h\000a\000s\000e\000\040\000g\000e\000n\000e\000r\000a\000t\000o\000r}{section.N}% 264
\BOOKMARK [2][-]{subsection.N.2}{\376\377\000S\000S\000T\000\040\000p\000h\000a\000s\000e\000-\000a\000c\000t\000i\000o\000n\000\040\000t\000r\000a\000n\000s\000l\000a\000t\000i\000o\000n}{section.N}% 265
\BOOKMARK [2][-]{subsection.N.3}{\376\377\000C\000o\000n\000n\000e\000c\000t\000i\000o\000n\000\040\000t\000o\000\040\000S\000w\000i\000r\000l\000-\000C\000l\000o\000c\000k\000\040\000m\000o\000d\000u\000l\000a\000t\000i\000o\000n}{section.N}% 266
\BOOKMARK [2][-]{subsection.N.4}{\376\377\000D\000i\000m\000e\000n\000s\000i\000o\000n\000a\000l\000\040\000c\000h\000e\000c\000k}{section.N}% 267
\BOOKMARK [1][-]{section.O}{\376\377\000R\000e\000s\000e\000a\000r\000c\000h\000\040\000A\000p\000p\000e\000n\000d\000i\000x\000:\000\040\000T\000o\000p\000o\000l\000o\000g\000i\000c\000a\000l\000\040\000F\000l\000u\000i\000d\000\040\000M\000e\000c\000h\000a\000n\000i\000c\000s\000\040\000a\000n\000d\000\040\000t\000h\000e\000\040\000S\000S\000T\000\040\000E\000n\000e\000r\000g\000y\000\040\000F\000u\000n\000c\000t\000i\000o\000n\000a\000l}{}% 268
\BOOKMARK [2][-]{subsection.O.1}{\376\377\000F\000r\000o\000z\000e\000n\000-\000f\000i\000e\000l\000d\000\040\000t\000o\000p\000o\000l\000o\000g\000y}{section.O}% 269
\BOOKMARK [2][-]{subsection.O.2}{\376\377\000E\000n\000e\000r\000g\000y\000\040\000r\000e\000l\000a\000x\000a\000t\000i\000o\000n\000\040\000u\000n\000d\000e\000r\000\040\000t\000o\000p\000o\000l\000o\000g\000i\000c\000a\000l\000\040\000c\000o\000n\000s\000t\000r\000a\000i\000n\000t\000s}{section.O}% 270
\BOOKMARK [2][-]{subsection.O.3}{\376\377\000R\000e\000d\000u\000c\000t\000i\000o\000n\000\040\000t\000o\000\040\000t\000h\000e\000\040\000S\000S\000T\000\040\000n\000o\000r\000m\000a\000l\000\040\000f\000o\000r\000m}{section.O}% 271
\BOOKMARK [2][-]{subsection.O.4}{\376\377\000C\000a\000n\000o\000n\000\040\000d\000i\000s\000c\000i\000p\000l\000i\000n\000e}{section.O}% 272
\BOOKMARK [2][-]{subsection.O.5}{\376\377\000M\000i\000n\000i\000m\000a\000l\000\040\000f\000a\000l\000s\000i\000f\000i\000e\000r}{section.O}% 273
\BOOKMARK [1][-]{section.P}{\376\377\000R\000e\000s\000o\000n\000a\000n\000c\000e\000\040\000S\000e\000l\000e\000c\000t\000i\000o\000n\000\040\000P\000r\000i\000n\000c\000i\000p\000l\000e}{}% 274
\BOOKMARK [1][-]{section.Q}{\376\377\000R\000e\000s\000o\000n\000a\000n\000c\000e\000\040\000S\000e\000l\000e\000c\000t\000i\000o\000n\000\040\000P\000r\000i\000n\000c\000i\000p\000l\000e\000\040\000f\000o\000r\000\040\000S\000w\000i\000r\000l\040\023\000S\000t\000r\000i\000n\000g\000\040\000E\000x\000c\000i\000t\000a\000t\000i\000o\000n}{}% 275
\BOOKMARK [1][-]{section.R}{\376\377\000T\000i\000m\000e\000-\000D\000o\000m\000a\000i\000n\000\040\000K\000e\000r\000n\000e\000l\000\040\000F\000o\000r\000m\000\040\000o\000f\000\040\000S\000w\000i\000r\000l\040\023\000S\000t\000r\000i\000n\000g\000\040\000R\000e\000s\000p\000o\000n\000s\000e}{}% 276
\BOOKMARK [1][-]{section.S}{\376\377\000S\000w\000i\000r\000l\000\040\000I\000m\000p\000e\000d\000a\000n\000c\000e\000\040\000a\000n\000d\000\040\000M\000o\000d\000e\000\040\000L\000i\000n\000e\000w\000i\000d\000t\000h}{}% 277
\BOOKMARK [1][-]{section.T}{\376\377\000L\000a\000y\000e\000r\000e\000d\000\040\000R\000e\000l\000a\000x\000a\000t\000i\000o\000n\000\040\000a\000n\000d\000\040\000M\000u\000l\000t\000i\000-\000M\000o\000d\000e\000\040\000D\000e\000c\000a\000y}{}% 278
\BOOKMARK [1][-]{section.U}{\376\377\000S\000u\000m\000m\000a\000r\000y\000\040\000o\000f\000\040\000C\000a\000n\000o\000n\000\040\000P\000l\000a\000c\000e\000m\000e\000n\000t}{}% 279
\BOOKMARK [1][-]{section.V}{\376\377\000R\000e\000s\000e\000a\000r\000c\000h\000\040\000T\000r\000a\000c\000k\000:\000\040\000N\000e\000s\000t\000e\000d\000\040\000V\000o\000r\000t\000e\000x\040\023\000A\000n\000t\000i\000v\000o\000r\000t\000e\000x\000\040\000S\000t\000a\000t\000e\000s\000\040\000a\000s\000\040\000E\000n\000t\000r\000o\000p\000y\000-\000M\000i\000n\000i\000m\000i\000z\000i\000n\000g\000\040\000S\000w\000i\000r\000l\000\040\000S\000t\000r\000u\000c\000t\000u\000r\000e\000s}{}% 280
\BOOKMARK [2][-]{subsection.V.1}{\376\377\000M\000o\000t\000i\000v\000a\000t\000i\000o\000n}{section.V}% 281
\BOOKMARK [2][-]{subsection.V.2}{\376\377\000H\000e\000l\000i\000c\000i\000t\000y\000\040\000C\000a\000n\000c\000e\000l\000l\000a\000t\000i\000o\000n}{section.V}% 282
\BOOKMARK [2][-]{subsection.V.3}{\376\377\000E\000n\000t\000r\000o\000p\000y\000\040\000H\000y\000p\000o\000t\000h\000e\000s\000i\000s}{section.V}% 283
\BOOKMARK [2][-]{subsection.V.4}{\376\377\000S\000t\000a\000t\000u\000s}{section.V}% 284
\BOOKMARK [1][-]{section.W}{\376\377\000R\000e\000s\000e\000a\000r\000c\000h\000\040\000T\000r\000a\000c\000k\000:\000\040\000H\000e\000l\000i\000c\000i\000t\000y\000\040\000C\000o\000n\000v\000e\000r\000s\000i\000o\000n\000\040\000a\000n\000d\000\040\000T\000o\000r\000s\000i\000o\000n\000a\000l\000\040\000R\000a\000d\000i\000a\000t\000i\000o\000n}{}% 285
\BOOKMARK [2][-]{subsection.W.1}{\376\377\000M\000o\000t\000i\000v\000a\000t\000i\000o\000n}{section.W}% 286
\BOOKMARK [2][-]{subsection.W.2}{\376\377\000H\000e\000l\000i\000c\000i\000t\000y\000\040\000P\000a\000r\000t\000i\000t\000i\000o\000n}{section.W}% 287
\BOOKMARK [2][-]{subsection.W.3}{\376\377\000S\000S\000T\000\040\000I\000n\000t\000e\000r\000p\000r\000e\000t\000a\000t\000i\000o\000n}{section.W}% 288
\BOOKMARK [2][-]{subsection.W.4}{\376\377\000M\000a\000s\000s\040\023\000R\000a\000d\000i\000a\000t\000i\000o\000n\000\040\000C\000o\000n\000v\000e\000r\000s\000i\000o\000n\000\040\000C\000h\000a\000i\000n}{section.W}% 289
\BOOKMARK [2][-]{subsection.W.5}{\376\377\000C\000o\000n\000n\000e\000c\000t\000i\000o\000n\000\040\000t\000o\000\040\000P\000h\000o\000t\000o\000n\000\040\000O\000n\000t\000o\000l\000o\000g\000y}{section.W}% 290
\BOOKMARK [2][-]{subsection.W.6}{\376\377\000F\000a\000l\000s\000i\000f\000i\000a\000b\000l\000e\000\040\000P\000r\000e\000d\000i\000c\000t\000i\000o\000n}{section.W}% 291
\BOOKMARK [2][-]{subsection.W.7}{\376\377\000S\000t\000a\000t\000u\000s}{section.W}% 292
\BOOKMARK [1][-]{section.X}{\376\377\000R\000e\000s\000e\000a\000r\000c\000h\000\040\000T\000r\000a\000c\000k\000:\000\040\000K\000a\000i\000r\000o\000s\000\040\000S\000u\000r\000f\000a\000c\000e\000s\000\040\000a\000s\000\040\000C\000h\000i\000r\000a\000l\000i\000t\000y\000\040\000T\000r\000a\000n\000s\000i\000t\000i\000o\000n\000\040\000L\000a\000y\000e\000r\000s}{}% 293
\BOOKMARK [2][-]{subsection.X.1}{\376\377\000D\000e\000f\000i\000n\000i\000t\000i\000o\000n}{section.X}% 294
\BOOKMARK [2][-]{subsection.X.2}{\376\377\000P\000h\000y\000s\000i\000c\000a\000l\000\040\000I\000n\000t\000e\000r\000p\000r\000e\000t\000a\000t\000i\000o\000n}{section.X}% 295
\BOOKMARK [2][-]{subsection.X.3}{\376\377\000K\000a\000i\000r\000o\000s\000\040\000C\000r\000i\000t\000e\000r\000i\000o\000n}{section.X}% 296
\BOOKMARK [2][-]{subsection.X.4}{\376\377\000S\000t\000a\000t\000u\000s}{section.X}% 297
\BOOKMARK [1][-]{section.Y}{\376\377\000E\000u\000l\000e\000r\000-\000D\000e\000c\000o\000m\000p\000o\000s\000e\000d\000\040\000S\000w\000i\000r\000l\000\040\000G\000r\000a\000v\000i\000t\000y\000\040\000a\000n\000d\000\040\000P\000r\000o\000b\000e\000\040\000T\000r\000a\000n\000s\000p\000o\000r\000t}{}% 298
\BOOKMARK [2][-]{subsection.Y.1}{\376\377\000P\000u\000r\000p\000o\000s\000e\000\040\000a\000n\000d\000\040\000s\000t\000a\000t\000u\000s}{section.Y}% 299
\BOOKMARK [2][-]{subsection.Y.2}{\376\377\000C\000a\000n\000o\000n\000i\000c\000a\000l\000\040\000p\000r\000e\000s\000s\000u\000r\000e\000\040\000a\000c\000c\000e\000l\000e\000r\000a\000t\000i\000o\000n}{section.Y}% 300
\BOOKMARK [2][-]{subsection.Y.3}{\376\377\000E\000u\000l\000e\000r\000\040\000d\000e\000c\000o\000m\000p\000o\000s\000i\000t\000i\000o\000n}{section.Y}% 301
\BOOKMARK [2][-]{subsection.Y.4}{\376\377\000F\000i\000l\000a\000m\000e\000n\000t\000\040\000M\000a\000g\000n\000u\000s\000\040\000t\000r\000a\000n\000s\000p\000o\000r\000t}{section.Y}% 302
\BOOKMARK [2][-]{subsection.Y.5}{\376\377\000C\000u\000r\000v\000a\000t\000u\000r\000e\000\040\000s\000e\000l\000f\000-\000t\000r\000a\000n\000s\000p\000o\000r\000t}{section.Y}% 303
\BOOKMARK [2][-]{subsection.Y.6}{\376\377\000S\000t\000a\000t\000u\000s}{section.Y}% 304
\BOOKMARK [1][-]{section.Z}{\376\377\000R\000e\000s\000e\000a\000r\000c\000h\000\040\000T\000r\000a\000c\000k\000:\000\040\000S\000w\000i\000r\000l\040\023\000E\000l\000e\000c\000t\000r\000o\000m\000a\000g\000n\000e\000t\000i\000c\000\040\000N\000o\000r\000m\000a\000l\000i\000z\000a\000t\000i\000o\000n\000\040\000b\000y\000\040\000V\000o\000r\000t\000i\000c\000i\000t\000y}{}% 305
\BOOKMARK [2][-]{subsection.Z.1}{\376\377\000P\000u\000r\000p\000o\000s\000e\000\040\000a\000n\000d\000\040\000S\000t\000a\000t\000u\000s}{section.Z}% 306
\BOOKMARK [2][-]{subsection.Z.2}{\376\377\000W\000h\000y\000\040\000D\000i\000r\000e\000c\000t\000\040\000V\000o\000r\000t\000i\000c\000i\000t\000y\000\040\000S\000o\000u\000r\000c\000e\000\040\000T\000e\000r\000m\000s\000\040\000A\000r\000e\000\040\000R\000e\000j\000e\000c\000t\000e\000d}{section.Z}% 307
\BOOKMARK [2][-]{subsection.Z.3}{\376\377\000E\000l\000e\000c\000t\000r\000i\000c\000\040\000F\000i\000e\000l\000d\000\040\000f\000r\000o\000m\000\040\000T\000i\000m\000e\000-\000D\000e\000p\000e\000n\000d\000e\000n\000t\000\040\000S\000w\000i\000r\000l}{section.Z}% 308
\BOOKMARK [2][-]{subsection.Z.4}{\376\377\000M\000a\000x\000w\000e\000l\000l\000\040\000E\000q\000u\000a\000t\000i\000o\000n\000s\000\040\000a\000s\000\040\000E\000f\000f\000e\000c\000t\000i\000v\000e\000\040\000M\000e\000d\000i\000u\000m\000\040\000E\000q\000u\000a\000t\000i\000o\000n\000s}{section.Z}% 309
\BOOKMARK [2][-]{subsection.Z.5}{\376\377\000C\000a\000n\000o\000n\000i\000c\000a\000l\000\040\000C\000i\000r\000c\000u\000l\000a\000t\000i\000o\000n\000-\000S\000c\000a\000l\000e\000\040\000C\000a\000l\000i\000b\000r\000a\000t\000i\000o\000n\000\040\000a\000n\000d\000\040\000t\000h\000e\000\040\000Q\000E\000D\000\040\000C\000r\000i\000t\000i\000c\000a\000l\000\040\000F\000i\000e\000l\000d}{section.Z}% 310
\BOOKMARK [2][-]{subsection.Z.6}{\376\377\000C\000o\000r\000r\000e\000c\000t\000e\000d\000\040\000M\000a\000x\000i\000m\000u\000m\000\040\000F\000o\000r\000c\000e\000\040\000R\000e\000l\000a\000t\000i\000o\000n}{section.Z}% 311
\BOOKMARK [2][-]{subsection.Z.7}{\376\377\000P\000h\000o\000t\000o\000n\000\040\000a\000n\000d\000\040\000R\000-\000P\000h\000a\000s\000e\000\040\000N\000o\000r\000m\000a\000l\000\040\000M\000o\000d\000e\000s}{section.Z}% 312
\BOOKMARK [2][-]{subsection.Z.8}{\376\377\000K\000e\000l\000v\000i\000n\000\040\000I\000m\000p\000u\000l\000s\000e\000\040\000B\000r\000i\000d\000g\000e}{section.Z}% 313
\BOOKMARK [2][-]{subsection.Z.9}{\376\377\000T\000o\000p\000o\000l\000o\000g\000y\000,\000\040\000H\000e\000l\000i\000c\000i\000t\000y\000,\000\040\000a\000n\000d\000\040\000R\000e\000c\000o\000n\000n\000e\000c\000t\000i\000o\000n}{section.Z}% 314
\BOOKMARK [2][-]{subsection.Z.10}{\376\377\000P\000r\000e\000s\000s\000u\000r\000e\000\040\000E\000n\000v\000e\000l\000o\000p\000e\000s\000\040\000a\000n\000d\000\040\000S\000p\000h\000e\000r\000i\000c\000a\000l\000\040\000E\000q\000u\000i\000l\000i\000b\000r\000i\000u\000m}{section.Z}% 315
\BOOKMARK [2][-]{subsection.Z.11}{\376\377\000N\000e\000g\000a\000t\000i\000v\000e\000-\000T\000e\000m\000p\000e\000r\000a\000t\000u\000r\000e\000\040\000a\000n\000d\000\040\000E\000n\000t\000r\000o\000p\000y\000\040\000A\000n\000a\000l\000o\000g\000y}{section.Z}% 316
\BOOKMARK [2][-]{subsection.Z.12}{\376\377\000R\000e\000s\000e\000a\000r\000c\000h\000\040\000C\000l\000a\000i\000m\000s\000\040\000R\000e\000t\000a\000i\000n\000e\000d}{section.Z}% 317
\BOOKMARK [2][-]{subsection.Z.13}{\376\377\000C\000l\000a\000i\000m\000s\000\040\000N\000o\000t\000\040\000R\000e\000t\000a\000i\000n\000e\000d\000\040\000a\000s\000\040\000C\000a\000n\000o\000n\000i\000c\000a\000l}{section.Z}% 318
\BOOKMARK [2][-]{subsection.Z.14}{\376\377\000M\000i\000n\000i\000m\000a\000l\000\040\000E\000x\000p\000e\000r\000i\000m\000e\000n\000t\000a\000l\000\040\000T\000e\000s\000t\000s}{section.Z}% 319
\BOOKMARK [2][-]{subsection.Z.15}{\376\377\000N\000u\000m\000e\000r\000i\000c\000a\000l\000\040\000V\000e\000r\000i\000f\000i\000c\000a\000t\000i\000o\000n\000\040\000T\000a\000b\000l\000e}{section.Z}% 320
\BOOKMARK [2][-]{subsection.Z.16}{\376\377\000C\000o\000n\000c\000l\000u\000s\000i\000o\000n}{section.Z}% 321
