This is pdfTeX, Version 3.141592653-2.6-1.40.29 (MiKTeX 26.2) (preloaded format=pdflatex 2026.3.31)  13 MAY 2026 22:09
entering extended mode
 restricted \write18 enabled.
 %&-line parsing enabled.
**./VAM-11-Master_Equation_for_Particle_Masses.tex
(VAM-11-Master_Equation_for_Particle_Masses.tex
LaTeX2e <2025-11-01>
L3 programming layer <2025-11-06>
(C:\Users\oscar\MikTex\tex/latex/base\article.cls
Document Class: article 2025/01/22 v1.4n Standard LaTeX document class
(C:\Users\oscar\MikTex\tex/latex/base\size11.clo
File: size11.clo 2025/01/22 v1.4n Standard LaTeX file (size option)
)
\c@part=\count275
\c@section=\count276
\c@subsection=\count277
\c@subsubsection=\count278
\c@paragraph=\count279
\c@subparagraph=\count280
\c@figure=\count281
\c@table=\count282
\abovecaptionskip=\skip49
\belowcaptionskip=\skip50
\bibindent=\dimen148
)
(C:\Users\oscar\MikTex\tex/latex/subfiles\subfiles.sty
Package: subfiles 2020/11/14 v2.2 Multi-file projects (package)

(C:\Users\oscar\MikTex\tex/latex/import\import.sty
Package: import 2020/04/01  v 6.2
)) (vamstyle.sty

LaTeX Warning: You have requested file `',
               but the file provides `vamstyle'.

Package: vamstyle 2025/06/13 VAM unified style
(C:\Users\oscar\MikTex\tex/latex/base\ifthen.sty
Package: ifthen 2024/03/16 v1.1e Standard LaTeX ifthen package (DPC)
)
(C:\Users\oscar\MikTex\tex/latex/geometry\geometry.sty
Package: geometry 2026/03/07 v6.0 Page Geometry

(C:\Users\oscar\MikTex\tex/latex/graphics\keyval.sty
Package: keyval 2022/05/29 v1.15 key=value parser (DPC)
\KV@toks@=\toks17
)
(C:\Users\oscar\MikTex\tex/generic/iftex\ifvtex.sty
Package: ifvtex 2019/10/25 v1.7 ifvtex legacy package. Use iftex instead.

(C:\Users\oscar\MikTex\tex/generic/iftex\iftex.sty
Package: iftex 2024/12/12 v1.0g TeX engine tests
))
\Gm@cnth=\count283
\Gm@cntv=\count284
\c@Gm@tempcnt=\count285
\Gm@bindingoffset=\dimen149
\Gm@wd@mp=\dimen150
\Gm@odd@mp=\dimen151
\Gm@even@mp=\dimen152
\Gm@layoutwidth=\dimen153
\Gm@layoutheight=\dimen154
\Gm@layouthoffset=\dimen155
\Gm@layoutvoffset=\dimen156
\Gm@dimlist=\toks18

(C:\Users\oscar\MikTex\tex/latex/geometry\geometry.cfg))
(C:\Users\oscar\MikTex\tex/latex/base\fontenc.sty
Package: fontenc 2025/07/18 v2.1d Standard LaTeX package
)
(C:\Users\oscar\MikTex\tex/latex/base\inputenc.sty
Package: inputenc 2024/02/08 v1.3d Input encoding file
\inpenc@prehook=\toks19
\inpenc@posthook=\toks20
)
(C:\Users\oscar\MikTex\tex/generic/babel\babel.sty
Package: babel 2026/03/24 v26.5 The multilingual framework for LuaLaTeX, pdfLaT
eX and XeLaTeX
\babel@savecnt=\count286
LaTeX Encoding Info:    Redeclaring text command \ij (encoding OT1) on input li
ne 2078.
LaTeX Encoding Info:    Redeclaring text command \IJ (encoding OT1) on input li
ne 2080.
LaTeX Encoding Info:    Redeclaring text command \ij (encoding T1) on input lin
e 2082.
LaTeX Encoding Info:    Redeclaring text command \IJ (encoding T1) on input lin
e 2083.
LaTeX Encoding Info:    Ignoring declaration for text command \ij (encoding ?) 
on input line 2084.
LaTeX Encoding Info:    Ignoring declaration for text command \IJ (encoding ?) 
on input line 2086.
LaTeX Encoding Info:    Ignoring declaration for text command \SS (encoding ?) 
on input line 2111.
\U@D=\dimen157
\l@unhyphenated=\language79

(C:\Users\oscar\MikTex\tex/generic/babel\txtbabel.def)
\bbl@readstream=\read2
\bbl@dirlevel=\count287
Package babel Info: Configuration files are deprecated, as
(babel)             they can break document portability.
(babel)             Reported on input line 4206.

*************************************
* Local config file bblopts.cfg used
*
(C:\Users\oscar\MikTex\tex/latex/arabi\bblopts.cfg
File: bblopts.cfg 2005/09/08 v0.1 add Arabic and Farsi to "declared" options of
 babel
)
(C:\Users\oscar\MikTex\tex/generic/babel/locale/en\babel-english.tex)
Package babel Info: Importing font and identification data for english
(babel)             from babel-en.ini. Reported on input line 4330.

(C:\Users\oscar\MikTex\tex/latex/babel-english\english.ldf
Language: english 2017/06/06 v3.3r English support from the babel system
Package babel Info: Hyphen rules for 'canadian' set to \l@english
(babel)             (\language0). Reported on input line 102.
Package babel Info: Hyphen rules for 'australian' set to \l@ukenglish
(babel)             (\language73). Reported on input line 105.
Package babel Info: Hyphen rules for 'newzealand' set to \l@ukenglish
(babel)             (\language73). Reported on input line 108.
))
(C:\Users\oscar\MikTex\tex/latex/psnfss\mathpazo.sty
Package: mathpazo 2020/03/25 PSNFSS-v9.3 Palatino w/ Pazo Math (D.Puga, WaS) 
\symupright=\mathgroup4
)
(C:\Users\oscar\MikTex\tex/latex/inconsolata\inconsolata.sty
Package: inconsolata 2019/05/17 v1.12

`inconsolata-zi4' v1.12, 2019/05/17 Text macros for Inconsolata (msharpe)
(C:\Users\oscar\MikTex\tex/latex/base\textcomp.sty
Package: textcomp 2024/04/24 v2.1b Standard LaTeX package
)
(C:\Users\oscar\MikTex\tex/latex/xkeyval\xkeyval.sty
Package: xkeyval 2022/06/16 v2.9 package option processing (HA)

(C:\Users\oscar\MikTex\tex/generic/xkeyval\xkeyval.tex
(C:\Users\oscar\MikTex\tex/generic/xkeyval\xkvutils.tex
\XKV@toks=\toks21
\XKV@tempa@toks=\toks22
)
\XKV@depth=\count288
File: xkeyval.tex 2014/12/03 v2.7a key=value parser (HA)
))
\zifour@ocount=\count289
)
(C:\Users\oscar\MikTex\tex/latex/psnfss\helvet.sty
Package: helvet 2020/03/25 PSNFSS-v9.3 (WaS) 
)
(C:\Users\oscar\MikTex\tex/latex/amsmath\amsmath.sty
Package: amsmath 2025/07/09 v2.17z AMS math features
\@mathmargin=\skip51

For additional information on amsmath, use the `?' option.
(C:\Users\oscar\MikTex\tex/latex/amsmath\amstext.sty
Package: amstext 2024/11/17 v2.01 AMS text

(C:\Users\oscar\MikTex\tex/latex/amsmath\amsgen.sty
File: amsgen.sty 1999/11/30 v2.0 generic functions
\@emptytoks=\toks23
\ex@=\dimen158
))
(C:\Users\oscar\MikTex\tex/latex/amsmath\amsbsy.sty
Package: amsbsy 1999/11/29 v1.2d Bold Symbols
\pmbraise@=\dimen159
)
(C:\Users\oscar\MikTex\tex/latex/amsmath\amsopn.sty
Package: amsopn 2022/04/08 v2.04 operator names
)
\inf@bad=\count290
LaTeX Info: Redefining \frac on input line 233.
\uproot@=\count291
\leftroot@=\count292
LaTeX Info: Redefining \overline on input line 398.
LaTeX Info: Redefining \colon on input line 409.
\classnum@=\count293
\DOTSCASE@=\count294
LaTeX Info: Redefining \ldots on input line 495.
LaTeX Info: Redefining \dots on input line 498.
LaTeX Info: Redefining \cdots on input line 619.
\Mathstrutbox@=\box53
\strutbox@=\box54
LaTeX Info: Redefining \big on input line 721.
LaTeX Info: Redefining \Big on input line 722.
LaTeX Info: Redefining \bigg on input line 723.
LaTeX Info: Redefining \Bigg on input line 724.
\big@size=\dimen160
LaTeX Font Info:    Redeclaring font encoding OML on input line 742.
LaTeX Font Info:    Redeclaring font encoding OMS on input line 743.
\macc@depth=\count295
LaTeX Info: Redefining \bmod on input line 904.
LaTeX Info: Redefining \pmod on input line 909.
LaTeX Info: Redefining \smash on input line 939.
LaTeX Info: Redefining \relbar on input line 969.
LaTeX Info: Redefining \Relbar on input line 970.
\c@MaxMatrixCols=\count296
\dotsspace@=\muskip17
\c@parentequation=\count297
\dspbrk@lvl=\count298
\tag@help=\toks24
\row@=\count299
\column@=\count300
\maxfields@=\count301
\andhelp@=\toks25
\eqnshift@=\dimen161
\alignsep@=\dimen162
\tagshift@=\dimen163
\tagwidth@=\dimen164
\totwidth@=\dimen165
\lineht@=\dimen166
\@envbody=\toks26
\multlinegap=\skip52
\multlinetaggap=\skip53
\mathdisplay@stack=\toks27
LaTeX Info: Redefining \[ on input line 2950.
LaTeX Info: Redefining \] on input line 2951.
)
(C:\Users\oscar\MikTex\tex/latex/amsfonts\amssymb.sty
Package: amssymb 2013/01/14 v3.01 AMS font symbols

(C:\Users\oscar\MikTex\tex/latex/amsfonts\amsfonts.sty
Package: amsfonts 2013/01/14 v3.01 Basic AMSFonts support
\symAMSa=\mathgroup5
\symAMSb=\mathgroup6
LaTeX Font Info:    Redeclaring math symbol \hbar on input line 98.
LaTeX Font Info:    Overwriting math alphabet `\mathfrak' in version `bold'
(Font)                  U/euf/m/n --> U/euf/b/n on input line 106.
))
(C:\Users\oscar\MikTex\tex/latex/jknappen\mathrsfs.sty
Package: mathrsfs 1996/01/01 Math RSFS package v1.0 (jk)
\symrsfs=\mathgroup7
)
(C:\Users\oscar\MikTex\tex/latex/physics\physics.sty
Package: physics 

(C:\Users\oscar\MikTex\tex/latex/l3packages/xparse\xparse.sty
(C:\Users\oscar\MikTex\tex/latex/l3kernel\expl3.sty
Package: expl3 2025-11-06 L3 programming layer (loader) 

(C:\Users\oscar\MikTex\tex/latex/l3backend\l3backend-pdftex.def
File: l3backend-pdftex.def 2025-10-09 L3 backend support: PDF output (pdfTeX)
\l__color_backend_stack_int=\count302
))
Package: xparse 2025-10-09 L3 Experimental document command parser
))
(C:\Users\oscar\MikTex\tex/latex/enumitem\enumitem.sty
Package: enumitem 2025/02/06 v3.11 Customized lists
\labelindent=\skip54
\enit@outerparindent=\dimen167
\enit@toks=\toks28
\enit@inbox=\box55
\enit@count@id=\count303
\enitdp@description=\count304
)
(C:\Users\oscar\MikTex\tex/latex/siunitx\siunitx.sty
Package: siunitx 2026-03-26 v3.5.1 A comprehensive (SI) units package
\l__siunitx_number_uncert_offset_int=\count305
\l__siunitx_number_exponent_fixed_int=\count306
\l__siunitx_number_min_decimal_int=\count307
\l__siunitx_number_min_integer_int=\count308
\l__siunitx_number_round_precision_int=\count309
\l__siunitx_number_lower_threshold_int=\count310
\l__siunitx_number_upper_threshold_int=\count311
\l__siunitx_number_group_first_int=\count312
\l__siunitx_number_group_size_int=\count313
\l__siunitx_number_group_min_int=\count314
\l__siunitx_number_group_minimum_int=\count315
\l__siunitx_compound_count_int=\count316

(C:\Users\oscar\MikTex\tex/latex/translations\translations.sty
Package: translations 2022/02/05 v1.12 internationalization of LaTeX2e packages
 (CN)

(C:\Users\oscar\MikTex\tex/latex/etoolbox\etoolbox.sty
Package: etoolbox 2025/10/02 v2.5m e-TeX tools for LaTeX (JAW)
\etb@tempcnta=\count317
)
(C:\Users\oscar\MikTex\tex/generic/pdftexcmds\pdftexcmds.sty
Package: pdftexcmds 2020-06-27 v0.33 Utility functions of pdfTeX for LuaTeX (HO
)

(C:\Users\oscar\MikTex\tex/generic/infwarerr\infwarerr.sty
Package: infwarerr 2019/12/03 v1.5 Providing info/warning/error messages (HO)
)
(C:\Users\oscar\MikTex\tex/generic/ltxcmds\ltxcmds.sty
Package: ltxcmds 2023-12-04 v1.26 LaTeX kernel commands for general use (HO)
)
Package pdftexcmds Info: \pdf@primitive is available.
Package pdftexcmds Info: \pdf@ifprimitive is available.
Package pdftexcmds Info: \pdfdraftmode found.
))
\l__siunitx_table_tmp_box=\box56
\l__siunitx_table_tmp_dim=\dimen168
\l__siunitx_table_column_width_dim=\dimen169
\l__siunitx_table_integer_box=\box57
\l__siunitx_table_decimal_box=\box58
\l__siunitx_table_uncert_box=\box59
\l__siunitx_table_before_box=\box60
\l__siunitx_table_after_box=\box61
\l__siunitx_table_before_dim=\dimen170
\l__siunitx_table_carry_dim=\dimen171
\l__siunitx_unit_tmp_int=\count318
\l__siunitx_unit_position_int=\count319
\l__siunitx_unit_total_int=\count320
\l__siunitx_sexagesimal_tmp_dim=\dimen172
\l__siunitx_sexagesimal_marker_box=\box62
\l__siunitx_sexagesimal_unit_box=\box63

(C:\Users\oscar\MikTex\tex/latex/tools\array.sty
Package: array 2025/09/25 v2.6n Tabular extension package (FMi)
\col@sep=\dimen173
\ar@mcellbox=\box64
\extrarowheight=\dimen174
\NC@list=\toks29
\extratabsurround=\skip55
\backup@length=\skip56
\ar@cellbox=\box65
))
(C:\Users\oscar\MikTex\tex/latex/graphics\graphicx.sty
Package: graphicx 2024/12/31 v1.2e Enhanced LaTeX Graphics (DPC,SPQR)

(C:\Users\oscar\MikTex\tex/latex/graphics\graphics.sty
Package: graphics 2024/08/06 v1.4g Standard LaTeX Graphics (DPC,SPQR)

(C:\Users\oscar\MikTex\tex/latex/graphics\trig.sty
Package: trig 2023/12/02 v1.11 sin cos tan (DPC)
)
(C:\Users\oscar\MikTex\tex/latex/graphics-cfg\graphics.cfg
File: graphics.cfg 2016/06/04 v1.11 sample graphics configuration
)
Package graphics Info: Driver file: pdftex.def on input line 106.

(C:\Users\oscar\MikTex\tex/latex/graphics-def\pdftex.def
File: pdftex.def 2025/09/29 v1.2d Graphics/color driver for pdftex
))
\Gin@req@height=\dimen175
\Gin@req@width=\dimen176
)
(C:\Users\oscar\MikTex\tex/latex/float\float.sty
Package: float 2001/11/08 v1.3d Float enhancements (AL)
\c@float@type=\count321
\float@exts=\toks30
\float@box=\box66
\@float@everytoks=\toks31
\@floatcapt=\box67
)
(C:\Users\oscar\MikTex\tex/latex/booktabs\booktabs.sty
Package: booktabs 2020/01/12 v1.61803398 Publication quality tables
\heavyrulewidth=\dimen177
\lightrulewidth=\dimen178
\cmidrulewidth=\dimen179
\belowrulesep=\dimen180
\belowbottomsep=\dimen181
\aboverulesep=\dimen182
\abovetopsep=\dimen183
\cmidrulesep=\dimen184
\cmidrulekern=\dimen185
\defaultaddspace=\dimen186
\@cmidla=\count322
\@cmidlb=\count323
\@aboverulesep=\dimen187
\@belowrulesep=\dimen188
\@thisruleclass=\count324
\@lastruleclass=\count325
\@thisrulewidth=\dimen189
)
(C:\Users\oscar\MikTex\tex/latex/tools\tabularx.sty
Package: tabularx 2023/12/11 v2.12a `tabularx' package (DPC)
\TX@col@width=\dimen190
\TX@old@table=\dimen191
\TX@old@col=\dimen192
\TX@target=\dimen193
\TX@delta=\dimen194
\TX@cols=\count326
\TX@ftn=\toks32
)
(C:\Users\oscar\MikTex\tex/latex/multirow\multirow.sty
Package: multirow 2024/11/12 v2.9 Span multiple rows of a table
\multirow@colwidth=\skip57
\multirow@cntb=\count327
\multirow@dima=\skip58
\bigstrutjot=\dimen195
)
(C:\Users\oscar\MikTex\tex/latex/makecell\makecell.sty
Package: makecell 2009/08/03 V0.1e Managing of Tab Column Heads and Cells
\rotheadsize=\dimen196
\c@nlinenum=\count328
\TeXr@lab=\toks33
)
(C:\Users\oscar\MikTex\tex/latex/caption\caption.sty
Package: caption 2023/08/05 v3.6o Customizing captions (AR)

(C:\Users\oscar\MikTex\tex/latex/caption\caption3.sty
Package: caption3 2023/07/31 v2.4d caption3 kernel (AR)
\caption@tempdima=\dimen197
\captionmargin=\dimen198
\caption@leftmargin=\dimen199
\caption@rightmargin=\dimen256
\caption@width=\dimen257
\caption@indent=\dimen258
\caption@parindent=\dimen259
\caption@hangindent=\dimen260
Package caption Info: Standard document class detected.
)
\c@caption@flags=\count329
\c@continuedfloat=\count330
Package caption Info: float package is loaded.
)
(C:\Users\oscar\MikTex\tex/latex/caption\subcaption.sty
Package: subcaption 2023/07/28 v1.6b Sub-captions (AR)
Package caption Info: New subtype `subfigure' on input line 238.
\c@subfigure=\count331
Package caption Info: New subtype `subtable' on input line 238.
\c@subtable=\count332
)
(C:\Users\oscar\MikTex\tex/latex/pgf/frontendlayer\tikz.sty
(C:\Users\oscar\MikTex\tex/latex/pgf/basiclayer\pgf.sty
(C:\Users\oscar\MikTex\tex/latex/pgf/utilities\pgfrcs.sty
(C:\Users\oscar\MikTex\tex/generic/pgf/utilities\pgfutil-common.tex
\pgfutil@everybye=\toks34
\pgfutil@tempdima=\dimen261
\pgfutil@tempdimb=\dimen262
)
(C:\Users\oscar\MikTex\tex/generic/pgf/utilities\pgfutil-latex.def
\pgfutil@abb=\box68
)
(C:\Users\oscar\MikTex\tex/generic/pgf/utilities\pgfrcs.code.tex
(C:\Users\oscar\MikTex\tex/generic/pgf\pgf.revision.tex)
Package: pgfrcs 2025-08-29 v3.1.11a (3.1.11a)
))
Package: pgf 2025-08-29 v3.1.11a (3.1.11a)

(C:\Users\oscar\MikTex\tex/latex/pgf/basiclayer\pgfcore.sty
(C:\Users\oscar\MikTex\tex/latex/pgf/systemlayer\pgfsys.sty
(C:\Users\oscar\MikTex\tex/generic/pgf/systemlayer\pgfsys.code.tex
Package: pgfsys 2025-08-29 v3.1.11a (3.1.11a)

(C:\Users\oscar\MikTex\tex/generic/pgf/utilities\pgfkeys.code.tex
\pgfkeys@pathtoks=\toks35
\pgfkeys@temptoks=\toks36

(C:\Users\oscar\MikTex\tex/generic/pgf/utilities\pgfkeyslibraryfiltered.code.te
x
\pgfkeys@tmptoks=\toks37
))
\pgf@x=\dimen263
\pgf@y=\dimen264
\pgf@xa=\dimen265
\pgf@ya=\dimen266
\pgf@xb=\dimen267
\pgf@yb=\dimen268
\pgf@xc=\dimen269
\pgf@yc=\dimen270
\pgf@xd=\dimen271
\pgf@yd=\dimen272
\w@pgf@writea=\write3
\r@pgf@reada=\read3
\c@pgf@counta=\count333
\c@pgf@countb=\count334
\c@pgf@countc=\count335
\c@pgf@countd=\count336
\t@pgf@toka=\toks38
\t@pgf@tokb=\toks39
\t@pgf@tokc=\toks40
\pgf@sys@id@count=\count337
 (C:\Users\oscar\MikTex\tex/generic/pgf/systemlayer\pgf.cfg
File: pgf.cfg 2025-08-29 v3.1.11a (3.1.11a)
)
Driver file for pgf: pgfsys-pdftex.def

(C:\Users\oscar\MikTex\tex/generic/pgf/systemlayer\pgfsys-pdftex.def
File: pgfsys-pdftex.def 2025-08-29 v3.1.11a (3.1.11a)

(C:\Users\oscar\MikTex\tex/generic/pgf/systemlayer\pgfsys-common-pdf.def
File: pgfsys-common-pdf.def 2025-08-29 v3.1.11a (3.1.11a)
)))
(C:\Users\oscar\MikTex\tex/generic/pgf/systemlayer\pgfsyssoftpath.code.tex
File: pgfsyssoftpath.code.tex 2025-08-29 v3.1.11a (3.1.11a)
\pgfsyssoftpath@smallbuffer@items=\count338
\pgfsyssoftpath@bigbuffer@items=\count339
)
(C:\Users\oscar\MikTex\tex/generic/pgf/systemlayer\pgfsysprotocol.code.tex
File: pgfsysprotocol.code.tex 2025-08-29 v3.1.11a (3.1.11a)
))
(C:\Users\oscar\MikTex\tex/latex/xcolor\xcolor.sty
Package: xcolor 2024/09/29 v3.02 LaTeX color extensions (UK)

(C:\Users\oscar\MikTex\tex/latex/graphics-cfg\color.cfg
File: color.cfg 2016/01/02 v1.6 sample color configuration
)
Package xcolor Info: Driver file: pdftex.def on input line 274.

(C:\Users\oscar\MikTex\tex/latex/graphics\mathcolor.ltx)
Package xcolor Info: Model `cmy' substituted by `cmy0' on input line 1349.
Package xcolor Info: Model `hsb' substituted by `rgb' on input line 1353.
Package xcolor Info: Model `RGB' extended on input line 1365.
Package xcolor Info: Model `HTML' substituted by `rgb' on input line 1367.
Package xcolor Info: Model `Hsb' substituted by `hsb' on input line 1368.
Package xcolor Info: Model `tHsb' substituted by `hsb' on input line 1369.
Package xcolor Info: Model `HSB' substituted by `hsb' on input line 1370.
Package xcolor Info: Model `Gray' substituted by `gray' on input line 1371.
Package xcolor Info: Model `wave' substituted by `hsb' on input line 1372.
)
(C:\Users\oscar\MikTex\tex/generic/pgf/basiclayer\pgfcore.code.tex
Package: pgfcore 2025-08-29 v3.1.11a (3.1.11a)

(C:\Users\oscar\MikTex\tex/generic/pgf/math\pgfmath.code.tex
(C:\Users\oscar\MikTex\tex/generic/pgf/math\pgfmathutil.code.tex)
(C:\Users\oscar\MikTex\tex/generic/pgf/math\pgfmathparser.code.tex
\pgfmath@dimen=\dimen273
\pgfmath@count=\count340
\pgfmath@box=\box69
\pgfmath@toks=\toks41
\pgfmath@stack@operand=\toks42
\pgfmath@stack@operation=\toks43
)
(C:\Users\oscar\MikTex\tex/generic/pgf/math\pgfmathfunctions.code.tex)
(C:\Users\oscar\MikTex\tex/generic/pgf/math\pgfmathfunctions.basic.code.tex)
(C:\Users\oscar\MikTex\tex/generic/pgf/math\pgfmathfunctions.trigonometric.code
.tex)
(C:\Users\oscar\MikTex\tex/generic/pgf/math\pgfmathfunctions.random.code.tex)
(C:\Users\oscar\MikTex\tex/generic/pgf/math\pgfmathfunctions.comparison.code.te
x) (C:\Users\oscar\MikTex\tex/generic/pgf/math\pgfmathfunctions.base.code.tex)
(C:\Users\oscar\MikTex\tex/generic/pgf/math\pgfmathfunctions.round.code.tex)
(C:\Users\oscar\MikTex\tex/generic/pgf/math\pgfmathfunctions.misc.code.tex)
(C:\Users\oscar\MikTex\tex/generic/pgf/math\pgfmathfunctions.integerarithmetics
.code.tex) (C:\Users\oscar\MikTex\tex/generic/pgf/math\pgfmathcalc.code.tex)
(C:\Users\oscar\MikTex\tex/generic/pgf/math\pgfmathfloat.code.tex
\c@pgfmathroundto@lastzeros=\count341
))
(C:\Users\oscar\MikTex\tex/generic/pgf/math\pgfint.code.tex)
(C:\Users\oscar\MikTex\tex/generic/pgf/basiclayer\pgfcorepoints.code.tex
File: pgfcorepoints.code.tex 2025-08-29 v3.1.11a (3.1.11a)
\pgf@picminx=\dimen274
\pgf@picmaxx=\dimen275
\pgf@picminy=\dimen276
\pgf@picmaxy=\dimen277
\pgf@pathminx=\dimen278
\pgf@pathmaxx=\dimen279
\pgf@pathminy=\dimen280
\pgf@pathmaxy=\dimen281
\pgf@xx=\dimen282
\pgf@xy=\dimen283
\pgf@yx=\dimen284
\pgf@yy=\dimen285
\pgf@zx=\dimen286
\pgf@zy=\dimen287
)
(C:\Users\oscar\MikTex\tex/generic/pgf/basiclayer\pgfcorepathconstruct.code.tex
File: pgfcorepathconstruct.code.tex 2025-08-29 v3.1.11a (3.1.11a)
\pgf@path@lastx=\dimen288
\pgf@path@lasty=\dimen289
) (C:\Users\oscar\MikTex\tex/generic/pgf/basiclayer\pgfcorepathusage.code.tex
File: pgfcorepathusage.code.tex 2025-08-29 v3.1.11a (3.1.11a)
\pgf@shorten@end@additional=\dimen290
\pgf@shorten@start@additional=\dimen291
)
(C:\Users\oscar\MikTex\tex/generic/pgf/basiclayer\pgfcorescopes.code.tex
File: pgfcorescopes.code.tex 2025-08-29 v3.1.11a (3.1.11a)
\pgfpic=\box70
\pgf@hbox=\box71
\pgf@layerbox@main=\box72
\pgf@picture@serial@count=\count342
)
(C:\Users\oscar\MikTex\tex/generic/pgf/basiclayer\pgfcoregraphicstate.code.tex
File: pgfcoregraphicstate.code.tex 2025-08-29 v3.1.11a (3.1.11a)
\pgflinewidth=\dimen292
)
(C:\Users\oscar\MikTex\tex/generic/pgf/basiclayer\pgfcoretransformations.code.t
ex
File: pgfcoretransformations.code.tex 2025-08-29 v3.1.11a (3.1.11a)
\pgf@pt@x=\dimen293
\pgf@pt@y=\dimen294
\pgf@pt@temp=\dimen295
) (C:\Users\oscar\MikTex\tex/generic/pgf/basiclayer\pgfcorequick.code.tex
File: pgfcorequick.code.tex 2025-08-29 v3.1.11a (3.1.11a)
)
(C:\Users\oscar\MikTex\tex/generic/pgf/basiclayer\pgfcoreobjects.code.tex
File: pgfcoreobjects.code.tex 2025-08-29 v3.1.11a (3.1.11a)
)
(C:\Users\oscar\MikTex\tex/generic/pgf/basiclayer\pgfcorepathprocessing.code.te
x
File: pgfcorepathprocessing.code.tex 2025-08-29 v3.1.11a (3.1.11a)
) (C:\Users\oscar\MikTex\tex/generic/pgf/basiclayer\pgfcorearrows.code.tex
File: pgfcorearrows.code.tex 2025-08-29 v3.1.11a (3.1.11a)
\pgfarrowsep=\dimen296
)
(C:\Users\oscar\MikTex\tex/generic/pgf/basiclayer\pgfcoreshade.code.tex
File: pgfcoreshade.code.tex 2025-08-29 v3.1.11a (3.1.11a)
\pgf@max=\dimen297
\pgf@sys@shading@range@num=\count343
\pgf@shadingcount=\count344
)
(C:\Users\oscar\MikTex\tex/generic/pgf/basiclayer\pgfcoreimage.code.tex
File: pgfcoreimage.code.tex 2025-08-29 v3.1.11a (3.1.11a)
)
(C:\Users\oscar\MikTex\tex/generic/pgf/basiclayer\pgfcoreexternal.code.tex
File: pgfcoreexternal.code.tex 2025-08-29 v3.1.11a (3.1.11a)
\pgfexternal@startupbox=\box73
)
(C:\Users\oscar\MikTex\tex/generic/pgf/basiclayer\pgfcorelayers.code.tex
File: pgfcorelayers.code.tex 2025-08-29 v3.1.11a (3.1.11a)
)
(C:\Users\oscar\MikTex\tex/generic/pgf/basiclayer\pgfcoretransparency.code.tex
File: pgfcoretransparency.code.tex 2025-08-29 v3.1.11a (3.1.11a)
) (C:\Users\oscar\MikTex\tex/generic/pgf/basiclayer\pgfcorepatterns.code.tex
File: pgfcorepatterns.code.tex 2025-08-29 v3.1.11a (3.1.11a)
)
(C:\Users\oscar\MikTex\tex/generic/pgf/basiclayer\pgfcorerdf.code.tex
File: pgfcorerdf.code.tex 2025-08-29 v3.1.11a (3.1.11a)
)))
(C:\Users\oscar\MikTex\tex/generic/pgf/modules\pgfmoduleshapes.code.tex
File: pgfmoduleshapes.code.tex 2025-08-29 v3.1.11a (3.1.11a)
\pgfnodeparttextbox=\box74
)
(C:\Users\oscar\MikTex\tex/generic/pgf/modules\pgfmoduleplot.code.tex
File: pgfmoduleplot.code.tex 2025-08-29 v3.1.11a (3.1.11a)
)
(C:\Users\oscar\MikTex\tex/latex/pgf/compatibility\pgfcomp-version-0-65.sty
Package: pgfcomp-version-0-65 2025-08-29 v3.1.11a (3.1.11a)
\pgf@nodesepstart=\dimen298
\pgf@nodesepend=\dimen299
)
(C:\Users\oscar\MikTex\tex/latex/pgf/compatibility\pgfcomp-version-1-18.sty
Package: pgfcomp-version-1-18 2025-08-29 v3.1.11a (3.1.11a)
))
(C:\Users\oscar\MikTex\tex/latex/pgf/utilities\pgffor.sty
(C:\Users\oscar\MikTex\tex/latex/pgf/utilities\pgfkeys.sty
(C:\Users\oscar\MikTex\tex/generic/pgf/utilities\pgfkeys.code.tex))
(C:\Users\oscar\MikTex\tex/latex/pgf/math\pgfmath.sty
(C:\Users\oscar\MikTex\tex/generic/pgf/math\pgfmath.code.tex))
(C:\Users\oscar\MikTex\tex/generic/pgf/utilities\pgffor.code.tex
Package: pgffor 2025-08-29 v3.1.11a (3.1.11a)
\pgffor@iter=\dimen300
\pgffor@skip=\dimen301
\pgffor@stack=\toks44
\pgffor@toks=\toks45
))
(C:\Users\oscar\MikTex\tex/generic/pgf/frontendlayer/tikz\tikz.code.tex
Package: tikz 2025-08-29 v3.1.11a (3.1.11a)

(C:\Users\oscar\MikTex\tex/generic/pgf/libraries\pgflibraryplothandlers.code.te
x
File: pgflibraryplothandlers.code.tex 2025-08-29 v3.1.11a (3.1.11a)
\pgf@plot@mark@count=\count345
\pgfplotmarksize=\dimen302
)
\tikz@lastx=\dimen303
\tikz@lasty=\dimen304
\tikz@lastxsaved=\dimen305
\tikz@lastysaved=\dimen306
\tikz@lastmovetox=\dimen307
\tikz@lastmovetoy=\dimen308
\tikzleveldistance=\dimen309
\tikzsiblingdistance=\dimen310
\tikz@figbox=\box75
\tikz@figbox@bg=\box76
\tikz@tempbox=\box77
\tikz@tempbox@bg=\box78
\tikztreelevel=\count346
\tikznumberofchildren=\count347
\tikznumberofcurrentchild=\count348
\tikz@fig@count=\count349
 (C:\Users\oscar\MikTex\tex/generic/pgf/modules\pgfmodulematrix.code.tex
File: pgfmodulematrix.code.tex 2025-08-29 v3.1.11a (3.1.11a)
\pgfmatrixcurrentrow=\count350
\pgfmatrixcurrentcolumn=\count351
\pgf@matrix@numberofcolumns=\count352
)
\tikz@expandcount=\count353

(C:\Users\oscar\MikTex\tex/generic/pgf/frontendlayer/tikz/libraries\tikzlibrary
topaths.code.tex
File: tikzlibrarytopaths.code.tex 2025-08-29 v3.1.11a (3.1.11a)
)))
(C:\Users\oscar\MikTex\tex/generic/pgf/libraries\pgflibraryarrows.meta.code.tex
File: pgflibraryarrows.meta.code.tex 2025-08-29 v3.1.11a (3.1.11a)
\pgfarrowinset=\dimen311
\pgfarrowlength=\dimen312
\pgfarrowwidth=\dimen313
\pgfarrowlinewidth=\dimen314
)
(C:\Users\oscar\MikTex\tex/generic/pgf/frontendlayer/tikz/libraries\tikzlibrary
positioning.code.tex
File: tikzlibrarypositioning.code.tex 2025-08-29 v3.1.11a (3.1.11a)
) (C:\Users\oscar\MikTex\tex/latex/pgfplots\pgfplots.sty
(C:\Users\oscar\MikTex\tex/generic/pgfplots\pgfplots.revision.tex)
Package: pgfplots 2021/05/15 v1.18.1 Data Visualization (1.18.1)

(C:\Users\oscar\MikTex\tex/generic/pgfplots\pgfplots.code.tex
(C:\Users\oscar\MikTex\tex/generic/pgfplots\pgfplotscore.code.tex
\t@pgfplots@toka=\toks46
\t@pgfplots@tokb=\toks47
\t@pgfplots@tokc=\toks48
\pgfplots@tmpa=\dimen315
\c@pgfplots@coordindex=\count354
\c@pgfplots@scanlineindex=\count355

(C:\Users\oscar\MikTex\tex/generic/pgfplots/sys\pgfplotssysgeneric.code.tex))
(C:\Users\oscar\MikTex\tex/generic/pgfplots/libs\pgfplotslibrary.code.tex)
(C:\Users\oscar\MikTex\tex/generic/pgfplots/oldpgfcompatib\pgfplotsoldpgfsupp_l
oader.code.tex
(C:\Users\oscar\MikTex\tex/generic/pgf/libraries\pgflibraryfpu.code.tex)
Package pgfplots: loading complementary utilities for your pgf version...
\t@pgf@toka=\toks49
\t@pgf@tokb=\toks50
\t@pgf@tokc=\toks51

(C:\Users\oscar\MikTex\tex/generic/pgfplots/oldpgfcompatib\pgfplotsoldpgfsupp_p
gfutil-common-lists.tex))
(C:\Users\oscar\MikTex\tex/generic/pgfplots/util\pgfplotsutil.code.tex
(C:\Users\oscar\MikTex\tex/generic/pgfplots/liststructure\pgfplotsliststructure
.code.tex)
(C:\Users\oscar\MikTex\tex/generic/pgfplots/liststructure\pgfplotsliststructure
ext.code.tex)
(C:\Users\oscar\MikTex\tex/generic/pgfplots/liststructure\pgfplotsarray.code.te
x
\c@pgfplotsarray@tmp=\count356
)
(C:\Users\oscar\MikTex\tex/generic/pgfplots/liststructure\pgfplotsmatrix.code.t
ex)
(C:\Users\oscar\MikTex\tex/generic/pgfplots/numtable\pgfplotstableshared.code.t
ex
\c@pgfplotstable@counta=\count357
\t@pgfplotstable@a=\toks52
)
(C:\Users\oscar\MikTex\tex/generic/pgfplots/liststructure\pgfplotsdeque.code.te
x) (C:\Users\oscar\MikTex\tex/generic/pgfplots/util\pgfplotsbinary.code.tex
(C:\Users\oscar\MikTex\tex/generic/pgfplots/util\pgfplotsbinary.data.code.tex))
(C:\Users\oscar\MikTex\tex/generic/pgfplots/util\pgfplotsutil.verb.code.tex)
(C:\Users\oscar\MikTex\tex/generic/pgfplots/libs\pgflibrarypgfplots.surfshading
.code.tex
\c@pgfplotslibrarysurf@no=\count358

(C:\Users\oscar\MikTex\tex/generic/pgfplots/sys\pgflibrarypgfplots.surfshading.
pgfsys-pdftex.def)))
(C:\Users\oscar\MikTex\tex/generic/pgfplots/util\pgfplotscolormap.code.tex
(C:\Users\oscar\MikTex\tex/generic/pgfplots/util\pgfplotscolor.code.tex))
(C:\Users\oscar\MikTex\tex/generic/pgfplots\pgfplotsstackedplots.code.tex)
(C:\Users\oscar\MikTex\tex/generic/pgfplots\pgfplotsplothandlers.code.tex
(C:\Users\oscar\MikTex\tex/generic/pgfplots\pgfplotsmeshplothandler.code.tex
(C:\Users\oscar\MikTex\tex/generic/pgfplots\pgfplotsmeshplotimage.code.tex)))
(C:\Users\oscar\MikTex\tex/generic/pgfplots\pgfplots.scaling.code.tex)
(C:\Users\oscar\MikTex\tex/generic/pgfplots\pgfplotscoordprocessing.code.tex)
(C:\Users\oscar\MikTex\tex/generic/pgfplots\pgfplots.errorbars.code.tex)
(C:\Users\oscar\MikTex\tex/generic/pgfplots\pgfplots.markers.code.tex)
(C:\Users\oscar\MikTex\tex/generic/pgfplots\pgfplotsticks.code.tex)
(C:\Users\oscar\MikTex\tex/generic/pgfplots\pgfplots.paths.code.tex)
(C:\Users\oscar\MikTex\tex/generic/pgf/frontendlayer/tikz/libraries\tikzlibrary
decorations.code.tex
(C:\Users\oscar\MikTex\tex/generic/pgf/modules\pgfmoduledecorations.code.tex
\pgfdecoratedcompleteddistance=\dimen316
\pgfdecoratedremainingdistance=\dimen317
\pgfdecoratedinputsegmentcompleteddistance=\dimen318
\pgfdecoratedinputsegmentremainingdistance=\dimen319
\pgf@decorate@distancetomove=\dimen320
\pgf@decorate@repeatstate=\count359
\pgfdecorationsegmentamplitude=\dimen321
\pgfdecorationsegmentlength=\dimen322
)
\tikz@lib@dec@box=\box79
)
(C:\Users\oscar\MikTex\tex/generic/pgf/frontendlayer/tikz/libraries\tikzlibrary
decorations.pathmorphing.code.tex
(C:\Users\oscar\MikTex\tex/generic/pgf/libraries/decorations\pgflibrarydecorati
ons.pathmorphing.code.tex))
(C:\Users\oscar\MikTex\tex/generic/pgf/frontendlayer/tikz/libraries\tikzlibrary
decorations.pathreplacing.code.tex
(C:\Users\oscar\MikTex\tex/generic/pgf/libraries/decorations\pgflibrarydecorati
ons.pathreplacing.code.tex))
(C:\Users\oscar\MikTex\tex/generic/pgfplots/libs\tikzlibrarypgfplots.contourlua
.code.tex)
\pgfplots@numplots=\count360
\pgfplots@xmin@reg=\dimen323
\pgfplots@xmax@reg=\dimen324
\pgfplots@ymin@reg=\dimen325
\pgfplots@ymax@reg=\dimen326
\pgfplots@zmin@reg=\dimen327
\pgfplots@zmax@reg=\dimen328
)
(C:\Users\oscar\MikTex\tex/generic/pgf/frontendlayer/tikz/libraries\tikzlibrary
plotmarks.code.tex
File: tikzlibraryplotmarks.code.tex 2025-08-29 v3.1.11a (3.1.11a)

(C:\Users\oscar\MikTex\tex/generic/pgf/libraries\pgflibraryplotmarks.code.tex
File: pgflibraryplotmarks.code.tex 2025-08-29 v3.1.11a (3.1.11a)
))) (C:\Users\oscar\MikTex\tex/latex/listings\listings.sty
\lst@mode=\count361
\lst@gtempboxa=\box80
\lst@token=\toks53
\lst@length=\count362
\lst@currlwidth=\dimen329
\lst@column=\count363
\lst@pos=\count364
\lst@lostspace=\dimen330
\lst@width=\dimen331
\lst@newlines=\count365
\lst@lineno=\count366
\lst@maxwidth=\dimen332

(C:\Users\oscar\MikTex\tex/latex/listings\lstpatch.sty
File: lstpatch.sty 2025/11/14 1.11b (Carsten Heinz)
)
(C:\Users\oscar\MikTex\tex/latex/listings\lstmisc.sty
File: lstmisc.sty 2025/11/14 1.11b (Carsten Heinz)
\c@lstnumber=\count367
\lst@skipnumbers=\count368
\lst@framebox=\box81
)
(C:\Users\oscar\MikTex\tex/latex/listings\listings.cfg
File: listings.cfg 2025/11/14 1.11b listings configuration
))
Package: listings 2025/11/14 1.11b (Carsten Heinz)

==> First Aid for listings.sty no longer applied!
    Expected:
        2024/09/23 1.10c (Carsten Heinz)
    but found:
        2025/11/14 1.11b (Carsten Heinz)
    so I'm assuming it got fixed.
(C:\Users\oscar\MikTex\tex/latex/tocloft\tocloft.sty
Package: tocloft 2017/08/31 v2.3i parameterised ToC, etc., typesetting
Package tocloft Info: The document has section divisions on input line 51.
\cftparskip=\skip59
\cftbeforetoctitleskip=\skip60
\cftaftertoctitleskip=\skip61
\cftbeforepartskip=\skip62
\cftpartnumwidth=\skip63
\cftpartindent=\skip64
\cftbeforesecskip=\skip65
\cftsecindent=\skip66
\cftsecnumwidth=\skip67
\cftbeforesubsecskip=\skip68
\cftsubsecindent=\skip69
\cftsubsecnumwidth=\skip70
\cftbeforesubsubsecskip=\skip71
\cftsubsubsecindent=\skip72
\cftsubsubsecnumwidth=\skip73
\cftbeforeparaskip=\skip74
\cftparaindent=\skip75
\cftparanumwidth=\skip76
\cftbeforesubparaskip=\skip77
\cftsubparaindent=\skip78
\cftsubparanumwidth=\skip79
\cftbeforeloftitleskip=\skip80
\cftafterloftitleskip=\skip81
\cftbeforefigskip=\skip82
\cftfigindent=\skip83
\cftfignumwidth=\skip84
\c@lofdepth=\count369
\c@lotdepth=\count370
\cftbeforelottitleskip=\skip85
\cftafterlottitleskip=\skip86
\cftbeforetabskip=\skip87
\cfttabindent=\skip88
\cfttabnumwidth=\skip89
)
(C:\Users\oscar\MikTex\tex/latex/sectsty\sectsty.sty
Package: sectsty 2002/02/25 v2.0.2 Commands to change all sectional heading sty
les


LaTeX Warning: Command \underbar  has changed.
               Check if current package is valid.


LaTeX Warning: Command \underline  has changed.
               Check if current package is valid.

) (C:\Users\oscar\MikTex\tex/latex/natbib\natbib.sty
Package: natbib 2010/09/13 8.31b (PWD, AO)
\bibhang=\skip90
\bibsep=\skip91
LaTeX Info: Redefining \cite on input line 694.
\c@NAT@ctr=\count371
)
(C:\Users\oscar\MikTex\tex/latex/hyperref\hyperref.sty
Package: hyperref 2025-07-12 v7.01o Hypertext links for LaTeX

(C:\Users\oscar\MikTex\tex/latex/kvsetkeys\kvsetkeys.sty
Package: kvsetkeys 2022-10-05 v1.19 Key value parser (HO)
)
(C:\Users\oscar\MikTex\tex/generic/kvdefinekeys\kvdefinekeys.sty
Package: kvdefinekeys 2019-12-19 v1.6 Define keys (HO)
)
(C:\Users\oscar\MikTex\tex/generic/pdfescape\pdfescape.sty
Package: pdfescape 2019/12/09 v1.15 Implements pdfTeX's escape features (HO)
)
(C:\Users\oscar\MikTex\tex/latex/hycolor\hycolor.sty
Package: hycolor 2020-01-27 v1.10 Color options for hyperref/bookmark (HO)
)
(C:\Users\oscar\MikTex\tex/latex/hyperref\nameref.sty
Package: nameref 2025-06-21 v2.57 Cross-referencing by name of section

(C:\Users\oscar\MikTex\tex/latex/refcount\refcount.sty
Package: refcount 2019/12/15 v3.6 Data extraction from label references (HO)
)
(C:\Users\oscar\MikTex\tex/generic/gettitlestring\gettitlestring.sty
Package: gettitlestring 2019/12/15 v1.6 Cleanup title references (HO)

(C:\Users\oscar\MikTex\tex/latex/kvoptions\kvoptions.sty
Package: kvoptions 2022-06-15 v3.15 Key value format for package options (HO)
))
\c@section@level=\count372
)
(C:\Users\oscar\MikTex\tex/generic/stringenc\stringenc.sty
Package: stringenc 2019/11/29 v1.12 Convert strings between diff. encodings (HO
)
)
\@linkdim=\dimen333
\Hy@linkcounter=\count373
\Hy@pagecounter=\count374

(C:\Users\oscar\MikTex\tex/latex/hyperref\pd1enc.def
File: pd1enc.def 2025-07-12 v7.01o Hyperref: PDFDocEncoding definition (HO)
Now handling font encoding PD1 ...
... no UTF-8 mapping file for font encoding PD1
)
(C:\Users\oscar\MikTex\tex/generic/intcalc\intcalc.sty
Package: intcalc 2019/12/15 v1.3 Expandable calculations with integers (HO)
)
\Hy@SavedSpaceFactor=\count375

(C:\Users\oscar\MikTex\tex/latex/hyperref\puenc.def
File: puenc.def 2025-07-12 v7.01o Hyperref: PDF Unicode definition (HO)
Now handling font encoding PU ...
... no UTF-8 mapping file for font encoding PU
)
Package hyperref Info: Hyper figures OFF on input line 4195.
Package hyperref Info: Link nesting OFF on input line 4200.
Package hyperref Info: Hyper index ON on input line 4203.
Package hyperref Info: Plain pages OFF on input line 4210.
Package hyperref Info: Backreferencing OFF on input line 4215.
Package hyperref Info: Implicit mode ON; LaTeX internals redefined.
Package hyperref Info: Bookmarks ON on input line 4462.
\c@Hy@tempcnt=\count376

(C:\Users\oscar\MikTex\tex/latex/url\url.sty
\Urlmuskip=\muskip18
Package: url 2013/09/16  ver 3.4  Verb mode for urls, etc.
)
LaTeX Info: Redefining \url on input line 4801.
\XeTeXLinkMargin=\dimen334

(C:\Users\oscar\MikTex\tex/generic/bitset\bitset.sty
Package: bitset 2019/12/09 v1.3 Handle bit-vector datatype (HO)

(C:\Users\oscar\MikTex\tex/generic/bigintcalc\bigintcalc.sty
Package: bigintcalc 2019/12/15 v1.5 Expandable calculations on big integers (HO
)
))
\Fld@menulength=\count377
\Field@Width=\dimen335
\Fld@charsize=\dimen336
Package hyperref Info: Hyper figures OFF on input line 6078.
Package hyperref Info: Link nesting OFF on input line 6083.
Package hyperref Info: Hyper index ON on input line 6086.
Package hyperref Info: backreferencing OFF on input line 6093.
Package hyperref Info: Link coloring OFF on input line 6098.
Package hyperref Info: Link coloring with OCG OFF on input line 6103.
Package hyperref Info: PDF/A mode OFF on input line 6108.
\Hy@abspage=\count378
\c@Item=\count379
\c@Hfootnote=\count380
)
Package hyperref Info: Driver (autodetected): hpdftex.

(C:\Users\oscar\MikTex\tex/latex/hyperref\hpdftex.def
File: hpdftex.def 2025-07-12 v7.01o Hyperref driver for pdfTeX
\Fld@listcount=\count381
\c@bookmark@seq@number=\count382

(C:\Users\oscar\MikTex\tex/latex/rerunfilecheck\rerunfilecheck.sty
Package: rerunfilecheck 2025-06-21 v1.11 Rerun checks for auxiliary files (HO)

(C:\Users\oscar\MikTex\tex/generic/uniquecounter\uniquecounter.sty
Package: uniquecounter 2019/12/15 v1.4 Provide unlimited unique counter (HO)
)
Package uniquecounter Info: New unique counter `rerunfilecheck' on input line 2
84.
)
\Hy@SectionHShift=\skip92
)
Package hyperref Info: Option `colorlinks' set `true' on input line 173.

(C:\Users\oscar\MikTex\tex/latex/bookmark\bookmark.sty
Package: bookmark 2023-12-10 v1.31 PDF bookmarks (HO)

(C:\Users\oscar\MikTex\tex/latex/bookmark\bkm-pdftex.def
File: bkm-pdftex.def 2023-12-10 v1.31 bookmark driver for pdfTeX and luaTeX (HO
)
\BKM@id=\count383
))
(C:\Users\oscar\MikTex\tex/latex/hyphenat\hyphenat.sty
Package: hyphenat 2009/09/02 v2.3c hyphenation utilities
\langwohyphens=\language80
LaTeX Info: Redefining \_ on input line 43.
)
(C:\Users\oscar\MikTex\tex/latex/tcolorbox\tcolorbox.sty
Package: tcolorbox 2025/09/09 version 6.8.0 text color boxes

(C:\Users\oscar\MikTex\tex/latex/tools\verbatim.sty
Package: verbatim 2024-01-22 v1.5x LaTeX2e package for verbatim enhancements
\every@verbatim=\toks54
\verbatim@line=\toks55
\verbatim@in@stream=\read4
)
(C:\Users\oscar\MikTex\tex/latex/environ\environ.sty
Package: environ 2014/05/04 v0.3 A new way to define environments

(C:\Users\oscar\MikTex\tex/latex/trimspaces\trimspaces.sty
Package: trimspaces 2009/09/17 v1.1 Trim spaces around a token list
))
\tcb@titlebox=\box82
\tcb@upperbox=\box83
\tcb@lowerbox=\box84
\tcb@phantombox=\box85
\c@tcbbreakpart=\count384
\c@tcblayer=\count385
\c@tcolorbox@number=\count386
\l__tcobox_tmpa_box=\box86
\l__tcobox_tmpa_dim=\dimen337
\tcb@temp=\box87
\tcb@temp=\box88
\tcb@temp=\box89
\tcb@temp=\box90

(C:\Users\oscar\MikTex\tex/latex/tcolorbox\tcbraster.code.tex
Library (tcolorbox): 'tcbraster.code.tex' version '6.8.0'
\c@tcbrastercolumn=\count387
\c@tcbrasterrow=\count388
\c@tcbrasternum=\count389
\c@tcbraster=\count390
) (C:\Users\oscar\MikTex\tex/latex/tcolorbox\tcbskins.code.tex
Library (tcolorbox): 'tcbskins.code.tex' version '6.8.0'
(C:\Users\oscar\MikTex\tex/latex/tikzfill\tikzfill.image.sty
Package: tikzfill.image 2026/03/26 v1.1.0 Image filling library for TikZ

(C:\Users\oscar\MikTex\tex/latex/tikzfill\tikzlibraryfill.image.code.tex
File: tikzlibraryfill.image.code.tex 2026/03/26 v1.1.0 Image filling library
\l__tikzfill_tmpa_dim=\dimen338
\l__tikzfill_tmpb_dim=\dimen339
\l__tikzfill_img_box=\box91
))
(C:\Users\oscar\MikTex\tex/latex/tcolorbox\tcbskinsjigsaw.code.tex
Library (tcolorbox): 'tcbskinsjigsaw.code.tex' version '6.8.0'
)) (C:\Users\oscar\MikTex\tex/latex/tcolorbox\tcbbreakable.code.tex
Library (tcolorbox): 'tcbbreakable.code.tex' version '6.8.0'
(C:\Users\oscar\MikTex\tex/latex/pdfcol\pdfcol.sty
Package: pdfcol 2022-09-21 v1.7 Handle new color stacks for pdfTeX (HO)
)
Package pdfcol Info: New color stack `tcb@breakable' = 1 on input line 23.
\tcb@testbox=\box92
\tcb@totalupperbox=\box93
\tcb@totallowerbox=\box94
)
(C:\Users\oscar\MikTex\tex/latex/tcolorbox\tcbhooks.code.tex
Library (tcolorbox): 'tcbhooks.code.tex' version '6.8.0'
) (C:\Users\oscar\MikTex\tex/latex/tcolorbox\tcbtheorems.code.tex
Library (tcolorbox): 'tcbtheorems.code.tex' version '6.8.0'
) (C:\Users\oscar\MikTex\tex/latex/tcolorbox\tcbfitting.code.tex
Library (tcolorbox): 'tcbfitting.code.tex' version '6.8.0'
\tcbfitdim=\dimen340
\tcb@lowerfitdim=\dimen341
\tcb@upperfitdim=\dimen342
\tcb@cur@hbadness=\count391
) (C:\Users\oscar\MikTex\tex/latex/tcolorbox\tcblistingsutf8.code.tex
Library (tcolorbox): 'tcblistingsutf8.code.tex' version '6.8.0'
(C:\Users\oscar\MikTex\tex/latex/tcolorbox\tcblistings.code.tex
Library (tcolorbox): 'tcblistings.code.tex' version '6.8.0'
(C:\Users\oscar\MikTex\tex/latex/tcolorbox\tcblistingscore.code.tex
Library (tcolorbox): 'tcblistingscore.code.tex' version '6.8.0'
(C:\Users\oscar\MikTex\tex/latex/tcolorbox\tcbprocessing.code.tex
Library (tcolorbox): 'tcbprocessing.code.tex' version '6.8.0'
)
\c@tcblisting=\count392
)) (C:\Users\oscar\MikTex\tex/latex/listingsutf8\listingsutf8.sty
Package: listingsutf8 2019-12-10 v1.5 Allow UTF-8 in listings input (HO)
))
(C:\Users\oscar\MikTex\tex/latex/tcolorbox\tcbexternal.code.tex
Library (tcolorbox): 'tcbexternal.code.tex' version '6.8.0'
) (C:\Users\oscar\MikTex\tex/latex/tcolorbox\tcbmagazine.code.tex
Library (tcolorbox): 'tcbmagazine.code.tex' version '6.8.0'
) (C:\Users\oscar\MikTex\tex/latex/tcolorbox\tcbvignette.code.tex
Library (tcolorbox): 'tcbvignette.code.tex' version '6.8.0'

(C:\Users\oscar\MikTex\tex/generic/pgf/frontendlayer/tikz/libraries\tikzlibrary
fadings.code.tex
File: tikzlibraryfadings.code.tex 2025-08-29 v3.1.11a (3.1.11a)

(C:\Users\oscar\MikTex\tex/generic/pgf/libraries\pgflibraryfadings.code.tex
File: pgflibraryfadings.code.tex 2025-08-29 v3.1.11a (3.1.11a)
)))
(C:\Users\oscar\MikTex\tex/latex/tcolorbox\tcbposter.code.tex
Library (tcolorbox): 'tcbposter.code.tex' version '6.8.0'
)) (C:\Users\oscar\MikTex\tex/latex/titling\titling.sty
Package: titling 2009/09/04 v2.1d maketitle typesetting
\thanksmarkwidth=\skip93
\thanksmargin=\skip94
\droptitle=\skip95
))
(vam_appendix_setup.sty)
LaTeX Font Info:    Trying to load font information for T1+ppl on input line 18
.
 (C:\Users\oscar\MikTex\tex/latex/psnfss\t1ppl.fd
File: t1ppl.fd 2001/06/04 font definitions for T1/ppl.
)
(VAM-11-Master_Equation_for_Particle_Masses.aux)
\openout1 = `VAM-11-Master_Equation_for_Particle_Masses.aux'.

LaTeX Font Info:    Checking defaults for OML/cmm/m/it on input line 18.
LaTeX Font Info:    ... okay on input line 18.
LaTeX Font Info:    Checking defaults for OMS/cmsy/m/n on input line 18.
LaTeX Font Info:    ... okay on input line 18.
LaTeX Font Info:    Checking defaults for OT1/cmr/m/n on input line 18.
LaTeX Font Info:    ... okay on input line 18.
LaTeX Font Info:    Checking defaults for T1/cmr/m/n on input line 18.
LaTeX Font Info:    ... okay on input line 18.
LaTeX Font Info:    Checking defaults for TS1/cmr/m/n on input line 18.
LaTeX Font Info:    ... okay on input line 18.
LaTeX Font Info:    Checking defaults for OMX/cmex/m/n on input line 18.
LaTeX Font Info:    ... okay on input line 18.
LaTeX Font Info:    Checking defaults for U/cmr/m/n on input line 18.
LaTeX Font Info:    ... okay on input line 18.
LaTeX Font Info:    Checking defaults for PD1/pdf/m/n on input line 18.
LaTeX Font Info:    ... okay on input line 18.
LaTeX Font Info:    Checking defaults for PU/pdf/m/n on input line 18.
LaTeX Font Info:    ... okay on input line 18.

*geometry* driver: auto-detecting
*geometry* detected driver: pdftex
*geometry* verbose mode - [ preamble ] result:
* driver: pdftex
* paper: a4paper
* layout: <same size as paper>
* layoutoffset:(h,v)=(0.0pt,0.0pt)
* modes: 
* h-part:(L,W,R)=(56.9055pt, 483.69687pt, 56.9055pt)
* v-part:(T,H,B)=(56.9055pt, 731.23584pt, 56.9055pt)
* \paperwidth=597.50787pt
* \paperheight=845.04684pt
* \textwidth=483.69687pt
* \textheight=731.23584pt
* \oddsidemargin=-15.36449pt
* \evensidemargin=-15.36449pt
* \topmargin=-52.36449pt
* \headheight=12.0pt
* \headsep=25.0pt
* \topskip=11.0pt
* \footskip=30.0pt
* \marginparwidth=59.0pt
* \marginparsep=10.0pt
* \columnsep=10.0pt
* \skip\footins=10.0pt plus 4.0pt minus 2.0pt
* \hoffset=0.0pt
* \voffset=0.0pt
* \mag=1000
* \@twocolumnfalse
* \@twosidefalse
* \@mparswitchfalse
* \@reversemarginfalse
* (1in=72.27pt=25.4mm, 1cm=28.453pt)

(C:\Users\oscar\MikTex\tex/latex/upquote\upquote.sty
Package: upquote 2012/04/19 v1.3 upright-quote and grave-accent glyphs in verba
tim
)

Package siunitx Warning: Detected the "physics" package:
(siunitx)                omitting definition of \qty.
(siunitx)                
(siunitx)                If you want to use \qty with the siunitx definition,
(siunitx)                add 
(siunitx)                
(siunitx)                    \AtBeginDocument{\RenewCommandCopy\qty\SI}
(siunitx)                
(siunitx)                to your preamble.


(C:\Users\oscar\MikTex\tex/latex/translations/dicts\translations-basic-dictiona
ry-english.trsl
File: translations-basic-dictionary-english.trsl (english translation file `tra
nslations-basic-dictionary')
)
Package translations Info: loading dictionary `translations-basic-dictionary' f
or `english'. on input line 18.
 (C:\Users\oscar\MikTex\tex/context/base/mkii\supp-pdf.mkii
[Loading MPS to PDF converter (version 2006.09.02).]
\scratchcounter=\count393
\scratchdimen=\dimen343
\scratchbox=\box95
\nofMPsegments=\count394
\nofMParguments=\count395
\everyMPshowfont=\toks56
\MPscratchCnt=\count396
\MPscratchDim=\dimen344
\MPnumerator=\count397
\makeMPintoPDFobject=\count398
\everyMPtoPDFconversion=\toks57
) (C:\Users\oscar\MikTex\tex/latex/epstopdf-pkg\epstopdf-base.sty
Package: epstopdf-base 2020-01-24 v2.11 Base part for package epstopdf
Package epstopdf-base Info: Redefining graphics rule for `.eps' on input line 4
85.

(C:\Users\oscar\MikTex\tex/latex/00miktex\epstopdf-sys.cfg
File: epstopdf-sys.cfg 2021/03/18 v2.0 Configuration of epstopdf for MiKTeX
))
Package caption Info: Begin \AtBeginDocument code.
Package caption Info: hyperref package is loaded.
Package caption Info: listings package is loaded.
Package caption Info: End \AtBeginDocument code.

Package pgfplots notification 'compat/show suggested version=true': document ha
s been generated with the most recent feature set (\pgfplotsset{compat=1.18}).

\c@lstlisting=\count399
Package hyperref Info: Link coloring ON on input line 18.
LaTeX Font Info:    Trying to load font information for OT1+ppl on input line 2
1.
(C:\Users\oscar\MikTex\tex/latex/psnfss\ot1ppl.fd
File: ot1ppl.fd 2001/06/04 font definitions for OT1/ppl.
)
LaTeX Font Info:    Trying to load font information for OML+zplm on input line 
21.

(C:\Users\oscar\MikTex\tex/latex/psnfss\omlzplm.fd
File: omlzplm.fd 2002/09/08 Fontinst v1.914 font definitions for OML/zplm.
)
LaTeX Font Info:    Trying to load font information for OMS+zplm on input line 
21.

(C:\Users\oscar\MikTex\tex/latex/psnfss\omszplm.fd
File: omszplm.fd 2002/09/08 Fontinst v1.914 font definitions for OMS/zplm.
)
LaTeX Font Info:    Trying to load font information for OMX+zplm on input line 
21.

(C:\Users\oscar\MikTex\tex/latex/psnfss\omxzplm.fd
File: omxzplm.fd 2002/09/08 Fontinst v1.914 font definitions for OMX/zplm.
)
LaTeX Font Info:    Trying to load font information for OT1+zplm on input line 
21.

(C:\Users\oscar\MikTex\tex/latex/psnfss\ot1zplm.fd
File: ot1zplm.fd 2002/09/08 Fontinst v1.914 font definitions for OT1/zplm.
)
LaTeX Font Info:    Font shape `U/msa/m/n' will be
(Font)              scaled to size 15.0049pt on input line 21.
LaTeX Font Info:    Font shape `U/msa/m/n' will be
(Font)              scaled to size 10.42007pt on input line 21.
LaTeX Font Info:    Font shape `U/msa/m/n' will be
(Font)              scaled to size 8.33606pt on input line 21.
LaTeX Font Info:    Font shape `U/msb/m/n' will be
(Font)              scaled to size 15.0049pt on input line 21.
LaTeX Font Info:    Font shape `U/msb/m/n' will be
(Font)              scaled to size 10.42007pt on input line 21.
LaTeX Font Info:    Font shape `U/msb/m/n' will be
(Font)              scaled to size 8.33606pt on input line 21.
LaTeX Font Info:    Trying to load font information for U+rsfs on input line 21
.

(C:\Users\oscar\MikTex\tex/latex/jknappen\ursfs.fd
File: ursfs.fd 1998/03/24 rsfs font definition file (jk)
)
LaTeX Font Info:    Font shape `U/msa/m/n' will be
(Font)              scaled to size 7.91925pt on input line 24.
LaTeX Font Info:    Font shape `U/msa/m/n' will be
(Font)              scaled to size 6.25204pt on input line 24.
LaTeX Font Info:    Font shape `U/msb/m/n' will be
(Font)              scaled to size 7.91925pt on input line 24.
LaTeX Font Info:    Font shape `U/msb/m/n' will be
(Font)              scaled to size 6.25204pt on input line 24.
LaTeX Font Info:    Font shape `U/msa/m/n' will be
(Font)              scaled to size 9.37807pt on input line 30.
LaTeX Font Info:    Font shape `U/msa/m/n' will be
(Font)              scaled to size 7.29405pt on input line 30.
LaTeX Font Info:    Font shape `U/msa/m/n' will be
(Font)              scaled to size 5.21004pt on input line 30.
LaTeX Font Info:    Font shape `U/msb/m/n' will be
(Font)              scaled to size 9.37807pt on input line 30.
LaTeX Font Info:    Font shape `U/msb/m/n' will be
(Font)              scaled to size 7.29405pt on input line 30.
LaTeX Font Info:    Font shape `U/msb/m/n' will be
(Font)              scaled to size 5.21004pt on input line 30.
LaTeX Font Info:    Trying to load font information for T1+zi4 on input line 30
.

(C:\Users\oscar\MikTex\tex/latex/inconsolata\t1zi4.fd
File: t1zi4.fd 2018/01/14 T1/zi4 (Inconsolata)
)
LaTeX Font Info:    Font shape `T1/zi4/m/n' will be
(Font)              scaled to size 8.54997pt on input line 30.

Underfull \hbox (badness 10000) in paragraph at lines 30--30

 []

[1

{C:/Users/oscar/AppData/Local/MiKTeX/fonts/map/pdftex/pdftex.map}{C:/Users/osca
r/MikTex/fonts/enc/dvips/base/8r.enc}{C:/Users/oscar/MikTex/fonts/enc/dvips/inc
onsolata/i4-t1-0.enc}]
LaTeX Font Info:    Trying to load font information for T1+phv on input line 33
.
 (C:\Users\oscar\MikTex\tex/latex/psnfss\t1phv.fd
File: t1phv.fd 2020/03/25 scalable font definitions for T1/phv.
)
LaTeX Font Info:    Font shape `U/msa/m/n' will be
(Font)              scaled to size 11.40997pt on input line 36.
LaTeX Font Info:    Font shape `U/msb/m/n' will be
(Font)              scaled to size 11.40997pt on input line 36.
LaTeX Font Info:    Trying to load font information for U+fplmbb on input line 
36.

(C:\Users\oscar\MikTex\tex/latex/psnfss\ufplmbb.fd
File: ufplmbb.fd 2003/10/30 Fontinst v1.914 font definitions for U/fplmbb.
)
LaTeX Font Info:    Trying to load font information for TS1+ppl on input line 5
4.

(C:\Users\oscar\MikTex\tex/latex/psnfss\ts1ppl.fd
File: ts1ppl.fd 2001/06/04 font definitions for TS1/ppl.
)
Underfull \hbox (badness 1320) in paragraph at lines 62--63
[]$\OML/zplm/m/it/10.95 F[]$ \T1/ppl/b/n/10.95 (Meso-scopic Ćther Force Limit) 
\T1/ppl/m/n/10.95 ^^V The largest force sus-tain-able by the ćther's
 []


pdfTeX warning (ext4): destination with the same identifier (name{page.1}) has 
been already used, duplicate ignored
<to be read again> 
                   \relax 
l.65 \end{itemize}
                   [1]
Underfull \hbox (badness 2245) in paragraph at lines 107--108
[]\T1/ppl/m/n/10.95 Quantized en-ergy lev-els arise be-cause only dis-crete vor
-tex con-fig-u-ra-tions are
 []


Underfull \hbox (badness 1231) in paragraph at lines 109--110
[]\T1/ppl/m/n/10.95 VAM links quan-tum ob-serv-ables (mass, spin, charge) to co
n-served topo-log-i-cal
 []

[2] [3]
Underfull \hbox (badness 3690) in paragraph at lines 161--162
[]\T1/ppl/m/n/10.95 In ad-vanced for-mu-la-tions, the char-ac-ter va-ri-ety of 
the knot group (e.g., $\OML/zplm/m/it/10.95 PSL\OT1/zplm/m/n/10.95 (\OT1/ppl/m/
n/10.95 2, \U/fplmbb/m/n/10.95 C\OT1/zplm/m/n/10.95 )$
 []

[4]
Underfull \hbox (badness 1168) in paragraph at lines 188--189
[]\T1/ppl/m/n/10.95 For gen-eral knots: data from the PSL$\OT1/zplm/m/n/10.95 (
\OT1/ppl/m/n/10.95 2, \U/fplmbb/m/n/10.95 C\OT1/zplm/m/n/10.95 )$ \T1/ppl/m/n/1
0.95 char-ac-ter va-ri-ety, e.g., eigen-val-ues of
 []

[5] [6]
LaTeX Font Info:    Font shape `U/msa/m/n' will be
(Font)              scaled to size 12.50409pt on input line 268.
LaTeX Font Info:    Font shape `U/msb/m/n' will be
(Font)              scaled to size 12.50409pt on input line 268.


Package hyperref Warning: Token not allowed in a PDF string (Unicode):
(hyperref)                removing `math shift' on input line 268.


Package hyperref Warning: Token not allowed in a PDF string (Unicode):
(hyperref)                removing `\Lambda' on input line 268.


Package hyperref Warning: Token not allowed in a PDF string (Unicode):
(hyperref)                removing `math shift' on input line 268.

[7]
Underfull \hbox (badness 1067) in paragraph at lines 279--280
\T1/ppl/m/n/10.95 va-ri-ety en-codes these ge-o-met-ric so-lu-tions, link-ing k
not topol-ogy to ef-fec-tive space-time
 []


Underfull \hbox (badness 1337) in paragraph at lines 283--284
[]\T1/ppl/b/n/10.95 Knot In-vari-ants and Quan-tum Num-bers \T1/ppl/m/n/10.95 ^
^V Knot in-vari-ants (link-ing num-ber, he-lic-ity,
 []


Underfull \hbox (badness 1484) in paragraph at lines 291--292
\T1/ppl/m/n/10.95 (pre-dicted $\OT1/ppl/m/n/10.95 1838.6837 \OML/zplm/m/it/10.9
5 m[]$ \T1/ppl/m/n/10.95 vs. ob-served $\OT1/ppl/m/n/10.95 1838.6836 \OML/zplm/
m/it/10.95 m[]$\T1/ppl/m/n/10.95 ). Such pre-ci-sion strength-ens VAM's
 []

[8]
Overfull \hbox (20.54526pt too wide) in paragraph at lines 325--334
 [][] 
 []


Package hyperref Warning: Token not allowed in a PDF string (Unicode):
(hyperref)                removing `math shift' on input line 339.


Package hyperref Warning: Token not allowed in a PDF string (Unicode):
(hyperref)                removing `math shift' on input line 339.

[9]

Package hyperref Warning: Token not allowed in a PDF string (Unicode):
(hyperref)                removing `math shift' on input line 363.


Package hyperref Warning: Token not allowed in a PDF string (Unicode):
(hyperref)                removing `\gamma' on input line 363.


Package hyperref Warning: Token not allowed in a PDF string (Unicode):
(hyperref)                removing `math shift' on input line 363.


Package hyperref Warning: Token not allowed in a PDF string (Unicode):
(hyperref)                removing `math shift' on input line 363.


Package hyperref Warning: Token not allowed in a PDF string (Unicode):
(hyperref)                removing `superscript' on input line 363.


Package hyperref Warning: Token not allowed in a PDF string (Unicode):
(hyperref)                removing `math shift' on input line 363.


Package hyperref Warning: Token not allowed in a PDF string (Unicode):
(hyperref)                removing `math shift' on input line 363.


Package hyperref Warning: Token not allowed in a PDF string (Unicode):
(hyperref)                removing `superscript' on input line 363.


Package hyperref Warning: Token not allowed in a PDF string (Unicode):
(hyperref)                removing `math shift' on input line 363.

[10]
Underfull \hbox (badness 1540) in paragraph at lines 390--391
[]\T1/ppl/m/n/10.95 The $\OML/zplm/m/it/10.95 W$ \T1/ppl/m/n/10.95 bo-son mass 
is es-sen-tially a cal-i-brated pa-ram-e-ter within VAM's weak-interaction
 []


Overfull \hbox (4.32281pt too wide) in paragraph at lines 408--418
 [][] 
 []

[11] [12]
Underfull \hbox (badness 1472) in paragraph at lines 490--491
\T1/ppl/m/n/10.95 ac-cu-racy in key Stan-dard Model masses with-out fur-ther tu
n-ing be-yond the ini-tial elec-tron
 []


Underfull \hbox (badness 2302) in paragraph at lines 514--519
[]\T1/ppl/m/n/10.95 Kathleen L. Pe-tersen and Anas-tasiia Tsvi-etkova,  Ge-o-me
t-ric struc-tures and PSL_-2($\U/fplmbb/m/n/10.95 C$\T1/ppl/m/n/10.95 )
 []


Underfull \hbox (badness 6412) in paragraph at lines 522--527
[]\T1/ppl/m/n/10.95 Omar Iskan-darani,  Knot-ted gauge fields: re-build-ing the
 Stan-dard Model from
 []

[13] (VAM-11-Master_Equation_for_Particle_Masses.aux)
 ***********
LaTeX2e <2025-11-01>
L3 programming layer <2025-11-06>
 ***********
 ) 
Here is how much of TeX's memory you used:
 47689 strings out of 467872
 1119754 string characters out of 5429454
 1623319 words of memory out of 5000000
 75709 multiletter control sequences out of 15000+600000
 712889 words of font info for 233 fonts, out of 8000000 for 9000
 1141 hyphenation exceptions out of 8191
 91i,13n,122p,1402b,1154s stack positions out of 10000i,1000n,20000p,200000b,200000s
<C:/Users/oscar/MikTex/fonts/type1/public/inconsolata/Inconsolata-zi4r.pfb><C
:/Users/oscar/MikTex/fonts/type1/public/amsfonts/cm/cmbsy10.pfb><C:/Users/oscar
/MikTex/fonts/type1/public/amsfonts/cm/cmex10.pfb><C:/Users/oscar/MikTex/fonts/
type1/public/amsfonts/cm/cmmi10.pfb><C:/Users/oscar/MikTex/fonts/type1/public/a
msfonts/cm/cmr10.pfb><C:/Users/oscar/MikTex/fonts/type1/public/amsfonts/cm/cmsy
10.pfb><C:/Users/oscar/MikTex/fonts/type1/public/mathpazo/fplmbb.pfb><C:/Users/
oscar/MikTex/fonts/type1/public/mathpazo/fplmr.pfb><C:/Users/oscar/MikTex/fonts
/type1/public/mathpazo/fplmri.pfb><C:/Users/oscar/MikTex/fonts/type1/public/ams
fonts/symbols/msam10.pfb><C:/Users/oscar/MikTex/fonts/type1/urw/helvetic/uhvb8a
.pfb><C:/Users/oscar/MikTex/fonts/type1/urw/palatino/uplb8a.pfb><C:/Users/oscar
/MikTex/fonts/type1/urw/palatino/uplbi8a.pfb><C:/Users/oscar/MikTex/fonts/type1
/urw/palatino/uplr8a.pfb><C:/Users/oscar/MikTex/fonts/type1/urw/palatino/uplri8
a.pfb>
Output written on VAM-11-Master_Equation_for_Particle_Masses.pdf (14 pages, 269
453 bytes).
PDF statistics:
 332 PDF objects out of 1000 (max. 8388607)
 58 named destinations out of 1000 (max. 500000)
 317 words of extra memory for PDF output out of 10000 (max. 10000000)

