\BOOKMARK [0][-]{section*.2}{\376\377\000T\000h\000e\000\040\000H\000y\000d\000r\000o\000d\000y\000n\000a\000m\000i\000c\000\040\000T\000r\000i\000a\000d\000:\000\040\000U\000n\000i\000f\000y\000i\000n\000g\000\040\000G\000r\000a\000v\000i\000t\000y\000,\000\040\000E\000l\000e\000c\000t\000r\000o\000m\000a\000g\000n\000e\000t\000i\000s\000m\000,\000\040\000a\000n\000d\000\040\000Q\000u\000a\000n\000t\000u\000m\000\040\000M\000a\000s\000s\000\040\000v\000i\000a\000\040\000a\000\040\000C\000i\000r\000c\000u\000l\000a\000t\000i\000o\000n\000-\000B\000a\000s\000e\000d\000\040\000V\000a\000c\000u\000u\000m\000\040\000C\000a\000n\000o\000n}{}% 2
\BOOKMARK [1][-]{section*.1}{\376\377\000A\000b\000s\000t\000r\000a\000c\000t}{section*.2}% 1
\BOOKMARK [1][-]{section*.3}{\376\377\000I\000.\000\040\000I\000n\000t\000r\000o\000d\000u\000c\000t\000i\000o\000n}{section*.2}% 3
\BOOKMARK [2][-]{section*.4}{\376\377\000T\000h\000e\000\040\000F\000o\000u\000n\000d\000a\000t\000i\000o\000n\000a\000l\000\040\000C\000r\000i\000s\000i\000s\000\040\000i\000n\000\040\000M\000o\000d\000e\000r\000n\000\040\000P\000h\000y\000s\000i\000c\000s}{section*.3}% 4
\BOOKMARK [2][-]{section*.5}{\376\377\000T\000h\000e\000\040\000H\000y\000d\000r\000o\000d\000y\000n\000a\000m\000i\000c\000\040\000R\000e\000t\000u\000r\000n\000:\000\040\000F\000r\000o\000m\000\040\000K\000e\000l\000v\000i\000n\000\040\000t\000o\000\040\000V\000o\000l\000o\000v\000i\000k}{section*.3}% 5
\BOOKMARK [2][-]{section*.6}{\376\377\000S\000c\000o\000p\000e\000\040\000o\000f\000\040\000t\000h\000i\000s\000\040\000R\000e\000p\000o\000r\000t}{section*.3}% 6
\BOOKMARK [1][-]{section*.7}{\376\377\000I\000I\000.\000\040\000T\000h\000e\000\040\000A\000x\000i\000o\000m\000a\000t\000i\000c\000\040\000S\000t\000r\000u\000c\000t\000u\000r\000e\000\040\000o\000f\000\040\000t\000h\000e\000\040\000V\000a\000c\000u\000u\000m}{section*.2}% 7
\BOOKMARK [2][-]{section*.8}{\376\377\000A\000.\000\040\000P\000r\000i\000m\000i\000t\000i\000v\000e\000\040\000D\000i\000m\000e\000n\000s\000i\000o\000n\000a\000l\000\040\000C\000o\000n\000s\000t\000a\000n\000t\000s}{section*.7}% 8
\BOOKMARK [2][-]{section*.9}{\376\377\000B\000.\000\040\000K\000i\000n\000e\000m\000a\000t\000i\000c\000\040\000A\000x\000i\000o\000m\000:\000\040\000T\000h\000e\000\040\000K\000e\000l\000v\000i\000n\000\040\000C\000i\000r\000c\000u\000l\000a\000t\000i\000o\000n\000\040\000T\000h\000e\000o\000r\000e\000m}{section*.7}% 9
\BOOKMARK [2][-]{section*.10}{\376\377\000C\000.\000\040\000Q\000u\000a\000n\000t\000i\000z\000a\000t\000i\000o\000n\000\040\000A\000x\000i\000o\000m\000:\000\040\000C\000i\000r\000c\000u\000l\000a\000t\000i\000o\000n\000\040\000Q\000u\000a\000n\000t\000a}{section*.7}% 10
\BOOKMARK [2][-]{section*.11}{\376\377\000D\000.\000\040\000D\000e\000r\000i\000v\000e\000d\000\040\000S\000c\000a\000l\000e\000s\000\040\000a\000n\000d\000\040\000t\000h\000e\000\040\000S\000w\000i\000r\000l\000\040\000C\000l\000o\000c\000k}{section*.7}% 11
\BOOKMARK [2][-]{section*.12}{\376\377\000E\000.\000\040\000C\000a\000n\000o\000n\000i\000c\000a\000l\000\040\000C\000a\000l\000i\000b\000r\000a\000t\000i\000o\000n}{section*.7}% 12
\BOOKMARK [2][-]{section*.15}{\376\377\000C\000a\000l\000i\000b\000r\000a\000t\000i\000o\000n\000\040\000o\000f\000\040\000t\000h\000e\000\040\000C\000i\000r\000c\000u\000l\000a\000t\000i\000o\000n\000\040\000Q\000u\000a\000n\000t\000u\000m}{section*.7}% 13
\BOOKMARK [1][-]{section*.16}{\376\377\000I\000I\000I\000.\000\040\000T\000h\000e\000\040\000H\000y\000d\000r\000o\000d\000y\000n\000a\000m\000i\000c\000\040\000E\000l\000e\000c\000t\000r\000o\000n}{section*.2}% 14
\BOOKMARK [2][-]{section*.17}{\376\377\000A\000.\000\040\000T\000o\000p\000o\000l\000o\000g\000y\000\040\000o\000f\000\040\000t\000h\000e\000\040\000E\000l\000e\000c\000t\000r\000o\000n\000:\000\040\000T\000h\000e\000\040\000T\000r\000e\000f\000o\000i\000l\000\040\000K\000n\000o\000t}{section*.16}% 15
\BOOKMARK [2][-]{section*.19}{\376\377\000B\000.\000\040\000M\000a\000s\000s\000\040\000f\000r\000o\000m\000\040\000R\000o\000t\000a\000t\000i\000o\000n\000a\000l\000\040\000K\000i\000n\000e\000t\000i\000c\000\040\000E\000n\000e\000r\000g\000y}{section*.16}% 16
\BOOKMARK [2][-]{section*.20}{\376\377\000C\000.\000\040\000T\000h\000e\000\040\000U\000n\000i\000f\000i\000e\000d\000\040\000E\000l\000e\000c\000t\000r\000o\000n\000\040\000S\000c\000a\000l\000e\000\040\000R\000e\000l\000a\000t\000i\000o\000n}{section*.16}% 17
\BOOKMARK [2][-]{section*.21}{\376\377\000D\000.\000\040\000T\000h\000e\000\040\000V\000a\000c\000u\000u\000m\000\040\000S\000c\000r\000e\000w\000:\000\040\000D\000e\000r\000i\000v\000a\000t\000i\000o\000n\000\040\000o\000f\000\040\000t\000h\000e\000\040\000C\000o\000m\000p\000t\000o\000n\000\040\000W\000a\000v\000e\000l\000e\000n\000g\000t\000h}{section*.16}% 18
\BOOKMARK [1][-]{section*.22}{\376\377\000I\000V\000.\000\040\000T\000h\000e\000\040\000P\000r\000o\000t\000o\000n\000\040\000a\000n\000d\000\040\000t\000h\000e\000\040\000N\000u\000c\000l\000e\000u\000s}{section*.2}% 19
\BOOKMARK [2][-]{section*.23}{\376\377\000A\000.\000\040\000B\000a\000r\000y\000o\000n\000i\000c\000\040\000T\000o\000p\000o\000l\000o\000g\000y}{section*.22}% 20
\BOOKMARK [2][-]{section*.25}{\376\377\000B\000.\000\040\000D\000e\000r\000i\000v\000a\000t\000i\000o\000n\000\040\000o\000f\000\040\000t\000h\000e\000\040\000P\000r\000o\000t\000o\000n\000\040\000M\000a\000s\000s\000\040\000f\000r\000o\000m\000\040\000K\000n\000o\000t\000\040\000V\000o\000l\000u\000m\000e\000s}{section*.22}% 21
\BOOKMARK [1][-]{section*.26}{\376\377\000V\000.\000\040\000E\000l\000e\000c\000t\000r\000o\000d\000y\000n\000a\000m\000i\000c\000s\000\040\000a\000s\000\040\000F\000l\000u\000i\000d\000\040\000M\000e\000c\000h\000a\000n\000i\000c\000s}{section*.2}% 22
\BOOKMARK [2][-]{section*.27}{\376\377\000A\000.\000\040\000T\000h\000e\000\040\000S\000w\000i\000r\000l\000-\000E\000M\000\040\000B\000r\000i\000d\000g\000e}{section*.26}% 23
\BOOKMARK [2][-]{section*.28}{\376\377\000B\000.\000\040\000F\000a\000r\000a\000d\000a\000y\000\040\000i\000n\000d\000u\000c\000t\000i\000o\000n\000\040\000w\000i\000t\000h\000\040\000a\000\040\000t\000o\000p\000o\000l\000o\000g\000i\000c\000a\000l\000\040\000\050\000r\000e\000c\000o\000n\000n\000e\000c\000t\000i\000o\000n\000\051\000\040\000s\000o\000u\000r\000c\000e}{section*.26}% 24
\BOOKMARK [1][-]{section*.29}{\376\377\000V\000I\000.\000\040\000D\000e\000r\000i\000v\000a\000t\000i\000o\000n\000\040\000o\000f\000\040\000t\000h\000e\000\040\000H\000y\000d\000r\000o\000g\000e\000n\000\040\000G\000r\000o\000u\000n\000d\000\040\000S\000t\000a\000t\000e}{section*.2}% 25
\BOOKMARK [2][-]{section*.30}{\376\377\000A\000.\000\040\000T\000h\000e\000\040\000S\000w\000i\000r\000l\000-\000C\000o\000u\000l\000o\000m\000b\000\040\000P\000o\000t\000e\000n\000t\000i\000a\000l}{section*.29}% 26
\BOOKMARK [2][-]{section*.31}{\376\377\000B\000.\000\040\000G\000r\000o\000u\000n\000d\000-\000S\000t\000a\000t\000e\000\040\000S\000t\000a\000b\000i\000l\000i\000t\000y\000:\000\040\000T\000h\000e\000\040\000H\000y\000d\000r\000o\000d\000y\000n\000a\000m\000i\000c\000\040\000S\000p\000e\000e\000d\000\040\000L\000i\000m\000i\000t}{section*.29}% 27
\BOOKMARK [2][-]{section*.33}{\376\377\000C\000.\000\040\000T\000h\000e\000\040\000H\000y\000d\000r\000o\000d\000y\000n\000a\000m\000i\000c\000\040\000S\000c\000h\000r\000\366\000d\000i\000n\000g\000e\000r\000\040\000E\000q\000u\000a\000t\000i\000o\000n}{section*.29}% 28
\BOOKMARK [1][-]{section*.34}{\376\377\000V\000I\000I\000.\000\040\000T\000h\000e\000\040\000R\000y\000d\000b\000e\000r\000g\000\040\000C\000o\000n\000s\000t\000a\000n\000t\000\040\000a\000n\000d\000\040\000S\000p\000e\000c\000t\000r\000a\000l\000\040\000L\000i\000n\000e\000s}{section*.2}% 29
\BOOKMARK [2][-]{section*.35}{\376\377\000A\000.\000\040\000D\000e\000r\000i\000v\000a\000t\000i\000o\000n\000\040\000o\000f\000\040\000t\000h\000e\000\040\000R\000y\000d\000b\000e\000r\000g\000\040\000C\000o\000n\000s\000t\000a\000n\000t}{section*.34}% 30
\BOOKMARK [2][-]{section*.36}{\376\377\000B\000.\000\040\000T\000h\000e\000\040\000N\0001\000-\000N\0002\000\040\000E\000x\000c\000i\000t\000a\000t\000i\000o\000n}{section*.34}% 31
\BOOKMARK [1][-]{section*.37}{\376\377\000V\000I\000I\000I\000.\000\040\000G\000r\000a\000v\000i\000t\000a\000t\000i\000o\000n\000\040\000a\000n\000d\000\040\000C\000o\000s\000m\000o\000l\000o\000g\000y}{section*.2}% 32
\BOOKMARK [2][-]{section*.38}{\376\377\000A\000.\000\040\000T\000h\000e\000\040\000H\000y\000d\000r\000o\000g\000e\000n\000-\000G\000r\000a\000v\000i\000t\000y\000\040\000M\000e\000c\000h\000a\000n\000i\000s\000m}{section*.37}% 33
\BOOKMARK [2][-]{section*.39}{\376\377\000B\000.\000\040\000D\000e\000r\000i\000v\000i\000n\000g\000\040\000N\000e\000w\000t\000o\000n\000'\000s\000\040\000C\000o\000n\000s\000t\000a\000n\000t}{section*.37}% 34
\BOOKMARK [2][-]{section*.40}{\376\377\000C\000.\000\040\000T\000h\000e\000\040\000C\000o\000s\000m\000o\000l\000o\000g\000i\000c\000a\000l\000\040\000C\000o\000n\000s\000t\000a\000n\000t}{section*.37}% 35
\BOOKMARK [1][-]{section*.41}{\376\377\000I\000X\000.\000\040\000E\000x\000p\000e\000r\000i\000m\000e\000n\000t\000a\000l\000\040\000V\000a\000l\000i\000d\000a\000t\000i\000o\000n}{section*.2}% 36
\BOOKMARK [1][-]{section*.42}{\376\377\000X\000.\000\040\000C\000o\000n\000c\000l\000u\000s\000i\000o\000n}{section*.2}% 37
\BOOKMARK [1][-]{section*.43}{\376\377\000R\000e\000f\000e\000r\000e\000n\000c\000e\000s}{section*.2}% 38
\BOOKMARK [1][-]{section*.44}{\376\377\000A\000p\000p\000e\000n\000d\000i\000x\000\040\000A\000:\000\040\000K\000n\000o\000t\000\040\000T\000a\000x\000o\000n\000o\000m\000y\000,\000\040\000a\000\040\000S\000y\000m\000m\000e\000t\000r\000y\000\040\000C\000l\000a\000s\000s\000i\000f\000i\000c\000a\000t\000i\000o\000n\000\040\000o\000f\000\040\000K\000n\000o\000t\000-\000b\000a\000s\000e\000d\000\040\000S\000w\000i\000r\000l\000\040\000S\000t\000r\000i\000n\000g\000\040\000S\000t\000r\000u\000c\000t\000u\000r\000e\000s}{section*.2}% 39
\BOOKMARK [1][-]{section*.45}{\376\377\000a\000b\000s\000t\000r\000a\000c\000t}{section*.2}% 40
\BOOKMARK [2][-]{section*.48}{\376\377\000I\000n\000v\000a\000r\000i\000a\000n\000c\000e\000\040\000p\000r\000o\000p\000e\000r\000t\000i\000e\000s\000.}{section*.45}% 41
\BOOKMARK [1][-]{section*.50}{\376\377\000G\000l\000o\000s\000s\000a\000r\000y\000\040\000o\000f\000\040\000S\000y\000m\000m\000e\000t\000r\000y\000\040\000T\000a\000b\000l\000e\000\040\000S\000y\000m\000b\000o\000l\000s}{section*.2}% 42
\BOOKMARK [2][-]{section*.51}{\376\377\000T\000o\000r\000u\000s\000\040\000K\000n\000o\000t\000s\000\040\000\050\000L\000e\000p\000t\000o\000n\000\040\000S\000e\000c\000t\000o\000r\000\051}{section*.50}% 43
\BOOKMARK [2][-]{section*.54}{\376\377\000H\000y\000p\000e\000r\000b\000o\000l\000i\000c\000\040\000K\000n\000o\000t\000s\000\040\000\050\000Q\000u\000a\000r\000k\000\040\000S\000e\000c\000t\000o\000r\000\051}{section*.50}% 44
\BOOKMARK [1][-]{section*.57}{\376\377\000D\000e\000f\000i\000n\000i\000t\000i\000v\000e\000\040\000S\000y\000m\000m\000e\000t\000r\000y\000\040\000a\000n\000d\000\040\000T\000o\000p\000o\000l\000o\000g\000i\000c\000a\000l\000\040\000T\000a\000x\000o\000n\000o\000m\000y\000\040\000o\000f\000\040\000K\000n\000o\000t\000s\000\040\000i\000n\000\040\000S\000w\000i\000r\000l\040\023\000S\000t\000r\000i\000n\000g\000\040\000T\000h\000e\000o\000r\000y\000\040\000\050\000S\000S\000T\000\051}{section*.2}% 45
\BOOKMARK [2][-]{section*.58}{\376\377\000U\000n\000i\000f\000i\000e\000d\000\040\000T\000a\000b\000l\000e\000\040\000\050\000w\000i\000t\000h\000\040\000S\000S\000T\000\040\000M\000a\000s\000s\000\040\000I\000n\000v\000a\000r\000i\000a\000n\000t\000\051}{section*.57}% 46
\BOOKMARK [2][-]{section*.60}{\376\377\000R\000e\000m\000a\000r\000k\000s}{section*.57}% 47
\BOOKMARK [2][-]{section*.61}{\376\377\000G\000l\000o\000s\000s\000a\000r\000y\000\040\000U\000p\000d\000a\000t\000e\000s}{section*.57}% 48
\BOOKMARK [1][-]{section*.62}{\376\377\000S\000S\000T\000\040\000I\000n\000v\000a\000r\000i\000a\000n\000t\000\040\000M\000a\000s\000t\000e\000r\000\040\000M\000a\000s\000s\000\040\000K\000e\000r\000n\000e\000l\000\040\000f\000r\000o\000m\000\040\000K\000n\000o\000t\000\040\000T\000a\000x\000o\000n\000o\000m\000y}{section*.2}% 49
\BOOKMARK [2][-]{section*.63}{\376\377\000U\000n\000i\000v\000e\000r\000s\000a\000l\000\040\000s\000c\000a\000l\000e\000\040\000a\000n\000d\000\040\000m\000a\000s\000s\000\040\000i\000n\000v\000a\000r\000i\000a\000n\000t}{section*.62}% 50
\BOOKMARK [2][-]{section*.64}{\376\377\000M\000a\000s\000t\000e\000r\000\040\000m\000a\000s\000s\000\040\000r\000e\000l\000a\000t\000i\000o\000n}{section*.62}% 51
\BOOKMARK [1][-]{section*.65}{\376\377\000A\000p\000p\000e\000n\000d\000i\000x\000\040\000B\000:\000\040\000S\000S\000T\000\040\000R\000e\000s\000p\000o\000n\000s\000e\000s\000\040\000t\000o\000\040\000F\000u\000n\000d\000a\000m\000e\000n\000t\000a\000l\000\040\000O\000b\000j\000e\000c\000t\000i\000o\000n\000s}{section*.2}% 52
\BOOKMARK [2][-]{section*.66}{\376\377\000Q\000u\000a\000n\000t\000i\000z\000a\000t\000i\000o\000n\000\040\000o\000f\000\040\000E\000x\000c\000i\000t\000e\000d\000\040\000S\000t\000a\000t\000e\000s\000\040\000\050\000n\000\040\000>\000\040\0001\000\051}{section*.65}% 53
\BOOKMARK [2][-]{section*.67}{\376\377\000H\000y\000d\000r\000o\000d\000y\000n\000a\000m\000i\000c\000\040\000S\000t\000a\000t\000i\000o\000n\000a\000r\000i\000t\000y\000\040\000a\000n\000d\000\040\000R\000a\000d\000i\000a\000t\000i\000v\000e\000\040\000S\000t\000a\000b\000i\000l\000i\000t\000y}{section*.65}% 54
\BOOKMARK [2][-]{section*.68}{\376\377\000T\000o\000p\000o\000l\000o\000g\000i\000c\000a\000l\000\040\000O\000r\000i\000g\000i\000n\000\040\000o\000f\000\040\000F\000i\000n\000e\000\040\000S\000t\000r\000u\000c\000t\000u\000r\000e\000\040\000\050\000S\000p\000i\000n\000-\000O\000r\000b\000i\000t\000\040\000C\000o\000u\000p\000l\000i\000n\000g\000\051}{section*.65}% 55
