\BOOKMARK [0][-]{section*.2}{\376\377\000E\000l\000e\000c\000t\000r\000o\000m\000a\000g\000n\000e\000t\000i\000s\000m\000\040\000a\000s\000\040\000P\000r\000o\000p\000a\000g\000a\000t\000i\000n\000g\000\040\000T\000o\000r\000s\000i\000o\000n\000\040\000i\000n\000\040\000a\000\040\000H\000y\000d\000r\000o\000d\000y\000n\000a\000m\000i\000c\000\040\000V\000a\000c\000u\000u\000m\000:\000\040\000A\000\040\000G\000e\000o\000m\000e\000t\000r\000i\000c\000\040\000U\000n\000i\000f\000i\000c\000a\000t\000i\000o\000n\000\040\000v\000i\000a\000\040\000C\000a\000r\000t\000a\000n\000\040\000S\000t\000r\000u\000c\000t\000u\000r\000e\000\040\000E\000q\000u\000a\000t\000i\000o\000n\000s}{}% 2
\BOOKMARK [1][-]{section*.1}{\376\377\000A\000b\000s\000t\000r\000a\000c\000t}{section*.2}% 1
\BOOKMARK [1][-]{section*.3}{\376\377\000I\000n\000t\000r\000o\000d\000u\000c\000t\000i\000o\000n}{section*.2}% 3
\BOOKMARK [1][-]{section*.4}{\376\377\000H\000i\000s\000t\000o\000r\000i\000c\000a\000l\000\040\000C\000o\000n\000t\000e\000x\000t\000\040\000a\000n\000d\000\040\000H\000y\000d\000r\000o\000d\000y\000n\000a\000m\000i\000c\000\040\000A\000n\000a\000l\000o\000g\000u\000e\000s}{section*.2}% 4
\BOOKMARK [1][-]{section*.5}{\376\377\000G\000e\000o\000m\000e\000t\000r\000i\000c\000\040\000F\000r\000a\000m\000e\000w\000o\000r\000k\000:\000\040\000C\000a\000r\000t\000a\000n\000'\000s\000\040\000S\000t\000r\000u\000c\000t\000u\000r\000e\000\040\000E\000q\000u\000a\000t\000i\000o\000n\000s}{section*.2}% 5
\BOOKMARK [2][-]{section*.6}{\376\377\000P\000h\000y\000s\000i\000c\000a\000l\000\040\000I\000d\000e\000n\000t\000i\000f\000i\000c\000a\000t\000i\000o\000n\000\040\000\050\000M\000i\000n\000i\000m\000a\000l\000\040\000P\000r\000o\000j\000e\000c\000t\000i\000o\000n\000\051}{section*.5}% 6
\BOOKMARK [1][-]{section*.7}{\376\377\000T\000h\000e\000\040\000P\000h\000o\000t\000o\000n\000\040\000a\000s\000\040\000a\000\040\000T\000r\000a\000n\000s\000v\000e\000r\000s\000e\000\040\000S\000h\000e\000a\000r\000\040\000W\000a\000v\000e}{section*.2}% 7
\BOOKMARK [2][-]{section*.8}{\376\377\000K\000i\000n\000e\000m\000a\000t\000i\000c\000s\000\040\000o\000f\000\040\000t\000h\000e\000\040\000S\000u\000b\000s\000t\000r\000a\000t\000e}{section*.7}% 8
\BOOKMARK [2][-]{section*.9}{\376\377\000T\000h\000e\000\040\000H\000y\000d\000r\000o\000d\000y\000n\000a\000m\000i\000c\000\040\000L\000a\000g\000r\000a\000n\000g\000i\000a\000n}{section*.7}% 9
\BOOKMARK [2][-]{section*.10}{\376\377\000D\000e\000r\000i\000v\000a\000t\000i\000o\000n\000\040\000o\000f\000\040\000t\000h\000e\000\040\000W\000a\000v\000e\000\040\000E\000q\000u\000a\000t\000i\000o\000n}{section*.7}% 10
\BOOKMARK [1][-]{section*.11}{\376\377\000P\000r\000e\000d\000i\000c\000t\000i\000o\000n\000:\000\040\000V\000a\000c\000u\000u\000m\000\040\000F\000a\000r\000a\000d\000a\000y\000\040\000R\000o\000t\000a\000t\000i\000o\000n}{section*.2}% 11
\BOOKMARK [2][-]{section*.12}{\376\377\000S\000w\000i\000r\000l\000-\000I\000n\000d\000u\000c\000e\000d\000\040\000B\000i\000r\000e\000f\000r\000i\000n\000g\000e\000n\000c\000e}{section*.11}% 12
\BOOKMARK [2][-]{section*.13}{\376\377\000T\000h\000e\000\040\000V\000a\000c\000u\000u\000m\000\040\000V\000e\000r\000d\000e\000t\000\040\000C\000o\000n\000s\000t\000a\000n\000t}{section*.11}% 13
\BOOKMARK [2][-]{section*.14}{\376\377\000D\000e\000t\000e\000c\000t\000a\000b\000i\000l\000i\000t\000y\000\040\000a\000n\000d\000\040\000R\000e\000g\000i\000m\000e\000s}{section*.11}% 14
\BOOKMARK [2][-]{section*.15}{\376\377\000C\000o\000m\000p\000a\000r\000i\000s\000o\000n\000\040\000w\000i\000t\000h\000\040\000Q\000E\000D}{section*.11}% 15
\BOOKMARK [1][-]{section*.16}{\376\377\000E\000x\000p\000e\000r\000i\000m\000e\000n\000t\000a\000l\000\040\000I\000m\000p\000l\000i\000c\000a\000t\000i\000o\000n\000s}{section*.2}% 16
\BOOKMARK [2][-]{section*.17}{\376\377\000O\000p\000t\000i\000c\000a\000l\000\040\000V\000o\000r\000t\000e\000x\000\040\000B\000e\000a\000m\000s}{section*.16}% 17
\BOOKMARK [2][-]{section*.18}{\376\377\000S\000u\000p\000e\000r\000f\000l\000u\000i\000d\000\040\000A\000n\000a\000l\000o\000g\000s}{section*.16}% 18
\BOOKMARK [2][-]{section*.19}{\376\377\000V\000a\000c\000u\000u\000m\000\040\000B\000i\000r\000e\000f\000r\000i\000n\000g\000e\000n\000c\000e\000\040\000T\000e\000s\000t\000s}{section*.16}% 19
\BOOKMARK [1][-]{section*.20}{\376\377\000C\000o\000n\000c\000l\000u\000s\000i\000o\000n}{section*.2}% 20
\BOOKMARK [1][-]{section*.21}{\376\377\000A\000u\000t\000h\000o\000r\000\040\000C\000o\000n\000t\000r\000i\000b\000u\000t\000i\000o\000n\000s\000\040\000S\000t\000a\000t\000e\000m\000e\000n\000t}{section*.2}% 21
\BOOKMARK [1][-]{section*.22}{\376\377\000R\000e\000f\000e\000r\000e\000n\000c\000e\000s}{section*.2}% 22
